2.9076e+00 2.7312e+00 3.1484e+00 1.9623e+00 5.4331e+00 7.5627e+00
3.2808e+00 3.1565e+00 3.5823e+00 2.1683e+00 6.4383e+00 8.9350e+00
3.2792e+00 3.1378e+00 3.5599e+00 2.1175e+00 6.5896e+00 8.8671e+00
4.8046e+00 4.7032e+00 4.9016e+00 2.8938e+00 1.0618e+01 1.1373e+01
6.6352e+00 7.4980e+00 6.5667e+00 4.4694e+00 1.5415e+01 1.3045e+01
7.8214e+00 1.0220e+01 7.5392e+00 6.6348e+00 1.8153e+01 1.5739e+01
9.0274e+00 1.2007e+01 8.6716e+00 9.9197e+00 2.0378e+01 1.7870e+01
9.8367e+00 1.2928e+01 9.7745e+00 1.2397e+01 2.2091e+01 1.8658e+01
9.2084e+00 1.2408e+01 9.4480e+00 1.2007e+01 2.0745e+01 1.8193e+01
8.2879e+00 1.1167e+01 8.5041e+00 1.0807e+01 1.8672e+01 1.6376e+01
7.4593e+00 1.0051e+01 7.6544e+00 9.7268e+00 1.6805e+01 1.4739e+01
6.7136e+00 9.0462e+00 6.8892e+00 8.7546e+00 1.5126e+01 1.3266e+01
6.0424e+00 8.1419e+00 6.2005e+00 7.8795e+00 1.3614e+01 1.1940e+01
5.4392e+00 7.3285e+00 5.5810e+00 7.0922e+00 1.2254e+01 1.0747e+01
4.8983e+00 6.5970e+00 5.0258e+00 6.3857e+00 1.1035e+01 9.6816e+00
4.4132e+00 5.9386e+00 4.5256e+00 5.7496e+00 9.9434e+00 8.7216e+00
3.9757e+00 5.3458e+00 4.0746e+00 5.1769e+00 8.9558e+00 7.8532e+00
3.5809e+00 4.8123e+00 3.6685e+00 4.6610e+00 8.0651e+00 7.0707e+00
3.2256e+00 4.3320e+00 3.3030e+00 4.1965e+00 7.2632e+00 6.3670e+00
2.9057e+00 3.8998e+00 2.9740e+00 3.7785e+00 6.5412e+00 5.7343e+00
2.6178e+00 3.5108e+00 2.6779e+00 3.4022e+00 5.8912e+00 5.1650e+00
2.3586e+00 3.1607e+00 2.4113e+00 3.0636e+00 5.3059e+00 4.6523e+00
2.1252e+00 2.8455e+00 2.1714e+00 2.7587e+00 4.7789e+00 4.1906e+00
1.9151e+00 2.5619e+00 1.9554e+00 2.4843e+00 4.3043e+00 3.7752e+00
1.7260e+00 2.3067e+00 1.7609e+00 2.2372e+00 3.8771e+00 3.4013e+00
1.5557e+00 2.0769e+00 1.5859e+00 2.0149e+00 3.4925e+00 3.0649e+00
1.4023e+00 1.8702e+00 1.4283e+00 1.8147e+00 3.1462e+00 2.7620e+00
1.2643e+00 1.6841e+00 1.2865e+00 1.6345e+00 2.8344e+00 2.4894e+00
1.1400e+00 1.5166e+00 1.1588e+00 1.4724e+00 2.5536e+00 2.2441e+00
1.0281e+00 1.3659e+00 1.0439e+00 1.3264e+00 2.3008e+00 2.0233e+00
9.2729e-01 1.2302e+00 9.4042e-01 1.1950e+00 2.0731e+00 1.8246e+00
8.3654e-01 1.1081e+00 8.4728e-01 1.0767e+00 1.8681e+00 1.6458e+00
7.5483e-01 9.9818e-01 7.6342e-01 9.7021e-01 1.6835e+00 1.4848e+00
6.8124e-01 8.9927e-01 6.8793e-01 8.7437e-01 1.5172e+00 1.3400e+00
6.1498e-01 8.1025e-01 6.1997e-01 7.8810e-01 1.3675e+00 1.2096e+00
5.5530e-01 7.3012e-01 5.5878e-01 7.1044e-01 1.2327e+00 1.0923e+00
5.0155e-01 6.5801e-01 5.0369e-01 6.4054e-01 1.1112e+00 9.8684e-01
4.5314e-01 5.9310e-01 4.5410e-01 5.7761e-01 1.0018e+00 8.9193e-01
4.0953e-01 5.3467e-01 4.0945e-01 5.2096e-01 9.0330e-01 8.0656e-01
3.7025e-01 4.8208e-01 3.6926e-01 4.6996e-01 8.1458e-01 7.2978e-01
3.3486e-01 4.3475e-01 3.3309e-01 4.2405e-01 7.3468e-01 6.6073e-01
3.0299e-01 3.9214e-01 3.0053e-01 3.8275e-01 6.6272e-01 5.9865e-01
2.7429e-01 3.5380e-01 2.7122e-01 3.4560e-01 5.9792e-01 5.4283e-01
2.4845e-01 3.1930e-01 2.4485e-01 3.1219e-01 5.3955e-01 4.9264e-01
2.2519e-01 2.8826e-01 2.2112e-01 2.8215e-01 4.8698e-01 4.4752e-01
2.0425e-01 2.6033e-01 1.9976e-01 2.5515e-01 4.3963e-01 4.0697e-01
1.8540e-01 2.3520e-01 1.8054e-01 2.3088e-01 3.9698e-01 3.7055e-01
1.6844e-01 2.1259e-01 1.6324e-01 2.0909e-01 3.5855e-01 3.3773e-01
1.5317e-01 1.9225e-01 1.4768e-01 1.8953e-01 3.2394e-01 3.0808e-01
1.3948e-01 1.7398e-01 1.3368e-01 1.7199e-01 2.9275e-01 2.8130e-01
1.2720e-01 1.5758e-01 1.2109e-01 1.5629e-01 2.6466e-01 2.5704e-01
1.1621e-01 1.4285e-01 1.0978e-01 1.4226e-01 2.3937e-01 2.3502e-01
1.0638e-01 1.2965e-01 9.9608e-02 1.2975e-01 2.1660e-01 2.1498e-01
9.7610e-02 1.1782e-01 9.0475e-02 1.1861e-01 1.9610e-01 1.9672e-01
8.9806e-02 1.0723e-01 8.2274e-02 1.0873e-01 1.7765e-01 1.8007e-01
8.2883e-02 9.7758e-02 7.4913e-02 9.9962e-02 1.6105e-01 1.6487e-01
7.6765e-02 8.9301e-02 6.8312e-02 9.2188e-02 1.4611e-01 1.5099e-01
7.1386e-02 8.1760e-02 6.2395e-02 8.5276e-02 1.3267e-01 1.3833e-01
6.6683e-02 7.5047e-02 5.7095e-02 7.9110e-02 1.2059e-01 1.2678e-01
6.2597e-02 6.9081e-02 5.2353e-02 7.3588e-02 1.0972e-01 1.1627e-01
5.9075e-02 6.3788e-02 4.8113e-02 6.8632e-02 9.9959e-02 1.0670e-01
5.6070e-02 5.9102e-02 4.4336e-02 6.4210e-02 9.1198e-02 9.8018e-02
5.3534e-02 5.4962e-02 4.0979e-02 6.0273e-02 8.3342e-02 9.0171e-02
5.1420e-02 5.1313e-02 3.7998e-02 5.6773e-02 7.6300e-02 8.3095e-02
4.9684e-02 4.8106e-02 3.5354e-02 5.3665e-02 6.9987e-02 7.6720e-02
4.8288e-02 4.5294e-02 3.3011e-02 5.0910e-02 6.4328e-02 7.0980e-02
4.7196e-02 4.2837e-02 3.0937e-02 4.8470e-02 5.9256e-02 6.5814e-02
4.6378e-02 4.0698e-02 2.9104e-02 4.6313e-02 5.4709e-02 6.1168e-02
4.5803e-02 3.8845e-02 2.7485e-02 4.4406e-02 5.0633e-02 5.6991e-02
4.5447e-02 3.7246e-02 2.6057e-02 4.2720e-02 4.6980e-02 5.3237e-02
4.5288e-02 3.5876e-02 2.4800e-02 4.1229e-02 4.3706e-02 4.9863e-02
4.5305e-02 3.4709e-02 2.3694e-02 3.9908e-02 4.0773e-02 4.6830e-02
4.5478e-02 3.3723e-02 2.2723e-02 3.8734e-02 3.8146e-02 4.4105e-02
4.5788e-02 3.2899e-02 2.1871e-02 3.7688e-02 3.5793e-02 4.1654e-02
4.6222e-02 3.2217e-02 2.1127e-02 3.6752e-02 3.3686e-02 3.9450e-02
4.6766e-02 3.1659e-02 2.0477e-02 3.5910e-02 3.1800e-02 3.7466e-02
4.7406e-02 3.1211e-02 1.9911e-02 3.5149e-02 3.0114e-02 3.5679e-02
4.8160e-02 3.0872e-02 1.9420e-02 3.4456e-02 2.8606e-02 3.4078e-02
4.9013e-02 3.0627e-02 1.8995e-02 3.3821e-02 2.7258e-02 3.2642e-02
4.9953e-02 3.0461e-02 1.8627e-02 3.3233e-02 2.6053e-02 3.1353e-02
5.0966e-02 3.0362e-02 1.8311e-02 3.2684e-02 2.4978e-02 3.0195e-02
5.2042e-02 3.0318e-02 1.8038e-02 3.2166e-02 2.4017e-02 2.9161e-02
5.3168e-02 3.0316e-02 1.7804e-02 3.1672e-02 2.3159e-02 2.8241e-02
5.4333e-02 3.0348e-02 1.7603e-02 3.1194e-02 2.2393e-02 2.7422e-02
5.5528e-02 3.0404e-02 1.7429e-02 3.0728e-02 2.1707e-02 2.6692e-02
5.6743e-02 3.0474e-02 1.7277e-02 3.0268e-02 2.1093e-02 2.6041e-02
5.7971e-02 3.0552e-02 1.7143e-02 2.9809e-02 2.0541e-02 2.5457e-02
5.9204e-02 3.0631e-02 1.7022e-02 2.9347e-02 2.0044e-02 2.4931e-02
6.0437e-02 3.0703e-02 1.6911e-02 2.8879e-02 1.9593e-02 2.4454e-02
6.1662e-02 3.0764e-02 1.6806e-02 2.8402e-02 1.9181e-02 2.4018e-02
6.2878e-02 3.0807e-02 1.6703e-02 2.7911e-02 1.8801e-02 2.3614e-02
6.4078e-02 3.0829e-02 1.6598e-02 2.7404e-02 1.8447e-02 2.3236e-02
6.5262e-02 3.0826e-02 1.6488e-02 2.6879e-02 1.8112e-02 2.2875e-02
6.6426e-02 3.0796e-02 1.6369e-02 2.6331e-02 1.7791e-02 2.2525e-02
6.7565e-02 3.0736e-02 1.6237e-02 2.5760e-02 1.7477e-02 2.2181e-02
6.8678e-02 3.0645e-02 1.6089e-02 2.5162e-02 1.7164e-02 2.1835e-02
6.9764e-02 3.0524e-02 1.5920e-02 2.4538e-02 1.6847e-02 2.1483e-02
7.0823e-02 3.0371e-02 1.5726e-02 2.3888e-02 1.6522e-02 2.1148e-02
7.1853e-02 3.0187e-02 1.5507e-02 2.3212e-02 1.6186e-02 2.0839e-02
7.2854e-02 2.9973e-02 1.5290e-02 2.2551e-02 1.5863e-02 2.0555e-02
7.3825e-02 2.9734e-02 1.5073e-02 2.1906e-02 1.5552e-02 2.0296e-02
7.4764e-02 2.9472e-02 1.4854e-02 2.1277e-02 1.5250e-02 2.0065e-02
7.5670e-02 2.9194e-02 1.4632e-02 2.0666e-02 1.4955e-02 1.9861e-02
7.6537e-02 2.8909e-02 1.4407e-02 2.0074e-02 1.4665e-02 1.9687e-02
7.7365e-02 2.8628e-02 1.4177e-02 1.9502e-02 1.4380e-02 1.9543e-02
7.8151e-02 2.8364e-02 1.3942e-02 1.8951e-02 1.4097e-02 1.9429e-02
7.8900e-02 2.8136e-02 1.3701e-02 1.8422e-02 1.3817e-02 1.9344e-02
7.9618e-02 2.7961e-02 1.3455e-02 1.7915e-02 1.3546e-02 1.9284e-02
8.0314e-02 2.7858e-02 1.3213e-02 1.7449e-02 1.3301e-02 1.9247e-02
8.0992e-02 2.7843e-02 1.2982e-02 1.7043e-02 1.3081e-02 1.9230e-02
8.1655e-02 2.7923e-02 1.2759e-02 1.6690e-02 1.2882e-02 1.9228e-02
8.2297e-02 2.8094e-02 1.2547e-02 1.6384e-02 1.2704e-02 1.9236e-02
8.2910e-02 2.8342e-02 1.2345e-02 1.6118e-02 1.2543e-02 1.9252e-02
8.3478e-02 2.8643e-02 1.2153e-02 1.5884e-02 1.2397e-02 1.9305e-02
8.3982e-02 2.8968e-02 1.1972e-02 1.5677e-02 1.2265e-02 1.9395e-02
8.4413e-02 2.9292e-02 1.1804e-02 1.5494e-02 1.2145e-02 1.9525e-02
8.4858e-02 2.9631e-02 1.1714e-02 1.5349e-02 1.2047e-02 1.9699e-02
8.5410e-02 3.0014e-02 1.1714e-02 1.5263e-02 1.1998e-02 1.9925e-02
8.6028e-02 3.0528e-02 1.1803e-02 1.5240e-02 1.2036e-02 2.0214e-02
8.6643e-02 3.1248e-02 1.1985e-02 1.5298e-02 1.2160e-02 2.0582e-02
8.7170e-02 3.2164e-02 1.2266e-02 1.5484e-02 1.2372e-02 2.1045e-02
8.7902e-02 3.3261e-02 1.2655e-02 1.5811e-02 1.2676e-02 2.1619e-02
8.8976e-02 3.4526e-02 1.3163e-02 1.6300e-02 1.3075e-02 2.2323e-02
9.0698e-02 3.6177e-02 1.3902e-02 1.7095e-02 1.3664e-02 2.3177e-02
9.2939e-02 3.8255e-02 1.4937e-02 1.8292e-02 1.4483e-02 2.4372e-02
9.5564e-02 4.0752e-02 1.6334e-02 2.0009e-02 1.5564e-02 2.6066e-02
9.8477e-02 4.3658e-02 1.8167e-02 2.2410e-02 1.6943e-02 2.8376e-02
1.0164e-01 4.6988e-02 2.0531e-02 2.5716e-02 1.8662e-02 3.1436e-02
1.0496e-01 5.0730e-02 2.3558e-02 3.0244e-02 2.0771e-02 3.5369e-02
1.0836e-01 5.4843e-02 2.7433e-02 3.6557e-02 2.3327e-02 4.0267e-02
1.1183e-01 5.9367e-02 3.2410e-02 4.5599e-02 2.6398e-02 4.6185e-02
1.1552e-01 6.4471e-02 3.8853e-02 5.8284e-02 3.0074e-02 5.4455e-02
1.2034e-01 7.0280e-02 4.7307e-02 7.4517e-02 3.4480e-02 6.5266e-02
1.2744e-01 7.6814e-02 5.8496e-02 9.2500e-02 3.9775e-02 7.8253e-02
1.3682e-01 8.5029e-02 7.3284e-02 1.0926e-01 4.6625e-02 9.2746e-02
1.4846e-01 9.4791e-02 9.3152e-02 1.2582e-01 5.5184e-02 1.0803e-01
1.6238e-01 1.0594e-01 1.1949e-01 1.4214e-01 6.5468e-02 1.2356e-01
1.7850e-01 1.1831e-01 1.4935e-01 1.5847e-01 7.7399e-02 1.3902e-01
1.9659e-01 1.3171e-01 1.8264e-01 1.7492e-01 9.0809e-02 1.5428e-01
2.1619e-01 1.4598e-01 2.2091e-01 1.9123e-01 1.0546e-01 1.6926e-01
2.3680e-01 1.6100e-01 2.6485e-01 2.0703e-01 1.2170e-01 1.8394e-01
2.5792e-01 1.7670e-01 3.1523e-01 2.2213e-01 1.4080e-01 1.9828e-01
2.7914e-01 1.9296e-01 3.7252e-01 2.3649e-01 1.6274e-01 2.1224e-01
3.0007e-01 2.0969e-01 4.3700e-01 2.5223e-01 1.8738e-01 2.2576e-01
3.2037e-01 2.2681e-01 5.0948e-01 2.7014e-01 2.1423e-01 2.3880e-01
3.3975e-01 2.4441e-01 5.9001e-01 2.9036e-01 2.4291e-01 2.5134e-01
3.6139e-01 2.6429e-01 6.7702e-01 3.1242e-01 2.7279e-01 2.6342e-01
3.8571e-01 2.8703e-01 7.7142e-01 3.3676e-01 3.0317e-01 2.7746e-01
4.1334e-01 3.1338e-01 8.7498e-01 3.6400e-01 3.3353e-01 2.9437e-01
4.4394e-01 3.4327e-01 9.8695e-01 3.9392e-01 3.6488e-01 3.1401e-01
4.7719e-01 3.7654e-01 1.1065e+00 4.2621e-01 3.9817e-01 3.3617e-01
5.1278e-01 4.1292e-01 1.2330e+00 4.6051e-01 4.3311e-01 3.6065e-01
5.5041e-01 4.5212e-01 1.3656e+00 4.9648e-01 4.6949e-01 3.8722e-01
5.8982e-01 4.9383e-01 1.5037e+00 5.3377e-01 5.0711e-01 4.1571e-01
6.3073e-01 5.3783e-01 1.6470e+00 5.7204e-01 5.4585e-01 4.4597e-01
6.7287e-01 5.8394e-01 1.7952e+00 6.1099e-01 5.8561e-01 4.7786e-01
7.1596e-01 6.3199e-01 1.9478e+00 6.5033e-01 6.2634e-01 5.1127e-01
7.5979e-01 6.8181e-01 2.1044e+00 6.8979e-01 6.6800e-01 5.4609e-01
8.0415e-01 7.3320e-01 2.2652e+00 7.2917e-01 7.1062e-01 5.8215e-01
8.4882e-01 7.8593e-01 2.4300e+00 7.6832e-01 7.5421e-01 6.1928e-01
8.9359e-01 8.3975e-01 2.5990e+00 8.0711e-01 7.9879e-01 6.5724e-01
9.3827e-01 8.9434e-01 2.7720e+00 8.4547e-01 8.4436e-01 6.9573e-01
9.8266e-01 9.4934e-01 2.9481e+00 8.8329e-01 8.9093e-01 7.3444e-01
1.0266e+00 1.0044e+00 3.1262e+00 9.2044e-01 9.3848e-01 7.7299e-01
1.0698e+00 1.0592e+00 3.3060e+00 9.5684e-01 9.8698e-01 8.1102e-01
1.1120e+00 1.1134e+00 3.4867e+00 9.9244e-01 1.0364e+00 8.4812e-01
1.1530e+00 1.1667e+00 3.6673e+00 1.0271e+00 1.0865e+00 8.8392e-01
1.1960e+00 1.2227e+00 3.8599e+00 1.0640e+00 1.1408e+00 9.2088e-01
1.2416e+00 1.2824e+00 4.0671e+00 1.1035e+00 1.2002e+00 9.5934e-01
1.2895e+00 1.3457e+00 4.2888e+00 1.1455e+00 1.2647e+00 9.9904e-01
1.3396e+00 1.4129e+00 4.5245e+00 1.1899e+00 1.3345e+00 1.0398e+00
1.3919e+00 1.4843e+00 4.7739e+00 1.2364e+00 1.4100e+00 1.0817e+00
1.4467e+00 1.5608e+00 5.0326e+00 1.2851e+00 1.4921e+00 1.1248e+00
1.5052e+00 1.6447e+00 5.2968e+00 1.3365e+00 1.5827e+00 1.1700e+00
1.5712e+00 1.7414e+00 5.5708e+00 1.3930e+00 1.6873e+00 1.2198e+00
1.6558e+00 1.8674e+00 5.8724e+00 1.4632e+00 1.8208e+00 1.2819e+00
1.7870e+00 2.0667e+00 6.2652e+00 1.5691e+00 2.0205e+00 1.3746e+00
1.9748e+00 2.3707e+00 6.7558e+00 1.7171e+00 2.3046e+00 1.5026e+00
2.2038e+00 2.7718e+00 7.2815e+00 1.8870e+00 2.6623e+00 1.6537e+00
2.4679e+00 3.2680e+00 7.7953e+00 2.0676e+00 3.0868e+00 1.8212e+00
2.7617e+00 3.8551e+00 8.2724e+00 2.2501e+00 3.5719e+00 2.0201e+00
3.0788e+00 4.5189e+00 8.6970e+00 2.4262e+00 4.1081e+00 2.2495e+00
3.4108e+00 5.2255e+00 9.0543e+00 2.5994e+00 4.7424e+00 2.4947e+00
3.8286e+00 6.0495e+00 9.4754e+00 2.7894e+00 5.4813e+00 2.7417e+00
4.3268e+00 6.8822e+00 9.9536e+00 3.0025e+00 6.2989e+00 2.9821e+00
4.8792e+00 7.6287e+00 1.0439e+01 3.2215e+00 7.1815e+00 3.2093e+00
5.4606e+00 8.2555e+00 1.0899e+01 3.4331e+00 8.0760e+00 3.4406e+00
6.0444e+00 8.7664e+00 1.1311e+01 3.6287e+00 8.9612e+00 3.6695e+00
6.6204e+00 9.1793e+00 1.1672e+01 3.8065e+00 9.8142e+00 3.8893e+00
7.1734e+00 9.5097e+00 1.1976e+01 3.9636e+00 1.0626e+01 4.0955e+00
7.6940e+00 9.7699e+00 1.2222e+01 4.0994e+00 1.1388e+01 4.2849e+00
8.1783e+00 9.9712e+00 1.2415e+01 4.2155e+00 1.2101e+01 4.4568e+00
8.6281e+00 1.0124e+01 1.2565e+01 4.3146e+00 1.2771e+01 4.6127e+00
9.0475e+00 1.0235e+01 1.2685e+01 4.4002e+00 1.3403e+01 4.7554e+00
9.4410e+00 1.0312e+01 1.2785e+01 4.4755e+00 1.4005e+01 4.8885e+00
9.8133e+00 1.0361e+01 1.2875e+01 4.5432e+00 1.4584e+01 5.0158e+00
1.0168e+01 1.0383e+01 1.2961e+01 4.6054e+00 1.5142e+01 5.1399e+00
1.0509e+01 1.0384e+01 1.3048e+01 4.6636e+00 1.5686e+01 5.2626e+00
1.0838e+01 1.0366e+01 1.3138e+01 4.7184e+00 1.6219e+01 5.3846e+00
1.1157e+01 1.0331e+01 1.3231e+01 4.7701e+00 1.6744e+01 5.5055e+00
1.1465e+01 1.0282e+01 1.3327e+01 4.8186e+00 1.7266e+01 5.6250e+00
1.1762e+01 1.0219e+01 1.3424e+01 4.8637e+00 1.7786e+01 5.7424e+00
1.2047e+01 1.0146e+01 1.3523e+01 4.9053e+00 1.8309e+01 5.8575e+00
1.2319e+01 1.0062e+01 1.3620e+01 4.9434e+00 1.8836e+01 5.9694e+00
1.2579e+01 9.9706e+00 1.3716e+01 4.9784e+00 1.9371e+01 6.0777e+00
1.2826e+01 9.8733e+00 1.3810e+01 5.0107e+00 1.9920e+01 6.1818e+00
1.3060e+01 9.7727e+00 1.3902e+01 5.0410e+00 2.0488e+01 6.2818e+00
1.3281e+01 9.6714e+00 1.3992e+01 5.0699e+00 2.1082e+01 6.3775e+00
1.3495e+01 9.5764e+00 1.4087e+01 5.1010e+00 2.1715e+01 6.4726e+00
1.3699e+01 9.4894e+00 1.4185e+01 5.1342e+00 2.2386e+01 6.5658e+00
1.3892e+01 9.4123e+00 1.4283e+01 5.1697e+00 2.3091e+01 6.6561e+00
1.4071e+01 9.3475e+00 1.4380e+01 5.2072e+00 2.3827e+01 6.7422e+00
1.4232e+01 9.2973e+00 1.4473e+01 5.2464e+00 2.4574e+01 6.8227e+00
1.4373e+01 9.2642e+00 1.4561e+01 5.2874e+00 2.5312e+01 6.8965e+00
1.4492e+01 9.2493e+00 1.4643e+01 5.3299e+00 2.6024e+01 6.9627e+00
1.4586e+01 9.2518e+00 1.4715e+01 5.3732e+00 2.6692e+01 7.0216e+00
1.4653e+01 9.2672e+00 1.4779e+01 5.4165e+00 2.7292e+01 7.0743e+00
1.4691e+01 9.2880e+00 1.4836e+01 5.4589e+00 2.7811e+01 7.1232e+00
1.4700e+01 9.3064e+00 1.4885e+01 5.4990e+00 2.8244e+01 7.1713e+00
1.4682e+01 9.3197e+00 1.4928e+01 5.5361e+00 2.8588e+01 7.2194e+00
1.4643e+01 9.3312e+00 1.4967e+01 5.5704e+00 2.8854e+01 7.2664e+00
1.4589e+01 9.3476e+00 1.5004e+01 5.6032e+00 2.9056e+01 7.3098e+00
1.4528e+01 9.3740e+00 1.5042e+01 5.6364e+00 2.9215e+01 7.3487e+00
1.4467e+01 9.4128e+00 1.5084e+01 5.6716e+00 2.9338e+01 7.3833e+00
1.4405e+01 9.4654e+00 1.5127e+01 5.7089e+00 2.9432e+01 7.4122e+00
1.4340e+01 9.5324e+00 1.5165e+01 5.7461e+00 2.9495e+01 7.4323e+00
1.4274e+01 9.6138e+00 1.5196e+01 5.7818e+00 2.9527e+01 7.4415e+00
1.4209e+01 9.7065e+00 1.5218e+01 5.8159e+00 2.9528e+01 7.4406e+00
1.4147e+01 9.8046e+00 1.5230e+01 5.8486e+00 2.9495e+01 7.4309e+00
1.4086e+01 9.9023e+00 1.5232e+01 5.8797e+00 2.9422e+01 7.4129e+00
1.4027e+01 9.9945e+00 1.5224e+01 5.9102e+00 2.9315e+01 7.3878e+00
1.3973e+01 1.0081e+01 1.5213e+01 5.9453e+00 2.9197e+01 7.3605e+00
1.3954e+01 1.0176e+01 1.5242e+01 6.0023e+00 2.9137e+01 7.3433e+00
1.3996e+01 1.0289e+01 1.5351e+01 6.0950e+00 2.9172e+01 7.3440e+00
1.4060e+01 1.0401e+01 1.5503e+01 6.2049e+00 2.9210e+01 7.3584e+00
1.4116e+01 1.0486e+01 1.5648e+01 6.3138e+00 2.9197e+01 7.3830e+00
1.4144e+01 1.0523e+01 1.5784e+01 6.4364e+00 2.9190e+01 7.4346e+00
1.4176e+01 1.0533e+01 1.5963e+01 6.5723e+00 2.9165e+01 7.4891e+00
1.4197e+01 1.0537e+01 1.6095e+01 6.6963e+00 2.9072e+01 7.5259e+00
1.4311e+01 1.0381e+01 1.5274e+01 6.2646e+00 2.7598e+01 7.6010e+00
1.2898e+01 9.3512e+00 1.3770e+01 5.6434e+00 2.4855e+01 6.8501e+00
1.1632e+01 8.4251e+00 1.2410e+01 5.0887e+00 2.2388e+01 6.1730e+00
1.0512e+01 7.5997e+00 1.1216e+01 4.6015e+00 2.0187e+01 5.5716e+00
9.4950e+00 6.8541e+00 1.0167e+01 4.1563e+00 1.8198e+01 5.0278e+00
8.5751e+00 6.1818e+00 9.1950e+00 3.7550e+00 1.6404e+01 4.5369e+00
7.7452e+00 5.5758e+00 8.3155e+00 3.3934e+00 1.4789e+01 4.0944e+00
6.9978e+00 5.0301e+00 7.5229e+00 3.0679e+00 1.3334e+01 3.6959e+00
6.3251e+00 4.5390e+00 6.8095e+00 2.7749e+00 1.2025e+01 3.3372e+00
5.7197e+00 4.0970e+00 6.1675e+00 2.5113e+00 1.0847e+01 3.0144e+00
5.1749e+00 3.6993e+00 5.5900e+00 2.2742e+00 9.7863e+00 2.7239e+00
4.6846e+00 3.3414e+00 5.0702e+00 2.0608e+00 8.8320e+00 2.4625e+00
4.2433e+00 3.0193e+00 4.6025e+00 1.8688e+00 7.9731e+00 2.2272e+00
3.8461e+00 2.7293e+00 4.1815e+00 1.6959e+00 7.2001e+00 2.0154e+00
3.4886e+00 2.4683e+00 3.8025e+00 1.5403e+00 6.5042e+00 1.8248e+00
3.1666e+00 2.2334e+00 3.4612e+00 1.4003e+00 5.8779e+00 1.6531e+00
2.8767e+00 2.0219e+00 3.1540e+00 1.2742e+00 5.3140e+00 1.4986e+00
2.6155e+00 1.8315e+00 2.8771e+00 1.1606e+00 4.8063e+00 1.3594e+00
2.3802e+00 1.6599e+00 2.6276e+00 1.0582e+00 4.3491e+00 1.2340e+00
2.1679e+00 1.5054e+00 2.4024e+00 9.6582e-01 3.9372e+00 1.1210e+00
1.9762e+00 1.3660e+00 2.1988e+00 8.8237e-01 3.5659e+00 1.0190e+00
1.8027e+00 1.2401e+00 2.0143e+00 8.0679e-01 3.2309e+00 9.2679e-01
1.6457e+00 1.1264e+00 1.8471e+00 7.3837e-01 2.9287e+00 8.4353e-01
1.5069e+00 1.0253e+00 1.7005e+00 6.7820e-01 2.6591e+00 7.6967e-01
1.3849e+00 9.3565e-01 1.5730e+00 6.2564e-01 2.4193e+00 7.0443e-01
1.2775e+00 8.5610e-01 1.4620e+00 5.7967e-01 2.2058e+00 6.4679e-01
1.1812e+00 7.8474e-01 1.3627e+00 5.3853e-01 2.0141e+00 5.9516e-01
1.0912e+00 7.1909e-01 1.2685e+00 4.9973e-01 1.8386e+00 5.4727e-01
1.0081e+00 6.5893e-01 1.1806e+00 4.6372e-01 1.6785e+00 5.0326e-01
9.3700e-01 6.0638e-01 1.1084e+00 4.3382e-01 1.5376e+00 4.6491e-01
8.7252e-01 5.5887e-01 1.0433e+00 4.0683e-01 1.4104e+00 4.3015e-01
8.1467e-01 5.1621e-01 9.8507e-01 3.8268e-01 1.2962e+00 3.9896e-01
7.6299e-01 4.7801e-01 9.3321e-01 3.6114e-01 1.1937e+00 3.7106e-01
7.1665e-01 4.4372e-01 8.8671e-01 3.4183e-01 1.1016e+00 3.4605e-01
6.7479e-01 4.1282e-01 8.4452e-01 3.2432e-01 1.0186e+00 3.2352e-01
6.3667e-01 3.8481e-01 8.0575e-01 3.0828e-01 9.4352e-01 3.0309e-01
6.0166e-01 3.5931e-01 7.6972e-01 2.9343e-01 8.7531e-01 2.8444e-01
5.6930e-01 3.3598e-01 7.3589e-01 2.7957e-01 8.1314e-01 2.6733e-01
5.3920e-01 3.1456e-01 7.0391e-01 2.6655e-01 7.5632e-01 2.5156e-01
5.1109e-01 2.9482e-01 6.7352e-01 2.5424e-01 7.0425e-01 2.3696e-01
4.8474e-01 2.7658e-01 6.4452e-01 2.4259e-01 6.5643e-01 2.2340e-01
4.6090e-01 2.6011e-01 6.1821e-01 2.3202e-01 6.1326e-01 2.1115e-01
4.3945e-01 2.4530e-01 5.9454e-01 2.2251e-01 5.7438e-01 2.0013e-01
4.2010e-01 2.3195e-01 5.7319e-01 2.1394e-01 5.3930e-01 1.9020e-01
4.0261e-01 2.1990e-01 5.5387e-01 2.0619e-01 5.0760e-01 1.8122e-01
3.8679e-01 2.0902e-01 5.3639e-01 1.9918e-01 4.7895e-01 1.7309e-01
3.7250e-01 1.9920e-01 5.2058e-01 1.9285e-01 4.5306e-01 1.6572e-01
3.5962e-01 1.9035e-01 5.0636e-01 1.8715e-01 4.2969e-01 1.5906e-01
3.4812e-01 1.8244e-01 4.9376e-01 1.8210e-01 4.0870e-01 1.5309e-01
3.3812e-01 1.7546e-01 4.8298e-01 1.7775e-01 3.9006e-01 1.4784e-01
3.2999e-01 1.6958e-01 4.7467e-01 1.7434e-01 3.7401e-01 1.4345e-01
3.2480e-01 1.6524e-01 4.7056e-01 1.7248e-01 3.6142e-01 1.4033e-01
3.2591e-01 1.6396e-01 4.7593e-01 1.7407e-01 3.5518e-01 1.3984e-01
3.4635e-01 1.7163e-01 5.1123e-01 1.8644e-01 3.6678e-01 1.4720e-01
4.6192e-01 2.2258e-01 6.9517e-01 2.5224e-01 4.6326e-01 1.9283e-01
1.2029e+00 5.5719e-01 1.8597e+00 6.7034e-01 1.1564e+00 4.8944e-01
1.7190e+00 7.8997e-01 2.6741e+00 9.6270e-01 1.6287e+00 6.9583e-01
2.0222e+00 9.2637e-01 3.1558e+00 1.1356e+00 1.8874e+00 8.1688e-01
2.5693e+00 1.1734e+00 4.0250e+00 1.4476e+00 2.3605e+00 1.0358e+00
3.2336e+00 1.4737e+00 5.0832e+00 1.8276e+00 2.9377e+00 1.3017e+00
3.6749e+00 1.6731e+00 5.7910e+00 2.0817e+00 3.3187e+00 1.4782e+00
4.1486e+00 1.8872e+00 6.5537e+00 2.3555e+00 3.7286e+00 1.6678e+00
4.6008e+00 2.0916e+00 7.2853e+00 2.6182e+00 4.1200e+00 1.8486e+00
4.9733e+00 2.2600e+00 7.8927e+00 2.8362e+00 4.4414e+00 1.9975e+00
5.3302e+00 2.4214e+00 8.4780e+00 3.0462e+00 4.7493e+00 2.1401e+00
5.6444e+00 2.5635e+00 8.9974e+00 3.2326e+00 5.0198e+00 2.2655e+00
5.9189e+00 2.6877e+00 9.4555e+00 3.3969e+00 5.2554e+00 2.3749e+00
6.1643e+00 2.7988e+00 9.8691e+00 3.5452e+00 5.4656e+00 2.4727e+00
6.3749e+00 2.8940e+00 1.0228e+01 3.6739e+00 5.6451e+00 2.5564e+00
6.5555e+00 2.9758e+00 1.0541e+01 3.7859e+00 5.7999e+00 2.6280e+00
6.7074e+00 3.0445e+00 1.0809e+01 3.8818e+00 5.9346e+00 2.6881e+00
6.8313e+00 3.1006e+00 1.1033e+01 3.9618e+00 6.0494e+00 2.7368e+00
6.9297e+00 3.1451e+00 1.1217e+01 4.0273e+00 6.1460e+00 2.7752e+00
7.0039e+00 3.1787e+00 1.1362e+01 4.0790e+00 6.2252e+00 2.8039e+00
7.0561e+00 3.2022e+00 1.1473e+01 4.1180e+00 6.2880e+00 2.8237e+00
7.0892e+00 3.2172e+00 1.1552e+01 4.1461e+00 6.3363e+00 2.8357e+00
7.1089e+00 3.2253e+00 1.1608e+01 4.1656e+00 6.3726e+00 2.8416e+00
7.1259e+00 3.2303e+00 1.1653e+01 4.1811e+00 6.4015e+00 2.8447e+00
7.1509e+00 3.2393e+00 1.1714e+01 4.2022e+00 6.4335e+00 2.8511e+00
7.2102e+00 3.2666e+00 1.1844e+01 4.2477e+00 6.4893e+00 2.8735e+00
7.3474e+00 3.3292e+00 1.2105e+01 4.3404e+00 6.5935e+00 2.9266e+00
7.5339e+00 3.4141e+00 1.2451e+01 4.4634e+00 6.7341e+00 2.9991e+00
7.7066e+00 3.4926e+00 1.2775e+01 4.5783e+00 6.8642e+00 3.0659e+00
7.8710e+00 3.5674e+00 1.3087e+01 4.6888e+00 6.9884e+00 3.1294e+00
8.0174e+00 3.6340e+00 1.3369e+01 4.7886e+00 7.0982e+00 3.1855e+00
8.1390e+00 3.6893e+00 1.3611e+01 4.8738e+00 7.1874e+00 3.2317e+00
8.2397e+00 3.7351e+00 1.3818e+01 4.9465e+00 7.2596e+00 3.2695e+00
8.3163e+00 3.7700e+00 1.3985e+01 5.0046e+00 7.3116e+00 3.2977e+00
8.3705e+00 3.7946e+00 1.4115e+01 5.0493e+00 7.3451e+00 3.3171e+00
8.4031e+00 3.8095e+00 1.4208e+01 5.0808e+00 7.3605e+00 3.3277e+00
8.4146e+00 3.8146e+00 1.4265e+01 5.0995e+00 7.3583e+00 3.3300e+00
8.4062e+00 3.8108e+00 1.4288e+01 5.1058e+00 7.3394e+00 3.3244e+00
8.3787e+00 3.7982e+00 1.4278e+01 5.1005e+00 7.3084e+00 3.3113e+00
8.3338e+00 3.7777e+00 1.4238e+01 5.0842e+00 7.2673e+00 3.2912e+00
8.2883e+00 3.7568e+00 1.4197e+01 5.0675e+00 7.2166e+00 3.2709e+00
8.2417e+00 3.7355e+00 1.4155e+01 5.0501e+00 7.1656e+00 3.2501e+00
8.1933e+00 3.7132e+00 1.4109e+01 5.0314e+00 7.1133e+00 3.2285e+00
8.1428e+00 3.6899e+00 1.4059e+01 5.0112e+00 7.0597e+00 3.2060e+00
8.0894e+00 3.6653e+00 1.4004e+01 4.9892e+00 7.0040e+00 3.1825e+00
8.0333e+00 3.6393e+00 1.3944e+01 4.9652e+00 6.9462e+00 3.1577e+00
7.9744e+00 3.6121e+00 1.3878e+01 4.9393e+00 6.8864e+00 3.1319e+00
7.9135e+00 3.5838e+00 1.3809e+01 4.9119e+00 6.8251e+00 3.1053e+00
7.8525e+00 3.5555e+00 1.3739e+01 4.8843e+00 6.7640e+00 3.0786e+00
7.7949e+00 3.5286e+00 1.3675e+01 4.8586e+00 6.7060e+00 3.0531e+00
7.7453e+00 3.5053e+00 1.3625e+01 4.8377e+00 6.6550e+00 3.0308e+00
7.7070e+00 3.4870e+00 1.3595e+01 4.8239e+00 6.6138e+00 3.0128e+00
7.6767e+00 3.4723e+00 1.3579e+01 4.8150e+00 6.5796e+00 2.9979e+00
7.6456e+00 3.4572e+00 1.3562e+01 4.8054e+00 6.5448e+00 2.9827e+00
7.6088e+00 3.4395e+00 1.3534e+01 4.7920e+00 6.5055e+00 2.9653e+00
7.5657e+00 3.4189e+00 1.3494e+01 4.7744e+00 6.4611e+00 2.9454e+00
7.5155e+00 3.3951e+00 1.3441e+01 4.7520e+00 6.4108e+00 2.9228e+00
7.4570e+00 3.3674e+00 1.3372e+01 4.7240e+00 6.3535e+00 2.8970e+00
7.3895e+00 3.3357e+00 1.3286e+01 4.6899e+00 6.2889e+00 2.8677e+00
7.3128e+00 3.2999e+00 1.3183e+01 4.6497e+00 6.2168e+00 2.8350e+00
7.2267e+00 3.2598e+00 1.3061e+01 4.6031e+00 6.1369e+00 2.7987e+00
7.1313e+00 3.2154e+00 1.2922e+01 4.5501e+00 6.0493e+00 2.7587e+00
7.0267e+00 3.1670e+00 1.2764e+01 4.4909e+00 5.9542e+00 2.7154e+00
6.9136e+00 3.1147e+00 1.2590e+01 4.4258e+00 5.8522e+00 2.6688e+00
6.7928e+00 3.0589e+00 1.2400e+01 4.3553e+00 5.7440e+00 2.6194e+00
6.6653e+00 3.0002e+00 1.2197e+01 4.2802e+00 5.6305e+00 2.5674e+00
6.5325e+00 2.9390e+00 1.1983e+01 4.2012e+00 5.5127e+00 2.5135e+00
6.3954e+00 2.8760e+00 1.1760e+01 4.1192e+00 5.3917e+00 2.4581e+00
6.2556e+00 2.8118e+00 1.1530e+01 4.0350e+00 5.2687e+00 2.4017e+00
6.1141e+00 2.7470e+00 1.1297e+01 3.9496e+00 5.1449e+00 2.3449e+00
5.9718e+00 2.6821e+00 1.1062e+01 3.8637e+00 5.0211e+00 2.2881e+00
5.8299e+00 2.6176e+00 1.0827e+01 3.7779e+00 4.8981e+00 2.2317e+00
5.6890e+00 2.5537e+00 1.0594e+01 3.6927e+00 4.7766e+00 2.1758e+00
5.5498e+00 2.4907e+00 1.0363e+01 3.6084e+00 4.6570e+00 2.1209e+00
5.4126e+00 2.4287e+00 1.0135e+01 3.5254e+00 4.5395e+00 2.0668e+00
5.2778e+00 2.3680e+00 9.9115e+00 3.4438e+00 4.4245e+00 2.0139e+00
5.1458e+00 2.3085e+00 9.6923e+00 3.3638e+00 4.3121e+00 1.9622e+00
5.0171e+00 2.2506e+00 9.4783e+00 3.2857e+00 4.2028e+00 1.9118e+00
4.8919e+00 2.1944e+00 9.2703e+00 3.2098e+00 4.0967e+00 1.8629e+00
4.7705e+00 2.1399e+00 9.0686e+00 3.1361e+00 3.9941e+00 1.8156e+00
4.6531e+00 2.0872e+00 8.8737e+00 3.0649e+00 3.8951e+00 1.7699e+00
4.5399e+00 2.0364e+00 8.6860e+00 2.9963e+00 3.7997e+00 1.7258e+00
4.4310e+00 1.9876e+00 8.5058e+00 2.9303e+00 3.7082e+00 1.6835e+00
4.3265e+00 1.9408e+00 8.3332e+00 2.8670e+00 3.6205e+00 1.6429e+00
4.2265e+00 1.8960e+00 8.1684e+00 2.8064e+00 3.5367e+00 1.6041e+00
4.1310e+00 1.8532e+00 8.0116e+00 2.7487e+00 3.4569e+00 1.5671e+00
4.0400e+00 1.8125e+00 7.8628e+00 2.6937e+00 3.3808e+00 1.5318e+00
3.9535e+00 1.7737e+00 7.7218e+00 2.6415e+00 3.3086e+00 1.4982e+00
3.8713e+00 1.7368e+00 7.5886e+00 2.5920e+00 3.2402e+00 1.4664e+00
3.7933e+00 1.7018e+00 7.4631e+00 2.5452e+00 3.1753e+00 1.4361e+00
3.7195e+00 1.6687e+00 7.3451e+00 2.5010e+00 3.1140e+00 1.4075e+00
3.6498e+00 1.6374e+00 7.2343e+00 2.4594e+00 3.0562e+00 1.3805e+00
3.5839e+00 1.6078e+00 7.1306e+00 2.4202e+00 3.0016e+00 1.3549e+00
3.5217e+00 1.5798e+00 7.0337e+00 2.3833e+00 2.9501e+00 1.3307e+00
3.4630e+00 1.5534e+00 6.9432e+00 2.3486e+00 2.9017e+00 1.3079e+00
3.4077e+00 1.5285e+00 6.8589e+00 2.3161e+00 2.8560e+00 1.2864e+00
3.3556e+00 1.5050e+00 6.7804e+00 2.2856e+00 2.8131e+00 1.2661e+00
3.3064e+00 1.4828e+00 6.7074e+00 2.2570e+00 2.7726e+00 1.2470e+00
3.2600e+00 1.4619e+00 6.6395e+00 2.2301e+00 2.7345e+00 1.2289e+00
3.2163e+00 1.4420e+00 6.5765e+00 2.2049e+00 2.6985e+00 1.2118e+00
3.1749e+00 1.4233e+00 6.5179e+00 2.1813e+00 2.6646e+00 1.1957e+00
3.1359e+00 1.4056e+00 6.4636e+00 2.1591e+00 2.6326e+00 1.1804e+00
3.0989e+00 1.3888e+00 6.4131e+00 2.1381e+00 2.6023e+00 1.1659e+00
3.0638e+00 1.3728e+00 6.3661e+00 2.1184e+00 2.5735e+00 1.1521e+00
3.0305e+00 1.3577e+00 6.3225e+00 2.0998e+00 2.5463e+00 1.1390e+00
3.0010e+00 1.3442e+00 6.2866e+00 2.0838e+00 2.5221e+00 1.1274e+00
2.9748e+00 1.3322e+00 6.2575e+00 2.0700e+00 2.5008e+00 1.1170e+00
2.9516e+00 1.3215e+00 6.2346e+00 2.0582e+00 2.4820e+00 1.1077e+00
2.9311e+00 1.3120e+00 6.2171e+00 2.0482e+00 2.4653e+00 1.0994e+00
2.9129e+00 1.3036e+00 6.2044e+00 2.0398e+00 2.4506e+00 1.0920e+00
2.8967e+00 1.2961e+00 6.1960e+00 2.0327e+00 2.4376e+00 1.0854e+00
2.8824e+00 1.2893e+00 6.1913e+00 2.0268e+00 2.4260e+00 1.0795e+00
2.8696e+00 1.2833e+00 6.1898e+00 2.0220e+00 2.4158e+00 1.0742e+00
2.8582e+00 1.2779e+00 6.1913e+00 2.0181e+00 2.4066e+00 1.0693e+00
2.8480e+00 1.2730e+00 6.1952e+00 2.0150e+00 2.3985e+00 1.0650e+00
2.8388e+00 1.2686e+00 6.2013e+00 2.0125e+00 2.3911e+00 1.0610e+00
2.8305e+00 1.2646e+00 6.2093e+00 2.0106e+00 2.3845e+00 1.0573e+00
2.8230e+00 1.2609e+00 6.2188e+00 2.0092e+00 2.3784e+00 1.0540e+00
2.8161e+00 1.2575e+00 6.2297e+00 2.0082e+00 2.3729e+00 1.0509e+00
2.8097e+00 1.2543e+00 6.2417e+00 2.0076e+00 2.3678e+00 1.0480e+00
2.8038e+00 1.2514e+00 6.2547e+00 2.0072e+00 2.3630e+00 1.0452e+00
2.7982e+00 1.2486e+00 6.2684e+00 2.0070e+00 2.3585e+00 1.0426e+00
2.7930e+00 1.2460e+00 6.2828e+00 2.0070e+00 2.3542e+00 1.0402e+00
2.7880e+00 1.2435e+00 6.2976e+00 2.0072e+00 2.3502e+00 1.0378e+00
2.7832e+00 1.2411e+00 6.3128e+00 2.0075e+00 2.3462e+00 1.0355e+00
2.7785e+00 1.2387e+00 6.3283e+00 2.0078e+00 2.3424e+00 1.0333e+00
2.7740e+00 1.2364e+00 6.3438e+00 2.0082e+00 2.3386e+00 1.0311e+00
2.7695e+00 1.2342e+00 6.3595e+00 2.0086e+00 2.3348e+00 1.0289e+00
2.7650e+00 1.2320e+00 6.3750e+00 2.0090e+00 2.3311e+00 1.0268e+00
2.7606e+00 1.2298e+00 6.3902e+00 2.0093e+00 2.3273e+00 1.0247e+00
2.7562e+00 1.2276e+00 6.4047e+00 2.0097e+00 2.3236e+00 1.0226e+00
2.7518e+00 1.2254e+00 6.4184e+00 2.0100e+00 2.3198e+00 1.0205e+00
2.7473e+00 1.2232e+00 6.4313e+00 2.0103e+00 2.3159e+00 1.0184e+00
2.7428e+00 1.2210e+00 6.4436e+00 2.0104e+00 2.3120e+00 1.0163e+00
2.7382e+00 1.2188e+00 6.4552e+00 2.0106e+00 2.3081e+00 1.0141e+00
2.7335e+00 1.2166e+00 6.4661e+00 2.0106e+00 2.3040e+00 1.0120e+00
2.7288e+00 1.2143e+00 6.4764e+00 2.0106e+00 2.2999e+00 1.0098e+00
2.7240e+00 1.2121e+00 6.4861e+00 2.0104e+00 2.2957e+00 1.0076e+00
2.7192e+00 1.2098e+00 6.4952e+00 2.0102e+00 2.2915e+00 1.0054e+00
2.7142e+00 1.2074e+00 6.5037e+00 2.0099e+00 2.2872e+00 1.0032e+00
2.7092e+00 1.2051e+00 6.5116e+00 2.0096e+00 2.2827e+00 1.0010e+00
2.7041e+00 1.2027e+00 6.5189e+00 2.0091e+00 2.2782e+00 9.9869e-01
2.6989e+00 1.2003e+00 6.5257e+00 2.0085e+00 2.2737e+00 9.9639e-01
2.6936e+00 1.1979e+00 6.5320e+00 2.0079e+00 2.2690e+00 9.9407e-01
2.6883e+00 1.1954e+00 6.5378e+00 2.0071e+00 2.2643e+00 9.9172e-01
2.6828e+00 1.1929e+00 6.5432e+00 2.0063e+00 2.2595e+00 9.8935e-01
2.6773e+00 1.1904e+00 6.5480e+00 2.0054e+00 2.2546e+00 9.8695e-01
2.6717e+00 1.1879e+00 6.5522e+00 2.0044e+00 2.2496e+00 9.8453e-01
2.6660e+00 1.1853e+00 6.5560e+00 2.0032e+00 2.2445e+00 9.8208e-01
2.6602e+00 1.1827e+00 6.5593e+00 2.0021e+00 2.2394e+00 9.7961e-01
2.6543e+00 1.1800e+00 6.5621e+00 2.0008e+00 2.2342e+00 9.7711e-01
2.6484e+00 1.1774e+00 6.5643e+00 1.9994e+00 2.2290e+00 9.7459e-01
2.6423e+00 1.1747e+00 6.5661e+00 1.9979e+00 2.2236e+00 9.7205e-01
2.6362e+00 1.1720e+00 6.5674e+00 1.9964e+00 2.2182e+00 9.6949e-01
2.6300e+00 1.1693e+00 6.5682e+00 1.9947e+00 2.2128e+00 9.6691e-01
2.6238e+00 1.1665e+00 6.5686e+00 1.9930e+00 2.2072e+00 9.6431e-01
2.6175e+00 1.1637e+00 6.5684e+00 1.9912e+00 2.2017e+00 9.6170e-01
2.6111e+00 1.1609e+00 6.5677e+00 1.9894e+00 2.1960e+00 9.5906e-01
2.6046e+00 1.1581e+00 6.5665e+00 1.9874e+00 2.1904e+00 9.5641e-01
2.5981e+00 1.1553e+00 6.5646e+00 1.9854e+00 2.1846e+00 9.5374e-01
2.5915e+00 1.1524e+00 6.5619e+00 1.9832e+00 2.1788e+00 9.5106e-01
2.5849e+00 1.1495e+00 6.5584e+00 1.9810e+00 2.1730e+00 9.4836e-01
2.5782e+00 1.1466e+00 6.5541e+00 1.9788e+00 2.1671e+00 9.4564e-01
2.5714e+00 1.1437e+00 6.5491e+00 1.9764e+00 2.1612e+00 9.4292e-01
2.5646e+00 1.1408e+00 6.5434e+00 1.9740e+00 2.1552e+00 9.4018e-01
2.5578e+00 1.1379e+00 6.5370e+00 1.9715e+00 2.1492e+00 9.3744e-01
2.5508e+00 1.1349e+00 6.5299e+00 1.9689e+00 2.1432e+00 9.3468e-01
2.5439e+00 1.1319e+00 6.5222e+00 1.9663e+00 2.1372e+00 9.3191e-01
2.5369e+00 1.1290e+00 6.5138e+00 1.9636e+00 2.1311e+00 9.2913e-01
2.5298e+00 1.1260e+00 6.5048e+00 1.9608e+00 2.1249e+00 9.2635e-01
2.5227e+00 1.1230e+00 6.4950e+00 1.9580e+00 2.1188e+00 9.2356e-01
2.5156e+00 1.1200e+00 6.4846e+00 1.9551e+00 2.1126e+00 9.2076e-01
2.5085e+00 1.1169e+00 6.4735e+00 1.9521e+00 2.1064e+00 9.1795e-01
2.5013e+00 1.1139e+00 6.4618e+00 1.9491e+00 2.1002e+00 9.1514e-01
2.4941e+00 1.1109e+00 6.4495e+00 1.9460e+00 2.0940e+00 9.1234e-01
2.4869e+00 1.1079e+00 6.4366e+00 1.9429e+00 2.0877e+00 9.0952e-01
2.4796e+00 1.1048e+00 6.4230e+00 1.9397e+00 2.0815e+00 9.0671e-01
2.4724e+00 1.1018e+00 6.4087e+00 1.9364e+00 2.0752e+00 9.0388e-01
2.4651e+00 1.0987e+00 6.3935e+00 1.9330e+00 2.0689e+00 9.0106e-01
2.4577e+00 1.0957e+00 6.3776e+00 1.9296e+00 2.0625e+00 8.9823e-01
2.4504e+00 1.0926e+00 6.3610e+00 1.9262e+00 2.0562e+00 8.9540e-01
2.4430e+00 1.0895e+00 6.3437e+00 1.9226e+00 2.0498e+00 8.9257e-01
2.4357e+00 1.0865e+00 6.3259e+00 1.9191e+00 2.0435e+00 8.8974e-01
2.4283e+00 1.0834e+00 6.3075e+00 1.9154e+00 2.0371e+00 8.8691e-01
2.4209e+00 1.0803e+00 6.2887e+00 1.9117e+00 2.0307e+00 8.8408e-01
2.4135e+00 1.0772e+00 6.2694e+00 1.9079e+00 2.0244e+00 8.8125e-01
2.4062e+00 1.0742e+00 6.2497e+00 1.9041e+00 2.0180e+00 8.7844e-01
2.3988e+00 1.0711e+00 6.2296e+00 1.9001e+00 2.0116e+00 8.7562e-01
2.3914e+00 1.0681e+00 6.2093e+00 1.8961e+00 2.0053e+00 8.7281e-01
2.3841e+00 1.0650e+00 6.1886e+00 1.8921e+00 1.9989e+00 8.7000e-01
2.3767e+00 1.0620e+00 6.1677e+00 1.8879e+00 1.9926e+00 8.6720e-01
2.3694e+00 1.0589e+00 6.1465e+00 1.8838e+00 1.9863e+00 8.6440e-01
2.3620e+00 1.0559e+00 6.1252e+00 1.8795e+00 1.9800e+00 8.6162e-01
2.3547e+00 1.0528e+00 6.1037e+00 1.8753e+00 1.9737e+00 8.5884e-01
2.3474e+00 1.0498e+00 6.0821e+00 1.8710e+00 1.9674e+00 8.5607e-01
2.3401e+00 1.0468e+00 6.0604e+00 1.8667e+00 1.9612e+00 8.5332e-01
2.3328e+00 1.0438e+00 6.0387e+00 1.8623e+00 1.9550e+00 8.5057e-01
2.3256e+00 1.0408e+00 6.0168e+00 1.8579e+00 1.9488e+00 8.4784e-01
2.3184e+00 1.0378e+00 5.9949e+00 1.8535e+00 1.9426e+00 8.4511e-01
2.3111e+00 1.0349e+00 5.9729e+00 1.8491e+00 1.9364e+00 8.4240e-01
2.3039e+00 1.0319e+00 5.9509e+00 1.8446e+00 1.9303e+00 8.3969e-01
2.2968e+00 1.0290e+00 5.9290e+00 1.8401e+00 1.9242e+00 8.3700e-01
2.2896e+00 1.0260e+00 5.9070e+00 1.8356e+00 1.9181e+00 8.3432e-01
2.2825e+00 1.0231e+00 5.8850e+00 1.8311e+00 1.9121e+00 8.3165e-01
2.2754e+00 1.0202e+00 5.8631e+00 1.8266e+00 1.9061e+00 8.2900e-01
2.2684e+00 1.0173e+00 5.8412e+00 1.8221e+00 1.9002e+00 8.2637e-01
2.2614e+00 1.0145e+00 5.8194e+00 1.8176e+00 1.8942e+00 8.2375e-01
2.2544e+00 1.0116e+00 5.7976e+00 1.8131e+00 1.8884e+00 8.2115e-01
2.2475e+00 1.0088e+00 5.7760e+00 1.8086e+00 1.8825e+00 8.1858e-01
2.2407e+00 1.0060e+00 5.7544e+00 1.8041e+00 1.8768e+00 8.1602e-01
2.2339e+00 1.0032e+00 5.7329e+00 1.7997e+00 1.8710e+00 8.1348e-01
2.2271e+00 1.0004e+00 5.7115e+00 1.7952e+00 1.8653e+00 8.1096e-01
2.2204e+00 9.9770e-01 5.6903e+00 1.7908e+00 1.8597e+00 8.0846e-01
2.2137e+00 9.9498e-01 5.6691e+00 1.7863e+00 1.8541e+00 8.0597e-01
2.2070e+00 9.9228e-01 5.6481e+00 1.7819e+00 1.8485e+00 8.0351e-01
2.2005e+00 9.8960e-01 5.6272e+00 1.7775e+00 1.8430e+00 8.0106e-01
2.1939e+00 9.8694e-01 5.6064e+00 1.7731e+00 1.8375e+00 7.9863e-01
2.1874e+00 9.8430e-01 5.5857e+00 1.7688e+00 1.8321e+00 7.9623e-01
2.1810e+00 9.8169e-01 5.5652e+00 1.7645e+00 1.8267e+00 7.9384e-01
2.1746e+00 9.7910e-01 5.5449e+00 1.7601e+00 1.8214e+00 7.9147e-01
2.1683e+00 9.7653e-01 5.5247e+00 1.7559e+00 1.8161e+00 7.8913e-01
2.1620e+00 9.7399e-01 5.5046e+00 1.7516e+00 1.8109e+00 7.8680e-01
2.1558e+00 9.7146e-01 5.4847e+00 1.7474e+00 1.8057e+00 7.8450e-01
2.1496e+00 9.6897e-01 5.4650e+00 1.7431e+00 1.8006e+00 7.8222e-01
2.1435e+00 9.6650e-01 5.4455e+00 1.7390e+00 1.7955e+00 7.7996e-01
2.1375e+00 9.6405e-01 5.4262e+00 1.7348e+00 1.7904e+00 7.7772e-01
2.1315e+00 9.6163e-01 5.4070e+00 1.7307e+00 1.7855e+00 7.7550e-01
2.1255e+00 9.5923e-01 5.3880e+00 1.7266e+00 1.7805e+00 7.7330e-01
2.1196e+00 9.5686e-01 5.3691e+00 1.7225e+00 1.7757e+00 7.7113e-01
2.1138e+00 9.5451e-01 5.3505e+00 1.7185e+00 1.7709e+00 7.6898e-01
2.1081e+00 9.5219e-01 5.3320e+00 1.7145e+00 1.7661e+00 7.6685e-01
2.1024e+00 9.4989e-01 5.3138e+00 1.7105e+00 1.7614e+00 7.6475e-01
2.0968e+00 9.4763e-01 5.2957e+00 1.7066e+00 1.7567e+00 7.6268e-01
2.0912e+00 9.4539e-01 5.2779e+00 1.7027e+00 1.7521e+00 7.6062e-01
2.0857e+00 9.4318e-01 5.2602e+00 1.6989e+00 1.7476e+00 7.5859e-01
2.0803e+00 9.4100e-01 5.2427e+00 1.6951e+00 1.7431e+00 7.5659e-01
2.0749e+00 9.3884e-01 5.2255e+00 1.6913e+00 1.7387e+00 7.5461e-01
2.0696e+00 9.3672e-01 5.2085e+00 1.6876e+00 1.7344e+00 7.5266e-01
2.0644e+00 9.3463e-01 5.1916e+00 1.6839e+00 1.7301e+00 7.5074e-01
2.0594e+00 9.3262e-01 5.1753e+00 1.6804e+00 1.7260e+00 7.4889e-01
2.0548e+00 9.3080e-01 5.1600e+00 1.6772e+00 1.7222e+00 7.4718e-01
2.0505e+00 9.2915e-01 5.1457e+00 1.6742e+00 1.7187e+00 7.4562e-01
2.0466e+00 9.2765e-01 5.1323e+00 1.6716e+00 1.7155e+00 7.4418e-01
2.0430e+00 9.2631e-01 5.1197e+00 1.6692e+00 1.7126e+00 7.4286e-01
2.0398e+00 9.2509e-01 5.1079e+00 1.6670e+00 1.7100e+00 7.4165e-01
2.0368e+00 9.2400e-01 5.0968e+00 1.6651e+00 1.7076e+00 7.4054e-01
2.0340e+00 9.2302e-01 5.0863e+00 1.6633e+00 1.7054e+00 7.3952e-01
2.0315e+00 9.2214e-01 5.0764e+00 1.6618e+00 1.7033e+00 7.3858e-01
2.0291e+00 9.2135e-01 5.0670e+00 1.6603e+00 1.7015e+00 7.3772e-01
2.0270e+00 9.2065e-01 5.0582e+00 1.6591e+00 1.6998e+00 7.3693e-01
2.0251e+00 9.2003e-01 5.0498e+00 1.6579e+00 1.6983e+00 7.3620e-01
2.0233e+00 9.1949e-01 5.0418e+00 1.6569e+00 1.6969e+00 7.3554e-01
2.0217e+00 9.1902e-01 5.0343e+00 1.6560e+00 1.6957e+00 7.3494e-01
2.0202e+00 9.1861e-01 5.0270e+00 1.6553e+00 1.6945e+00 7.3439e-01
2.0188e+00 9.1826e-01 5.0201e+00 1.6546e+00 1.6935e+00 7.3389e-01
2.0176e+00 9.1797e-01 5.0134e+00 1.6540e+00 1.6926e+00 7.3343e-01
2.0165e+00 9.1774e-01 5.0070e+00 1.6535e+00 1.6918e+00 7.3302e-01
2.0155e+00 9.1755e-01 5.0009e+00 1.6531e+00 1.6911e+00 7.3265e-01
2.0146e+00 9.1742e-01 4.9951e+00 1.6528e+00 1.6904e+00 7.3232e-01
2.0138e+00 9.1733e-01 4.9895e+00 1.6526e+00 1.6899e+00 7.3203e-01
2.0132e+00 9.1729e-01 4.9841e+00 1.6524e+00 1.6895e+00 7.3177e-01
2.0126e+00 9.1729e-01 4.9789e+00 1.6523e+00 1.6891e+00 7.3155e-01
2.0121e+00 9.1733e-01 4.9740e+00 1.6523e+00 1.6888e+00 7.3137e-01
2.0117e+00 9.1741e-01 4.9692e+00 1.6523e+00 1.6886e+00 7.3121e-01
2.0114e+00 9.1752e-01 4.9647e+00 1.6524e+00 1.6884e+00 7.3109e-01
2.0111e+00 9.1768e-01 4.9603e+00 1.6526e+00 1.6883e+00 7.3100e-01
2.0109e+00 9.1787e-01 4.9562e+00 1.6528e+00 1.6883e+00 7.3093e-01
2.0108e+00 9.1809e-01 4.9522e+00 1.6530e+00 1.6884e+00 7.3089e-01
2.0108e+00 9.1834e-01 4.9483e+00 1.6534e+00 1.6885e+00 7.3088e-01
2.0109e+00 9.1862e-01 4.9447e+00 1.6537e+00 1.6886e+00 7.3089e-01
2.0110e+00 9.1894e-01 4.9412e+00 1.6542e+00 1.6888e+00 7.3093e-01
2.0111e+00 9.1928e-01 4.9379e+00 1.6546e+00 1.6891e+00 7.3099e-01
2.0114e+00 9.1964e-01 4.9348e+00 1.6552e+00 1.6894e+00 7.3107e-01
2.0117e+00 9.2004e-01 4.9317e+00 1.6557e+00 1.6898e+00 7.3118e-01
2.0120e+00 9.2045e-01 4.9289e+00 1.6563e+00 1.6902e+00 7.3130e-01
2.0124e+00 9.2089e-01 4.9262e+00 1.6570e+00 1.6907e+00 7.3145e-01
2.0129e+00 9.2136e-01 4.9236e+00 1.6577e+00 1.6912e+00 7.3161e-01
2.0134e+00 9.2185e-01 4.9212e+00 1.6584e+00 1.6918e+00 7.3180e-01
2.0139e+00 9.2237e-01 4.9190e+00 1.6592e+00 1.6924e+00 7.3201e-01
2.0146e+00 9.2291e-01 4.9169e+00 1.6600e+00 1.6930e+00 7.3224e-01
2.0152e+00 9.2347e-01 4.9149e+00 1.6608e+00 1.6937e+00 7.3248e-01
2.0159e+00 9.2405e-01 4.9131e+00 1.6617e+00 1.6945e+00 7.3274e-01
2.0167e+00 9.2465e-01 4.9115e+00 1.6626e+00 1.6952e+00 7.3302e-01
2.0175e+00 9.2528e-01 4.9100e+00 1.6636e+00 1.6961e+00 7.3332e-01
2.0184e+00 9.2593e-01 4.9086e+00 1.6646e+00 1.6969e+00 7.3364e-01
2.0193e+00 9.2660e-01 4.9074e+00 1.6657e+00 1.6978e+00 7.3397e-01
2.0202e+00 9.2729e-01 4.9064e+00 1.6667e+00 1.6988e+00 7.3432e-01
2.0212e+00 9.2799e-01 4.9054e+00 1.6679e+00 1.6997e+00 7.3469e-01
2.0223e+00 9.2872e-01 4.9047e+00 1.6690e+00 1.7008e+00 7.3508e-01
2.0234e+00 9.2947e-01 4.9041e+00 1.6702e+00 1.7018e+00 7.3548e-01
2.0245e+00 9.3024e-01 4.9036e+00 1.6715e+00 1.7029e+00 7.3590e-01
2.0257e+00 9.3102e-01 4.9033e+00 1.6727e+00 1.7041e+00 7.3634e-01
2.0269e+00 9.3181e-01 4.9031e+00 1.6740e+00 1.7052e+00 7.3679e-01
2.0282e+00 9.3262e-01 4.9030e+00 1.6754e+00 1.7064e+00 7.3726e-01
2.0295e+00 9.3344e-01 4.9030e+00 1.6767e+00 1.7077e+00 7.3774e-01
2.0308e+00 9.3428e-01 4.9032e+00 1.6781e+00 1.7090e+00 7.3823e-01
2.0322e+00 9.3514e-01 4.9036e+00 1.6796e+00 1.7103e+00 7.3874e-01
2.0337e+00 9.3601e-01 4.9041e+00 1.6811e+00 1.7116e+00 7.3927e-01
2.0351e+00 9.3689e-01 4.9047e+00 1.6826e+00 1.7130e+00 7.3981e-01
2.0366e+00 9.3780e-01 4.9054e+00 1.6841e+00 1.7144e+00 7.4036e-01
2.0382e+00 9.3871e-01 4.9063e+00 1.6857e+00 1.7158e+00 7.4093e-01
2.0397e+00 9.3964e-01 4.9073e+00 1.6873e+00 1.7173e+00 7.4151e-01
2.0414e+00 9.4059e-01 4.9084e+00 1.6890e+00 1.7188e+00 7.4210e-01
2.0430e+00 9.4155e-01 4.9096e+00 1.6906e+00 1.7203e+00 7.4271e-01
2.0447e+00 9.4252e-01 4.9110e+00 1.6923e+00 1.7219e+00 7.4332e-01
2.0464e+00 9.4350e-01 4.9125e+00 1.6941e+00 1.7234e+00 7.4396e-01
2.0481e+00 9.4450e-01 4.9141e+00 1.6958e+00 1.7250e+00 7.4460e-01
2.0499e+00 9.4552e-01 4.9159e+00 1.6976e+00 1.7267e+00 7.4525e-01
2.0517e+00 9.4655e-01 4.9178e+00 1.6995e+00 1.7283e+00 7.4592e-01
2.0536e+00 9.4759e-01 4.9198e+00 1.7013e+00 1.7300e+00 7.4660e-01
2.0555e+00 9.4865e-01 4.9219e+00 1.7032e+00 1.7318e+00 7.4730e-01
2.0574e+00 9.4972e-01 4.9242e+00 1.7052e+00 1.7335e+00 7.4800e-01
2.0593e+00 9.5082e-01 4.9266e+00 1.7072e+00 1.7353e+00 7.4872e-01
2.0613e+00 9.5192e-01 4.9291e+00 1.7092e+00 1.7371e+00 7.4946e-01
2.0634e+00 9.5305e-01 4.9318e+00 1.7112e+00 1.7389e+00 7.5021e-01
2.0655e+00 9.5419e-01 4.9346e+00 1.7133e+00 1.7408e+00 7.5097e-01
2.0676e+00 9.5535e-01 4.9376e+00 1.7155e+00 1.7427e+00 7.5174e-01
2.0697e+00 9.5651e-01 4.9406e+00 1.7176e+00 1.7446e+00 7.5252e-01
2.0719e+00 9.5769e-01 4.9438e+00 1.7198e+00 1.7466e+00 7.5331e-01
2.0741e+00 9.5889e-01 4.9471e+00 1.7220e+00 1.7486e+00 7.5412e-01
2.0763e+00 9.6010e-01 4.9505e+00 1.7243e+00 1.7505e+00 7.5494e-01
2.0786e+00 9.6133e-01 4.9541e+00 1.7266e+00 1.7526e+00 7.5577e-01
2.0809e+00 9.6256e-01 4.9577e+00 1.7289e+00 1.7546e+00 7.5660e-01
2.0832e+00 9.6381e-01 4.9615e+00 1.7313e+00 1.7567e+00 7.5745e-01
2.0856e+00 9.6507e-01 4.9654e+00 1.7337e+00 1.7587e+00 7.5830e-01
2.0879e+00 9.6635e-01 4.9694e+00 1.7361e+00 1.7608e+00 7.5917e-01
2.0904e+00 9.6764e-01 4.9736e+00 1.7385e+00 1.7630e+00 7.6004e-01
2.0928e+00 9.6893e-01 4.9779e+00 1.7410e+00 1.7651e+00 7.6093e-01
2.0953e+00 9.7024e-01 4.9823e+00 1.7435e+00 1.7673e+00 7.6182e-01
2.0977e+00 9.7157e-01 4.9868e+00 1.7461e+00 1.7695e+00 7.6272e-01
2.1003e+00 9.7290e-01 4.9915e+00 1.7486e+00 1.7717e+00 7.6363e-01
2.1028e+00 9.7425e-01 4.9963e+00 1.7513e+00 1.7739e+00 7.6455e-01
2.1054e+00 9.7561e-01 5.0012e+00 1.7539e+00 1.7761e+00 7.6548e-01
2.1080e+00 9.7699e-01 5.0063e+00 1.7566e+00 1.7784e+00 7.6642e-01
2.1106e+00 9.7837e-01 5.0116e+00 1.7592e+00 1.7807e+00 7.6737e-01
2.1133e+00 9.7977e-01 5.0170e+00 1.7620e+00 1.7830e+00 7.6832e-01
2.1160e+00 9.8118e-01 5.0225e+00 1.7647e+00 1.7853e+00 7.6929e-01
2.1187e+00 9.8261e-01 5.0283e+00 1.7675e+00 1.7877e+00 7.7026e-01
2.1215e+00 9.8404e-01 5.0342e+00 1.7704e+00 1.7900e+00 7.7124e-01
2.1242e+00 9.8549e-01 5.0402e+00 1.7732e+00 1.7924e+00 7.7223e-01
2.1270e+00 9.8695e-01 5.0464e+00 1.7761e+00 1.7948e+00 7.7323e-01
2.1299e+00 9.8842e-01 5.0528e+00 1.7790e+00 1.7973e+00 7.7424e-01
2.1327e+00 9.8991e-01 5.0594e+00 1.7819e+00 1.7997e+00 7.7526e-01
2.1356e+00 9.9140e-01 5.0663e+00 1.7849e+00 1.8022e+00 7.7628e-01
2.1385e+00 9.9291e-01 5.0733e+00 1.7879e+00 1.8047e+00 7.7731e-01
2.1414e+00 9.9443e-01 5.0805e+00 1.7909e+00 1.8072e+00 7.7836e-01
2.1444e+00 9.9597e-01 5.0880e+00 1.7938e+00 1.8097e+00 7.7941e-01
2.1474e+00 9.9751e-01 5.0957e+00 1.7968e+00 1.8122e+00 7.8046e-01
2.1504e+00 9.9906e-01 5.1037e+00 1.7998e+00 1.8148e+00 7.8152e-01
2.1534e+00 1.0006e+00 5.1120e+00 1.8028e+00 1.8174e+00 7.8259e-01
2.1565e+00 1.0022e+00 5.1206e+00 1.8058e+00 1.8200e+00 7.8367e-01
2.1596e+00 1.0038e+00 5.1296e+00 1.8089e+00 1.8226e+00 7.8476e-01
2.1627e+00 1.0054e+00 5.1389e+00 1.8119e+00 1.8252e+00 7.8585e-01
2.1658e+00 1.0070e+00 5.1488e+00 1.8150e+00 1.8278e+00 7.8695e-01
2.1690e+00 1.0086e+00 5.1591e+00 1.8181e+00 1.8305e+00 7.8806e-01
2.1722e+00 1.0103e+00 5.1700e+00 1.8212e+00 1.8332e+00 7.8918e-01
2.1754e+00 1.0119e+00 5.1815e+00 1.8244e+00 1.8359e+00 7.9029e-01
2.1786e+00 1.0136e+00 5.1938e+00 1.8275e+00 1.8385e+00 7.9142e-01
2.1819e+00 1.0152e+00 5.2069e+00 1.8308e+00 1.8413e+00 7.9255e-01
2.1851e+00 1.0169e+00 5.2211e+00 1.8340e+00 1.8440e+00 7.9369e-01
2.1884e+00 1.0186e+00 5.2365e+00 1.8373e+00 1.8467e+00 7.9484e-01
2.1918e+00 1.0203e+00 5.2535e+00 1.8407e+00 1.8495e+00 7.9599e-01
2.1951e+00 1.0220e+00 5.2721e+00 1.8441e+00 1.8522e+00 7.9715e-01
2.1985e+00 1.0237e+00 5.2929e+00 1.8476e+00 1.8550e+00 7.9832e-01
2.2019e+00 1.0255e+00 5.3163e+00 1.8511e+00 1.8578e+00 7.9949e-01
2.2053e+00 1.0272e+00 5.3427e+00 1.8548e+00 1.8606e+00 8.0066e-01
2.2087e+00 1.0290e+00 5.3727e+00 1.8586e+00 1.8634e+00 8.0185e-01
2.2121e+00 1.0307e+00 5.4063e+00 1.8626e+00 1.8662e+00 8.0303e-01
2.2155e+00 1.0325e+00 5.4436e+00 1.8667e+00 1.8690e+00 8.0423e-01
2.2190e+00 1.0343e+00 5.4839e+00 1.8710e+00 1.8718e+00 8.0542e-01
2.2224e+00 1.0361e+00 5.5261e+00 1.8757e+00 1.8746e+00 8.0663e-01
2.2258e+00 1.0379e+00 5.5688e+00 1.8805e+00 1.8773e+00 8.0784e-01
2.2293e+00 1.0398e+00 5.6102e+00 1.8857e+00 1.8801e+00 8.0905e-01
2.2327e+00 1.0416e+00 5.6491e+00 1.8912e+00 1.8828e+00 8.1027e-01
2.2362e+00 1.0434e+00 5.6846e+00 1.8970e+00 1.8856e+00 8.1150e-01
2.2397e+00 1.0453e+00 5.7173e+00 1.9030e+00 1.8883e+00 8.1272e-01
2.2432e+00 1.0472e+00 5.7475e+00 1.9093e+00 1.8911e+00 8.1395e-01
2.2467e+00 1.0490e+00 5.7758e+00 1.9157e+00 1.8939e+00 8.1518e-01
2.2503e+00 1.0509e+00 5.8027e+00 1.9224e+00 1.8967e+00 8.1641e-01
2.2539e+00 1.0528e+00 5.8283e+00 1.9292e+00 1.8995e+00 8.1765e-01
2.2575e+00 1.0547e+00 5.8529e+00 1.9361e+00 1.9023e+00 8.1889e-01
2.2612e+00 1.0566e+00 5.8766e+00 1.9431e+00 1.9052e+00 8.2014e-01
2.2649e+00 1.0585e+00 5.8996e+00 1.9502e+00 1.9081e+00 8.2138e-01
2.2686e+00 1.0604e+00 5.9219e+00 1.9573e+00 1.9110e+00 8.2264e-01
2.2724e+00 1.0624e+00 5.9436e+00 1.9645e+00 1.9139e+00 8.2389e-01
2.2762e+00 1.0643e+00 5.9648e+00 1.9717e+00 1.9169e+00 8.2515e-01
2.2800e+00 1.0663e+00 5.9855e+00 1.9789e+00 1.9198e+00 8.2642e-01
2.2839e+00 1.0682e+00 6.0058e+00 1.9861e+00 1.9228e+00 8.2769e-01
2.2877e+00 1.0702e+00 6.0258e+00 1.9933e+00 1.9258e+00 8.2895e-01
2.2916e+00 1.0722e+00 6.0455e+00 2.0005e+00 1.9288e+00 8.3023e-01
2.2956e+00 1.0742e+00 6.0649e+00 2.0077e+00 1.9318e+00 8.3150e-01
2.2995e+00 1.0762e+00 6.0841e+00 2.0149e+00 1.9349e+00 8.3279e-01
2.3035e+00 1.0783e+00 6.1032e+00 2.0221e+00 1.9380e+00 8.3408e-01
2.3075e+00 1.0803e+00 6.1222e+00 2.0294e+00 1.9410e+00 8.3537e-01
2.3116e+00 1.0824e+00 6.1411e+00 2.0366e+00 1.9441e+00 8.3666e-01
2.3156e+00 1.0844e+00 6.1598e+00 2.0438e+00 1.9472e+00 8.3796e-01
2.3197e+00 1.0865e+00 6.1786e+00 2.0510e+00 1.9503e+00 8.3926e-01
2.3238e+00 1.0886e+00 6.1973e+00 2.0582e+00 1.9534e+00 8.4056e-01
2.3279e+00 1.0907e+00 6.2160e+00 2.0655e+00 1.9565e+00 8.4187e-01
2.3320e+00 1.0928e+00 6.2347e+00 2.0727e+00 1.9596e+00 8.4318e-01
2.3361e+00 1.0949e+00 6.2534e+00 2.0799e+00 1.9628e+00 8.4449e-01
2.3403e+00 1.0970e+00 6.2722e+00 2.0871e+00 1.9659e+00 8.4581e-01
2.3445e+00 1.0992e+00 6.2910e+00 2.0943e+00 1.9691e+00 8.4713e-01
2.3487e+00 1.1013e+00 6.3098e+00 2.1016e+00 1.9722e+00 8.4845e-01
2.3529e+00 1.1035e+00 6.3287e+00 2.1088e+00 1.9754e+00 8.4978e-01
2.3571e+00 1.1056e+00 6.3476e+00 2.1160e+00 1.9785e+00 8.5110e-01
2.3614e+00 1.1078e+00 6.3666e+00 2.1233e+00 1.9817e+00 8.5243e-01
2.3656e+00 1.1100e+00 6.3857e+00 2.1305e+00 1.9849e+00 8.5377e-01
2.3699e+00 1.1122e+00 6.4048e+00 2.1378e+00 1.9881e+00 8.5511e-01
2.3742e+00 1.1144e+00 6.4240e+00 2.1450e+00 1.9913e+00 8.5644e-01
2.3785e+00 1.1166e+00 6.4433e+00 2.1523e+00 1.9945e+00 8.5778e-01
2.3829e+00 1.1189e+00 6.4626e+00 2.1596e+00 1.9977e+00 8.5912e-01
2.3872e+00 1.1211e+00 6.4818e+00 2.1669e+00 2.0009e+00 8.6046e-01
2.3916e+00 1.1233e+00 6.5011e+00 2.1741e+00 2.0041e+00 8.6180e-01
2.3960e+00 1.1256e+00 6.5205e+00 2.1814e+00 2.0073e+00 8.6315e-01
2.4004e+00 1.1279e+00 6.5398e+00 2.1888e+00 2.0105e+00 8.6449e-01
2.4048e+00 1.1301e+00 6.5592e+00 2.1961e+00 2.0137e+00 8.6584e-01
2.4092e+00 1.1324e+00 6.5786e+00 2.2034e+00 2.0169e+00 8.6720e-01
2.4137e+00 1.1347e+00 6.5981e+00 2.2108e+00 2.0201e+00 8.6855e-01
2.4181e+00 1.1370e+00 6.6177e+00 2.2181e+00 2.0233e+00 8.6991e-01
2.4226e+00 1.1394e+00 6.6373e+00 2.2255e+00 2.0266e+00 8.7127e-01
2.4271e+00 1.1417e+00 6.6570e+00 2.2329e+00 2.0298e+00 8.7263e-01
2.4316e+00 1.1440e+00 6.6768e+00 2.2403e+00 2.0330e+00 8.7399e-01
2.4362e+00 1.1464e+00 6.6967e+00 2.2477e+00 2.0362e+00 8.7536e-01
2.4407e+00 1.1487e+00 6.7168e+00 2.2552e+00 2.0394e+00 8.7673e-01
2.4453e+00 1.1511e+00 6.7369e+00 2.2626e+00 2.0427e+00 8.7811e-01
2.4499e+00 1.1535e+00 6.7571e+00 2.2701e+00 2.0459e+00 8.7948e-01
2.4545e+00 1.1559e+00 6.7775e+00 2.2776e+00 2.0491e+00 8.8086e-01
2.4591e+00 1.1583e+00 6.7980e+00 2.2851e+00 2.0523e+00 8.8224e-01
2.4637e+00 1.1607e+00 6.8186e+00 2.2926e+00 2.0555e+00 8.8362e-01
2.4683e+00 1.1631e+00 6.8393e+00 2.3001e+00 2.0588e+00 8.8501e-01
2.4730e+00 1.1655e+00 6.8602e+00 2.3076e+00 2.0620e+00 8.8639e-01
2.4777e+00 1.1679e+00 6.8812e+00 2.3152e+00 2.0652e+00 8.8778e-01
2.4823e+00 1.1704e+00 6.9024e+00 2.3227e+00 2.0684e+00 8.8917e-01
2.4870e+00 1.1728e+00 6.9237e+00 2.3303e+00 2.0716e+00 8.9056e-01
2.4918e+00 1.1753e+00 6.9451e+00 2.3378e+00 2.0748e+00 8.9196e-01
2.4965e+00 1.1778e+00 6.9667e+00 2.3454e+00 2.0780e+00 8.9335e-01
2.5012e+00 1.1802e+00 6.9885e+00 2.3530e+00 2.0812e+00 8.9475e-01
2.5060e+00 1.1827e+00 7.0104e+00 2.3605e+00 2.0844e+00 8.9615e-01
2.5108e+00 1.1852e+00 7.0325e+00 2.3681e+00 2.0875e+00 8.9756e-01
2.5156e+00 1.1877e+00 7.0548e+00 2.3756e+00 2.0907e+00 8.9896e-01
2.5204e+00 1.1902e+00 7.0772e+00 2.3831e+00 2.0939e+00 9.0037e-01
2.5252e+00 1.1928e+00 7.0997e+00 2.3905e+00 2.0971e+00 9.0178e-01
2.5300e+00 1.1953e+00 7.1224e+00 2.3980e+00 2.1002e+00 9.0319e-01
2.5349e+00 1.1978e+00 7.1453e+00 2.4054e+00 2.1034e+00 9.0460e-01
2.5397e+00 1.2004e+00 7.1684e+00 2.4128e+00 2.1066e+00 9.0602e-01
2.5446e+00 1.2030e+00 7.1916e+00 2.4202e+00 2.1097e+00 9.0745e-01
2.5495e+00 1.2055e+00 7.2149e+00 2.4276e+00 2.1129e+00 9.0887e-01
2.5545e+00 1.2081e+00 7.2385e+00 2.4350e+00 2.1161e+00 9.1030e-01
2.5594e+00 1.2107e+00 7.2622e+00 2.4423e+00 2.1192e+00 9.1173e-01
2.5643e+00 1.2133e+00 7.2861e+00 2.4496e+00 2.1224e+00 9.1316e-01
2.5693e+00 1.2159e+00 7.3102e+00 2.4570e+00 2.1255e+00 9.1460e-01
2.5743e+00 1.2186e+00 7.3345e+00 2.4642e+00 2.1287e+00 9.1604e-01
2.5793e+00 1.2212e+00 7.3589e+00 2.4715e+00 2.1318e+00 9.1749e-01
2.5843e+00 1.2239e+00 7.3835e+00 2.4788e+00 2.1350e+00 9.1893e-01
2.5893e+00 1.2265e+00 7.4084e+00 2.4860e+00 2.1381e+00 9.2039e-01
2.5944e+00 1.2292e+00 7.4334e+00 2.4933e+00 2.1413e+00 9.2185e-01
2.5994e+00 1.2319e+00 7.4587e+00 2.5005e+00 2.1444e+00 9.2331e-01
2.6045e+00 1.2346e+00 7.4841e+00 2.5078e+00 2.1476e+00 9.2478e-01
2.6096e+00 1.2373e+00 7.5098e+00 2.5150e+00 2.1507e+00 9.2625e-01
2.6147e+00 1.2401e+00 7.5356e+00 2.5222e+00 2.1539e+00 9.2772e-01
2.6199e+00 1.2428e+00 7.5616e+00 2.5294e+00 2.1570e+00 9.2920e-01
2.6250e+00 1.2456e+00 7.5878e+00 2.5366e+00 2.1601e+00 9.3068e-01
2.6301e+00 1.2483e+00 7.6142e+00 2.5438e+00 2.1633e+00 9.3217e-01
2.6353e+00 1.2511e+00 7.6408e+00 2.5510e+00 2.1664e+00 9.3365e-01
2.6405e+00 1.2539e+00 7.6675e+00 2.5582e+00 2.1695e+00 9.3515e-01
2.6457e+00 1.2567e+00 7.6945e+00 2.5654e+00 2.1727e+00 9.3665e-01
2.6509e+00 1.2595e+00 7.7216e+00 2.5725e+00 2.1758e+00 9.3816e-01
2.6562e+00 1.2624e+00 7.7490e+00 2.5797e+00 2.1789e+00 9.3966e-01
2.6614e+00 1.2652e+00 7.7765e+00 2.5868e+00 2.1820e+00 9.4118e-01
2.6667e+00 1.2680e+00 7.8043e+00 2.5940e+00 2.1852e+00 9.4270e-01
2.6719e+00 1.2709e+00 7.8323e+00 2.6012e+00 2.1883e+00 9.4422e-01
2.6772e+00 1.2738e+00 7.8605e+00 2.6083e+00 2.1914e+00 9.4575e-01
2.6825e+00 1.2767e+00 7.8890e+00 2.6154e+00 2.1945e+00 9.4729e-01
2.6878e+00 1.2796e+00 7.9176e+00 2.6225e+00 2.1977e+00 9.4883e-01
2.6932e+00 1.2825e+00 7.9465e+00 2.6296e+00 2.2008e+00 9.5038e-01
2.6985e+00 1.2854e+00 7.9756e+00 2.6368e+00 2.2039e+00 9.5194e-01
2.7039e+00 1.2883e+00 8.0050e+00 2.6439e+00 2.2071e+00 9.5350e-01
2.7093e+00 1.2913e+00 8.0346e+00 2.6509e+00 2.2102e+00 9.5507e-01
2.7146e+00 1.2942e+00 8.0644e+00 2.6580e+00 2.2133e+00 9.5664e-01
2.7200e+00 1.2972e+00 8.0945e+00 2.6651e+00 2.2165e+00 9.5822e-01
2.7254e+00 1.3002e+00 8.1248e+00 2.6722e+00 2.2196e+00 9.5981e-01
2.7309e+00 1.3031e+00 8.1554e+00 2.6793e+00 2.2228e+00 9.6140e-01
2.7363e+00 1.3061e+00 8.1862e+00 2.6864e+00 2.2259e+00 9.6300e-01
2.7417e+00 1.3091e+00 8.2173e+00 2.6935e+00 2.2291e+00 9.6461e-01
2.7472e+00 1.3121e+00 8.2486e+00 2.7006e+00 2.2322e+00 9.6623e-01
2.7527e+00 1.3151e+00 8.2800e+00 2.7077e+00 2.2354e+00 9.6785e-01
2.7582e+00 1.3181e+00 8.3116e+00 2.7148e+00 2.2385e+00 9.6948e-01
2.7636e+00 1.3211e+00 8.3433e+00 2.7219e+00 2.2417e+00 9.7111e-01
2.7691e+00 1.3240e+00 8.3751e+00 2.7290e+00 2.2449e+00 9.7276e-01
2.7747e+00 1.3270e+00 8.4071e+00 2.7361e+00 2.2480e+00 9.7441e-01
2.7802e+00 1.3299e+00 8.4392e+00 2.7432e+00 2.2512e+00 9.7607e-01
2.7857e+00 1.3329e+00 8.4716e+00 2.7503e+00 2.2544e+00 9.7773e-01
2.7913e+00 1.3358e+00 8.5041e+00 2.7574e+00 2.2576e+00 9.7941e-01
2.7968e+00 1.3388e+00 8.5369e+00 2.7646e+00 2.2608e+00 9.8109e-01
2.8024e+00 1.3418e+00 8.5699e+00 2.7717e+00 2.2640e+00 9.8279e-01
2.8080e+00 1.3447e+00 8.6031e+00 2.7788e+00 2.2672e+00 9.8449e-01
2.8135e+00 1.3477e+00 8.6366e+00 2.7860e+00 2.2704e+00 9.8620e-01
2.8191e+00 1.3507e+00 8.6703e+00 2.7931e+00 2.2736e+00 9.8792e-01
2.8247e+00 1.3537e+00 8.7043e+00 2.8003e+00 2.2768e+00 9.8965e-01
2.8303e+00 1.3566e+00 8.7386e+00 2.8075e+00 2.2801e+00 9.9138e-01
2.8359e+00 1.3596e+00 8.7731e+00 2.8147e+00 2.2833e+00 9.9313e-01
2.8415e+00 1.3627e+00 8.8079e+00 2.8219e+00 2.2866e+00 9.9489e-01
2.8472e+00 1.3657e+00 8.8429e+00 2.8292e+00 2.2899e+00 9.9667e-01
2.8528e+00 1.3687e+00 8.8781e+00 2.8365e+00 2.2932e+00 9.9845e-01
2.8584e+00 1.3717e+00 8.9137e+00 2.8438e+00 2.2965e+00 1.0002e+00
2.8641e+00 1.3748e+00 8.9496e+00 2.8512e+00 2.2998e+00 1.0020e+00
2.8697e+00 1.3779e+00 8.9858e+00 2.8585e+00 2.3031e+00 1.0039e+00
2.8754e+00 1.3809e+00 9.0222e+00 2.8660e+00 2.3065e+00 1.0057e+00
2.8810e+00 1.3840e+00 9.0590e+00 2.8734e+00 2.3098e+00 1.0075e+00
2.8867e+00 1.3871e+00 9.0961e+00 2.8809e+00 2.3132e+00 1.0094e+00
2.8923e+00 1.3902e+00 9.1334e+00 2.8885e+00 2.3166e+00 1.0112e+00
2.8980e+00 1.3934e+00 9.1710e+00 2.8961e+00 2.3200e+00 1.0131e+00
2.9036e+00 1.3965e+00 9.2087e+00 2.9037e+00 2.3235e+00 1.0150e+00
2.9093e+00 1.3997e+00 9.2466e+00 2.9114e+00 2.3269e+00 1.0169e+00
2.9149e+00 1.4029e+00 9.2848e+00 2.9192e+00 2.3304e+00 1.0188e+00
2.9206e+00 1.4061e+00 9.3232e+00 2.9270e+00 2.3339e+00 1.0207e+00
2.9263e+00 1.4093e+00 9.3618e+00 2.9348e+00 2.3375e+00 1.0227e+00
2.9319e+00 1.4125e+00 9.4007e+00 2.9427e+00 2.3410e+00 1.0246e+00
2.9376e+00 1.4158e+00 9.4399e+00 2.9507e+00 2.3446e+00 1.0266e+00
2.9433e+00 1.4191e+00 9.4793e+00 2.9588e+00 2.3482e+00 1.0285e+00
2.9489e+00 1.4224e+00 9.5188e+00 2.9669e+00 2.3518e+00 1.0305e+00
2.9546e+00 1.4257e+00 9.5586e+00 2.9750e+00 2.3555e+00 1.0325e+00
2.9603e+00 1.4290e+00 9.5987e+00 2.9833e+00 2.3592e+00 1.0345e+00
2.9659e+00 1.4323e+00 9.6389e+00 2.9916e+00 2.3628e+00 1.0366e+00
2.9716e+00 1.4357e+00 9.6794e+00 3.0000e+00 2.3666e+00 1.0386e+00
2.9773e+00 1.4391e+00 9.7202e+00 3.0084e+00 2.3703e+00 1.0407e+00
2.9830e+00 1.4425e+00 9.7611e+00 3.0170e+00 2.3741e+00 1.0427e+00
2.9886e+00 1.4459e+00 9.8014e+00 3.0256e+00 2.3778e+00 1.0448e+00
2.9943e+00 1.4494e+00 9.8409e+00 3.0343e+00 2.3816e+00 1.0469e+00
3.0000e+00 1.4528e+00 9.8795e+00 3.0431e+00 2.3855e+00 1.0490e+00
3.0056e+00 1.4563e+00 9.9173e+00 3.0520e+00 2.3893e+00 1.0511e+00
3.0113e+00 1.4598e+00 9.9544e+00 3.0609e+00 2.3932e+00 1.0533e+00
3.0170e+00 1.4633e+00 9.9908e+00 3.0700e+00 2.3971e+00 1.0554e+00
3.0227e+00 1.4669e+00 1.0027e+01 3.0791e+00 2.4011e+00 1.0576e+00
3.0283e+00 1.4704e+00 1.0062e+01 3.0884e+00 2.4050e+00 1.0597e+00
3.0340e+00 1.4740e+00 1.0098e+01 3.0977e+00 2.4090e+00 1.0619e+00
3.0397e+00 1.4776e+00 1.0133e+01 3.1071e+00 2.4130e+00 1.0641e+00
3.0454e+00 1.4812e+00 1.0167e+01 3.1166e+00 2.4171e+00 1.0663e+00
3.0511e+00 1.4849e+00 1.0201e+01 3.1262e+00 2.4211e+00 1.0686e+00
3.0567e+00 1.4885e+00 1.0240e+01 3.1359e+00 2.4252e+00 1.0708e+00
3.0624e+00 1.4922e+00 1.0297e+01 3.1457e+00 2.4293e+00 1.0731e+00
3.0681e+00 1.4959e+00 1.0372e+01 3.1556e+00 2.4335e+00 1.0754e+00
3.0738e+00 1.4996e+00 1.0463e+01 3.1655e+00 2.4376e+00 1.0777e+00
3.0794e+00 1.5033e+00 1.0570e+01 3.1756e+00 2.4418e+00 1.0800e+00
3.0851e+00 1.5071e+00 1.0692e+01 3.1857e+00 2.4461e+00 1.0823e+00
3.0908e+00 1.5108e+00 1.0828e+01 3.1959e+00 2.4503e+00 1.0846e+00
3.0964e+00 1.5146e+00 1.0977e+01 3.2063e+00 2.4546e+00 1.0870e+00
3.1021e+00 1.5184e+00 1.1140e+01 3.2167e+00 2.4588e+00 1.0894e+00
3.1078e+00 1.5222e+00 1.1315e+01 3.2271e+00 2.4632e+00 1.0918e+00
3.1134e+00 1.5260e+00 1.1503e+01 3.2377e+00 2.4675e+00 1.0942e+00
3.1190e+00 1.5299e+00 1.1702e+01 3.2483e+00 2.4718e+00 1.0966e+00
3.1247e+00 1.5337e+00 1.1913e+01 3.2590e+00 2.4762e+00 1.0990e+00
3.1303e+00 1.5376e+00 1.2135e+01 3.2698e+00 2.4806e+00 1.1015e+00
3.1359e+00 1.5415e+00 1.2368e+01 3.2806e+00 2.4850e+00 1.1040e+00
3.1415e+00 1.5454e+00 1.2612e+01 3.2915e+00 2.4895e+00 1.1064e+00
3.1471e+00 1.5493e+00 1.2867e+01 3.3024e+00 2.4939e+00 1.1089e+00
3.1527e+00 1.5533e+00 1.3129e+01 3.3134e+00 2.4984e+00 1.1114e+00
3.1583e+00 1.5572e+00 1.3397e+01 3.3244e+00 2.5028e+00 1.1140e+00
3.1638e+00 1.5612e+00 1.3669e+01 3.3355e+00 2.5073e+00 1.1165e+00
3.1694e+00 1.5652e+00 1.3945e+01 3.3466e+00 2.5119e+00 1.1191e+00
3.1750e+00 1.5692e+00 1.4225e+01 3.3578e+00 2.5164e+00 1.1216e+00
3.1805e+00 1.5732e+00 1.4506e+01 3.3690e+00 2.5209e+00 1.1242e+00
3.1861e+00 1.5773e+00 1.4791e+01 3.3802e+00 2.5255e+00 1.1268e+00
3.1916e+00 1.5813e+00 1.5077e+01 3.3914e+00 2.5301e+00 1.1295e+00
3.1971e+00 1.5854e+00 1.5364e+01 3.4027e+00 2.5346e+00 1.1321e+00
3.2026e+00 1.5895e+00 1.5650e+01 3.4140e+00 2.5392e+00 1.1348e+00
3.2081e+00 1.5937e+00 1.5934e+01 3.4253e+00 2.5439e+00 1.1374e+00
3.2136e+00 1.5978e+00 1.6217e+01 3.4366e+00 2.5485e+00 1.1401e+00
3.2191e+00 1.6020e+00 1.6493e+01 3.4479e+00 2.5531e+00 1.1428e+00
3.2246e+00 1.6062e+00 1.6759e+01 3.4592e+00 2.5578e+00 1.1456e+00
3.2301e+00 1.6104e+00 1.7015e+01 3.4705e+00 2.5624e+00 1.1483e+00
3.2355e+00 1.6146e+00 1.7260e+01 3.4819e+00 2.5671e+00 1.1510e+00
3.2410e+00 1.6188e+00 1.7490e+01 3.4932e+00 2.5718e+00 1.1538e+00
3.2464e+00 1.6231e+00 1.7706e+01 3.5045e+00 2.5765e+00 1.1566e+00
3.2518e+00 1.6273e+00 1.7906e+01 3.5158e+00 2.5812e+00 1.1594e+00
3.2572e+00 1.6316e+00 1.8087e+01 3.5271e+00 2.5859e+00 1.1622e+00
3.2626e+00 1.6359e+00 1.8248e+01 3.5384e+00 2.5906e+00 1.1651e+00
3.2680e+00 1.6402e+00 1.8390e+01 3.5497e+00 2.5954e+00 1.1679e+00
3.2733e+00 1.6445e+00 1.8509e+01 3.5610e+00 2.6001e+00 1.1708e+00
3.2787e+00 1.6488e+00 1.8608e+01 3.5723e+00 2.6049e+00 1.1736e+00
3.2840e+00 1.6531e+00 1.8685e+01 3.5835e+00 2.6096e+00 1.1765e+00
3.2892e+00 1.6574e+00 1.8741e+01 3.5948e+00 2.6144e+00 1.1794e+00
3.2945e+00 1.6618e+00 1.8779e+01 3.6060e+00 2.6191e+00 1.1823e+00
3.2998e+00 1.6661e+00 1.8798e+01 3.6172e+00 2.6239e+00 1.1852e+00
3.3050e+00 1.6705e+00 1.8800e+01 3.6284e+00 2.6287e+00 1.1882e+00
3.3102e+00 1.6748e+00 1.8788e+01 3.6395e+00 2.6335e+00 1.1911e+00
3.3154e+00 1.6792e+00 1.8761e+01 3.6507e+00 2.6382e+00 1.1941e+00
3.3205e+00 1.6836e+00 1.8723e+01 3.6618e+00 2.6430e+00 1.1970e+00
3.3256e+00 1.6880e+00 1.8673e+01 3.6730e+00 2.6478e+00 1.2000e+00
3.3308e+00 1.6924e+00 1.8614e+01 3.6841e+00 2.6526e+00 1.2030e+00
3.3359e+00 1.6968e+00 1.8545e+01 3.6951e+00 2.6575e+00 1.2060e+00
3.3409e+00 1.7012e+00 1.8469e+01 3.7062e+00 2.6623e+00 1.2091e+00
3.3460e+00 1.7056e+00 1.8386e+01 3.7172e+00 2.6671e+00 1.2121e+00
3.3510e+00 1.7101e+00 1.8298e+01 3.7283e+00 2.6720e+00 1.2152e+00
3.3560e+00 1.7145e+00 1.8202e+01 3.7393e+00 2.6768e+00 1.2183e+00
3.3610e+00 1.7190e+00 1.8100e+01 3.7503e+00 2.6817e+00 1.2214e+00
3.3660e+00 1.7235e+00 1.7992e+01 3.7613e+00 2.6866e+00 1.2245e+00
3.3709e+00 1.7279e+00 1.7879e+01 3.7723e+00 2.6915e+00 1.2277e+00
3.3759e+00 1.7324e+00 1.7760e+01 3.7832e+00 2.6964e+00 1.2308e+00
3.3808e+00 1.7369e+00 1.7637e+01 3.7942e+00 2.7013e+00 1.2340e+00
3.3857e+00 1.7415e+00 1.7510e+01 3.8051e+00 2.7062e+00 1.2372e+00
3.3905e+00 1.7460e+00 1.7379e+01 3.8161e+00 2.7111e+00 1.2404e+00
3.3954e+00 1.7505e+00 1.7245e+01 3.8270e+00 2.7161e+00 1.2436e+00
3.4002e+00 1.7551e+00 1.7109e+01 3.8379e+00 2.7210e+00 1.2469e+00
3.4050e+00 1.7596e+00 1.6970e+01 3.8489e+00 2.7260e+00 1.2502e+00
3.4098e+00 1.7642e+00 1.6829e+01 3.8598e+00 2.7310e+00 1.2535e+00
3.4146e+00 1.7688e+00 1.6685e+01 3.8707e+00 2.7360e+00 1.2568e+00
3.4193e+00 1.7734e+00 1.6539e+01 3.8816e+00 2.7410e+00 1.2601e+00
3.4241e+00 1.7780e+00 1.6392e+01 3.8926e+00 2.7461e+00 1.2635e+00
3.4288e+00 1.7826e+00 1.6243e+01 3.9035e+00 2.7512e+00 1.2669e+00
3.4335e+00 1.7873e+00 1.6091e+01 3.9144e+00 2.7562e+00 1.2703e+00
3.4382e+00 1.7919e+00 1.5937e+01 3.9254e+00 2.7614e+00 1.2737e+00
3.4429e+00 1.7965e+00 1.5780e+01 3.9364e+00 2.7665e+00 1.2771e+00
3.4475e+00 1.8012e+00 1.5622e+01 3.9473e+00 2.7717e+00 1.2806e+00
3.4521e+00 1.8058e+00 1.5462e+01 3.9583e+00 2.7769e+00 1.2841e+00
3.4567e+00 1.8105e+00 1.5301e+01 3.9694e+00 2.7821e+00 1.2876e+00
3.4613e+00 1.8151e+00 1.5139e+01 3.9804e+00 2.7874e+00 1.2912e+00
3.4659e+00 1.8198e+00 1.4977e+01 3.9915e+00 2.7927e+00 1.2947e+00
3.4705e+00 1.8244e+00 1.4814e+01 4.0026e+00 2.7980e+00 1.2983e+00
3.4750e+00 1.8291e+00 1.4652e+01 4.0137e+00 2.8034e+00 1.3019e+00
3.4795e+00 1.8337e+00 1.4489e+01 4.0248e+00 2.8088e+00 1.3055e+00
3.4840e+00 1.8384e+00 1.4326e+01 4.0360e+00 2.8142e+00 1.3091e+00
3.4884e+00 1.8430e+00 1.4173e+01 4.0472e+00 2.8197e+00 1.3128e+00
3.4929e+00 1.8477e+00 1.4035e+01 4.0585e+00 2.8253e+00 1.3164e+00
3.4973e+00 1.8523e+00 1.3911e+01 4.0698e+00 2.8309e+00 1.3201e+00
3.5017e+00 1.8570e+00 1.3799e+01 4.0811e+00 2.8365e+00 1.3238e+00
3.5061e+00 1.8616e+00 1.3697e+01 4.0925e+00 2.8423e+00 1.3275e+00
3.5105e+00 1.8663e+00 1.3605e+01 4.1040e+00 2.8480e+00 1.3312e+00
3.5148e+00 1.8709e+00 1.3522e+01 4.1155e+00 2.8539e+00 1.3350e+00
3.5192e+00 1.8756e+00 1.3446e+01 4.1270e+00 2.8598e+00 1.3388e+00
3.5235e+00 1.8802e+00 1.3377e+01 4.1386e+00 2.8658e+00 1.3426e+00
3.5278e+00 1.8848e+00 1.3314e+01 4.1503e+00 2.8718e+00 1.3465e+00
3.5321e+00 1.8894e+00 1.3257e+01 4.1621e+00 2.8779e+00 1.3504e+00
3.5364e+00 1.8940e+00 1.3204e+01 4.1740e+00 2.8842e+00 1.3543e+00
3.5407e+00 1.8985e+00 1.3155e+01 4.1859e+00 2.8905e+00 1.3583e+00
3.5450e+00 1.9030e+00 1.3110e+01 4.1979e+00 2.8968e+00 1.3623e+00
3.5492e+00 1.9074e+00 1.3067e+01 4.2100e+00 2.9033e+00 1.3663e+00
3.5535e+00 1.9118e+00 1.3028e+01 4.2223e+00 2.9099e+00 1.3703e+00
3.5577e+00 1.9162e+00 1.2991e+01 4.2346e+00 2.9165e+00 1.3744e+00
3.5619e+00 1.9205e+00 1.2956e+01 4.2470e+00 2.9233e+00 1.3784e+00
3.5662e+00 1.9248e+00 1.2923e+01 4.2596e+00 2.9301e+00 1.3826e+00
3.5704e+00 1.9291e+00 1.2892e+01 4.2723e+00 2.9370e+00 1.3867e+00
3.5746e+00 1.9333e+00 1.2861e+01 4.2851e+00 2.9441e+00 1.3909e+00
3.5789e+00 1.9376e+00 1.2832e+01 4.2981e+00 2.9512e+00 1.3952e+00
3.5831e+00 1.9418e+00 1.2804e+01 4.3112e+00 2.9585e+00 1.3995e+00
3.5874e+00 1.9460e+00 1.2776e+01 4.3245e+00 2.9659e+00 1.4038e+00
3.5916e+00 1.9501e+00 1.2750e+01 4.3380e+00 2.9734e+00 1.4083e+00
3.5960e+00 1.9543e+00 1.2723e+01 4.3517e+00 2.9811e+00 1.4127e+00
3.6003e+00 1.9585e+00 1.2697e+01 4.3656e+00 2.9888e+00 1.4173e+00
3.6047e+00 1.9627e+00 1.2672e+01 4.3797e+00 2.9967e+00 1.4219e+00
3.6091e+00 1.9670e+00 1.2646e+01 4.3940e+00 3.0048e+00 1.4266e+00
3.6136e+00 1.9713e+00 1.2620e+01 4.4086e+00 3.0130e+00 1.4314e+00
3.6182e+00 1.9756e+00 1.2594e+01 4.4234e+00 3.0213e+00 1.4363e+00
3.6228e+00 1.9799e+00 1.2568e+01 4.4385e+00 3.0298e+00 1.4413e+00
3.6275e+00 1.9843e+00 1.2542e+01 4.4539e+00 3.0385e+00 1.4463e+00
3.6323e+00 1.9887e+00 1.2514e+01 4.4696e+00 3.0473e+00 1.4515e+00
3.6372e+00 1.9932e+00 1.2487e+01 4.4856e+00 3.0563e+00 1.4568e+00
3.6422e+00 1.9978e+00 1.2459e+01 4.5020e+00 3.0655e+00 1.4622e+00
3.6472e+00 2.0024e+00 1.2431e+01 4.5188e+00 3.0749e+00 1.4677e+00
3.6524e+00 2.0071e+00 1.2402e+01 4.5361e+00 3.0844e+00 1.4733e+00
3.6578e+00 2.0118e+00 1.2373e+01 4.5537e+00 3.0942e+00 1.4791e+00
3.6632e+00 2.0165e+00 1.2343e+01 4.5719e+00 3.1041e+00 1.4850e+00
3.6688e+00 2.0213e+00 1.2313e+01 4.5906e+00 3.1143e+00 1.4910e+00
3.6745e+00 2.0261e+00 1.2283e+01 4.6098e+00 3.1247e+00 1.4972e+00
3.6804e+00 2.0310e+00 1.2253e+01 4.6295e+00 3.1353e+00 1.5035e+00
3.6864e+00 2.0359e+00 1.2222e+01 4.6500e+00 3.1462e+00 1.5099e+00
3.6926e+00 2.0408e+00 1.2191e+01 4.6710e+00 3.1572e+00 1.5166e+00
3.6989e+00 2.0458e+00 1.2160e+01 4.6928e+00 3.1686e+00 1.5233e+00
3.7054e+00 2.0508e+00 1.2129e+01 4.7153e+00 3.1801e+00 1.5303e+00
3.7121e+00 2.0559e+00 1.2097e+01 4.7387e+00 3.1919e+00 1.5374e+00
3.7190e+00 2.0610e+00 1.2065e+01 4.7629e+00 3.2039e+00 1.5447e+00
3.7261e+00 2.0661e+00 1.2033e+01 4.7880e+00 3.2161e+00 1.5522e+00
3.7333e+00 2.0712e+00 1.2001e+01 4.8141e+00 3.2287e+00 1.5599e+00
3.7408e+00 2.0764e+00 1.1969e+01 4.8413e+00 3.2414e+00 1.5677e+00
3.7485e+00 2.0815e+00 1.1936e+01 4.8695e+00 3.2545e+00 1.5758e+00
3.7564e+00 2.0867e+00 1.1903e+01 4.8990e+00 3.2678e+00 1.5841e+00
3.7645e+00 2.0918e+00 1.1869e+01 4.9297e+00 3.2814e+00 1.5926e+00
3.7729e+00 2.0970e+00 1.1835e+01 4.9618e+00 3.2954e+00 1.6014e+00
3.7815e+00 2.1021e+00 1.1801e+01 4.9953e+00 3.3096e+00 1.6104e+00
3.7903e+00 2.1073e+00 1.1766e+01 5.0304e+00 3.3242e+00 1.6196e+00
3.7995e+00 2.1125e+00 1.1730e+01 5.0671e+00 3.3391e+00 1.6292e+00
3.8088e+00 2.1178e+00 1.1693e+01 5.1056e+00 3.3544e+00 1.6389e+00
3.8185e+00 2.1230e+00 1.1655e+01 5.1460e+00 3.3700e+00 1.6490e+00
3.8285e+00 2.1284e+00 1.1616e+01 5.1883e+00 3.3861e+00 1.6594e+00
3.8387e+00 2.1337e+00 1.1577e+01 5.2328e+00 3.4025e+00 1.6701e+00
3.8493e+00 2.1392e+00 1.1536e+01 5.2796e+00 3.4194e+00 1.6811e+00
3.8603e+00 2.1447e+00 1.1496e+01 5.3288e+00 3.4368e+00 1.6925e+00
3.8716e+00 2.1504e+00 1.1454e+01 5.3805e+00 3.4546e+00 1.7043e+00
3.8834e+00 2.1561e+00 1.1412e+01 5.4349e+00 3.4730e+00 1.7164e+00
3.8955e+00 2.1619e+00 1.1370e+01 5.4920e+00 3.4918e+00 1.7290e+00
3.9082e+00 2.1680e+00 1.1328e+01 5.5519e+00 3.5112e+00 1.7420e+00
3.9214e+00 2.1742e+00 1.1286e+01 5.6147e+00 3.5311e+00 1.7554e+00
3.9351e+00 2.1806e+00 1.1244e+01 5.6804e+00 3.5515e+00 1.7692e+00
3.9495e+00 2.1873e+00 1.1202e+01 5.7488e+00 3.5725e+00 1.7835e+00
3.9645e+00 2.1943e+00 1.1161e+01 5.8200e+00 3.5940e+00 1.7983e+00
3.9801e+00 2.2016e+00 1.1121e+01 5.8936e+00 3.6159e+00 1.8136e+00
3.9964e+00 2.2093e+00 1.1083e+01 5.9693e+00 3.6384e+00 1.8293e+00
4.0134e+00 2.2173e+00 1.1045e+01 6.0468e+00 3.6613e+00 1.8456e+00
4.0310e+00 2.2258e+00 1.1010e+01 6.1256e+00 3.6846e+00 1.8623e+00
4.0493e+00 2.2346e+00 1.0976e+01 6.2051e+00 3.7082e+00 1.8795e+00
4.0683e+00 2.2439e+00 1.0945e+01 6.2846e+00 3.7322e+00 1.8971e+00
4.0878e+00 2.2536e+00 1.0916e+01 6.3637e+00 3.7564e+00 1.9153e+00
4.1078e+00 2.2636e+00 1.0890e+01 6.4415e+00 3.7808e+00 1.9339e+00
4.1283e+00 2.2740e+00 1.0866e+01 6.5176e+00 3.8054e+00 1.9529e+00
4.1491e+00 2.2847e+00 1.0846e+01 6.5912e+00 3.8300e+00 1.9724e+00
4.1702e+00 2.2957e+00 1.0828e+01 6.6619e+00 3.8548e+00 1.9924e+00
4.1915e+00 2.3068e+00 1.0813e+01 6.7294e+00 3.8796e+00 2.0128e+00
4.2129e+00 2.3182e+00 1.0801e+01 6.7933e+00 3.9043e+00 2.0337e+00
4.2343e+00 2.3297e+00 1.0791e+01 6.8534e+00 3.9291e+00 2.0551e+00
4.2556e+00 2.3413e+00 1.0784e+01 6.9097e+00 3.9537e+00 2.0769e+00
4.2768e+00 2.3529e+00 1.0779e+01 6.9622e+00 3.9783e+00 2.0992e+00
4.2979e+00 2.3646e+00 1.0776e+01 7.0108e+00 4.0027e+00 2.1219e+00
4.3187e+00 2.3763e+00 1.0774e+01 7.0559e+00 4.0270e+00 2.1451e+00
4.3393e+00 2.3879e+00 1.0773e+01 7.0975e+00 4.0511e+00 2.1688e+00
4.3597e+00 2.3996e+00 1.0774e+01 7.1359e+00 4.0750e+00 2.1930e+00
4.3797e+00 2.4112e+00 1.0775e+01 7.1714e+00 4.0988e+00 2.2176e+00
4.3995e+00 2.4227e+00 1.0777e+01 7.2043e+00 4.1223e+00 2.2429e+00
4.4189e+00 2.4342e+00 1.0779e+01 7.2347e+00 4.1457e+00 2.2687e+00
4.4381e+00 2.4457e+00 1.0781e+01 7.2631e+00 4.1690e+00 2.2952e+00
4.4571e+00 2.4570e+00 1.0782e+01 7.2897e+00 4.1922e+00 2.3224e+00
4.4758e+00 2.4683e+00 1.0784e+01 7.3147e+00 4.2154e+00 2.3503e+00
4.4942e+00 2.4795e+00 1.0785e+01 7.3383e+00 4.2386e+00 2.3791e+00
4.5125e+00 2.4907e+00 1.0785e+01 7.3609e+00 4.2619e+00 2.4089e+00
4.5307e+00 2.5017e+00 1.0785e+01 7.3825e+00 4.2855e+00 2.4397e+00
4.5487e+00 2.5126e+00 1.0784e+01 7.4034e+00 4.3094e+00 2.4717e+00
4.5666e+00 2.5235e+00 1.0781e+01 7.4237e+00 4.3339e+00 2.5048e+00
4.5844e+00 2.5342e+00 1.0778e+01 7.4437e+00 4.3589e+00 2.5393e+00
4.6022e+00 2.5447e+00 1.0774e+01 7.4633e+00 4.3846e+00 2.5751e+00
4.6198e+00 2.5548e+00 1.0769e+01 7.4828e+00 4.4111e+00 2.6125e+00
4.6373e+00 2.5645e+00 1.0763e+01 7.5022e+00 4.4385e+00 2.6513e+00
4.6547e+00 2.5739e+00 1.0755e+01 7.5217e+00 4.4669e+00 2.6917e+00
4.6719e+00 2.5829e+00 1.0747e+01 7.5413e+00 4.4965e+00 2.7337e+00
4.6890e+00 2.5917e+00 1.0737e+01 7.5612e+00 4.5274e+00 2.7770e+00
4.7060e+00 2.6003e+00 1.0726e+01 7.5813e+00 4.5597e+00 2.8216e+00
4.7228e+00 2.6085e+00 1.0715e+01 7.6019e+00 4.5936e+00 2.8670e+00
4.7395e+00 2.6166e+00 1.0702e+01 7.6229e+00 4.6290e+00 2.9130e+00
4.7561e+00 2.6245e+00 1.0687e+01 7.6445e+00 4.6663e+00 2.9594e+00
4.7726e+00 2.6321e+00 1.0672e+01 7.6667e+00 4.7054e+00 3.0054e+00
4.7890e+00 2.6396e+00 1.0656e+01 7.6896e+00 4.7464e+00 3.0510e+00
4.8053e+00 2.6470e+00 1.0638e+01 7.7133e+00 4.7895e+00 3.0956e+00
4.8217e+00 2.6543e+00 1.0620e+01 7.7379e+00 4.8345e+00 3.1387e+00
4.8381e+00 2.6616e+00 1.0600e+01 7.7633e+00 4.8816e+00 3.1787e+00
4.8546e+00 2.6687e+00 1.0580e+01 7.7896e+00 4.9308e+00 3.2143e+00
4.8712e+00 2.6757e+00 1.0558e+01 7.8169e+00 4.9819e+00 3.2437e+00
4.8879e+00 2.6827e+00 1.0536e+01 7.8450e+00 5.0348e+00 3.2675e+00
4.9048e+00 2.6896e+00 1.0512e+01 7.8740e+00 5.0896e+00 3.2863e+00
4.9220e+00 2.6965e+00 1.0488e+01 7.9038e+00 5.1459e+00 3.3009e+00
4.9395e+00 2.7034e+00 1.0463e+01 7.9343e+00 5.2035e+00 3.3116e+00
4.9574e+00 2.7102e+00 1.0438e+01 7.9655e+00 5.2624e+00 3.3190e+00
4.9757e+00 2.7170e+00 1.0412e+01 7.9972e+00 5.3221e+00 3.3235e+00
4.9944e+00 2.7238e+00 1.0387e+01 8.0292e+00 5.3826e+00 3.3257e+00
5.0136e+00 2.7306e+00 1.0361e+01 8.0615e+00 5.4435e+00 3.3259e+00
5.0333e+00 2.7374e+00 1.0335e+01 8.0939e+00 5.5046e+00 3.3245e+00
5.0535e+00 2.7443e+00 1.0309e+01 8.1263e+00 5.5657e+00 3.3219e+00
5.0742e+00 2.7511e+00 1.0283e+01 8.1585e+00 5.6265e+00 3.3184e+00
5.0954e+00 2.7579e+00 1.0258e+01 8.1903e+00 5.6869e+00 3.3142e+00
5.1172e+00 2.7648e+00 1.0233e+01 8.2216e+00 5.7466e+00 3.3097e+00
5.1394e+00 2.7716e+00 1.0209e+01 8.2523e+00 5.8055e+00 3.3049e+00
5.1622e+00 2.7783e+00 1.0186e+01 8.2823e+00 5.8634e+00 3.3000e+00
5.1854e+00 2.7850e+00 1.0163e+01 8.3115e+00 5.9202e+00 3.2952e+00
5.2091e+00 2.7915e+00 1.0142e+01 8.3398e+00 5.9759e+00 3.2906e+00
5.2332e+00 2.7981e+00 1.0121e+01 8.3671e+00 6.0302e+00 3.2862e+00
5.2577e+00 2.8045e+00 1.0101e+01 8.3934e+00 6.0832e+00 3.2822e+00
5.2826e+00 2.8107e+00 1.0083e+01 8.4185e+00 6.1347e+00 3.2786e+00
5.3079e+00 2.8169e+00 1.0065e+01 8.4425e+00 6.1848e+00 3.2755e+00
5.3336e+00 2.8229e+00 1.0049e+01 8.4653e+00 6.2334e+00 3.2729e+00
5.3597e+00 2.8288e+00 1.0034e+01 8.4870e+00 6.2806e+00 3.2708e+00
5.3861e+00 2.8346e+00 1.0020e+01 8.5074e+00 6.3262e+00 3.2692e+00
5.4127e+00 2.8403e+00 1.0007e+01 8.5266e+00 6.3704e+00 3.2681e+00
5.4397e+00 2.8458e+00 9.9952e+00 8.5447e+00 6.4130e+00 3.2677e+00
5.4669e+00 2.8512e+00 9.9848e+00 8.5616e+00 6.4543e+00 3.2677e+00
5.4942e+00 2.8565e+00 9.9757e+00 8.5773e+00 6.4941e+00 3.2684e+00
5.5216e+00 2.8617e+00 9.9679e+00 8.5919e+00 6.5326e+00 3.2695e+00
5.5490e+00 2.8668e+00 9.9612e+00 8.6054e+00 6.5697e+00 3.2712e+00
5.5766e+00 2.8717e+00 9.9558e+00 8.6178e+00 6.6056e+00 3.2734e+00
5.6041e+00 2.8766e+00 9.9516e+00 8.6292e+00 6.6403e+00 3.2761e+00
5.6317e+00 2.8814e+00 9.9486e+00 8.6397e+00 6.6739e+00 3.2793e+00
5.6593e+00 2.8860e+00 9.9469e+00 8.6491e+00 6.7064e+00 3.2830e+00
5.6868e+00 2.8906e+00 9.9462e+00 8.6577e+00 6.7379e+00 3.2871e+00
5.7143e+00 2.8952e+00 9.9468e+00 8.6654e+00 6.7684e+00 3.2917e+00
5.7417e+00 2.8997e+00 9.9485e+00 8.6723e+00 6.7981e+00 3.2967e+00
5.7690e+00 2.9042e+00 9.9514e+00 8.6784e+00 6.8269e+00 3.3021e+00
5.7962e+00 2.9086e+00 9.9553e+00 8.6838e+00 6.8549e+00 3.3079e+00
5.8232e+00 2.9130e+00 9.9603e+00 8.6886e+00 6.8823e+00 3.3141e+00
5.8501e+00 2.9174e+00 9.9664e+00 8.6927e+00 6.9090e+00 3.3206e+00
5.8769e+00 2.9218e+00 9.9736e+00 8.6963e+00 6.9352e+00 3.3275e+00
5.9035e+00 2.9262e+00 9.9818e+00 8.6993e+00 6.9609e+00 3.3347e+00
5.9300e+00 2.9307e+00 9.9909e+00 8.7019e+00 6.9861e+00 3.3422e+00
5.9563e+00 2.9351e+00 1.0001e+01 8.7041e+00 7.0109e+00 3.3500e+00
5.9824e+00 2.9395e+00 1.0012e+01 8.7058e+00 7.0354e+00 3.3581e+00
6.0084e+00 2.9440e+00 1.0024e+01 8.7073e+00 7.0596e+00 3.3665e+00
6.0341e+00 2.9484e+00 1.0037e+01 8.7085e+00 7.0836e+00 3.3751e+00
6.0598e+00 2.9530e+00 1.0051e+01 8.7094e+00 7.1073e+00 3.3840e+00
6.0852e+00 2.9575e+00 1.0065e+01 8.7102e+00 7.1310e+00 3.3931e+00
6.1105e+00 2.9621e+00 1.0080e+01 8.7107e+00 7.1545e+00 3.4024e+00
6.1356e+00 2.9667e+00 1.0097e+01 8.7111e+00 7.1780e+00 3.4120e+00
6.1606e+00 2.9714e+00 1.0114e+01 8.7115e+00 7.2016e+00 3.4217e+00
6.1854e+00 2.9761e+00 1.0131e+01 8.7117e+00 7.2251e+00 3.4316e+00
6.2100e+00 2.9808e+00 1.0149e+01 8.7119e+00 7.2486e+00 3.4418e+00
6.2344e+00 2.9856e+00 1.0168e+01 8.7120e+00 7.2722e+00 3.4520e+00
6.2587e+00 2.9905e+00 1.0188e+01 8.7121e+00 7.2960e+00 3.4625e+00
6.2828e+00 2.9954e+00 1.0208e+01 8.7123e+00 7.3198e+00 3.4731e+00
6.3067e+00 3.0003e+00 1.0229e+01 8.7124e+00 7.3438e+00 3.4839e+00
6.3304e+00 3.0053e+00 1.0251e+01 8.7127e+00 7.3680e+00 3.4948e+00
6.3541e+00 3.0104e+00 1.0273e+01 8.7130e+00 7.3924e+00 3.5058e+00
6.3775e+00 3.0155e+00 1.0295e+01 8.7134e+00 7.4170e+00 3.5170e+00
6.4008e+00 3.0207e+00 1.0318e+01 8.7139e+00 7.4416e+00 3.5283e+00
6.4239e+00 3.0260e+00 1.0341e+01 8.7145e+00 7.4657e+00 3.5397e+00
6.4468e+00 3.0313e+00 1.0365e+01 8.7151e+00 7.4882e+00 3.5512e+00
6.4695e+00 3.0367e+00 1.0390e+01 8.7160e+00 7.5091e+00 3.5629e+00
6.4918e+00 3.0421e+00 1.0415e+01 8.7169e+00 7.5284e+00 3.5746e+00
6.5135e+00 3.0477e+00 1.0440e+01 8.7179e+00 7.5461e+00 3.5865e+00
6.5346e+00 3.0533e+00 1.0465e+01 8.7191e+00 7.5623e+00 3.5984e+00
6.5550e+00 3.0590e+00 1.0491e+01 8.7204e+00 7.5768e+00 3.6105e+00
6.5746e+00 3.0648e+00 1.0517e+01 8.7218e+00 7.5898e+00 3.6226e+00
6.5936e+00 3.0707e+00 1.0544e+01 8.7234e+00 7.6011e+00 3.6349e+00
6.6119e+00 3.0767e+00 1.0571e+01 8.7251e+00 7.6108e+00 3.6472e+00
6.6295e+00 3.0827e+00 1.0598e+01 8.7270e+00 7.6189e+00 3.6595e+00
6.6464e+00 3.0889e+00 1.0626e+01 8.7290e+00 7.6255e+00 3.6716e+00
6.6626e+00 3.0952e+00 1.0653e+01 8.7311e+00 7.6306e+00 3.6837e+00
6.6782e+00 3.1017e+00 1.0681e+01 8.7333e+00 7.6342e+00 3.6956e+00
6.6930e+00 3.1083e+00 1.0710e+01 8.7357e+00 7.6363e+00 3.7075e+00
6.7072e+00 3.1150e+00 1.0738e+01 8.7382e+00 7.6371e+00 3.7192e+00
6.7206e+00 3.1218e+00 1.0767e+01 8.7408e+00 7.6365e+00 3.7309e+00
6.7334e+00 3.1288e+00 1.0796e+01 8.7435e+00 7.6347e+00 3.7426e+00
6.7454e+00 3.1360e+00 1.0825e+01 8.7464e+00 7.6319e+00 3.7543e+00
6.7568e+00 3.1433e+00 1.0855e+01 8.7493e+00 7.6280e+00 3.7659e+00
6.7676e+00 3.1509e+00 1.0884e+01 8.7523e+00 7.6232e+00 3.7776e+00
6.7776e+00 3.1586e+00 1.0914e+01 8.7555e+00 7.6176e+00 3.7892e+00
6.7870e+00 3.1666e+00 1.0944e+01 8.7588e+00 7.6114e+00 3.8007e+00
6.7958e+00 3.1747e+00 1.0975e+01 8.7621e+00 7.6046e+00 3.8122e+00
6.8041e+00 3.1831e+00 1.1005e+01 8.7657e+00 7.5976e+00 3.8237e+00
6.8118e+00 3.1918e+00 1.1036e+01 8.7693e+00 7.5905e+00 3.8353e+00
6.8191e+00 3.2007e+00 1.1067e+01 8.7730e+00 7.5835e+00 3.8470e+00
6.8260e+00 3.2099e+00 1.1098e+01 8.7769e+00 7.5767e+00 3.8589e+00
6.8326e+00 3.2193e+00 1.1130e+01 8.7809e+00 7.5704e+00 3.8710e+00
6.8390e+00 3.2290e+00 1.1161e+01 8.7851e+00 7.5646e+00 3.8833e+00
6.8453e+00 3.2390e+00 1.1194e+01 8.7894e+00 7.5596e+00 3.8959e+00
6.8515e+00 3.2493e+00 1.1226e+01 8.7939e+00 7.5554e+00 3.9088e+00
6.8576e+00 3.2598e+00 1.1258e+01 8.7985e+00 7.5521e+00 3.9221e+00
6.8639e+00 3.2705e+00 1.1291e+01 8.8033e+00 7.5500e+00 3.9357e+00
6.8703e+00 3.2815e+00 1.1324e+01 8.8083e+00 7.5490e+00 3.9498e+00
6.8769e+00 3.2928e+00 1.1357e+01 8.8135e+00 7.5493e+00 3.9643e+00
6.8837e+00 3.3042e+00 1.1391e+01 8.8188e+00 7.5511e+00 3.9794e+00
6.8909e+00 3.3158e+00 1.1425e+01 8.8244e+00 7.5544e+00 3.9950e+00
6.8985e+00 3.3277e+00 1.1459e+01 8.8301e+00 7.5594e+00 4.0112e+00
6.9064e+00 3.3397e+00 1.1493e+01 8.8360e+00 7.5663e+00 4.0280e+00
6.9147e+00 3.3518e+00 1.1528e+01 8.8422e+00 7.5752e+00 4.0455e+00
6.9235e+00 3.3642e+00 1.1564e+01 8.8485e+00 7.5863e+00 4.0637e+00
6.9327e+00 3.3766e+00 1.1599e+01 8.8552e+00 7.5998e+00 4.0827e+00
6.9425e+00 3.3892e+00 1.1635e+01 8.8620e+00 7.6159e+00 4.1025e+00
6.9528e+00 3.4019e+00 1.1671e+01 8.8692e+00 7.6349e+00 4.1233e+00
6.9636e+00 3.4148e+00 1.1708e+01 8.8766e+00 7.6570e+00 4.1451e+00
6.9750e+00 3.4277e+00 1.1745e+01 8.8843e+00 7.6823e+00 4.1680e+00
6.9870e+00 3.4407e+00 1.1783e+01 8.8923e+00 7.7109e+00 4.1921e+00
6.9998e+00 3.4537e+00 1.1821e+01 8.9006e+00 7.7424e+00 4.2175e+00
7.0132e+00 3.4668e+00 1.1859e+01 8.9092e+00 7.7767e+00 4.2442e+00
7.0274e+00 3.4799e+00 1.1898e+01 8.9181e+00 7.8141e+00 4.2722e+00
7.0425e+00 3.4930e+00 1.1937e+01 8.9274e+00 7.8544e+00 4.3017e+00
7.0583e+00 3.5061e+00 1.1977e+01 8.9370e+00 7.8976e+00 4.3326e+00
7.0751e+00 3.5191e+00 1.2017e+01 8.9469e+00 7.9438e+00 4.3649e+00
7.0929e+00 3.5322e+00 1.2057e+01 8.9572e+00 7.9927e+00 4.3985e+00
7.1116e+00 3.5451e+00 1.2099e+01 8.9679e+00 8.0439e+00 4.4333e+00
7.1314e+00 3.5581e+00 1.2140e+01 8.9789e+00 8.0969e+00 4.4693e+00
7.1522e+00 3.5709e+00 1.2182e+01 8.9902e+00 8.1514e+00 4.5063e+00
7.1740e+00 3.5837e+00 1.2224e+01 9.0019e+00 8.2070e+00 4.5442e+00
7.1969e+00 3.5965e+00 1.2267e+01 9.0139e+00 8.2631e+00 4.5827e+00
7.2207e+00 3.6092e+00 1.2310e+01 9.0262e+00 8.3190e+00 4.6218e+00
7.2456e+00 3.6218e+00 1.2354e+01 9.0389e+00 8.3740e+00 4.6612e+00
7.2714e+00 3.6344e+00 1.2397e+01 9.0519e+00 8.4240e+00 4.7007e+00
7.2982e+00 3.6469e+00 1.2442e+01 9.0653e+00 8.4670e+00 4.7402e+00
7.3257e+00 3.6593e+00 1.2486e+01 9.0789e+00 8.5038e+00 4.7795e+00
7.3541e+00 3.6716e+00 1.2531e+01 9.0930e+00 8.5353e+00 4.8185e+00
7.3831e+00 3.6838e+00 1.2576e+01 9.1074e+00 8.5622e+00 4.8569e+00
7.4127e+00 3.6959e+00 1.2621e+01 9.1221e+00 8.5853e+00 4.8947e+00
7.4428e+00 3.7079e+00 1.2667e+01 9.1372e+00 8.6052e+00 4.9318e+00
7.4734e+00 3.7197e+00 1.2713e+01 9.1526e+00 8.6224e+00 4.9679e+00
7.5044e+00 3.7314e+00 1.2759e+01 9.1684e+00 8.6375e+00 5.0032e+00
7.5357e+00 3.7430e+00 1.2805e+01 9.1845e+00 8.6507e+00 5.0374e+00
7.5674e+00 3.7545e+00 1.2851e+01 9.2010e+00 8.6625e+00 5.0706e+00
7.5993e+00 3.7658e+00 1.2898e+01 9.2178e+00 8.6732e+00 5.1027e+00
7.6313e+00 3.7769e+00 1.2945e+01 9.2351e+00 8.6830e+00 5.1338e+00
7.6635e+00 3.7879e+00 1.2991e+01 9.2526e+00 8.6921e+00 5.1638e+00
7.6957e+00 3.7987e+00 1.3038e+01 9.2705e+00 8.7006e+00 5.1927e+00
7.7281e+00 3.8093e+00 1.3085e+01 9.2887e+00 8.7089e+00 5.2205e+00
7.7603e+00 3.8198e+00 1.3132e+01 9.3072e+00 8.7168e+00 5.2472e+00
7.7925e+00 3.8302e+00 1.3179e+01 9.3260e+00 8.7247e+00 5.2730e+00
7.8247e+00 3.8403e+00 1.3226e+01 9.3451e+00 8.7325e+00 5.2977e+00
7.8567e+00 3.8503e+00 1.3273e+01 9.3645e+00 8.7403e+00 5.3215e+00
7.8885e+00 3.8601e+00 1.3320e+01 9.3841e+00 8.7483e+00 5.3443e+00
7.9201e+00 3.8698e+00 1.3367e+01 9.4039e+00 8.7563e+00 5.3663e+00
7.9513e+00 3.8793e+00 1.3414e+01 9.4240e+00 8.7645e+00 5.3874e+00
7.9820e+00 3.8886e+00 1.3461e+01 9.4442e+00 8.7729e+00 5.4078e+00
8.0120e+00 3.8978e+00 1.3509e+01 9.4646e+00 8.7816e+00 5.4273e+00
8.0413e+00 3.9068e+00 1.3556e+01 9.4852e+00 8.7904e+00 5.4462e+00
8.0699e+00 3.9157e+00 1.3603e+01 9.5059e+00 8.7994e+00 5.4643e+00
8.0980e+00 3.9244e+00 1.3650e+01 9.5267e+00 8.8087e+00 5.4818e+00
8.1254e+00 3.9330e+00 1.3697e+01 9.5476e+00 8.8182e+00 5.4987e+00
8.1523e+00 3.9414e+00 1.3744e+01 9.5685e+00 8.8279e+00 5.5150e+00
8.1786e+00 3.9496e+00 1.3792e+01 9.5896e+00 8.8378e+00 5.5308e+00
8.2044e+00 3.9578e+00 1.3839e+01 9.6106e+00 8.8479e+00 5.5461e+00
8.2297e+00 3.9657e+00 1.3886e+01 9.6316e+00 8.8582e+00 5.5608e+00
8.2545e+00 3.9736e+00 1.3934e+01 9.6527e+00 8.8687e+00 5.5751e+00
8.2789e+00 3.9813e+00 1.3981e+01 9.6737e+00 8.8793e+00 5.5890e+00
8.3027e+00 3.9889e+00 1.4029e+01 9.6946e+00 8.8900e+00 5.6025e+00
8.3261e+00 3.9964e+00 1.4076e+01 9.7155e+00 8.9009e+00 5.6157e+00
8.3491e+00 4.0037e+00 1.4124e+01 9.7363e+00 8.9120e+00 5.6284e+00
8.3716e+00 4.0109e+00 1.4172e+01 9.7570e+00 8.9232e+00 5.6409e+00
8.3937e+00 4.0179e+00 1.4219e+01 9.7776e+00 8.9344e+00 5.6530e+00
8.4155e+00 4.0249e+00 1.4267e+01 9.7980e+00 8.9458e+00 5.6648e+00
8.4369e+00 4.0317e+00 1.4314e+01 9.8184e+00 8.9573e+00 5.6763e+00
8.4579e+00 4.0384e+00 1.4362e+01 9.8385e+00 8.9689e+00 5.6875e+00
8.4786e+00 4.0450e+00 1.4410e+01 9.8586e+00 8.9805e+00 5.6985e+00
8.4990e+00 4.0514e+00 1.4458e+01 9.8784e+00 8.9922e+00 5.7093e+00
8.5190e+00 4.0578e+00 1.4506e+01 9.8981e+00 9.0039e+00 5.7198e+00
8.5387e+00 4.0640e+00 1.4554e+01 9.9176e+00 9.0157e+00 5.7301e+00
8.5581e+00 4.0702e+00 1.4603e+01 9.9369e+00 9.0276e+00 5.7402e+00
8.5772e+00 4.0762e+00 1.4651e+01 9.9559e+00 9.0394e+00 5.7501e+00
8.5959e+00 4.0821e+00 1.4700e+01 9.9748e+00 9.0512e+00 5.7598e+00
8.6144e+00 4.0879e+00 1.4748e+01 9.9934e+00 9.0630e+00 5.7694e+00
8.6326e+00 4.0936e+00 1.4797e+01 1.0012e+01 9.0748e+00 5.7787e+00
8.6506e+00 4.0992e+00 1.4846e+01 1.0030e+01 9.0865e+00 5.7880e+00
8.6682e+00 4.1047e+00 1.4895e+01 1.0048e+01 9.0982e+00 5.7971e+00
8.6857e+00 4.1101e+00 1.4945e+01 1.0065e+01 9.1099e+00 5.8060e+00
8.7029e+00 4.1153e+00 1.4994e+01 1.0083e+01 9.1216e+00 5.8149e+00
8.7198e+00 4.1205e+00 1.5044e+01 1.0100e+01 9.1332e+00 5.8235e+00
8.7368e+00 4.1257e+00 1.5094e+01 1.0117e+01 9.1450e+00 5.8323e+00
8.7551e+00 4.1315e+00 1.5147e+01 1.0136e+01 9.1585e+00 5.8420e+00
8.7746e+00 4.1379e+00 1.5203e+01 1.0156e+01 9.1734e+00 5.8525e+00
8.7951e+00 4.1447e+00 1.5261e+01 1.0177e+01 9.1897e+00 5.8637e+00
8.8166e+00 4.1520e+00 1.5322e+01 1.0199e+01 9.2071e+00 5.8757e+00
8.8389e+00 4.1597e+00 1.5385e+01 1.0223e+01 9.2255e+00 5.8882e+00
8.8620e+00 4.1677e+00 1.5450e+01 1.0247e+01 9.2449e+00 5.9013e+00
8.8857e+00 4.1760e+00 1.5517e+01 1.0271e+01 9.2652e+00 5.9148e+00
8.9100e+00 4.1846e+00 1.5585e+01 1.0297e+01 9.2863e+00 5.9288e+00
8.9348e+00 4.1934e+00 1.5655e+01 1.0323e+01 9.3080e+00 5.9432e+00
8.9602e+00 4.2024e+00 1.5727e+01 1.0349e+01 9.3304e+00 5.9580e+00
8.9859e+00 4.2116e+00 1.5800e+01 1.0376e+01 9.3533e+00 5.9730e+00
9.0120e+00 4.2210e+00 1.5875e+01 1.0403e+01 9.3768e+00 5.9883e+00
9.0385e+00 4.2305e+00 1.5951e+01 1.0430e+01 9.4007e+00 6.0040e+00
9.0653e+00 4.2401e+00 1.6028e+01 1.0458e+01 9.4250e+00 6.0198e+00
9.0923e+00 4.2498e+00 1.6107e+01 1.0486e+01 9.4497e+00 6.0358e+00
9.1196e+00 4.2597e+00 1.6187e+01 1.0514e+01 9.4747e+00 6.0520e+00
9.1472e+00 4.2696e+00 1.6268e+01 1.0542e+01 9.4999e+00 6.0684e+00
9.1749e+00 4.2795e+00 1.6350e+01 1.0570e+01 9.5255e+00 6.0850e+00
9.2028e+00 4.2895e+00 1.6433e+01 1.0598e+01 9.5512e+00 6.1016e+00
9.2308e+00 4.2995e+00 1.6517e+01 1.0626e+01 9.5772e+00 6.1184e+00
9.2589e+00 4.3096e+00 1.6602e+01 1.0654e+01 9.6033e+00 6.1352e+00
9.2872e+00 4.3197e+00 1.6688e+01 1.0682e+01 9.6297e+00 6.1522e+00
9.3155e+00 4.3297e+00 1.6776e+01 1.0710e+01 9.6562e+00 6.1691e+00
9.3438e+00 4.3398e+00 1.6864e+01 1.0737e+01 9.6829e+00 6.1861e+00
9.3722e+00 4.3499e+00 1.6953e+01 1.0765e+01 9.7097e+00 6.2031e+00
9.4007e+00 4.3599e+00 1.7043e+01 1.0793e+01 9.7366e+00 6.2201e+00
9.4291e+00 4.3699e+00 1.7134e+01 1.0820e+01 9.7637e+00 6.2371e+00
9.4576e+00 4.3799e+00 1.7226e+01 1.0847e+01 9.7909e+00 6.2541e+00
9.4861e+00 4.3899e+00 1.7319e+01 1.0874e+01 9.8182e+00 6.2710e+00
9.5145e+00 4.3998e+00 1.7413e+01 1.0901e+01 9.8456e+00 6.2880e+00
9.5430e+00 4.4097e+00 1.7507e+01 1.0928e+01 9.8731e+00 6.3050e+00
9.5715e+00 4.4196e+00 1.7603e+01 1.0954e+01 9.9008e+00 6.3220e+00
9.6000e+00 4.4294e+00 1.7700e+01 1.0980e+01 9.9285e+00 6.3389e+00
9.6286e+00 4.4393e+00 1.7797e+01 1.1006e+01 9.9564e+00 6.3559e+00
9.6571e+00 4.4490e+00 1.7896e+01 1.1032e+01 9.9843e+00 6.3728e+00
9.6856e+00 4.4588e+00 1.7995e+01 1.1058e+01 1.0012e+01 6.3898e+00
9.7140e+00 4.4685e+00 1.8095e+01 1.1083e+01 1.0041e+01 6.4068e+00
9.7422e+00 4.4781e+00 1.8196e+01 1.1108e+01 1.0069e+01 6.4237e+00
9.7701e+00 4.4878e+00 1.8298e+01 1.1133e+01 1.0097e+01 6.4407e+00
9.7978e+00 4.4974e+00 1.8401e+01 1.1157e+01 1.0126e+01 6.4577e+00
9.8253e+00 4.5070e+00 1.8505e+01 1.1181e+01 1.0154e+01 6.4747e+00
9.8525e+00 4.5165e+00 1.8610e+01 1.1205e+01 1.0183e+01 6.4917e+00
9.8795e+00 4.5260e+00 1.8716e+01 1.1229e+01 1.0212e+01 6.5087e+00
9.9063e+00 4.5354e+00 1.8823e+01 1.1252e+01 1.0240e+01 6.5258e+00
9.9328e+00 4.5449e+00 1.8930e+01 1.1275e+01 1.0269e+01 6.5428e+00
9.9592e+00 4.5542e+00 1.9039e+01 1.1298e+01 1.0299e+01 6.5599e+00
9.9853e+00 4.5636e+00 1.9149e+01 1.1320e+01 1.0328e+01 6.5770e+00
1.0011e+01 4.5729e+00 1.9259e+01 1.1342e+01 1.0357e+01 6.5941e+00
1.0037e+01 4.5821e+00 1.9370e+01 1.1364e+01 1.0386e+01 6.6112e+00
1.0063e+01 4.5913e+00 1.9482e+01 1.1385e+01 1.0416e+01 6.6284e+00
1.0088e+01 4.6004e+00 1.9595e+01 1.1407e+01 1.0446e+01 6.6456e+00
1.0114e+01 4.6095e+00 1.9709e+01 1.1427e+01 1.0475e+01 6.6628e+00
1.0139e+01 4.6186e+00 1.9823e+01 1.1448e+01 1.0505e+01 6.6800e+00
1.0164e+01 4.6276e+00 1.9938e+01 1.1468e+01 1.0535e+01 6.6973e+00
1.0189e+01 4.6366e+00 2.0054e+01 1.1488e+01 1.0565e+01 6.7146e+00
1.0214e+01 4.6455e+00 2.0170e+01 1.1508e+01 1.0596e+01 6.7319e+00
1.0239e+01 4.6544e+00 2.0287e+01 1.1527e+01 1.0626e+01 6.7492e+00
1.0264e+01 4.6633e+00 2.0405e+01 1.1546e+01 1.0657e+01 6.7666e+00
1.0289e+01 4.6721e+00 2.0524e+01 1.1564e+01 1.0687e+01 6.7840e+00
1.0313e+01 4.6809e+00 2.0643e+01 1.1582e+01 1.0718e+01 6.8015e+00
1.0338e+01 4.6897e+00 2.0763e+01 1.1600e+01 1.0749e+01 6.8190e+00
1.0362e+01 4.6985e+00 2.0884e+01 1.1618e+01 1.0780e+01 6.8365e+00
1.0386e+01 4.7073e+00 2.1006e+01 1.1635e+01 1.0811e+01 6.8541e+00
1.0411e+01 4.7160e+00 2.1129e+01 1.1652e+01 1.0842e+01 6.8717e+00
1.0435e+01 4.7248e+00 2.1253e+01 1.1668e+01 1.0874e+01 6.8893e+00
1.0459e+01 4.7336e+00 2.1377e+01 1.1684e+01 1.0905e+01 6.9070e+00
1.0483e+01 4.7424e+00 2.1502e+01 1.1700e+01 1.0937e+01 6.9247e+00
1.0507e+01 4.7511e+00 2.1628e+01 1.1715e+01 1.0969e+01 6.9425e+00
1.0531e+01 4.7599e+00 2.1755e+01 1.1730e+01 1.1000e+01 6.9603e+00
1.0555e+01 4.7687e+00 2.1883e+01 1.1745e+01 1.1032e+01 6.9781e+00
1.0579e+01 4.7776e+00 2.2011e+01 1.1759e+01 1.1065e+01 6.9960e+00
1.0603e+01 4.7864e+00 2.2141e+01 1.1773e+01 1.1097e+01 7.0139e+00
1.0626e+01 4.7953e+00 2.2271e+01 1.1787e+01 1.1129e+01 7.0318e+00
1.0650e+01 4.8042e+00 2.2402e+01 1.1800e+01 1.1162e+01 7.0498e+00
1.0674e+01 4.8131e+00 2.2535e+01 1.1813e+01 1.1194e+01 7.0678e+00
1.0698e+01 4.8220e+00 2.2668e+01 1.1825e+01 1.1227e+01 7.0858e+00
1.0721e+01 4.8310e+00 2.2802e+01 1.1838e+01 1.1260e+01 7.1038e+00
1.0745e+01 4.8400e+00 2.2937e+01 1.1849e+01 1.1293e+01 7.1219e+00
1.0768e+01 4.8491e+00 2.3073e+01 1.1861e+01 1.1327e+01 7.1400e+00
1.0792e+01 4.8582e+00 2.3210e+01 1.1872e+01 1.1360e+01 7.1582e+00
1.0815e+01 4.8673e+00 2.3348e+01 1.1883e+01 1.1394e+01 7.1764e+00
1.0839e+01 4.8765e+00 2.3486e+01 1.1893e+01 1.1427e+01 7.1946e+00
1.0862e+01 4.8858e+00 2.3626e+01 1.1903e+01 1.1461e+01 7.2128e+00
1.0885e+01 4.8951e+00 2.3767e+01 1.1913e+01 1.1495e+01 7.2311e+00
1.0908e+01 4.9045e+00 2.3908e+01 1.1923e+01 1.1530e+01 7.2494e+00
1.0930e+01 4.9139e+00 2.4051e+01 1.1932e+01 1.1564e+01 7.2677e+00
1.0953e+01 4.9234e+00 2.4194e+01 1.1940e+01 1.1598e+01 7.2861e+00
1.0976e+01 4.9330e+00 2.4338e+01 1.1949e+01 1.1633e+01 7.3044e+00
1.0998e+01 4.9426e+00 2.4483e+01 1.1957e+01 1.1668e+01 7.3228e+00
1.1021e+01 4.9523e+00 2.4629e+01 1.1965e+01 1.1703e+01 7.3412e+00
1.1043e+01 4.9620e+00 2.4775e+01 1.1972e+01 1.1738e+01 7.3597e+00
1.1066e+01 4.9719e+00 2.4923e+01 1.1979e+01 1.1774e+01 7.3781e+00
1.1088e+01 4.9817e+00 2.5070e+01 1.1986e+01 1.1810e+01 7.3966e+00
1.1110e+01 4.9916e+00 2.5219e+01 1.1992e+01 1.1845e+01 7.4151e+00
1.1133e+01 5.0015e+00 2.5368e+01 1.1998e+01 1.1882e+01 7.4336e+00
1.1155e+01 5.0114e+00 2.5517e+01 1.2004e+01 1.1918e+01 7.4521e+00
1.1177e+01 5.0213e+00 2.5666e+01 1.2009e+01 1.1955e+01 7.4706e+00
1.1200e+01 5.0312e+00 2.5816e+01 1.2014e+01 1.1991e+01 7.4891e+00
1.1222e+01 5.0411e+00 2.5965e+01 1.2019e+01 1.2029e+01 7.5076e+00
1.1244e+01 5.0511e+00 2.6115e+01 1.2023e+01 1.2066e+01 7.5260e+00
1.1267e+01 5.0610e+00 2.6264e+01 1.2027e+01 1.2103e+01 7.5444e+00
1.1289e+01 5.0710e+00 2.6413e+01 1.2030e+01 1.2141e+01 7.5626e+00
1.1312e+01 5.0810e+00 2.6562e+01 1.2033e+01 1.2179e+01 7.5805e+00
1.1334e+01 5.0911e+00 2.6710e+01 1.2036e+01 1.2217e+01 7.5982e+00
1.1357e+01 5.1012e+00 2.6857e+01 1.2038e+01 1.2255e+01 7.6156e+00
1.1379e+01 5.1114e+00 2.7003e+01 1.2039e+01 1.2294e+01 7.6327e+00
1.1402e+01 5.1216e+00 2.7148e+01 1.2041e+01 1.2332e+01 7.6498e+00
1.1425e+01 5.1318e+00 2.7290e+01 1.2041e+01 1.2371e+01 7.6666e+00
1.1447e+01 5.1422e+00 2.7430e+01 1.2041e+01 1.2409e+01 7.6833e+00
1.1470e+01 5.1525e+00 2.7566e+01 1.2040e+01 1.2448e+01 7.6999e+00
1.1493e+01 5.1629e+00 2.7697e+01 1.2038e+01 1.2488e+01 7.7163e+00
1.1515e+01 5.1734e+00 2.7822e+01 1.2035e+01 1.2527e+01 7.7326e+00
1.1538e+01 5.1839e+00 2.7936e+01 1.2031e+01 1.2567e+01 7.7488e+00
1.1561e+01 5.1945e+00 2.8039e+01 1.2026e+01 1.2606e+01 7.7650e+00
1.1584e+01 5.2051e+00 2.8131e+01 1.2020e+01 1.2645e+01 7.7811e+00
1.1606e+01 5.2157e+00 2.8208e+01 1.2011e+01 1.2683e+01 7.7972e+00
1.1629e+01 5.2264e+00 2.8272e+01 1.2001e+01 1.2721e+01 7.8133e+00
1.1652e+01 5.2372e+00 2.8319e+01 1.1988e+01 1.2759e+01 7.8296e+00
1.1674e+01 5.2480e+00 2.8352e+01 1.1972e+01 1.2796e+01 7.8459e+00
1.1697e+01 5.2588e+00 2.8371e+01 1.1953e+01 1.2832e+01 7.8625e+00
1.1719e+01 5.2696e+00 2.8383e+01 1.1930e+01 1.2867e+01 7.8792e+00
1.1742e+01 5.2805e+00 2.8391e+01 1.1904e+01 1.2902e+01 7.8961e+00
1.1764e+01 5.2914e+00 2.8404e+01 1.1872e+01 1.2935e+01 7.9132e+00
1.1786e+01 5.3023e+00 2.8425e+01 1.1837e+01 1.2967e+01 7.9306e+00
1.1808e+01 5.3132e+00 2.8461e+01 1.1797e+01 1.2999e+01 7.9482e+00
1.1830e+01 5.3240e+00 2.8517e+01 1.1753e+01 1.3028e+01 7.9660e+00
1.1851e+01 5.3349e+00 2.8593e+01 1.1706e+01 1.3056e+01 7.9838e+00
1.1872e+01 5.3457e+00 2.8690e+01 1.1656e+01 1.3083e+01 8.0018e+00
1.1893e+01 5.3564e+00 2.8806e+01 1.1604e+01 1.3109e+01 8.0198e+00
1.1913e+01 5.3670e+00 2.8940e+01 1.1550e+01 1.3133e+01 8.0377e+00
1.1933e+01 5.3775e+00 2.9089e+01 1.1494e+01 1.3155e+01 8.0555e+00
1.1952e+01 5.3878e+00 2.9249e+01 1.1438e+01 1.3176e+01 8.0732e+00
1.1970e+01 5.3979e+00 2.9415e+01 1.1381e+01 1.3195e+01 8.0907e+00
1.1990e+01 5.4085e+00 2.9589e+01 1.1326e+01 1.3213e+01 8.1090e+00
1.2105e+01 5.4624e+00 3.0012e+01 1.1357e+01 1.3335e+01 8.1927e+00
1.2293e+01 5.5498e+00 3.0630e+01 1.1455e+01 1.3537e+01 8.3269e+00
1.2533e+01 5.6608e+00 3.1384e+01 1.1599e+01 1.3794e+01 8.4970e+00
1.2806e+01 5.7865e+00 3.2223e+01 1.1773e+01 1.4085e+01 8.6895e+00
1.3094e+01 5.9198e+00 3.3106e+01 1.1964e+01 1.4392e+01 8.8937e+00
1.3387e+01 6.0552e+00 3.3998e+01 1.2162e+01 1.4703e+01 9.1014e+00
1.3677e+01 6.1891e+00 3.4878e+01 1.2359e+01 1.5008e+01 9.3073e+00
1.3958e+01 6.3195e+00 3.5733e+01 1.2552e+01 1.5302e+01 9.5079e+00
1.4228e+01 6.4450e+00 3.6555e+01 1.2740e+01 1.5583e+01 9.7016e+00
1.4486e+01 6.5652e+00 3.7340e+01 1.2920e+01 1.5849e+01 9.8875e+00
1.4731e+01 6.6799e+00 3.8087e+01 1.3093e+01 1.6100e+01 1.0065e+01
1.4965e+01 6.7895e+00 3.8796e+01 1.3259e+01 1.6338e+01 1.0236e+01
1.5188e+01 6.8941e+00 3.9470e+01 1.3419e+01 1.6561e+01 1.0399e+01
1.5399e+01 6.9940e+00 4.0110e+01 1.3573e+01 1.6772e+01 1.0555e+01
1.5601e+01 7.0895e+00 4.0718e+01 1.3722e+01 1.6971e+01 1.0705e+01
1.5793e+01 7.1808e+00 4.1295e+01 1.3865e+01 1.7158e+01 1.0848e+01
1.5977e+01 7.2683e+00 4.1844e+01 1.4004e+01 1.7334e+01 1.0986e+01
1.6152e+01 7.3522e+00 4.2367e+01 1.4138e+01 1.7500e+01 1.1118e+01
1.6319e+01 7.4328e+00 4.2865e+01 1.4269e+01 1.7656e+01 1.1246e+01
1.6480e+01 7.5104e+00 4.3342e+01 1.4396e+01 1.7804e+01 1.1369e+01
1.6634e+01 7.5853e+00 4.3797e+01 1.4520e+01 1.7944e+01 1.1488e+01
1.6783e+01 7.6577e+00 4.4233e+01 1.4641e+01 1.8076e+01 1.1604e+01
1.6926e+01 7.7276e+00 4.4652e+01 1.4760e+01 1.8201e+01 1.1716e+01
1.7064e+01 7.7954e+00 4.5054e+01 1.4877e+01 1.8320e+01 1.1824e+01
1.7197e+01 7.8612e+00 4.5440e+01 1.4991e+01 1.8432e+01 1.1930e+01
1.7325e+01 7.9251e+00 4.5813e+01 1.5104e+01 1.8539e+01 1.2033e+01
1.7450e+01 7.9872e+00 4.6172e+01 1.5214e+01 1.8640e+01 1.2133e+01
1.7571e+01 8.0477e+00 4.6518e+01 1.5323e+01 1.8736e+01 1.2231e+01
1.7688e+01 8.1067e+00 4.6853e+01 1.5431e+01 1.8827e+01 1.2327e+01
1.7802e+01 8.1643e+00 4.7178e+01 1.5537e+01 1.8913e+01 1.2420e+01
1.7913e+01 8.2207e+00 4.7492e+01 1.5642e+01 1.8996e+01 1.2512e+01
1.8021e+01 8.2759e+00 4.7798e+01 1.5746e+01 1.9074e+01 1.2602e+01
1.8127e+01 8.3301e+00 4.8094e+01 1.5849e+01 1.9149e+01 1.2690e+01
1.8230e+01 8.3833e+00 4.8383e+01 1.5951e+01 1.9220e+01 1.2777e+01
1.8332e+01 8.4356e+00 4.8665e+01 1.6053e+01 1.9288e+01 1.2862e+01
1.8431e+01 8.4871e+00 4.8940e+01 1.6154e+01 1.9353e+01 1.2946e+01
1.8529e+01 8.5380e+00 4.9209e+01 1.6254e+01 1.9415e+01 1.3029e+01
1.8625e+01 8.5882e+00 4.9472e+01 1.6354e+01 1.9475e+01 1.3111e+01
1.8719e+01 8.6379e+00 4.9730e+01 1.6454e+01 1.9532e+01 1.3192e+01
1.8812e+01 8.6870e+00 4.9983e+01 1.6553e+01 1.9587e+01 1.3273e+01
1.8904e+01 8.7355e+00 5.0230e+01 1.6652e+01 1.9639e+01 1.3352e+01
1.8995e+01 8.7836e+00 5.0473e+01 1.6750e+01 1.9690e+01 1.3431e+01
1.9084e+01 8.8312e+00 5.0711e+01 1.6849e+01 1.9738e+01 1.3509e+01
1.9172e+01 8.8784e+00 5.0945e+01 1.6947e+01 1.9784e+01 1.3586e+01
1.9260e+01 8.9253e+00 5.1175e+01 1.7045e+01 1.9829e+01 1.3663e+01
1.9347e+01 8.9719e+00 5.1401e+01 1.7143e+01 1.9871e+01 1.3739e+01
1.9432e+01 9.0181e+00 5.1623e+01 1.7240e+01 1.9912e+01 1.3815e+01
1.9517e+01 9.0640e+00 5.1841e+01 1.7338e+01 1.9951e+01 1.3890e+01
1.9601e+01 9.1096e+00 5.2056e+01 1.7435e+01 1.9989e+01 1.3965e+01
1.9685e+01 9.1551e+00 5.2268e+01 1.7532e+01 2.0025e+01 1.4040e+01
1.9768e+01 9.2004e+00 5.2476e+01 1.7630e+01 2.0060e+01 1.4114e+01
1.9851e+01 9.2455e+00 5.2682e+01 1.7727e+01 2.0093e+01 1.4188e+01
1.9933e+01 9.2904e+00 5.2884e+01 1.7824e+01 2.0125e+01 1.4262e+01
2.0015e+01 9.3351e+00 5.3083e+01 1.7921e+01 2.0155e+01 1.4335e+01
2.0096e+01 9.3797e+00 5.3279e+01 1.8018e+01 2.0185e+01 1.4408e+01
2.0177e+01 9.4241e+00 5.3472e+01 1.8115e+01 2.0213e+01 1.4481e+01
2.0257e+01 9.4684e+00 5.3661e+01 1.8212e+01 2.0240e+01 1.4554e+01
2.0337e+01 9.5126e+00 5.3847e+01 1.8309e+01 2.0266e+01 1.4627e+01
2.0417e+01 9.5566e+00 5.4030e+01 1.8405e+01 2.0290e+01 1.4699e+01
2.0496e+01 9.6004e+00 5.4210e+01 1.8502e+01 2.0314e+01 1.4771e+01
2.0575e+01 9.6442e+00 5.4386e+01 1.8598e+01 2.0336e+01 1.4843e+01
2.0653e+01 9.6879e+00 5.4560e+01 1.8694e+01 2.0357e+01 1.4915e+01
2.0731e+01 9.7315e+00 5.4729e+01 1.8790e+01 2.0376e+01 1.4987e+01
2.0809e+01 9.7748e+00 5.4895e+01 1.8885e+01 2.0394e+01 1.5059e+01
2.0886e+01 9.8181e+00 5.5057e+01 1.8980e+01 2.0411e+01 1.5130e+01
2.0962e+01 9.8612e+00 5.5216e+01 1.9075e+01 2.0427e+01 1.5201e+01
2.1039e+01 9.9043e+00 5.5371e+01 1.9169e+01 2.0442e+01 1.5272e+01
2.1115e+01 9.9473e+00 5.5522e+01 1.9263e+01 2.0456e+01 1.5343e+01
2.1190e+01 9.9901e+00 5.5670e+01 1.9357e+01 2.0468e+01 1.5413e+01
2.1265e+01 1.0033e+01 5.5813e+01 1.9450e+01 2.0479e+01 1.5482e+01
2.1339e+01 1.0075e+01 5.5951e+01 1.9542e+01 2.0490e+01 1.5551e+01
2.1413e+01 1.0118e+01 5.6086e+01 1.9634e+01 2.0498e+01 1.5620e+01
2.1486e+01 1.0160e+01 5.6216e+01 1.9725e+01 2.0506e+01 1.5688e+01
2.1559e+01 1.0203e+01 5.6341e+01 1.9815e+01 2.0513e+01 1.5755e+01
2.1631e+01 1.0245e+01 5.6461e+01 1.9904e+01 2.0519e+01 1.5822e+01
2.1702e+01 1.0287e+01 5.6576e+01 1.9992e+01 2.0523e+01 1.5888e+01
2.1773e+01 1.0329e+01 5.6686e+01 2.0079e+01 2.0526e+01 1.5954e+01
2.1842e+01 1.0371e+01 5.6790e+01 2.0165e+01 2.0527e+01 1.6020e+01
2.1911e+01 1.0413e+01 5.6888e+01 2.0249e+01 2.0527e+01 1.6086e+01
2.1978e+01 1.0455e+01 5.6981e+01 2.0333e+01 2.0526e+01 1.6151e+01
2.2044e+01 1.0496e+01 5.7066e+01 2.0414e+01 2.0523e+01 1.6216e+01
2.2109e+01 1.0538e+01 5.7144e+01 2.0493e+01 2.0519e+01 1.6281e+01
2.2171e+01 1.0579e+01 5.7214e+01 2.0569e+01 2.0512e+01 1.6347e+01
2.2232e+01 1.0619e+01 5.7274e+01 2.0643e+01 2.0503e+01 1.6412e+01
2.2289e+01 1.0660e+01 5.7323e+01 2.0713e+01 2.0491e+01 1.6476e+01
2.2343e+01 1.0699e+01 5.7361e+01 2.0780e+01 2.0476e+01 1.6541e+01
2.2395e+01 1.0739e+01 5.7388e+01 2.0843e+01 2.0459e+01 1.6606e+01
2.2442e+01 1.0777e+01 5.7401e+01 2.0901e+01 2.0438e+01 1.6671e+01
2.2486e+01 1.0815e+01 5.7401e+01 2.0954e+01 2.0414e+01 1.6736e+01
2.2525e+01 1.0852e+01 5.7385e+01 2.1002e+01 2.0386e+01 1.6800e+01
2.2559e+01 1.0888e+01 5.7353e+01 2.1044e+01 2.0354e+01 1.6864e+01
2.2589e+01 1.0922e+01 5.7305e+01 2.1081e+01 2.0318e+01 1.6927e+01
2.2614e+01 1.0956e+01 5.7243e+01 2.1113e+01 2.0279e+01 1.6990e+01
2.2636e+01 1.0989e+01 5.7167e+01 2.1140e+01 2.0237e+01 1.7052e+01
2.2656e+01 1.1022e+01 5.7081e+01 2.1165e+01 2.0193e+01 1.7114e+01
2.2675e+01 1.1055e+01 5.6987e+01 2.1188e+01 2.0149e+01 1.7175e+01
2.2694e+01 1.1088e+01 5.6888e+01 2.1210e+01 2.0105e+01 1.7237e+01
2.2716e+01 1.1122e+01 5.6788e+01 2.1235e+01 2.0064e+01 1.7300e+01
2.2741e+01 1.1157e+01 5.6689e+01 2.1261e+01 2.0024e+01 1.7365e+01
2.2769e+01 1.1193e+01 5.6592e+01 2.1292e+01 1.9988e+01 1.7430e+01
2.2802e+01 1.1231e+01 5.6500e+01 2.1326e+01 1.9956e+01 1.7498e+01
2.2840e+01 1.1271e+01 5.6411e+01 2.1365e+01 1.9927e+01 1.7567e+01
2.2883e+01 1.1312e+01 5.6327e+01 2.1408e+01 1.9901e+01 1.7638e+01
2.2930e+01 1.1354e+01 5.6247e+01 2.1456e+01 1.9879e+01 1.7710e+01
2.2981e+01 1.1397e+01 5.6170e+01 2.1507e+01 1.9859e+01 1.7783e+01
2.3036e+01 1.1442e+01 5.6096e+01 2.1562e+01 1.9842e+01 1.7856e+01
2.3094e+01 1.1486e+01 5.6022e+01 2.1620e+01 1.9827e+01 1.7930e+01
2.3156e+01 1.1532e+01 5.5950e+01 2.1680e+01 1.9813e+01 1.8003e+01
2.3219e+01 1.1577e+01 5.5878e+01 2.1743e+01 1.9801e+01 1.8076e+01
2.3285e+01 1.1623e+01 5.5805e+01 2.1807e+01 1.9790e+01 1.8148e+01
2.3353e+01 1.1668e+01 5.5731e+01 2.1872e+01 1.9780e+01 1.8220e+01
2.3422e+01 1.1714e+01 5.5657e+01 2.1938e+01 1.9770e+01 1.8289e+01
2.3492e+01 1.1758e+01 5.5580e+01 2.2004e+01 1.9761e+01 1.8358e+01
2.3562e+01 1.1802e+01 5.5502e+01 2.2071e+01 1.9752e+01 1.8424e+01
2.3634e+01 1.1845e+01 5.5423e+01 2.2137e+01 1.9743e+01 1.8488e+01
2.3706e+01 1.1887e+01 5.5341e+01 2.2204e+01 1.9735e+01 1.8550e+01
2.3779e+01 1.1928e+01 5.5259e+01 2.2270e+01 1.9726e+01 1.8608e+01
2.3853e+01 1.1967e+01 5.5176e+01 2.2335e+01 1.9718e+01 1.8664e+01
2.3928e+01 1.2005e+01 5.5094e+01 2.2401e+01 1.9710e+01 1.8716e+01
2.4004e+01 1.2042e+01 5.5013e+01 2.2466e+01 1.9703e+01 1.8765e+01
2.4082e+01 1.2078e+01 5.4935e+01 2.2532e+01 1.9695e+01 1.8812e+01
2.4161e+01 1.2113e+01 5.4858e+01 2.2598e+01 1.9687e+01 1.8857e+01
2.4239e+01 1.2147e+01 5.4780e+01 2.2663e+01 1.9677e+01 1.8898e+01
2.4317e+01 1.2179e+01 5.4700e+01 2.2726e+01 1.9666e+01 1.8937e+01
2.4393e+01 1.2209e+01 5.4616e+01 2.2787e+01 1.9651e+01 1.8972e+01
2.4466e+01 1.2238e+01 5.4528e+01 2.2844e+01 1.9634e+01 1.9004e+01
2.4537e+01 1.2266e+01 5.4434e+01 2.2898e+01 1.9614e+01 1.9031e+01
2.4605e+01 1.2291e+01 5.4336e+01 2.2949e+01 1.9591e+01 1.9056e+01
2.4670e+01 1.2315e+01 5.4234e+01 2.2996e+01 1.9565e+01 1.9076e+01
2.4733e+01 1.2338e+01 5.4128e+01 2.3039e+01 1.9536e+01 1.9094e+01
2.4793e+01 1.2359e+01 5.4017e+01 2.3079e+01 1.9506e+01 1.9109e+01
2.4851e+01 1.2379e+01 5.3903e+01 2.3116e+01 1.9473e+01 1.9122e+01
2.4906e+01 1.2398e+01 5.3785e+01 2.3149e+01 1.9437e+01 1.9132e+01
2.4958e+01 1.2416e+01 5.3663e+01 2.3179e+01 1.9400e+01 1.9139e+01
2.5008e+01 1.2433e+01 5.3536e+01 2.3205e+01 1.9360e+01 1.9144e+01
2.5055e+01 1.2449e+01 5.3406e+01 2.3228e+01 1.9318e+01 1.9148e+01
2.5100e+01 1.2463e+01 5.3272e+01 2.3248e+01 1.9275e+01 1.9149e+01
2.5142e+01 1.2477e+01 5.3135e+01 2.3265e+01 1.9230e+01 1.9149e+01
2.5182e+01 1.2490e+01 5.2995e+01 2.3280e+01 1.9183e+01 1.9147e+01
2.5219e+01 1.2502e+01 5.2852e+01 2.3291e+01 1.9135e+01 1.9143e+01
2.5254e+01 1.2513e+01 5.2705e+01 2.3299e+01 1.9086e+01 1.9138e+01
2.5287e+01 1.2524e+01 5.2555e+01 2.3305e+01 1.9035e+01 1.9132e+01
2.5318e+01 1.2533e+01 5.2402e+01 2.3308e+01 1.8983e+01 1.9124e+01
2.5346e+01 1.2543e+01 5.2247e+01 2.3308e+01 1.8929e+01 1.9116e+01
2.5373e+01 1.2551e+01 5.2090e+01 2.3306e+01 1.8875e+01 1.9106e+01
