3.4560e+02 9.3182e+01 7.2181e+01 1.6135e+02 1.0936e+03 2.4357e+02
4.7189e+02 1.3741e+02 1.0458e+02 2.3583e+02 1.5544e+03 3.5668e+02
4.2475e+02 1.2369e+02 9.4134e+01 2.1228e+02 1.3991e+03 3.2105e+02
4.1796e+02 1.2146e+02 9.2755e+01 2.0888e+02 1.3826e+03 3.1513e+02
3.8931e+02 1.1311e+02 8.6520e+01 1.9474e+02 1.2910e+03 2.9332e+02
3.5335e+02 1.0267e+02 7.8574e+01 1.7684e+02 1.1728e+03 2.6620e+02
3.2161e+02 9.3459e+01 7.1579e+01 1.6108e+02 1.0688e+03 2.4221e+02
2.9734e+02 8.6386e+01 6.6323e+01 1.4922e+02 9.9146e+02 2.2357e+02
2.7446e+02 7.9671e+01 6.1354e+01 1.3807e+02 9.1834e+02 2.0587e+02
2.5227e+02 7.3148e+01 5.6507e+01 1.2726e+02 8.4683e+02 1.8870e+02
2.3166e+02 6.7063e+01 5.2000e+01 1.1732e+02 7.8027e+02 1.7268e+02
2.1435e+02 6.1883e+01 4.8268e+01 1.0940e+02 7.2551e+02 1.5884e+02
1.9941e+02 5.7380e+01 4.5099e+01 1.0315e+02 6.7919e+02 1.4655e+02
1.8408e+02 5.2813e+01 4.1790e+01 9.6684e+01 6.3027e+02 1.3432e+02
1.6836e+02 4.8177e+01 3.8325e+01 8.9510e+01 5.7859e+02 1.2222e+02
1.5351e+02 4.3839e+01 3.5036e+01 8.2454e+01 5.2948e+02 1.1094e+02
1.3978e+02 3.9874e+01 3.1996e+01 7.6154e+01 4.8406e+02 1.0059e+02
1.2622e+02 3.5993e+01 2.8921e+01 6.8853e+01 4.3771e+02 9.0723e+01
1.1361e+02 3.2395e+01 2.6031e+01 6.1971e+01 3.9397e+02 8.1654e+01
1.0225e+02 2.9156e+01 2.3429e+01 5.5774e+01 3.5458e+02 7.3489e+01
9.2026e+01 2.6241e+01 2.1086e+01 5.0197e+01 3.1913e+02 6.6141e+01
8.2824e+01 2.3618e+01 1.8978e+01 4.5178e+01 2.8723e+02 5.9528e+01
7.4543e+01 2.1257e+01 1.7081e+01 4.0660e+01 2.5852e+02 5.3576e+01
6.7090e+01 1.9132e+01 1.5373e+01 3.6594e+01 2.3268e+02 4.8219e+01
6.0382e+01 1.7219e+01 1.3836e+01 3.2935e+01 2.0943e+02 4.3398e+01
5.4344e+01 1.5498e+01 1.2453e+01 2.9642e+01 1.8851e+02 3.9059e+01
4.8911e+01 1.3949e+01 1.1208e+01 2.6678e+01 1.6968e+02 3.5154e+01
4.4022e+01 1.2555e+01 1.0087e+01 2.4010e+01 1.5274e+02 3.1640e+01
3.9621e+01 1.1300e+01 9.0791e+00 2.1610e+01 1.3748e+02 2.8478e+01
3.5661e+01 1.0171e+01 8.1718e+00 1.9449e+01 1.2376e+02 2.5631e+01
3.2098e+01 9.1554e+00 7.3553e+00 1.7505e+01 1.1140e+02 2.3070e+01
2.8891e+01 8.2412e+00 6.6205e+00 1.5755e+01 1.0027e+02 2.0764e+01
2.6005e+01 7.4185e+00 5.9592e+00 1.4180e+01 9.0261e+01 1.8690e+01
2.3408e+01 6.6781e+00 5.3642e+00 1.2762e+01 8.1248e+01 1.6822e+01
2.1070e+01 6.0118e+00 4.8287e+00 1.1487e+01 7.3135e+01 1.5142e+01
1.8967e+01 5.4122e+00 4.3469e+00 1.0339e+01 6.5832e+01 1.3630e+01
1.7075e+01 4.8727e+00 3.9133e+00 9.3058e+00 5.9259e+01 1.2268e+01
1.5372e+01 4.3872e+00 3.5232e+00 8.3761e+00 5.3343e+01 1.1044e+01
1.3841e+01 3.9503e+00 3.1723e+00 7.5393e+00 4.8018e+01 9.9411e+00
1.2464e+01 3.5573e+00 2.8567e+00 6.7864e+00 4.3226e+01 8.9492e+00
1.1229e+01 3.2045e+00 2.5734e+00 6.1092e+00 3.8916e+01 8.0573e+00
1.0132e+01 2.8902e+00 2.3211e+00 5.5014e+00 3.5044e+01 7.2579e+00
9.2025e+00 2.6197e+00 2.1048e+00 4.9609e+00 3.1598e+01 6.5510e+00
8.5414e+00 2.4136e+00 1.9435e+00 4.4938e+00 2.8607e+01 5.9524e+00
8.0342e+00 2.2466e+00 1.8169e+00 4.0830e+00 2.5964e+01 5.4322e+00
7.6762e+00 2.1197e+00 1.7268e+00 3.7256e+00 2.3644e+01 4.9872e+00
7.4187e+00 2.0240e+00 1.6659e+00 3.4138e+00 2.1599e+01 4.6050e+00
7.2143e+00 1.9497e+00 1.6253e+00 3.1396e+00 1.9781e+01 4.2724e+00
7.0357e+00 1.8903e+00 1.5985e+00 2.8970e+00 1.8156e+01 3.9799e+00
6.8766e+00 1.8438e+00 1.5837e+00 2.6825e+00 1.6702e+01 3.7230e+00
6.7135e+00 1.8033e+00 1.5733e+00 2.4904e+00 1.5388e+01 3.4924e+00
6.5482e+00 1.7679e+00 1.5660e+00 2.3182e+00 1.4199e+01 3.2852e+00
6.3701e+00 1.7334e+00 1.5575e+00 2.1621e+00 1.3116e+01 3.0954e+00
6.1777e+00 1.6983e+00 1.5457e+00 2.0195e+00 1.2123e+01 2.9198e+00
5.9692e+00 1.6608e+00 1.5287e+00 1.8882e+00 1.1209e+01 2.7552e+00
5.7443e+00 1.6196e+00 1.5053e+00 1.7662e+00 1.0363e+01 2.5991e+00
5.5043e+00 1.5741e+00 1.4747e+00 1.6520e+00 9.5770e+00 2.4499e+00
5.2508e+00 1.5239e+00 1.4365e+00 1.5443e+00 8.8440e+00 2.3061e+00
4.9863e+00 1.4689e+00 1.3912e+00 1.4423e+00 8.1587e+00 2.1669e+00
4.7137e+00 1.4097e+00 1.3391e+00 1.3452e+00 7.5171e+00 2.0318e+00
4.4364e+00 1.3467e+00 1.2814e+00 1.2527e+00 6.9162e+00 1.9009e+00
4.1580e+00 1.2810e+00 1.2194e+00 1.1647e+00 6.3540e+00 1.7742e+00
3.8824e+00 1.2138e+00 1.1544e+00 1.0811e+00 5.8293e+00 1.6525e+00
3.6134e+00 1.1463e+00 1.0882e+00 1.0021e+00 5.3413e+00 1.5363e+00
3.3546e+00 1.0801e+00 1.0222e+00 9.2813e-01 4.8894e+00 1.4266e+00
3.1090e+00 1.0165e+00 9.5818e-01 8.5934e-01 4.4733e+00 1.3241e+00
2.8794e+00 9.5688e-01 8.9732e-01 7.9606e-01 4.0923e+00 1.2297e+00
2.6677e+00 9.0266e-01 8.4085e-01 7.3869e-01 3.7465e+00 1.1442e+00
2.4760e+00 8.5529e-01 7.8996e-01 6.8781e-01 3.4356e+00 1.0687e+00
2.3062e+00 8.1664e-01 7.4585e-01 6.4412e-01 3.1594e+00 1.0046e+00
2.1609e+00 7.8918e-01 7.1004e-01 6.0869e-01 2.9184e+00 9.5403e-01
2.0431e+00 7.7633e-01 6.8442e-01 5.8313e-01 2.7144e+00 9.2012e-01
1.9569e+00 7.8263e-01 6.7133e-01 5.6963e-01 2.5500e+00 9.0743e-01
1.9059e+00 8.1347e-01 6.7318e-01 5.7077e-01 2.4282e+00 9.2170e-01
1.8929e+00 8.7445e-01 6.9207e-01 5.8919e-01 2.3516e+00 9.6956e-01
1.9194e+00 9.7104e-01 7.2953e-01 6.2730e-01 2.3217e+00 1.0583e+00
1.9852e+00 1.1082e+00 7.8641e-01 6.8708e-01 2.3388e+00 1.1959e+00
2.0887e+00 1.2901e+00 8.6293e-01 7.7006e-01 2.4017e+00 1.3907e+00
2.2271e+00 1.5202e+00 9.5867e-01 8.7719e-01 2.5084e+00 1.6518e+00
2.3966e+00 1.8012e+00 1.0727e+00 1.0088e+00 2.6557e+00 1.9890e+00
2.5931e+00 2.1345e+00 1.2035e+00 1.1647e+00 2.8396e+00 2.4132e+00
2.8119e+00 2.5210e+00 1.3494e+00 1.3440e+00 3.0559e+00 2.9357e+00
3.0482e+00 2.9602e+00 1.5085e+00 1.5454e+00 3.2995e+00 3.5682e+00
3.2975e+00 3.4500e+00 1.6785e+00 1.7674e+00 3.5657e+00 4.3225e+00
3.5554e+00 3.9871e+00 1.8573e+00 2.0078e+00 3.8495e+00 5.2076e+00
3.8176e+00 4.5672e+00 2.0427e+00 2.2644e+00 4.1463e+00 6.2274e+00
4.0806e+00 5.1848e+00 2.2326e+00 2.5349e+00 4.4517e+00 7.3563e+00
4.3413e+00 5.8339e+00 2.4251e+00 2.8170e+00 4.7618e+00 8.5656e+00
4.5971e+00 6.5084e+00 2.6184e+00 3.1083e+00 5.0729e+00 9.8326e+00
4.8459e+00 7.2007e+00 2.8108e+00 3.4065e+00 5.3822e+00 1.1140e+01
5.0858e+00 7.9029e+00 3.0009e+00 3.7093e+00 5.6870e+00 1.2470e+01
5.3154e+00 8.6090e+00 3.1875e+00 4.0148e+00 5.9853e+00 1.3808e+01
5.5342e+00 9.3132e+00 3.3696e+00 4.3212e+00 6.2747e+00 1.5142e+01
5.7412e+00 1.0010e+01 3.5464e+00 4.6268e+00 6.5530e+00 1.6458e+01
5.9365e+00 1.0695e+01 3.7171e+00 4.9301e+00 6.8190e+00 1.7750e+01
6.1197e+00 1.1365e+01 3.8813e+00 5.2298e+00 7.0722e+00 1.9010e+01
6.2912e+00 1.2015e+01 4.0387e+00 5.5246e+00 7.3124e+00 2.0234e+01
6.4511e+00 1.2641e+01 4.1889e+00 5.8135e+00 7.5396e+00 2.1419e+01
6.6001e+00 1.3240e+01 4.3320e+00 6.0959e+00 7.7541e+00 2.2563e+01
6.7385e+00 1.3810e+01 4.4676e+00 6.3709e+00 7.9562e+00 2.3665e+01
6.8670e+00 1.4350e+01 4.5959e+00 6.6379e+00 8.1461e+00 2.4724e+01
6.9863e+00 1.4859e+01 4.7171e+00 6.8966e+00 8.3245e+00 2.5740e+01
7.0970e+00 1.5333e+01 4.8313e+00 7.1466e+00 8.4918e+00 2.6713e+01
7.2000e+00 1.5773e+01 4.9390e+00 7.3877e+00 8.6488e+00 2.7647e+01
7.2957e+00 1.6177e+01 5.0405e+00 7.6198e+00 8.7958e+00 2.8542e+01
7.3849e+00 1.6545e+01 5.1358e+00 7.8427e+00 8.9333e+00 2.9401e+01
7.4682e+00 1.6879e+01 5.2256e+00 8.0568e+00 9.0620e+00 3.0224e+01
7.5463e+00 1.7178e+01 5.3101e+00 8.2619e+00 9.1814e+00 3.1013e+01
7.6192e+00 1.7444e+01 5.3897e+00 8.4582e+00 9.2915e+00 3.1767e+01
7.6878e+00 1.7679e+01 5.4646e+00 8.6460e+00 9.3933e+00 3.2487e+01
7.7523e+00 1.7884e+01 5.5353e+00 8.8254e+00 9.4870e+00 3.3171e+01
7.8134e+00 1.8061e+01 5.6022e+00 8.9967e+00 9.5734e+00 3.3820e+01
7.8711e+00 1.8211e+01 5.6653e+00 9.1601e+00 9.6528e+00 3.4432e+01
7.9257e+00 1.8335e+01 5.7252e+00 9.3159e+00 9.7255e+00 3.5007e+01
7.9774e+00 1.8438e+01 5.7820e+00 9.4646e+00 9.7924e+00 3.5548e+01
8.0264e+00 1.8518e+01 5.8361e+00 9.6062e+00 9.8533e+00 3.6050e+01
8.0730e+00 1.8579e+01 5.8876e+00 9.7413e+00 9.9088e+00 3.6516e+01
8.1173e+00 1.8623e+01 5.9370e+00 9.8700e+00 9.9589e+00 3.6941e+01
8.1596e+00 1.8652e+01 5.9843e+00 9.9929e+00 1.0004e+01 3.7326e+01
8.2002e+00 1.8666e+01 6.0299e+00 1.0110e+01 1.0044e+01 3.7668e+01
8.2393e+00 1.8667e+01 6.0735e+00 1.0222e+01 1.0080e+01 3.7965e+01
8.2772e+00 1.8657e+01 6.1157e+00 1.0328e+01 1.0111e+01 3.8218e+01
8.3140e+00 1.8637e+01 6.1565e+00 1.0430e+01 1.0138e+01 3.8425e+01
8.3500e+00 1.8609e+01 6.1961e+00 1.0526e+01 1.0162e+01 3.8591e+01
8.3853e+00 1.8574e+01 6.2346e+00 1.0619e+01 1.0181e+01 3.8718e+01
8.4205e+00 1.8535e+01 6.2726e+00 1.0708e+01 1.0196e+01 3.8810e+01
8.4553e+00 1.8490e+01 6.3096e+00 1.0792e+01 1.0208e+01 3.8870e+01
8.4902e+00 1.8443e+01 6.3462e+00 1.0872e+01 1.0216e+01 3.8900e+01
8.5260e+00 1.8396e+01 6.3829e+00 1.0951e+01 1.0221e+01 3.8908e+01
8.5643e+00 1.8351e+01 6.4210e+00 1.1028e+01 1.0222e+01 3.8903e+01
8.6049e+00 1.8311e+01 6.4603e+00 1.1104e+01 1.0220e+01 3.8886e+01
8.6478e+00 1.8275e+01 6.5008e+00 1.1180e+01 1.0214e+01 3.8859e+01
8.6931e+00 1.8243e+01 6.5427e+00 1.1254e+01 1.0204e+01 3.8824e+01
8.7408e+00 1.8216e+01 6.5858e+00 1.1328e+01 1.0191e+01 3.8785e+01
8.7912e+00 1.8195e+01 6.6303e+00 1.1399e+01 1.0174e+01 3.8742e+01
8.8440e+00 1.8179e+01 6.6762e+00 1.1470e+01 1.0153e+01 3.8697e+01
8.8997e+00 1.8168e+01 6.7235e+00 1.1539e+01 1.0130e+01 3.8654e+01
8.9582e+00 1.8164e+01 6.7723e+00 1.1607e+01 1.0112e+01 3.8612e+01
9.0196e+00 1.8165e+01 6.8225e+00 1.1673e+01 1.0101e+01 3.8573e+01
9.0841e+00 1.8174e+01 6.8744e+00 1.1737e+01 1.0095e+01 3.8540e+01
9.1519e+00 1.8189e+01 6.9278e+00 1.1800e+01 1.0096e+01 3.8513e+01
9.2230e+00 1.8212e+01 6.9829e+00 1.1862e+01 1.0101e+01 3.8492e+01
9.2973e+00 1.8242e+01 7.0394e+00 1.1922e+01 1.0112e+01 3.8478e+01
9.3750e+00 1.8280e+01 7.0975e+00 1.1982e+01 1.0127e+01 3.8471e+01
9.4561e+00 1.8327e+01 7.1570e+00 1.2040e+01 1.0146e+01 3.8472e+01
9.5405e+00 1.8384e+01 7.2179e+00 1.2098e+01 1.0169e+01 3.8479e+01
9.6279e+00 1.8449e+01 7.2800e+00 1.2155e+01 1.0195e+01 3.8492e+01
9.7181e+00 1.8525e+01 7.3430e+00 1.2211e+01 1.0225e+01 3.8511e+01
9.8110e+00 1.8611e+01 7.4071e+00 1.2268e+01 1.0257e+01 3.8536e+01
9.9060e+00 1.8708e+01 7.4716e+00 1.2324e+01 1.0293e+01 3.8566e+01
1.0003e+01 1.8817e+01 7.5366e+00 1.2381e+01 1.0331e+01 3.8601e+01
1.0101e+01 1.8936e+01 7.6014e+00 1.2438e+01 1.0371e+01 3.8638e+01
1.0200e+01 1.9067e+01 7.6658e+00 1.2496e+01 1.0413e+01 3.8680e+01
1.0299e+01 1.9208e+01 7.7294e+00 1.2554e+01 1.0456e+01 3.8725e+01
1.0398e+01 1.9361e+01 7.7920e+00 1.2613e+01 1.0501e+01 3.8773e+01
1.0496e+01 1.9524e+01 7.8534e+00 1.2673e+01 1.0547e+01 3.8826e+01
1.0594e+01 1.9697e+01 7.9135e+00 1.2733e+01 1.0594e+01 3.8883e+01
1.0690e+01 1.9881e+01 7.9721e+00 1.2795e+01 1.0643e+01 3.8946e+01
1.0784e+01 2.0075e+01 8.0289e+00 1.2857e+01 1.0691e+01 3.9015e+01
1.0877e+01 2.0277e+01 8.0842e+00 1.2920e+01 1.0741e+01 3.9092e+01
1.0968e+01 2.0489e+01 8.1376e+00 1.2983e+01 1.0791e+01 3.9178e+01
1.1057e+01 2.0710e+01 8.1895e+00 1.3049e+01 1.0842e+01 3.9273e+01
1.1144e+01 2.0938e+01 8.2396e+00 1.3115e+01 1.0894e+01 3.9380e+01
1.1229e+01 2.1174e+01 8.2880e+00 1.3182e+01 1.0947e+01 3.9499e+01
1.1313e+01 2.1418e+01 8.3348e+00 1.3250e+01 1.1001e+01 3.9632e+01
1.1395e+01 2.1668e+01 8.3802e+00 1.3320e+01 1.1056e+01 3.9780e+01
1.1476e+01 2.1924e+01 8.4241e+00 1.3391e+01 1.1112e+01 3.9944e+01
1.1556e+01 2.2186e+01 8.4667e+00 1.3463e+01 1.1170e+01 4.0124e+01
1.1634e+01 2.2452e+01 8.5079e+00 1.3535e+01 1.1228e+01 4.0321e+01
1.1712e+01 2.2723e+01 8.5481e+00 1.3610e+01 1.1289e+01 4.0538e+01
1.1788e+01 2.2996e+01 8.5869e+00 1.3685e+01 1.1351e+01 4.0771e+01
1.1865e+01 2.3272e+01 8.6248e+00 1.3761e+01 1.1415e+01 4.1024e+01
1.1940e+01 2.3550e+01 8.6616e+00 1.3838e+01 1.1480e+01 4.1295e+01
1.2015e+01 2.3829e+01 8.6975e+00 1.3916e+01 1.1547e+01 4.1586e+01
1.2090e+01 2.4108e+01 8.7326e+00 1.3995e+01 1.1617e+01 4.1896e+01
1.2165e+01 2.4386e+01 8.7669e+00 1.4075e+01 1.1688e+01 4.2224e+01
1.2239e+01 2.4663e+01 8.8008e+00 1.4156e+01 1.1761e+01 4.2570e+01
1.2313e+01 2.4939e+01 8.8341e+00 1.4237e+01 1.1837e+01 4.2934e+01
1.2388e+01 2.5212e+01 8.8672e+00 1.4320e+01 1.1915e+01 4.3316e+01
1.2463e+01 2.5482e+01 8.9002e+00 1.4404e+01 1.1996e+01 4.3714e+01
1.2538e+01 2.5748e+01 8.9332e+00 1.4489e+01 1.2079e+01 4.4129e+01
1.2614e+01 2.6009e+01 8.9660e+00 1.4575e+01 1.2165e+01 4.4558e+01
1.2691e+01 2.6266e+01 8.9991e+00 1.4663e+01 1.2254e+01 4.5002e+01
1.2768e+01 2.6516e+01 9.0322e+00 1.4752e+01 1.2345e+01 4.5459e+01
1.2845e+01 2.6761e+01 9.0657e+00 1.4842e+01 1.2439e+01 4.5929e+01
1.2924e+01 2.6999e+01 9.0995e+00 1.4933e+01 1.2537e+01 4.6411e+01
1.3003e+01 2.7230e+01 9.1336e+00 1.5027e+01 1.2637e+01 4.6904e+01
1.3083e+01 2.7453e+01 9.1683e+00 1.5122e+01 1.2741e+01 4.7406e+01
1.3163e+01 2.7669e+01 9.2034e+00 1.5218e+01 1.2848e+01 4.7918e+01
1.3245e+01 2.7876e+01 9.2392e+00 1.5317e+01 1.2958e+01 4.8439e+01
1.3327e+01 2.8075e+01 9.2757e+00 1.5418e+01 1.3072e+01 4.8968e+01
1.3410e+01 2.8266e+01 9.3128e+00 1.5522e+01 1.3189e+01 4.9505e+01
1.3493e+01 2.8447e+01 9.3507e+00 1.5627e+01 1.3310e+01 5.0049e+01
1.3578e+01 2.8618e+01 9.3894e+00 1.5735e+01 1.3435e+01 5.0600e+01
1.3663e+01 2.8781e+01 9.4291e+00 1.5846e+01 1.3563e+01 5.1159e+01
1.3750e+01 2.8933e+01 9.4695e+00 1.5959e+01 1.3695e+01 5.1723e+01
1.3837e+01 2.9076e+01 9.5108e+00 1.6075e+01 1.3831e+01 5.2295e+01
1.3926e+01 2.9208e+01 9.5532e+00 1.6193e+01 1.3971e+01 5.2873e+01
1.4015e+01 2.9330e+01 9.5966e+00 1.6315e+01 1.4115e+01 5.3458e+01
1.4106e+01 2.9443e+01 9.6411e+00 1.6439e+01 1.4264e+01 5.4050e+01
1.4198e+01 2.9545e+01 9.6868e+00 1.6566e+01 1.4416e+01 5.4650e+01
1.4291e+01 2.9637e+01 9.7336e+00 1.6695e+01 1.4573e+01 5.5257e+01
1.4385e+01 2.9719e+01 9.7816e+00 1.6827e+01 1.4734e+01 5.5872e+01
1.4481e+01 2.9792e+01 9.8308e+00 1.6961e+01 1.4900e+01 5.6497e+01
1.4579e+01 2.9856e+01 9.8814e+00 1.7097e+01 1.5070e+01 5.7132e+01
1.4677e+01 2.9911e+01 9.9333e+00 1.7236e+01 1.5244e+01 5.7777e+01
1.4777e+01 2.9958e+01 9.9866e+00 1.7377e+01 1.5423e+01 5.8435e+01
1.4879e+01 2.9996e+01 1.0041e+01 1.7519e+01 1.5607e+01 5.9106e+01
1.4982e+01 3.0026e+01 1.0097e+01 1.7665e+01 1.5795e+01 5.9791e+01
1.5087e+01 3.0049e+01 1.0155e+01 1.7812e+01 1.5987e+01 6.0491e+01
1.5194e+01 3.0065e+01 1.0214e+01 1.7962e+01 1.6184e+01 6.1209e+01
1.5303e+01 3.0073e+01 1.0274e+01 1.8114e+01 1.6385e+01 6.1945e+01
1.5413e+01 3.0075e+01 1.0336e+01 1.8267e+01 1.6591e+01 6.2701e+01
1.5525e+01 3.0072e+01 1.0400e+01 1.8423e+01 1.6801e+01 6.3478e+01
1.5639e+01 3.0062e+01 1.0465e+01 1.8580e+01 1.7015e+01 6.4278e+01
1.5754e+01 3.0048e+01 1.0532e+01 1.8738e+01 1.7233e+01 6.5103e+01
1.5872e+01 3.0029e+01 1.0600e+01 1.8898e+01 1.7455e+01 6.5953e+01
1.5992e+01 3.0005e+01 1.0670e+01 1.9058e+01 1.7681e+01 6.6832e+01
1.6114e+01 2.9977e+01 1.0742e+01 1.9220e+01 1.7911e+01 6.7741e+01
1.6239e+01 2.9946e+01 1.0815e+01 1.9383e+01 1.8144e+01 6.8681e+01
1.6366e+01 2.9912e+01 1.0890e+01 1.9546e+01 1.8381e+01 6.9654e+01
1.6495e+01 2.9875e+01 1.0967e+01 1.9710e+01 1.8622e+01 7.0661e+01
1.6626e+01 2.9836e+01 1.1045e+01 1.9873e+01 1.8866e+01 7.1705e+01
1.6761e+01 2.9795e+01 1.1125e+01 2.0037e+01 1.9114e+01 7.2786e+01
1.6897e+01 2.9753e+01 1.1206e+01 2.0201e+01 1.9364e+01 7.3908e+01
1.7037e+01 2.9710e+01 1.1290e+01 2.0364e+01 1.9618e+01 7.5070e+01
1.7179e+01 2.9667e+01 1.1374e+01 2.0526e+01 1.9875e+01 7.6275e+01
1.7324e+01 2.9623e+01 1.1461e+01 2.0688e+01 2.0135e+01 7.7524e+01
1.7472e+01 2.9580e+01 1.1550e+01 2.0849e+01 2.0397e+01 7.8814e+01
1.7623e+01 2.9537e+01 1.1640e+01 2.1008e+01 2.0662e+01 8.0145e+01
1.7777e+01 2.9495e+01 1.1732e+01 2.1166e+01 2.0929e+01 8.1518e+01
1.7933e+01 2.9454e+01 1.1826e+01 2.1322e+01 2.1198e+01 8.2936e+01
1.8093e+01 2.9414e+01 1.1922e+01 2.1476e+01 2.1469e+01 8.4398e+01
1.8255e+01 2.9376e+01 1.2020e+01 2.1629e+01 2.1742e+01 8.5905e+01
1.8420e+01 2.9338e+01 1.2120e+01 2.1778e+01 2.2016e+01 8.7459e+01
1.8588e+01 2.9303e+01 1.2222e+01 2.1926e+01 2.2292e+01 8.9062e+01
1.8758e+01 2.9269e+01 1.2326e+01 2.2071e+01 2.2568e+01 9.0717e+01
1.8931e+01 2.9238e+01 1.2432e+01 2.2213e+01 2.2846e+01 9.2424e+01
1.9106e+01 2.9209e+01 1.2541e+01 2.2352e+01 2.3124e+01 9.4185e+01
1.9283e+01 2.9181e+01 1.2651e+01 2.2488e+01 2.3403e+01 9.5998e+01
1.9464e+01 2.9156e+01 1.2764e+01 2.2620e+01 2.3683e+01 9.7863e+01
1.9647e+01 2.9134e+01 1.2878e+01 2.2750e+01 2.3962e+01 9.9781e+01
1.9833e+01 2.9113e+01 1.2995e+01 2.2875e+01 2.4242e+01 1.0175e+02
2.0021e+01 2.9095e+01 1.3114e+01 2.2997e+01 2.4522e+01 1.0377e+02
2.0212e+01 2.9079e+01 1.3236e+01 2.3115e+01 2.4803e+01 1.0584e+02
2.0406e+01 2.9065e+01 1.3360e+01 2.3230e+01 2.5083e+01 1.0795e+02
2.0601e+01 2.9054e+01 1.3486e+01 2.3340e+01 2.5362e+01 1.1010e+02
2.0798e+01 2.9045e+01 1.3614e+01 2.3447e+01 2.5642e+01 1.1229e+02
2.0997e+01 2.9038e+01 1.3744e+01 2.3549e+01 2.5921e+01 1.1451e+02
2.1197e+01 2.9034e+01 1.3877e+01 2.3648e+01 2.6200e+01 1.1677e+02
2.1400e+01 2.9033e+01 1.4013e+01 2.3742e+01 2.6478e+01 1.1905e+02
2.1605e+01 2.9033e+01 1.4151e+01 2.3833e+01 2.6756e+01 1.2135e+02
2.1812e+01 2.9036e+01 1.4291e+01 2.3920e+01 2.7034e+01 1.2367e+02
2.2021e+01 2.9042e+01 1.4433e+01 2.4003e+01 2.7312e+01 1.2598e+02
2.2232e+01 2.9049e+01 1.4578e+01 2.4082e+01 2.7590e+01 1.2826e+02
2.2445e+01 2.9059e+01 1.4725e+01 2.4157e+01 2.7866e+01 1.3050e+02
2.2660e+01 2.9071e+01 1.4875e+01 2.4229e+01 2.8143e+01 1.3270e+02
2.2876e+01 2.9084e+01 1.5026e+01 2.4297e+01 2.8419e+01 1.3484e+02
2.3094e+01 2.9100e+01 1.5180e+01 2.4361e+01 2.8694e+01 1.3692e+02
2.3314e+01 2.9117e+01 1.5336e+01 2.4423e+01 2.8969e+01 1.3892e+02
2.3535e+01 2.9136e+01 1.5494e+01 2.4481e+01 2.9244e+01 1.4083e+02
2.3758e+01 2.9157e+01 1.5654e+01 2.4535e+01 2.9519e+01 1.4263e+02
2.3982e+01 2.9179e+01 1.5816e+01 2.4587e+01 2.9793e+01 1.4431e+02
2.4208e+01 2.9203e+01 1.5980e+01 2.4636e+01 3.0066e+01 1.4589e+02
2.4435e+01 2.9228e+01 1.6145e+01 2.4683e+01 3.0340e+01 1.4735e+02
2.4663e+01 2.9254e+01 1.6313e+01 2.4726e+01 3.0613e+01 1.4869e+02
2.4893e+01 2.9281e+01 1.6482e+01 2.4768e+01 3.0886e+01 1.4991e+02
2.5124e+01 2.9308e+01 1.6652e+01 2.4807e+01 3.1158e+01 1.5099e+02
2.5356e+01 2.9337e+01 1.6824e+01 2.4843e+01 3.1430e+01 1.5193e+02
2.5589e+01 2.9366e+01 1.6997e+01 2.4878e+01 3.1702e+01 1.5274e+02
2.5823e+01 2.9396e+01 1.7172e+01 2.4911e+01 3.1973e+01 1.5342e+02
2.6058e+01 2.9427e+01 1.7347e+01 2.4942e+01 3.2244e+01 1.5398e+02
2.6293e+01 2.9458e+01 1.7523e+01 2.4971e+01 3.2514e+01 1.5441e+02
2.6530e+01 2.9489e+01 1.7700e+01 2.4999e+01 3.2783e+01 1.5473e+02
2.6766e+01 2.9521e+01 1.7877e+01 2.5026e+01 3.3051e+01 1.5494e+02
2.7003e+01 2.9552e+01 1.8054e+01 2.5051e+01 3.3317e+01 1.5505e+02
2.7241e+01 2.9584e+01 1.8232e+01 2.5076e+01 3.3583e+01 1.5505e+02
2.7478e+01 2.9616e+01 1.8409e+01 2.5099e+01 3.3847e+01 1.5497e+02
2.7715e+01 2.9647e+01 1.8586e+01 2.5121e+01 3.4110e+01 1.5479e+02
2.7952e+01 2.9679e+01 1.8762e+01 2.5142e+01 3.4370e+01 1.5452e+02
2.8188e+01 2.9710e+01 1.8938e+01 2.5163e+01 3.4628e+01 1.5417e+02
2.8423e+01 2.9741e+01 1.9112e+01 2.5182e+01 3.4883e+01 1.5374e+02
2.8657e+01 2.9772e+01 1.9286e+01 2.5201e+01 3.5136e+01 1.5322e+02
2.8890e+01 2.9801e+01 1.9458e+01 2.5219e+01 3.5386e+01 1.5262e+02
2.9122e+01 2.9831e+01 1.9628e+01 2.5237e+01 3.5633e+01 1.5196e+02
2.9352e+01 2.9859e+01 1.9797e+01 2.5253e+01 3.5876e+01 1.5123e+02
2.9581e+01 2.9886e+01 1.9964e+01 2.5269e+01 3.6116e+01 1.5043e+02
2.9807e+01 2.9911e+01 2.0128e+01 2.5284e+01 3.6352e+01 1.4959e+02
3.0031e+01 2.9936e+01 2.0290e+01 2.5298e+01 3.6585e+01 1.4869e+02
3.0252e+01 2.9958e+01 2.0449e+01 2.5312e+01 3.6813e+01 1.4775e+02
3.0471e+01 2.9979e+01 2.0606e+01 2.5324e+01 3.7037e+01 1.4675e+02
3.0686e+01 2.9997e+01 2.0759e+01 2.5336e+01 3.7256e+01 1.4571e+02
3.0899e+01 3.0013e+01 2.0909e+01 2.5346e+01 3.7470e+01 1.4462e+02
3.1107e+01 3.0025e+01 2.1055e+01 2.5354e+01 3.7680e+01 1.4349e+02
3.1312e+01 3.0034e+01 2.1198e+01 2.5361e+01 3.7883e+01 1.4231e+02
3.1512e+01 3.0040e+01 2.1337e+01 2.5367e+01 3.8082e+01 1.4108e+02
3.1708e+01 3.0040e+01 2.1471e+01 2.5370e+01 3.8274e+01 1.3978e+02
3.1898e+01 3.0037e+01 2.1601e+01 2.5371e+01 3.8459e+01 1.3842e+02
3.2084e+01 3.0028e+01 2.1727e+01 2.5370e+01 3.8639e+01 1.3697e+02
3.2264e+01 3.0014e+01 2.1847e+01 2.5367e+01 3.8811e+01 1.3544e+02
3.2438e+01 2.9995e+01 2.1962e+01 2.5360e+01 3.8976e+01 1.3382e+02
3.2606e+01 2.9971e+01 2.2073e+01 2.5350e+01 3.9133e+01 1.3211e+02
3.2768e+01 2.9942e+01 2.2177e+01 2.5337e+01 3.9282e+01 1.3034e+02
3.2923e+01 2.9908e+01 2.2276e+01 2.5321e+01 3.9424e+01 1.2850e+02
3.3071e+01 2.9869e+01 2.2370e+01 2.5300e+01 3.9557e+01 1.2661e+02
3.3212e+01 2.9826e+01 2.2457e+01 2.5276e+01 3.9682e+01 1.2468e+02
3.3346e+01 2.9779e+01 2.2539e+01 2.5247e+01 3.9798e+01 1.2271e+02
3.3472e+01 2.9729e+01 2.2614e+01 2.5213e+01 3.9905e+01 1.2071e+02
3.3590e+01 2.9676e+01 2.2683e+01 2.5175e+01 4.0003e+01 1.1870e+02
3.3701e+01 2.9621e+01 2.2746e+01 2.5133e+01 4.0092e+01 1.1668e+02
3.3804e+01 2.9564e+01 2.2803e+01 2.5085e+01 4.0172e+01 1.1465e+02
3.3899e+01 2.9506e+01 2.2854e+01 2.5033e+01 4.0243e+01 1.1262e+02
3.3986e+01 2.9447e+01 2.2899e+01 2.4975e+01 4.0305e+01 1.1061e+02
3.4066e+01 2.9387e+01 2.2938e+01 2.4914e+01 4.0358e+01 1.0860e+02
3.4139e+01 2.9328e+01 2.2971e+01 2.4847e+01 4.0402e+01 1.0662e+02
3.4206e+01 2.9268e+01 2.3000e+01 2.4777e+01 4.0438e+01 1.0466e+02
3.4266e+01 2.9210e+01 2.3023e+01 2.4702e+01 4.0466e+01 1.0273e+02
3.4321e+01 2.9152e+01 2.3042e+01 2.4624e+01 4.0485e+01 1.0082e+02
3.4371e+01 2.9094e+01 2.3057e+01 2.4542e+01 4.0498e+01 9.8954e+01
3.4416e+01 2.9038e+01 2.3069e+01 2.4458e+01 4.0505e+01 9.7123e+01
3.4459e+01 2.8982e+01 2.3079e+01 2.4371e+01 4.0506e+01 9.5334e+01
3.4499e+01 2.8927e+01 2.3086e+01 2.4282e+01 4.0502e+01 9.3588e+01
3.4539e+01 2.8873e+01 2.3092e+01 2.4192e+01 4.0494e+01 9.1888e+01
3.4578e+01 2.8820e+01 2.3098e+01 2.4101e+01 4.0483e+01 9.0237e+01
3.4619e+01 2.8766e+01 2.3104e+01 2.4009e+01 4.0470e+01 8.8636e+01
3.4661e+01 2.8714e+01 2.3112e+01 2.3918e+01 4.0456e+01 8.7087e+01
3.4706e+01 2.8661e+01 2.3120e+01 2.3827e+01 4.0440e+01 8.5590e+01
3.4756e+01 2.8609e+01 2.3132e+01 2.3737e+01 4.0425e+01 8.4146e+01
3.4810e+01 2.8556e+01 2.3146e+01 2.3649e+01 4.0411e+01 8.2756e+01
3.4870e+01 2.8503e+01 2.3164e+01 2.3562e+01 4.0397e+01 8.1418e+01
3.4935e+01 2.8449e+01 2.3186e+01 2.3478e+01 4.0385e+01 8.0134e+01
3.5008e+01 2.8393e+01 2.3212e+01 2.3396e+01 4.0374e+01 7.8902e+01
3.5088e+01 2.8337e+01 2.3243e+01 2.3316e+01 4.0365e+01 7.7721e+01
3.5175e+01 2.8278e+01 2.3278e+01 2.3240e+01 4.0358e+01 7.6590e+01
3.5269e+01 2.8218e+01 2.3319e+01 2.3167e+01 4.0354e+01 7.5509e+01
3.5372e+01 2.8157e+01 2.3366e+01 2.3097e+01 4.0352e+01 7.4475e+01
3.5481e+01 2.8093e+01 2.3417e+01 2.3030e+01 4.0352e+01 7.3487e+01
3.5598e+01 2.8027e+01 2.3474e+01 2.2966e+01 4.0355e+01 7.2544e+01
3.5722e+01 2.7959e+01 2.3536e+01 2.2906e+01 4.0361e+01 7.1644e+01
3.5853e+01 2.7889e+01 2.3603e+01 2.2850e+01 4.0369e+01 7.0785e+01
3.5991e+01 2.7816e+01 2.3675e+01 2.2796e+01 4.0379e+01 6.9966e+01
3.6135e+01 2.7741e+01 2.3752e+01 2.2746e+01 4.0392e+01 6.9184e+01
3.6285e+01 2.7665e+01 2.3834e+01 2.2699e+01 4.0406e+01 6.8439e+01
3.6440e+01 2.7586e+01 2.3920e+01 2.2656e+01 4.0422e+01 6.7729e+01
3.6601e+01 2.7505e+01 2.4010e+01 2.2615e+01 4.0441e+01 6.7052e+01
3.6766e+01 2.7422e+01 2.4104e+01 2.2577e+01 4.0461e+01 6.6407e+01
3.6935e+01 2.7337e+01 2.4203e+01 2.2542e+01 4.0484e+01 6.5793e+01
3.7109e+01 2.7251e+01 2.4305e+01 2.2510e+01 4.0508e+01 6.5208e+01
3.7287e+01 2.7163e+01 2.4410e+01 2.2481e+01 4.0535e+01 6.4651e+01
3.7468e+01 2.7073e+01 2.4519e+01 2.2454e+01 4.0562e+01 6.4121e+01
3.7652e+01 2.6982e+01 2.4631e+01 2.2429e+01 4.0592e+01 6.3617e+01
3.7838e+01 2.6890e+01 2.4745e+01 2.2407e+01 4.0623e+01 6.3139e+01
3.8027e+01 2.6797e+01 2.4863e+01 2.2386e+01 4.0655e+01 6.2684e+01
3.8218e+01 2.6703e+01 2.4982e+01 2.2368e+01 4.0689e+01 6.2253e+01
3.8411e+01 2.6608e+01 2.5105e+01 2.2352e+01 4.0725e+01 6.1844e+01
3.8604e+01 2.6513e+01 2.5229e+01 2.2337e+01 4.0761e+01 6.1457e+01
3.8799e+01 2.6417e+01 2.5356e+01 2.2324e+01 4.0799e+01 6.1090e+01
3.8995e+01 2.6321e+01 2.5485e+01 2.2313e+01 4.0839e+01 6.0743e+01
3.9191e+01 2.6225e+01 2.5616e+01 2.2302e+01 4.0879e+01 6.0416e+01
3.9387e+01 2.6129e+01 2.5748e+01 2.2294e+01 4.0920e+01 6.0107e+01
3.9583e+01 2.6033e+01 2.5882e+01 2.2286e+01 4.0962e+01 5.9817e+01
3.9779e+01 2.5937e+01 2.6018e+01 2.2280e+01 4.1005e+01 5.9543e+01
3.9973e+01 2.5841e+01 2.6155e+01 2.2275e+01 4.1049e+01 5.9287e+01
4.0165e+01 2.5745e+01 2.6293e+01 2.2271e+01 4.1093e+01 5.9047e+01
4.0355e+01 2.5650e+01 2.6433e+01 2.2267e+01 4.1137e+01 5.8822e+01
4.0544e+01 2.5555e+01 2.6575e+01 2.2265e+01 4.1183e+01 5.8613e+01
4.0729e+01 2.5460e+01 2.6717e+01 2.2263e+01 4.1229e+01 5.8418e+01
4.0912e+01 2.5367e+01 2.6861e+01 2.2262e+01 4.1276e+01 5.8239e+01
4.1093e+01 2.5274e+01 2.7006e+01 2.2262e+01 4.1323e+01 5.8073e+01
4.1270e+01 2.5181e+01 2.7153e+01 2.2262e+01 4.1372e+01 5.7922e+01
4.1445e+01 2.5089e+01 2.7300e+01 2.2263e+01 4.1421e+01 5.7784e+01
4.1616e+01 2.4999e+01 2.7449e+01 2.2264e+01 4.1471e+01 5.7659e+01
4.1783e+01 2.4909e+01 2.7599e+01 2.2266e+01 4.1522e+01 5.7547e+01
4.1946e+01 2.4819e+01 2.7750e+01 2.2269e+01 4.1574e+01 5.7448e+01
4.2104e+01 2.4731e+01 2.7903e+01 2.2271e+01 4.1628e+01 5.7361e+01
4.2258e+01 2.4644e+01 2.8056e+01 2.2275e+01 4.1682e+01 5.7287e+01
4.2406e+01 2.4558e+01 2.8210e+01 2.2278e+01 4.1738e+01 5.7225e+01
4.2549e+01 2.4472e+01 2.8365e+01 2.2282e+01 4.1795e+01 5.7174e+01
4.2686e+01 2.4388e+01 2.8521e+01 2.2287e+01 4.1853e+01 5.7136e+01
4.2819e+01 2.4305e+01 2.8679e+01 2.2291e+01 4.1912e+01 5.7110e+01
4.2947e+01 2.4223e+01 2.8837e+01 2.2296e+01 4.1973e+01 5.7095e+01
4.3069e+01 2.4143e+01 2.8996e+01 2.2302e+01 4.2034e+01 5.7092e+01
4.3186e+01 2.4063e+01 2.9156e+01 2.2308e+01 4.2097e+01 5.7100e+01
4.3297e+01 2.3985e+01 2.9317e+01 2.2314e+01 4.2159e+01 5.7120e+01
4.3403e+01 2.3908e+01 2.9480e+01 2.2320e+01 4.2223e+01 5.7152e+01
4.3503e+01 2.3832e+01 2.9643e+01 2.2327e+01 4.2286e+01 5.7194e+01
4.3598e+01 2.3758e+01 2.9807e+01 2.2335e+01 4.2351e+01 5.7248e+01
4.3688e+01 2.3685e+01 2.9973e+01 2.2343e+01 4.2415e+01 5.7314e+01
4.3774e+01 2.3614e+01 3.0139e+01 2.2351e+01 4.2481e+01 5.7391e+01
4.3853e+01 2.3544e+01 3.0306e+01 2.2359e+01 4.2546e+01 5.7479e+01
4.3927e+01 2.3475e+01 3.0474e+01 2.2368e+01 4.2613e+01 5.7579e+01
4.3995e+01 2.3408e+01 3.0642e+01 2.2378e+01 4.2680e+01 5.7691e+01
4.4056e+01 2.3342e+01 3.0811e+01 2.2388e+01 4.2747e+01 5.7814e+01
4.4111e+01 2.3278e+01 3.0981e+01 2.2398e+01 4.2816e+01 5.7950e+01
4.4159e+01 2.3215e+01 3.1151e+01 2.2409e+01 4.2884e+01 5.8097e+01
4.4199e+01 2.3154e+01 3.1321e+01 2.2421e+01 4.2954e+01 5.8255e+01
4.4232e+01 2.3094e+01 3.1491e+01 2.2433e+01 4.3023e+01 5.8426e+01
4.4256e+01 2.3036e+01 3.1661e+01 2.2445e+01 4.3093e+01 5.8608e+01
4.4272e+01 2.2979e+01 3.1831e+01 2.2458e+01 4.3162e+01 5.8802e+01
4.4279e+01 2.2924e+01 3.2001e+01 2.2471e+01 4.3232e+01 5.9007e+01
4.4277e+01 2.2870e+01 3.2170e+01 2.2484e+01 4.3301e+01 5.9225e+01
4.4264e+01 2.2818e+01 3.2338e+01 2.2498e+01 4.3370e+01 5.9454e+01
4.4240e+01 2.2767e+01 3.2506e+01 2.2513e+01 4.3438e+01 5.9695e+01
4.4206e+01 2.2718e+01 3.2672e+01 2.2527e+01 4.3506e+01 5.9947e+01
4.4160e+01 2.2671e+01 3.2838e+01 2.2542e+01 4.3574e+01 6.0211e+01
4.4103e+01 2.2625e+01 3.3002e+01 2.2557e+01 4.3641e+01 6.0485e+01
4.4034e+01 2.2580e+01 3.3165e+01 2.2572e+01 4.3706e+01 6.0771e+01
4.3955e+01 2.2537e+01 3.3325e+01 2.2587e+01 4.3771e+01 6.1068e+01
4.3864e+01 2.2495e+01 3.3484e+01 2.2603e+01 4.3835e+01 6.1375e+01
4.3763e+01 2.2455e+01 3.3641e+01 2.2618e+01 4.3898e+01 6.1692e+01
4.3653e+01 2.2418e+01 3.3799e+01 2.2635e+01 4.3964e+01 6.2024e+01
4.3546e+01 2.2389e+01 3.3964e+01 2.2659e+01 4.4042e+01 6.2387e+01
4.3439e+01 2.2367e+01 3.4137e+01 2.2688e+01 4.4130e+01 6.2777e+01
4.3330e+01 2.2353e+01 3.4315e+01 2.2723e+01 4.4228e+01 6.3192e+01
4.3219e+01 2.2344e+01 3.4497e+01 2.2762e+01 4.4334e+01 6.3630e+01
4.3104e+01 2.2340e+01 3.4683e+01 2.2805e+01 4.4447e+01 6.4090e+01
4.2986e+01 2.2341e+01 3.4871e+01 2.2851e+01 4.4565e+01 6.4569e+01
4.2862e+01 2.2346e+01 3.5060e+01 2.2899e+01 4.4688e+01 6.5065e+01
4.2733e+01 2.2355e+01 3.5250e+01 2.2949e+01 4.4814e+01 6.5578e+01
4.2598e+01 2.2367e+01 3.5439e+01 2.3001e+01 4.4944e+01 6.6106e+01
4.2458e+01 2.2382e+01 3.5628e+01 2.3053e+01 4.5075e+01 6.6647e+01
4.2311e+01 2.2399e+01 3.5815e+01 2.3106e+01 4.5207e+01 6.7200e+01
4.2160e+01 2.2419e+01 3.5999e+01 2.3159e+01 4.5340e+01 6.7764e+01
4.2003e+01 2.2441e+01 3.6182e+01 2.3212e+01 4.5474e+01 6.8337e+01
4.1842e+01 2.2465e+01 3.6361e+01 2.3264e+01 4.5607e+01 6.8920e+01
4.1677e+01 2.2490e+01 3.6537e+01 2.3315e+01 4.5738e+01 6.9509e+01
4.1507e+01 2.2516e+01 3.6709e+01 2.3365e+01 4.5869e+01 7.0106e+01
4.1334e+01 2.2544e+01 3.6877e+01 2.3413e+01 4.5998e+01 7.0708e+01
4.1156e+01 2.2572e+01 3.7041e+01 2.3461e+01 4.6126e+01 7.1315e+01
4.0976e+01 2.2601e+01 3.7201e+01 2.3506e+01 4.6251e+01 7.1927e+01
4.0792e+01 2.2631e+01 3.7356e+01 2.3549e+01 4.6374e+01 7.2543e+01
4.0606e+01 2.2662e+01 3.7506e+01 2.3590e+01 4.6494e+01 7.3161e+01
4.0417e+01 2.2692e+01 3.7651e+01 2.3629e+01 4.6612e+01 7.3781e+01
4.0227e+01 2.2724e+01 3.7791e+01 2.3665e+01 4.6728e+01 7.4402e+01
4.0034e+01 2.2755e+01 3.7926e+01 2.3699e+01 4.6840e+01 7.5025e+01
3.9840e+01 2.2787e+01 3.8055e+01 2.3730e+01 4.6950e+01 7.5648e+01
3.9645e+01 2.2819e+01 3.8179e+01 2.3759e+01 4.7057e+01 7.6270e+01
3.9449e+01 2.2851e+01 3.8297e+01 2.3785e+01 4.7160e+01 7.6892e+01
3.9252e+01 2.2883e+01 3.8410e+01 2.3808e+01 4.7261e+01 7.7513e+01
3.9055e+01 2.2914e+01 3.8517e+01 2.3829e+01 4.7359e+01 7.8131e+01
3.8858e+01 2.2946e+01 3.8619e+01 2.3846e+01 4.7454e+01 7.8748e+01
3.8661e+01 2.2977e+01 3.8715e+01 2.3861e+01 4.7546e+01 7.9362e+01
3.8464e+01 2.3009e+01 3.8806e+01 2.3873e+01 4.7635e+01 7.9973e+01
3.8268e+01 2.3040e+01 3.8892e+01 2.3882e+01 4.7721e+01 8.0581e+01
3.8072e+01 2.3070e+01 3.8973e+01 2.3888e+01 4.7804e+01 8.1185e+01
3.7878e+01 2.3101e+01 3.9048e+01 2.3891e+01 4.7884e+01 8.1785e+01
3.7684e+01 2.3131e+01 3.9119e+01 2.3892e+01 4.7962e+01 8.2381e+01
3.7491e+01 2.3161e+01 3.9184e+01 2.3889e+01 4.8036e+01 8.2973e+01
3.7299e+01 2.3191e+01 3.9245e+01 2.3885e+01 4.8108e+01 8.3559e+01
3.7108e+01 2.3220e+01 3.9301e+01 2.3877e+01 4.8178e+01 8.4141e+01
3.6919e+01 2.3249e+01 3.9353e+01 2.3866e+01 4.8244e+01 8.4717e+01
3.6730e+01 2.3277e+01 3.9400e+01 2.3853e+01 4.8308e+01 8.5288e+01
3.6544e+01 2.3305e+01 3.9443e+01 2.3838e+01 4.8370e+01 8.5852e+01
3.6359e+01 2.3332e+01 3.9482e+01 2.3820e+01 4.8429e+01 8.6411e+01
3.6176e+01 2.3359e+01 3.9517e+01 2.3799e+01 4.8486e+01 8.6962e+01
3.5995e+01 2.3386e+01 3.9548e+01 2.3776e+01 4.8540e+01 8.7507e+01
3.5816e+01 2.3412e+01 3.9576e+01 2.3751e+01 4.8593e+01 8.8045e+01
3.5640e+01 2.3438e+01 3.9599e+01 2.3724e+01 4.8643e+01 8.8575e+01
3.5465e+01 2.3463e+01 3.9620e+01 2.3694e+01 4.8692e+01 8.9098e+01
3.5292e+01 2.3488e+01 3.9637e+01 2.3662e+01 4.8739e+01 8.9613e+01
3.5122e+01 2.3513e+01 3.9651e+01 2.3628e+01 4.8784e+01 9.0120e+01
3.4954e+01 2.3537e+01 3.9662e+01 2.3593e+01 4.8828e+01 9.0618e+01
3.4788e+01 2.3560e+01 3.9670e+01 2.3555e+01 4.8870e+01 9.1107e+01
3.4624e+01 2.3583e+01 3.9674e+01 2.3516e+01 4.8911e+01 9.1588e+01
3.4462e+01 2.3606e+01 3.9677e+01 2.3474e+01 4.8951e+01 9.2059e+01
3.4303e+01 2.3628e+01 3.9676e+01 2.3431e+01 4.8989e+01 9.2521e+01
3.4147e+01 2.3649e+01 3.9673e+01 2.3387e+01 4.9026e+01 9.2973e+01
3.3993e+01 2.3670e+01 3.9668e+01 2.3341e+01 4.9063e+01 9.3416e+01
3.3841e+01 2.3691e+01 3.9660e+01 2.3293e+01 4.9098e+01 9.3849e+01
3.3692e+01 2.3711e+01 3.9650e+01 2.3244e+01 4.9133e+01 9.4271e+01
3.3546e+01 2.3731e+01 3.9638e+01 2.3194e+01 4.9167e+01 9.4682e+01
3.3402e+01 2.3750e+01 3.9624e+01 2.3142e+01 4.9199e+01 9.5083e+01
3.3261e+01 2.3768e+01 3.9608e+01 2.3089e+01 4.9231e+01 9.5473e+01
3.3122e+01 2.3787e+01 3.9590e+01 2.3035e+01 4.9263e+01 9.5853e+01
3.2986e+01 2.3804e+01 3.9571e+01 2.2980e+01 4.9293e+01 9.6222e+01
3.2853e+01 2.3821e+01 3.9550e+01 2.2924e+01 4.9323e+01 9.6580e+01
3.2723e+01 2.3838e+01 3.9528e+01 2.2867e+01 4.9352e+01 9.6925e+01
3.2596e+01 2.3854e+01 3.9504e+01 2.2809e+01 4.9381e+01 9.7260e+01
3.2471e+01 2.3870e+01 3.9479e+01 2.2750e+01 4.9409e+01 9.7583e+01
3.2349e+01 2.3885e+01 3.9453e+01 2.2691e+01 4.9437e+01 9.7894e+01
3.2229e+01 2.3900e+01 3.9426e+01 2.2631e+01 4.9464e+01 9.8193e+01
3.2113e+01 2.3915e+01 3.9397e+01 2.2570e+01 4.9491e+01 9.8480e+01
3.1999e+01 2.3929e+01 3.9368e+01 2.2508e+01 4.9518e+01 9.8755e+01
3.1887e+01 2.3943e+01 3.9338e+01 2.2446e+01 4.9544e+01 9.9017e+01
3.1779e+01 2.3956e+01 3.9307e+01 2.2383e+01 4.9570e+01 9.9266e+01
3.1673e+01 2.3969e+01 3.9276e+01 2.2320e+01 4.9595e+01 9.9503e+01
3.1569e+01 2.3981e+01 3.9243e+01 2.2257e+01 4.9620e+01 9.9727e+01
3.1468e+01 2.3994e+01 3.9211e+01 2.2193e+01 4.9645e+01 9.9938e+01
3.1370e+01 2.4005e+01 3.9177e+01 2.2129e+01 4.9670e+01 1.0014e+02
3.1274e+01 2.4017e+01 3.9144e+01 2.2065e+01 4.9694e+01 1.0032e+02
3.1180e+01 2.4028e+01 3.9110e+01 2.2000e+01 4.9718e+01 1.0050e+02
3.1089e+01 2.4039e+01 3.9075e+01 2.1935e+01 4.9741e+01 1.0067e+02
3.1001e+01 2.4049e+01 3.9040e+01 2.1870e+01 4.9765e+01 1.0082e+02
3.0914e+01 2.4059e+01 3.9005e+01 2.1804e+01 4.9787e+01 1.0096e+02
3.0831e+01 2.4069e+01 3.8970e+01 2.1739e+01 4.9810e+01 1.0109e+02
3.0749e+01 2.4078e+01 3.8934e+01 2.1673e+01 4.9832e+01 1.0122e+02
3.0670e+01 2.4088e+01 3.8899e+01 2.1608e+01 4.9854e+01 1.0133e+02
3.0592e+01 2.4097e+01 3.8863e+01 2.1542e+01 4.9875e+01 1.0143e+02
3.0517e+01 2.4105e+01 3.8827e+01 2.1477e+01 4.9896e+01 1.0151e+02
3.0444e+01 2.4114e+01 3.8791e+01 2.1411e+01 4.9916e+01 1.0159e+02
3.0374e+01 2.4122e+01 3.8755e+01 2.1346e+01 4.9936e+01 1.0167e+02
3.0305e+01 2.4131e+01 3.8718e+01 2.1280e+01 4.9955e+01 1.0173e+02
3.0238e+01 2.4139e+01 3.8682e+01 2.1215e+01 4.9974e+01 1.0178e+02
3.0174e+01 2.4147e+01 3.8646e+01 2.1150e+01 4.9992e+01 1.0183e+02
3.0111e+01 2.4155e+01 3.8610e+01 2.1085e+01 5.0008e+01 1.0187e+02
3.0050e+01 2.4162e+01 3.8573e+01 2.1020e+01 5.0025e+01 1.0190e+02
2.9991e+01 2.4170e+01 3.8537e+01 2.0955e+01 5.0040e+01 1.0193e+02
2.9934e+01 2.4178e+01 3.8501e+01 2.0891e+01 5.0054e+01 1.0195e+02
2.9878e+01 2.4185e+01 3.8465e+01 2.0827e+01 5.0067e+01 1.0196e+02
2.9825e+01 2.4192e+01 3.8428e+01 2.0763e+01 5.0079e+01 1.0197e+02
2.9773e+01 2.4200e+01 3.8392e+01 2.0699e+01 5.0089e+01 1.0197e+02
2.9722e+01 2.4207e+01 3.8356e+01 2.0636e+01 5.0099e+01 1.0196e+02
2.9674e+01 2.4214e+01 3.8320e+01 2.0572e+01 5.0108e+01 1.0196e+02
2.9626e+01 2.4222e+01 3.8284e+01 2.0509e+01 5.0115e+01 1.0195e+02
2.9581e+01 2.4229e+01 3.8248e+01 2.0447e+01 5.0122e+01 1.0194e+02
2.9537e+01 2.4236e+01 3.8211e+01 2.0384e+01 5.0127e+01 1.0192e+02
2.9494e+01 2.4244e+01 3.8175e+01 2.0322e+01 5.0130e+01 1.0190e+02
2.9453e+01 2.4251e+01 3.8138e+01 2.0260e+01 5.0133e+01 1.0189e+02
2.9413e+01 2.4258e+01 3.8101e+01 2.0199e+01 5.0134e+01 1.0187e+02
2.9374e+01 2.4266e+01 3.8064e+01 2.0137e+01 5.0133e+01 1.0185e+02
2.9337e+01 2.4273e+01 3.8027e+01 2.0077e+01 5.0132e+01 1.0183e+02
2.9301e+01 2.4280e+01 3.7990e+01 2.0016e+01 5.0130e+01 1.0181e+02
2.9267e+01 2.4288e+01 3.7953e+01 1.9956e+01 5.0126e+01 1.0179e+02
2.9233e+01 2.4295e+01 3.7915e+01 1.9896e+01 5.0121e+01 1.0178e+02
2.9201e+01 2.4302e+01 3.7878e+01 1.9836e+01 5.0115e+01 1.0176e+02
2.9170e+01 2.4310e+01 3.7840e+01 1.9777e+01 5.0109e+01 1.0175e+02
2.9140e+01 2.4317e+01 3.7802e+01 1.9718e+01 5.0101e+01 1.0174e+02
2.9111e+01 2.4325e+01 3.7763e+01 1.9660e+01 5.0092e+01 1.0173e+02
2.9083e+01 2.4332e+01 3.7725e+01 1.9601e+01 5.0082e+01 1.0172e+02
2.9056e+01 2.4340e+01 3.7686e+01 1.9543e+01 5.0071e+01 1.0172e+02
2.9030e+01 2.4347e+01 3.7647e+01 1.9485e+01 5.0059e+01 1.0172e+02
2.9005e+01 2.4355e+01 3.7608e+01 1.9428e+01 5.0046e+01 1.0172e+02
2.8981e+01 2.4363e+01 3.7569e+01 1.9371e+01 5.0032e+01 1.0173e+02
2.8958e+01 2.4370e+01 3.7530e+01 1.9314e+01 5.0017e+01 1.0174e+02
2.8935e+01 2.4378e+01 3.7490e+01 1.9257e+01 5.0001e+01 1.0175e+02
2.8914e+01 2.4386e+01 3.7450e+01 1.9201e+01 4.9984e+01 1.0177e+02
2.8893e+01 2.4394e+01 3.7410e+01 1.9145e+01 4.9966e+01 1.0180e+02
2.8874e+01 2.4402e+01 3.7370e+01 1.9089e+01 4.9947e+01 1.0183e+02
2.8855e+01 2.4410e+01 3.7330e+01 1.9033e+01 4.9928e+01 1.0186e+02
2.8837e+01 2.4419e+01 3.7289e+01 1.8977e+01 4.9907e+01 1.0190e+02
2.8819e+01 2.4427e+01 3.7248e+01 1.8922e+01 4.9885e+01 1.0195e+02
2.8803e+01 2.4435e+01 3.7207e+01 1.8867e+01 4.9863e+01 1.0200e+02
2.8787e+01 2.4444e+01 3.7166e+01 1.8812e+01 4.9839e+01 1.0206e+02
2.8772e+01 2.4452e+01 3.7124e+01 1.8757e+01 4.9815e+01 1.0212e+02
2.8757e+01 2.4461e+01 3.7082e+01 1.8703e+01 4.9790e+01 1.0219e+02
2.8743e+01 2.4470e+01 3.7040e+01 1.8648e+01 4.9763e+01 1.0227e+02
2.8730e+01 2.4478e+01 3.6997e+01 1.8594e+01 4.9736e+01 1.0236e+02
2.8717e+01 2.4487e+01 3.6954e+01 1.8540e+01 4.9709e+01 1.0245e+02
2.8705e+01 2.4496e+01 3.6911e+01 1.8486e+01 4.9680e+01 1.0255e+02
2.8694e+01 2.4505e+01 3.6867e+01 1.8433e+01 4.9650e+01 1.0265e+02
2.8683e+01 2.4514e+01 3.6824e+01 1.8379e+01 4.9620e+01 1.0276e+02
2.8673e+01 2.4523e+01 3.6779e+01 1.8325e+01 4.9589e+01 1.0288e+02
2.8664e+01 2.4532e+01 3.6735e+01 1.8272e+01 4.9558e+01 1.0300e+02
2.8655e+01 2.4542e+01 3.6690e+01 1.8219e+01 4.9525e+01 1.0314e+02
2.8646e+01 2.4551e+01 3.6645e+01 1.8166e+01 4.9492e+01 1.0328e+02
2.8639e+01 2.4560e+01 3.6599e+01 1.8113e+01 4.9458e+01 1.0342e+02
2.8631e+01 2.4569e+01 3.6553e+01 1.8059e+01 4.9424e+01 1.0358e+02
2.8624e+01 2.4579e+01 3.6507e+01 1.8007e+01 4.9389e+01 1.0374e+02
2.8618e+01 2.4588e+01 3.6461e+01 1.7954e+01 4.9353e+01 1.0391e+02
2.8612e+01 2.4598e+01 3.6414e+01 1.7901e+01 4.9317e+01 1.0409e+02
2.8607e+01 2.4607e+01 3.6367e+01 1.7848e+01 4.9280e+01 1.0428e+02
2.8608e+01 2.4622e+01 3.6326e+01 1.7799e+01 4.9252e+01 1.0450e+02
2.8614e+01 2.4641e+01 3.6292e+01 1.7753e+01 4.9233e+01 1.0474e+02
2.8627e+01 2.4665e+01 3.6264e+01 1.7711e+01 4.9222e+01 1.0502e+02
2.8645e+01 2.4693e+01 3.6242e+01 1.7671e+01 4.9219e+01 1.0532e+02
2.8667e+01 2.4725e+01 3.6225e+01 1.7634e+01 4.9222e+01 1.0565e+02
2.8694e+01 2.4761e+01 3.6212e+01 1.7599e+01 4.9232e+01 1.0600e+02
2.8724e+01 2.4799e+01 3.6203e+01 1.7566e+01 4.9247e+01 1.0638e+02
2.8759e+01 2.4841e+01 3.6198e+01 1.7535e+01 4.9267e+01 1.0677e+02
2.8796e+01 2.4885e+01 3.6196e+01 1.7506e+01 4.9291e+01 1.0719e+02
2.8837e+01 2.4932e+01 3.6198e+01 1.7478e+01 4.9320e+01 1.0763e+02
2.8881e+01 2.4981e+01 3.6202e+01 1.7452e+01 4.9352e+01 1.0809e+02
2.8927e+01 2.5032e+01 3.6209e+01 1.7427e+01 4.9387e+01 1.0857e+02
2.8976e+01 2.5085e+01 3.6218e+01 1.7403e+01 4.9426e+01 1.0907e+02
2.9028e+01 2.5140e+01 3.6229e+01 1.7380e+01 4.9467e+01 1.0959e+02
2.9081e+01 2.5196e+01 3.6242e+01 1.7358e+01 4.9511e+01 1.1013e+02
2.9137e+01 2.5255e+01 3.6257e+01 1.7337e+01 4.9558e+01 1.1068e+02
2.9194e+01 2.5314e+01 3.6274e+01 1.7316e+01 4.9606e+01 1.1125e+02
2.9254e+01 2.5375e+01 3.6292e+01 1.7297e+01 4.9658e+01 1.1184e+02
2.9315e+01 2.5437e+01 3.6312e+01 1.7278e+01 4.9711e+01 1.1245e+02
2.9378e+01 2.5501e+01 3.6333e+01 1.7259e+01 4.9766e+01 1.1307e+02
2.9442e+01 2.5566e+01 3.6355e+01 1.7241e+01 4.9822e+01 1.1371e+02
2.9508e+01 2.5631e+01 3.6378e+01 1.7223e+01 4.9881e+01 1.1437e+02
2.9576e+01 2.5698e+01 3.6403e+01 1.7206e+01 4.9941e+01 1.1504e+02
2.9645e+01 2.5766e+01 3.6429e+01 1.7189e+01 5.0003e+01 1.1574e+02
2.9715e+01 2.5834e+01 3.6455e+01 1.7172e+01 5.0065e+01 1.1645e+02
2.9787e+01 2.5904e+01 3.6483e+01 1.7156e+01 5.0130e+01 1.1717e+02
2.9860e+01 2.5974e+01 3.6511e+01 1.7140e+01 5.0195e+01 1.1791e+02
2.9934e+01 2.6045e+01 3.6540e+01 1.7124e+01 5.0261e+01 1.1867e+02
3.0010e+01 2.6117e+01 3.6571e+01 1.7108e+01 5.0329e+01 1.1945e+02
3.0087e+01 2.6189e+01 3.6601e+01 1.7092e+01 5.0397e+01 1.2025e+02
3.0165e+01 2.6262e+01 3.6633e+01 1.7077e+01 5.0466e+01 1.2106e+02
3.0244e+01 2.6336e+01 3.6666e+01 1.7062e+01 5.0536e+01 1.2189e+02
3.0325e+01 2.6411e+01 3.6699e+01 1.7047e+01 5.0607e+01 1.2274e+02
3.0406e+01 2.6486e+01 3.6733e+01 1.7032e+01 5.0679e+01 1.2361e+02
3.0489e+01 2.6562e+01 3.6767e+01 1.7018e+01 5.0752e+01 1.2449e+02
3.0573e+01 2.6638e+01 3.6802e+01 1.7003e+01 5.0825e+01 1.2540e+02
3.0658e+01 2.6715e+01 3.6838e+01 1.6989e+01 5.0899e+01 1.2632e+02
3.0744e+01 2.6793e+01 3.6874e+01 1.6975e+01 5.0974e+01 1.2727e+02
3.0831e+01 2.6871e+01 3.6911e+01 1.6961e+01 5.1050e+01 1.2823e+02
3.0919e+01 2.6950e+01 3.6948e+01 1.6947e+01 5.1127e+01 1.2921e+02
3.1008e+01 2.7029e+01 3.6987e+01 1.6933e+01 5.1204e+01 1.3022e+02
3.1098e+01 2.7109e+01 3.7026e+01 1.6919e+01 5.1282e+01 1.3124e+02
3.1190e+01 2.7189e+01 3.7065e+01 1.6906e+01 5.1362e+01 1.3228e+02
3.1282e+01 2.7270e+01 3.7105e+01 1.6892e+01 5.1442e+01 1.3334e+02
3.1375e+01 2.7351e+01 3.7146e+01 1.6879e+01 5.1522e+01 1.3442e+02
3.1470e+01 2.7433e+01 3.7187e+01 1.6866e+01 5.1604e+01 1.3552e+02
3.1565e+01 2.7515e+01 3.7228e+01 1.6852e+01 5.1685e+01 1.3664e+02
3.1662e+01 2.7598e+01 3.7271e+01 1.6839e+01 5.1765e+01 1.3778e+02
3.1759e+01 2.7681e+01 3.7314e+01 1.6826e+01 5.1844e+01 1.3894e+02
3.1858e+01 2.7765e+01 3.7358e+01 1.6814e+01 5.1921e+01 1.4012e+02
3.1958e+01 2.7849e+01 3.7402e+01 1.6801e+01 5.1995e+01 1.4132e+02
3.2059e+01 2.7934e+01 3.7448e+01 1.6789e+01 5.2069e+01 1.4255e+02
3.2164e+01 2.8021e+01 3.7497e+01 1.6777e+01 5.2142e+01 1.4380e+02
3.2270e+01 2.8110e+01 3.7548e+01 1.6767e+01 5.2214e+01 1.4508e+02
3.2380e+01 2.8200e+01 3.7601e+01 1.6757e+01 5.2286e+01 1.4638e+02
3.2491e+01 2.8292e+01 3.7657e+01 1.6748e+01 5.2358e+01 1.4770e+02
3.2605e+01 2.8385e+01 3.7714e+01 1.6740e+01 5.2430e+01 1.4905e+02
3.2721e+01 2.8479e+01 3.7773e+01 1.6732e+01 5.2501e+01 1.5043e+02
3.2839e+01 2.8575e+01 3.7834e+01 1.6725e+01 5.2573e+01 1.5183e+02
3.2959e+01 2.8671e+01 3.7898e+01 1.6718e+01 5.2645e+01 1.5326e+02
3.3081e+01 2.8769e+01 3.7962e+01 1.6712e+01 5.2718e+01 1.5471e+02
3.3205e+01 2.8867e+01 3.8029e+01 1.6706e+01 5.2790e+01 1.5619e+02
3.3330e+01 2.8966e+01 3.8096e+01 1.6701e+01 5.2864e+01 1.5768e+02
3.3457e+01 2.9066e+01 3.8165e+01 1.6696e+01 5.2938e+01 1.5920e+02
3.3586e+01 2.9167e+01 3.8236e+01 1.6691e+01 5.3013e+01 1.6074e+02
3.3717e+01 2.9269e+01 3.8308e+01 1.6686e+01 5.3088e+01 1.6229e+02
3.3848e+01 2.9371e+01 3.8381e+01 1.6682e+01 5.3165e+01 1.6387e+02
3.3982e+01 2.9473e+01 3.8455e+01 1.6678e+01 5.3242e+01 1.6547e+02
3.4117e+01 2.9576e+01 3.8531e+01 1.6675e+01 5.3321e+01 1.6710e+02
3.4253e+01 2.9680e+01 3.8608e+01 1.6671e+01 5.3400e+01 1.6874e+02
3.4391e+01 2.9784e+01 3.8686e+01 1.6668e+01 5.3481e+01 1.7040e+02
3.4530e+01 2.9889e+01 3.8765e+01 1.6665e+01 5.3562e+01 1.7209e+02
3.4671e+01 2.9993e+01 3.8846e+01 1.6662e+01 5.3646e+01 1.7380e+02
3.4813e+01 3.0099e+01 3.8927e+01 1.6659e+01 5.3730e+01 1.7552e+02
3.4956e+01 3.0205e+01 3.9010e+01 1.6656e+01 5.3816e+01 1.7727e+02
3.5101e+01 3.0311e+01 3.9094e+01 1.6654e+01 5.3903e+01 1.7904e+02
3.5247e+01 3.0417e+01 3.9179e+01 1.6652e+01 5.3992e+01 1.8082e+02
3.5394e+01 3.0524e+01 3.9265e+01 1.6649e+01 5.4082e+01 1.8263e+02
3.5543e+01 3.0631e+01 3.9352e+01 1.6647e+01 5.4173e+01 1.8446e+02
3.5693e+01 3.0738e+01 3.9440e+01 1.6645e+01 5.4266e+01 1.8630e+02
3.5844e+01 3.0846e+01 3.9529e+01 1.6643e+01 5.4361e+01 1.8816e+02
3.5997e+01 3.0953e+01 3.9619e+01 1.6642e+01 5.4457e+01 1.9004e+02
3.6151e+01 3.1061e+01 3.9711e+01 1.6640e+01 5.4555e+01 1.9193e+02
3.6306e+01 3.1169e+01 3.9803e+01 1.6638e+01 5.4655e+01 1.9385e+02
3.6463e+01 3.1277e+01 3.9897e+01 1.6637e+01 5.4756e+01 1.9578e+02
3.6621e+01 3.1386e+01 3.9992e+01 1.6635e+01 5.4860e+01 1.9772e+02
3.6781e+01 3.1494e+01 4.0087e+01 1.6634e+01 5.4964e+01 1.9967e+02
3.6941e+01 3.1603e+01 4.0184e+01 1.6633e+01 5.5071e+01 2.0164e+02
3.7103e+01 3.1712e+01 4.0282e+01 1.6631e+01 5.5179e+01 2.0362e+02
3.7267e+01 3.1821e+01 4.0380e+01 1.6630e+01 5.5289e+01 2.0560e+02
3.7431e+01 3.1930e+01 4.0480e+01 1.6629e+01 5.5401e+01 2.0759e+02
3.7597e+01 3.2039e+01 4.0580e+01 1.6628e+01 5.5515e+01 2.0959e+02
3.7764e+01 3.2148e+01 4.0682e+01 1.6627e+01 5.5631e+01 2.1159e+02
3.7933e+01 3.2257e+01 4.0784e+01 1.6626e+01 5.5748e+01 2.1359e+02
3.8102e+01 3.2366e+01 4.0888e+01 1.6625e+01 5.5868e+01 2.1560e+02
3.8273e+01 3.2475e+01 4.0992e+01 1.6623e+01 5.5989e+01 2.1761e+02
3.8446e+01 3.2584e+01 4.1097e+01 1.6622e+01 5.6112e+01 2.1962e+02
3.8620e+01 3.2693e+01 4.1203e+01 1.6622e+01 5.6237e+01 2.2164e+02
3.8795e+01 3.2803e+01 4.1309e+01 1.6621e+01 5.6364e+01 2.2365e+02
3.8971e+01 3.2912e+01 4.1417e+01 1.6620e+01 5.6493e+01 2.2565e+02
3.9149e+01 3.3021e+01 4.1526e+01 1.6619e+01 5.6625e+01 2.2765e+02
3.9328e+01 3.3131e+01 4.1635e+01 1.6618e+01 5.6757e+01 2.2965e+02
3.9509e+01 3.3240e+01 4.1745e+01 1.6617e+01 5.6892e+01 2.3163e+02
3.9690e+01 3.3350e+01 4.1856e+01 1.6616e+01 5.7029e+01 2.3360e+02
3.9874e+01 3.3459e+01 4.1968e+01 1.6615e+01 5.7168e+01 2.3556e+02
4.0059e+01 3.3569e+01 4.2081e+01 1.6614e+01 5.7308e+01 2.3750e+02
4.0245e+01 3.3678e+01 4.2194e+01 1.6614e+01 5.7451e+01 2.3941e+02
4.0432e+01 3.3787e+01 4.2309e+01 1.6613e+01 5.7595e+01 2.4130e+02
4.0621e+01 3.3897e+01 4.2424e+01 1.6612e+01 5.7741e+01 2.4316e+02
4.0812e+01 3.4006e+01 4.2540e+01 1.6611e+01 5.7889e+01 2.4498e+02
4.1003e+01 3.4116e+01 4.2657e+01 1.6610e+01 5.8039e+01 2.4676e+02
4.1196e+01 3.4225e+01 4.2774e+01 1.6609e+01 5.8191e+01 2.4850e+02
4.1391e+01 3.4335e+01 4.2892e+01 1.6608e+01 5.8345e+01 2.5020e+02
4.1586e+01 3.4444e+01 4.3011e+01 1.6607e+01 5.8501e+01 2.5185e+02
4.1784e+01 3.4554e+01 4.3131e+01 1.6607e+01 5.8658e+01 2.5346e+02
4.1982e+01 3.4663e+01 4.3251e+01 1.6606e+01 5.8817e+01 2.5501e+02
4.2182e+01 3.4772e+01 4.3372e+01 1.6605e+01 5.8978e+01 2.5651e+02
4.2383e+01 3.4881e+01 4.3494e+01 1.6604e+01 5.9141e+01 2.5796e+02
4.2586e+01 3.4991e+01 4.3617e+01 1.6603e+01 5.9306e+01 2.5935e+02
4.2790e+01 3.5100e+01 4.3740e+01 1.6602e+01 5.9472e+01 2.6071e+02
4.2995e+01 3.5209e+01 4.3863e+01 1.6601e+01 5.9640e+01 2.6201e+02
4.3202e+01 3.5318e+01 4.3988e+01 1.6599e+01 5.9810e+01 2.6326e+02
4.3411e+01 3.5426e+01 4.4113e+01 1.6598e+01 5.9982e+01 2.6448e+02
4.3621e+01 3.5535e+01 4.4239e+01 1.6597e+01 6.0155e+01 2.6564e+02
4.3832e+01 3.5644e+01 4.4365e+01 1.6596e+01 6.0331e+01 2.6676e+02
4.4045e+01 3.5752e+01 4.4492e+01 1.6595e+01 6.0507e+01 2.6783e+02
4.4259e+01 3.5860e+01 4.4620e+01 1.6594e+01 6.0686e+01 2.6887e+02
4.4475e+01 3.5968e+01 4.4749e+01 1.6592e+01 6.0866e+01 2.6985e+02
4.4693e+01 3.6076e+01 4.4877e+01 1.6591e+01 6.1048e+01 2.7080e+02
4.4912e+01 3.6184e+01 4.5007e+01 1.6590e+01 6.1231e+01 2.7171e+02
4.5132e+01 3.6292e+01 4.5137e+01 1.6589e+01 6.1417e+01 2.7258e+02
4.5354e+01 3.6399e+01 4.5268e+01 1.6587e+01 6.1603e+01 2.7342e+02
4.5578e+01 3.6506e+01 4.5400e+01 1.6586e+01 6.1791e+01 2.7421e+02
4.5803e+01 3.6613e+01 4.5532e+01 1.6584e+01 6.1981e+01 2.7496e+02
4.6031e+01 3.6720e+01 4.5665e+01 1.6583e+01 6.2173e+01 2.7568e+02
4.6259e+01 3.6826e+01 4.5799e+01 1.6582e+01 6.2365e+01 2.7636e+02
4.6489e+01 3.6932e+01 4.5933e+01 1.6580e+01 6.2560e+01 2.7702e+02
4.6721e+01 3.7038e+01 4.6068e+01 1.6578e+01 6.2756e+01 2.7764e+02
4.6955e+01 3.7144e+01 4.6203e+01 1.6577e+01 6.2953e+01 2.7822e+02
4.7190e+01 3.7249e+01 4.6339e+01 1.6575e+01 6.3152e+01 2.7876e+02
4.7427e+01 3.7354e+01 4.6474e+01 1.6574e+01 6.3352e+01 2.7928e+02
4.7665e+01 3.7459e+01 4.6610e+01 1.6572e+01 6.3553e+01 2.7975e+02
4.7906e+01 3.7563e+01 4.6746e+01 1.6570e+01 6.3756e+01 2.8019e+02
4.8147e+01 3.7667e+01 4.6883e+01 1.6569e+01 6.3960e+01 2.8060e+02
4.8391e+01 3.7771e+01 4.7020e+01 1.6567e+01 6.4165e+01 2.8097e+02
4.8636e+01 3.7874e+01 4.7158e+01 1.6565e+01 6.4372e+01 2.8130e+02
4.8883e+01 3.7977e+01 4.7296e+01 1.6564e+01 6.4580e+01 2.8161e+02
4.9132e+01 3.8079e+01 4.7434e+01 1.6562e+01 6.4789e+01 2.8188e+02
4.9382e+01 3.8181e+01 4.7573e+01 1.6560e+01 6.5000e+01 2.8211e+02
4.9634e+01 3.8282e+01 4.7712e+01 1.6558e+01 6.5211e+01 2.8231e+02
4.9888e+01 3.8383e+01 4.7852e+01 1.6556e+01 6.5424e+01 2.8248e+02
5.0144e+01 3.8484e+01 4.7992e+01 1.6555e+01 6.5638e+01 2.8260e+02
5.0402e+01 3.8584e+01 4.8133e+01 1.6553e+01 6.5853e+01 2.8269e+02
5.0662e+01 3.8683e+01 4.8274e+01 1.6551e+01 6.6070e+01 2.8275e+02
5.0924e+01 3.8782e+01 4.8415e+01 1.6549e+01 6.6287e+01 2.8279e+02
5.1187e+01 3.8880e+01 4.8556e+01 1.6547e+01 6.6505e+01 2.8279e+02
5.1452e+01 3.8977e+01 4.8697e+01 1.6545e+01 6.6725e+01 2.8276e+02
5.1720e+01 3.9074e+01 4.8838e+01 1.6543e+01 6.6946e+01 2.8271e+02
5.1989e+01 3.9170e+01 4.8979e+01 1.6541e+01 6.7168e+01 2.8264e+02
5.2260e+01 3.9266e+01 4.9121e+01 1.6539e+01 6.7391e+01 2.8254e+02
5.2534e+01 3.9360e+01 4.9264e+01 1.6537e+01 6.7615e+01 2.8242e+02
5.2809e+01 3.9455e+01 4.9406e+01 1.6535e+01 6.7840e+01 2.8228e+02
5.3086e+01 3.9548e+01 4.9549e+01 1.6533e+01 6.8066e+01 2.8212e+02
5.3365e+01 3.9641e+01 4.9691e+01 1.6530e+01 6.8293e+01 2.8194e+02
5.3645e+01 3.9733e+01 4.9834e+01 1.6528e+01 6.8522e+01 2.8175e+02
5.3928e+01 3.9824e+01 4.9977e+01 1.6526e+01 6.8751e+01 2.8154e+02
5.4213e+01 3.9914e+01 5.0120e+01 1.6524e+01 6.8981e+01 2.8131e+02
5.4500e+01 4.0004e+01 5.0263e+01 1.6521e+01 6.9213e+01 2.8107e+02
5.4789e+01 4.0093e+01 5.0407e+01 1.6519e+01 6.9445e+01 2.8081e+02
5.5080e+01 4.0181e+01 5.0551e+01 1.6517e+01 6.9678e+01 2.8054e+02
5.5372e+01 4.0268e+01 5.0695e+01 1.6514e+01 6.9913e+01 2.8026e+02
5.5667e+01 4.0355e+01 5.0840e+01 1.6512e+01 7.0148e+01 2.7996e+02
5.5964e+01 4.0440e+01 5.0985e+01 1.6509e+01 7.0384e+01 2.7965e+02
5.6263e+01 4.0525e+01 5.1130e+01 1.6507e+01 7.0622e+01 2.7932e+02
5.6563e+01 4.0608e+01 5.1275e+01 1.6504e+01 7.0860e+01 2.7898e+02
5.6866e+01 4.0691e+01 5.1421e+01 1.6502e+01 7.1098e+01 2.7861e+02
5.7171e+01 4.0773e+01 5.1567e+01 1.6499e+01 7.1338e+01 2.7824e+02
5.7478e+01 4.0854e+01 5.1713e+01 1.6497e+01 7.1578e+01 2.7786e+02
5.7788e+01 4.0934e+01 5.1861e+01 1.6494e+01 7.1819e+01 2.7746e+02
5.8099e+01 4.1013e+01 5.2008e+01 1.6491e+01 7.2060e+01 2.7706e+02
5.8412e+01 4.1091e+01 5.2156e+01 1.6489e+01 7.2303e+01 2.7665e+02
5.8728e+01 4.1169e+01 5.2304e+01 1.6486e+01 7.2546e+01 2.7622e+02
5.9045e+01 4.1245e+01 5.2453e+01 1.6483e+01 7.2790e+01 2.7579e+02
5.9365e+01 4.1320e+01 5.2602e+01 1.6480e+01 7.3035e+01 2.7536e+02
5.9687e+01 4.1394e+01 5.2752e+01 1.6477e+01 7.3281e+01 2.7491e+02
6.0011e+01 4.1467e+01 5.2902e+01 1.6475e+01 7.3528e+01 2.7446e+02
6.0337e+01 4.1540e+01 5.3053e+01 1.6472e+01 7.3775e+01 2.7401e+02
6.0666e+01 4.1611e+01 5.3204e+01 1.6468e+01 7.4024e+01 2.7355e+02
6.0997e+01 4.1681e+01 5.3357e+01 1.6465e+01 7.4273e+01 2.7309e+02
6.1330e+01 4.1751e+01 5.3509e+01 1.6462e+01 7.4523e+01 2.7262e+02
6.1666e+01 4.1819e+01 5.3662e+01 1.6459e+01 7.4774e+01 2.7216e+02
6.2004e+01 4.1887e+01 5.3816e+01 1.6456e+01 7.5026e+01 2.7170e+02
6.2345e+01 4.1953e+01 5.3971e+01 1.6452e+01 7.5279e+01 2.7123e+02
6.2688e+01 4.2019e+01 5.4126e+01 1.6449e+01 7.5532e+01 2.7077e+02
6.3035e+01 4.2083e+01 5.4282e+01 1.6446e+01 7.5785e+01 2.7030e+02
6.3383e+01 4.2147e+01 5.4438e+01 1.6442e+01 7.6040e+01 2.6984e+02
6.3735e+01 4.2209e+01 5.4595e+01 1.6439e+01 7.6295e+01 2.6938e+02
6.4089e+01 4.2271e+01 5.4752e+01 1.6435e+01 7.6551e+01 2.6893e+02
6.4446e+01 4.2332e+01 5.4910e+01 1.6431e+01 7.6807e+01 2.6848e+02
6.4805e+01 4.2391e+01 5.5069e+01 1.6427e+01 7.7064e+01 2.6803e+02
6.5168e+01 4.2450e+01 5.5229e+01 1.6423e+01 7.7322e+01 2.6758e+02
6.5533e+01 4.2508e+01 5.5390e+01 1.6419e+01 7.7580e+01 2.6714e+02
6.5900e+01 4.2565e+01 5.5552e+01 1.6415e+01 7.7839e+01 2.6671e+02
6.6271e+01 4.2622e+01 5.5715e+01 1.6411e+01 7.8099e+01 2.6628e+02
6.6644e+01 4.2677e+01 5.5879e+01 1.6407e+01 7.8359e+01 2.6586e+02
6.7021e+01 4.2732e+01 5.6043e+01 1.6403e+01 7.8620e+01 2.6545e+02
6.7399e+01 4.2785e+01 5.6208e+01 1.6398e+01 7.8883e+01 2.6504e+02
6.7781e+01 4.2838e+01 5.6375e+01 1.6394e+01 7.9145e+01 2.6465e+02
6.8166e+01 4.2890e+01 5.6543e+01 1.6389e+01 7.9408e+01 2.6425e+02
6.8554e+01 4.2942e+01 5.6711e+01 1.6385e+01 7.9672e+01 2.6387e+02
6.8945e+01 4.2992e+01 5.6880e+01 1.6380e+01 7.9937e+01 2.6349e+02
6.9339e+01 4.3042e+01 5.7050e+01 1.6375e+01 8.0202e+01 2.6313e+02
6.9735e+01 4.3091e+01 5.7221e+01 1.6370e+01 8.0468e+01 2.6278e+02
7.0136e+01 4.3140e+01 5.7392e+01 1.6365e+01 8.0735e+01 2.6244e+02
7.0539e+01 4.3188e+01 5.7566e+01 1.6360e+01 8.1002e+01 2.6211e+02
7.0946e+01 4.3235e+01 5.7739e+01 1.6354e+01 8.1270e+01 2.6179e+02
7.1356e+01 4.3282e+01 5.7914e+01 1.6349e+01 8.1538e+01 2.6148e+02
7.1769e+01 4.3328e+01 5.8089e+01 1.6343e+01 8.1807e+01 2.6119e+02
7.2186e+01 4.3373e+01 5.8265e+01 1.6338e+01 8.2077e+01 2.6091e+02
7.2606e+01 4.3418e+01 5.8442e+01 1.6332e+01 8.2347e+01 2.6064e+02
7.3030e+01 4.3463e+01 5.8622e+01 1.6326e+01 8.2618e+01 2.6038e+02
7.3456e+01 4.3507e+01 5.8801e+01 1.6320e+01 8.2889e+01 2.6014e+02
7.3887e+01 4.3550e+01 5.8981e+01 1.6314e+01 8.3161e+01 2.5990e+02
7.4320e+01 4.3593e+01 5.9163e+01 1.6308e+01 8.3433e+01 2.5967e+02
7.4757e+01 4.3636e+01 5.9346e+01 1.6302e+01 8.3705e+01 2.5945e+02
7.5197e+01 4.3678e+01 5.9530e+01 1.6295e+01 8.3978e+01 2.5923e+02
7.5640e+01 4.3720e+01 5.9714e+01 1.6289e+01 8.4251e+01 2.5902e+02
7.6087e+01 4.3762e+01 5.9898e+01 1.6282e+01 8.4525e+01 2.5881e+02
7.6536e+01 4.3804e+01 6.0084e+01 1.6275e+01 8.4799e+01 2.5861e+02
7.6989e+01 4.3845e+01 6.0271e+01 1.6268e+01 8.5073e+01 2.5841e+02
7.7444e+01 4.3886e+01 6.0458e+01 1.6261e+01 8.5348e+01 2.5822e+02
7.7902e+01 4.3927e+01 6.0646e+01 1.6254e+01 8.5622e+01 2.5803e+02
7.8364e+01 4.3967e+01 6.0836e+01 1.6247e+01 8.5896e+01 2.5785e+02
7.8828e+01 4.4008e+01 6.1026e+01 1.6240e+01 8.6171e+01 2.5767e+02
7.9294e+01 4.4048e+01 6.1217e+01 1.6233e+01 8.6445e+01 2.5749e+02
7.9763e+01 4.4088e+01 6.1407e+01 1.6225e+01 8.6720e+01 2.5732e+02
8.0234e+01 4.4128e+01 6.1599e+01 1.6218e+01 8.6994e+01 2.5716e+02
8.0708e+01 4.4168e+01 6.1793e+01 1.6210e+01 8.7268e+01 2.5701e+02
8.1183e+01 4.4208e+01 6.1986e+01 1.6202e+01 8.7541e+01 2.5686e+02
