3.5062e+02 2.4514e+02 6.6530e+02 3.0647e+02 5.1304e+02 5.9872e+02
4.0121e+02 2.8758e+02 7.3925e+02 3.5650e+02 6.0436e+02 7.0611e+02
3.7072e+02 2.6622e+02 6.7958e+02 3.2914e+02 5.5958e+02 6.5384e+02
3.4281e+02 2.4663e+02 6.2470e+02 3.0430e+02 5.1832e+02 6.0561e+02
3.1182e+02 2.2451e+02 5.6699e+02 2.7665e+02 4.7176e+02 5.5122e+02
2.8291e+02 2.0381e+02 5.1360e+02 2.5091e+02 4.2821e+02 5.0034e+02
2.5703e+02 1.8530e+02 4.6579e+02 2.2796e+02 3.8923e+02 4.5480e+02
2.3418e+02 1.6897e+02 4.2343e+02 2.0758e+02 3.5485e+02 4.1462e+02
2.1406e+02 1.5461e+02 3.8599e+02 1.8965e+02 3.2463e+02 3.7929e+02
1.9591e+02 1.4164e+02 3.5226e+02 1.7343e+02 2.9736e+02 3.4741e+02
1.7899e+02 1.2951e+02 3.2103e+02 1.5832e+02 2.7189e+02 3.1764e+02
1.6429e+02 1.1899e+02 2.9375e+02 1.4516e+02 2.4983e+02 2.9183e+02
1.5201e+02 1.1021e+02 2.7064e+02 1.3410e+02 2.3147e+02 2.7034e+02
1.4114e+02 1.0245e+02 2.5019e+02 1.2433e+02 2.1529e+02 2.5139e+02
1.3091e+02 9.5151e+01 2.3117e+02 1.1520e+02 2.0006e+02 2.3356e+02
1.2002e+02 8.7287e+01 2.1145e+02 1.0555e+02 1.8368e+02 2.1441e+02
1.1076e+02 8.0601e+01 1.9456e+02 9.7319e+01 1.6983e+02 1.9823e+02
1.0349e+02 7.5366e+01 1.8112e+02 9.0837e+01 1.5915e+02 1.8574e+02
9.6479e+01 7.0288e+01 1.6837e+02 8.4642e+01 1.4879e+02 1.7364e+02
8.8572e+01 6.4531e+01 1.5437e+02 7.7700e+01 1.3685e+02 1.5970e+02
8.2909e+01 6.0378e+01 1.4422e+02 7.2738e+01 1.2858e+02 1.5006e+02
7.8113e+01 5.6857e+01 1.3572e+02 6.8599e+01 1.2181e+02 1.4218e+02
7.2615e+01 5.2812e+01 1.2609e+02 6.3824e+01 1.1376e+02 1.3282e+02
6.8924e+01 5.0055e+01 1.1970e+02 6.0732e+01 1.0894e+02 1.2727e+02
6.6215e+01 4.8084e+01 1.1528e+02 5.8732e+01 1.0607e+02 1.2399e+02
6.2375e+01 4.5335e+01 1.0894e+02 5.5705e+01 1.0107e+02 1.1820e+02
6.3558e+01 4.7094e+01 1.1201e+02 5.9142e+01 1.0521e+02 1.2320e+02
6.0328e+01 4.4711e+01 1.0701e+02 5.6546e+01 1.0148e+02 1.1895e+02
5.7440e+01 4.2516e+01 1.0260e+02 5.4111e+01 9.8236e+01 1.1536e+02
5.5151e+01 4.0691e+01 9.9210e+01 5.2075e+01 9.5550e+01 1.1252e+02
5.3139e+01 3.8962e+01 9.6087e+01 5.0045e+01 9.2443e+01 1.0928e+02
5.1572e+01 3.7386e+01 9.3088e+01 4.8093e+01 8.8963e+01 1.0569e+02
5.0443e+01 3.5884e+01 8.9824e+01 4.6133e+01 8.5023e+01 1.0167e+02
4.8970e+01 3.4203e+01 8.5644e+01 4.3891e+01 8.0262e+01 9.6676e+01
4.7227e+01 3.2528e+01 8.1145e+01 4.1641e+01 7.5388e+01 9.1441e+01
4.4933e+01 3.0708e+01 7.6123e+01 3.9229e+01 7.0476e+01 8.5749e+01
4.0441e+01 2.7638e+01 6.8513e+01 3.5307e+01 6.3431e+01 7.7177e+01
3.6398e+01 2.4875e+01 6.1663e+01 3.1778e+01 5.7089e+01 6.9462e+01
3.2759e+01 2.2389e+01 5.5498e+01 2.8601e+01 5.1382e+01 6.2518e+01
2.9484e+01 2.0151e+01 4.9950e+01 2.5743e+01 4.6246e+01 5.6269e+01
2.6537e+01 1.8137e+01 4.4957e+01 2.3170e+01 4.1623e+01 5.0647e+01
2.3884e+01 1.6324e+01 4.0464e+01 2.0855e+01 3.7463e+01 4.5589e+01
2.1497e+01 1.4693e+01 3.6420e+01 1.8771e+01 3.3720e+01 4.1043e+01
1.9348e+01 1.3225e+01 3.2781e+01 1.6896e+01 3.0351e+01 3.6948e+01
1.7414e+01 1.1904e+01 2.9507e+01 1.5209e+01 2.7319e+01 3.3260e+01
1.5674e+01 1.0715e+01 2.6560e+01 1.3691e+01 2.4591e+01 2.9939e+01
1.4108e+01 9.6446e+00 2.3908e+01 1.2325e+01 2.2135e+01 2.6951e+01
1.2698e+01 8.6817e+00 2.1523e+01 1.1097e+01 1.9926e+01 2.4262e+01
1.1430e+01 7.8153e+00 1.9377e+01 9.9928e+00 1.7938e+01 2.1842e+01
1.0288e+01 7.0357e+00 1.7444e+01 9.0017e+00 1.6150e+01 1.9665e+01
9.2612e+00 6.3343e+00 1.5705e+01 8.1108e+00 1.4540e+01 1.7705e+01
8.3368e+00 5.7031e+00 1.4138e+01 7.3085e+00 1.3092e+01 1.5941e+01
7.5050e+00 5.1352e+00 1.2728e+01 6.5856e+00 1.1789e+01 1.4354e+01
6.7564e+00 4.6242e+00 1.1458e+01 5.9345e+00 1.0616e+01 1.2926e+01
6.0827e+00 4.1645e+00 1.0315e+01 5.3483e+00 9.5608e+00 1.1640e+01
5.4765e+00 3.7509e+00 9.2863e+00 4.8206e+00 8.6108e+00 1.0482e+01
4.9308e+00 3.3788e+00 8.3602e+00 4.3460e+00 7.7559e+00 9.4407e+00
4.4398e+00 3.0440e+00 7.5266e+00 3.9193e+00 6.9865e+00 8.5031e+00
3.9979e+00 2.7428e+00 6.7763e+00 3.5361e+00 6.2942e+00 7.6590e+00
3.6002e+00 2.4721e+00 6.1010e+00 3.1934e+00 5.6711e+00 6.8991e+00
3.2424e+00 2.2290e+00 5.4933e+00 2.8836e+00 5.1106e+00 6.2150e+00
2.9204e+00 2.0108e+00 4.9465e+00 2.6030e+00 4.6063e+00 5.5990e+00
2.6309e+00 1.8151e+00 4.4546e+00 2.3493e+00 4.1533e+00 5.0445e+00
2.3705e+00 1.6395e+00 4.0122e+00 2.1203e+00 3.7468e+00 4.5453e+00
2.1364e+00 1.4821e+00 3.6143e+00 1.9138e+00 3.3821e+00 4.0960e+00
1.9259e+00 1.3410e+00 3.2564e+00 1.7278e+00 3.0560e+00 3.6916e+00
1.7367e+00 1.2145e+00 2.9345e+00 1.5604e+00 2.7652e+00 3.3277e+00
1.5666e+00 1.1015e+00 2.6450e+00 1.4098e+00 2.5059e+00 3.0003e+00
1.4137e+00 1.0006e+00 2.3847e+00 1.2745e+00 2.2716e+00 2.7058e+00
1.2763e+00 9.1034e-01 2.1505e+00 1.1529e+00 2.0583e+00 2.4409e+00
1.1527e+00 8.2957e-01 1.9399e+00 1.0438e+00 1.8649e+00 2.2026e+00
1.0417e+00 7.5719e-01 1.7506e+00 9.4586e-01 1.6900e+00 1.9882e+00
9.4190e-01 6.9224e-01 1.5804e+00 8.5810e-01 1.5324e+00 1.7954e+00
8.5227e-01 6.3402e-01 1.4275e+00 7.7950e-01 1.3907e+00 1.6221e+00
7.7179e-01 5.8234e-01 1.2901e+00 7.0919e-01 1.2630e+00 1.4661e+00
6.9952e-01 5.3642e-01 1.1668e+00 6.4637e-01 1.1481e+00 1.3259e+00
6.3464e-01 4.9557e-01 1.0560e+00 5.9032e-01 1.0445e+00 1.1998e+00
5.7640e-01 4.5917e-01 9.5658e-01 5.4039e-01 9.5119e-01 1.0865e+00
5.2412e-01 4.2665e-01 8.6737e-01 4.9599e-01 8.6702e-01 9.8453e-01
4.7722e-01 3.9748e-01 7.8735e-01 4.5661e-01 7.9110e-01 8.9287e-01
4.3516e-01 3.7120e-01 7.1566e-01 4.2177e-01 7.2279e-01 8.1046e-01
3.9748e-01 3.4742e-01 6.5148e-01 3.9104e-01 6.6135e-01 7.3637e-01
3.6375e-01 3.2584e-01 5.9435e-01 3.6399e-01 6.0608e-01 6.6976e-01
3.3362e-01 3.0620e-01 5.4368e-01 3.4095e-01 5.5639e-01 6.0988e-01
3.0674e-01 2.8830e-01 4.9892e-01 3.2185e-01 5.1172e-01 5.5606e-01
2.8305e-01 2.7198e-01 4.5958e-01 3.0657e-01 4.7162e-01 5.0770e-01
2.6232e-01 2.5709e-01 4.2527e-01 2.9499e-01 4.3565e-01 4.6462e-01
2.4432e-01 2.4353e-01 3.9567e-01 2.8718e-01 4.0343e-01 4.2634e-01
2.2884e-01 2.3122e-01 3.7055e-01 2.8330e-01 3.7484e-01 3.9242e-01
2.1570e-01 2.2006e-01 3.4975e-01 2.8354e-01 3.4958e-01 3.6247e-01
2.0473e-01 2.0999e-01 3.3314e-01 2.8764e-01 3.2734e-01 3.3613e-01
1.9576e-01 2.0092e-01 3.2076e-01 2.9602e-01 3.0782e-01 3.1308e-01
1.8864e-01 1.9277e-01 3.1271e-01 3.0915e-01 2.9073e-01 2.9301e-01
1.8323e-01 1.8545e-01 3.0929e-01 3.2694e-01 2.7582e-01 2.7566e-01
1.7940e-01 1.7887e-01 3.1092e-01 3.4930e-01 2.6286e-01 2.6073e-01
1.7703e-01 1.7295e-01 3.1840e-01 3.6598e-01 2.5167e-01 2.4799e-01
1.7604e-01 1.6764e-01 3.3305e-01 3.7546e-01 2.4206e-01 2.3721e-01
1.7635e-01 1.6285e-01 3.5690e-01 3.7939e-01 2.3392e-01 2.2819e-01
1.7788e-01 1.5856e-01 3.9251e-01 3.7938e-01 2.2712e-01 2.2076e-01
1.8060e-01 1.5472e-01 4.2820e-01 3.7643e-01 2.2158e-01 2.1478e-01
1.8448e-01 1.5166e-01 4.5422e-01 3.7125e-01 2.1724e-01 2.1014e-01
1.8949e-01 1.4934e-01 4.7186e-01 3.6450e-01 2.1402e-01 2.0675e-01
1.9631e-01 1.4811e-01 4.8225e-01 3.5666e-01 2.1244e-01 2.0453e-01
2.0516e-01 1.4805e-01 4.8822e-01 3.4811e-01 2.1259e-01 2.0343e-01
2.1604e-01 1.4914e-01 4.9383e-01 3.4110e-01 2.1444e-01 2.0502e-01
2.2900e-01 1.5138e-01 4.9910e-01 3.3566e-01 2.1799e-01 2.0938e-01
2.4413e-01 1.5480e-01 5.0413e-01 3.3174e-01 2.2327e-01 2.1664e-01
2.6160e-01 1.5947e-01 5.0911e-01 3.2941e-01 2.3034e-01 2.2691e-01
2.8164e-01 1.6547e-01 5.1428e-01 3.2882e-01 2.3934e-01 2.4025e-01
3.0453e-01 1.7295e-01 5.2006e-01 3.3010e-01 2.5047e-01 2.5635e-01
3.3063e-01 1.8205e-01 5.2691e-01 3.3345e-01 2.6394e-01 2.7486e-01
3.6029e-01 1.9291e-01 5.3528e-01 3.3913e-01 2.7998e-01 2.9587e-01
3.9382e-01 2.0569e-01 5.4552e-01 3.4743e-01 2.9883e-01 3.1979e-01
4.3163e-01 2.2060e-01 5.5804e-01 3.5875e-01 3.2077e-01 3.4722e-01
4.7464e-01 2.3806e-01 5.7349e-01 3.7376e-01 3.4643e-01 3.7926e-01
5.2508e-01 2.5911e-01 5.9342e-01 3.9404e-01 3.7727e-01 4.1827e-01
5.8924e-01 2.8665e-01 6.2232e-01 4.2396e-01 4.1747e-01 4.7063e-01
6.8914e-01 3.3142e-01 6.8047e-01 4.7848e-01 4.9540e-01 5.5821e-01
9.8135e-01 4.6467e-01 8.8478e-01 5.9695e-01 7.3032e-01 7.5656e-01
1.3380e+00 6.3075e-01 1.1333e+00 7.4467e-01 1.0177e+00 1.0100e+00
1.7636e+00 8.3368e-01 1.4276e+00 9.3101e-01 1.3588e+00 1.3211e+00
2.5766e+00 1.2255e+00 1.9650e+00 1.2733e+00 1.9732e+00 1.8994e+00
3.4375e+00 1.6568e+00 2.5259e+00 1.6135e+00 2.6225e+00 2.5239e+00
4.2502e+00 2.0766e+00 3.0681e+00 1.9692e+00 3.2649e+00 3.1486e+00
5.1734e+00 2.5586e+00 3.6887e+00 2.4071e+00 4.0080e+00 3.8724e+00
6.1996e+00 3.1012e+00 4.4029e+00 2.9015e+00 4.8630e+00 4.7034e+00
7.2723e+00 3.6708e+00 5.1203e+00 3.4159e+00 5.7385e+00 5.5471e+00
8.2932e+00 4.2151e+00 5.7857e+00 3.9268e+00 6.5753e+00 6.3437e+00
9.2876e+00 4.7408e+00 6.4138e+00 4.4265e+00 7.3880e+00 7.1092e+00
1.0269e+01 5.2531e+00 7.0195e+00 4.9202e+00 8.1902e+00 7.8593e+00
1.1208e+01 5.7383e+00 7.5887e+00 5.4120e+00 8.9641e+00 8.5792e+00
1.2109e+01 6.1966e+00 8.1165e+00 5.8992e+00 9.7035e+00 9.2654e+00
1.2974e+01 6.6279e+00 8.6034e+00 6.3747e+00 1.0406e+01 9.9192e+00
1.3798e+01 7.0308e+00 9.0735e+00 6.8533e+00 1.1064e+01 1.0538e+01
1.4583e+01 7.4060e+00 9.5365e+00 7.3461e+00 1.1669e+01 1.1119e+01
1.5340e+01 7.7566e+00 1.0000e+01 7.8654e+00 1.2202e+01 1.1647e+01
1.6054e+01 8.0612e+00 1.0450e+01 8.4234e+00 1.2526e+01 1.1988e+01
1.6865e+01 8.4027e+00 1.1000e+01 9.1082e+00 1.2975e+01 1.2471e+01
1.7692e+01 8.7808e+00 1.1600e+01 9.8497e+00 1.3421e+01 1.2954e+01
1.8454e+01 9.1383e+00 1.2195e+01 1.0600e+01 1.3798e+01 1.3375e+01
1.9221e+01 9.4502e+00 1.2841e+01 1.1450e+01 1.4198e+01 1.3791e+01
1.9966e+01 9.7093e+00 1.3513e+01 1.2325e+01 1.4610e+01 1.4180e+01
2.0733e+01 9.9211e+00 1.4213e+01 1.3241e+01 1.5033e+01 1.4552e+01
2.1557e+01 1.0092e+01 1.4917e+01 1.4183e+01 1.5457e+01 1.4889e+01
2.2431e+01 1.0238e+01 1.5622e+01 1.5151e+01 1.5882e+01 1.5206e+01
2.3337e+01 1.0359e+01 1.6314e+01 1.6120e+01 1.6296e+01 1.5503e+01
2.4272e+01 1.0457e+01 1.6988e+01 1.7094e+01 1.6699e+01 1.5788e+01
2.5230e+01 1.0534e+01 1.7635e+01 1.8058e+01 1.7087e+01 1.6057e+01
2.6207e+01 1.0591e+01 1.8256e+01 1.9010e+01 1.7460e+01 1.6310e+01
2.7190e+01 1.0632e+01 1.8850e+01 1.9951e+01 1.7817e+01 1.6544e+01
2.8163e+01 1.0657e+01 1.9419e+01 2.0888e+01 1.8156e+01 1.6759e+01
2.9124e+01 1.0669e+01 1.9966e+01 2.1825e+01 1.8478e+01 1.6986e+01
3.0073e+01 1.0671e+01 2.0494e+01 2.2766e+01 1.8785e+01 1.7225e+01
3.1001e+01 1.0663e+01 2.1039e+01 2.3717e+01 1.9075e+01 1.7468e+01
3.1902e+01 1.0649e+01 2.1604e+01 2.4680e+01 1.9350e+01 1.7711e+01
3.2768e+01 1.0628e+01 2.2182e+01 2.5654e+01 1.9610e+01 1.7950e+01
3.3599e+01 1.0604e+01 2.2772e+01 2.6637e+01 1.9856e+01 1.8179e+01
3.4399e+01 1.0577e+01 2.3376e+01 2.7628e+01 2.0088e+01 1.8395e+01
3.5175e+01 1.0548e+01 2.3992e+01 2.8626e+01 2.0307e+01 1.8594e+01
3.5931e+01 1.0522e+01 2.4618e+01 2.9626e+01 2.0513e+01 1.8775e+01
3.6669e+01 1.0500e+01 2.5254e+01 3.0626e+01 2.0722e+01 1.8948e+01
3.7394e+01 1.0488e+01 2.5897e+01 3.1621e+01 2.0939e+01 1.9113e+01
3.8107e+01 1.0485e+01 2.6545e+01 3.2606e+01 2.1160e+01 1.9264e+01
3.8759e+01 1.0490e+01 2.7196e+01 3.3571e+01 2.1382e+01 1.9397e+01
3.9312e+01 1.0503e+01 2.7849e+01 3.4485e+01 2.1605e+01 1.9507e+01
3.9776e+01 1.0523e+01 2.8501e+01 3.5336e+01 2.1826e+01 1.9592e+01
4.0163e+01 1.0550e+01 2.9152e+01 3.6117e+01 2.2044e+01 1.9648e+01
4.0483e+01 1.0582e+01 2.9795e+01 3.6813e+01 2.2258e+01 1.9677e+01
4.0742e+01 1.0620e+01 3.0432e+01 3.7423e+01 2.2469e+01 1.9677e+01
4.0944e+01 1.0663e+01 3.1061e+01 3.7939e+01 2.2676e+01 1.9652e+01
4.1090e+01 1.0708e+01 3.1679e+01 3.8363e+01 2.2880e+01 1.9604e+01
4.1182e+01 1.0762e+01 3.2284e+01 3.8704e+01 2.3081e+01 1.9536e+01
4.1221e+01 1.0822e+01 3.2872e+01 3.8974e+01 2.3278e+01 1.9454e+01
4.1214e+01 1.0890e+01 3.3438e+01 3.9187e+01 2.3471e+01 1.9359e+01
4.1166e+01 1.0962e+01 3.3979e+01 3.9355e+01 2.3660e+01 1.9254e+01
4.1082e+01 1.1037e+01 3.4491e+01 3.9488e+01 2.3846e+01 1.9143e+01
4.0963e+01 1.1113e+01 3.4976e+01 3.9597e+01 2.4031e+01 1.9025e+01
4.0813e+01 1.1190e+01 3.5434e+01 3.9687e+01 2.4240e+01 1.8904e+01
4.0633e+01 1.1266e+01 3.5868e+01 3.9766e+01 2.4501e+01 1.8781e+01
4.0428e+01 1.1341e+01 3.6284e+01 3.9842e+01 2.4812e+01 1.8656e+01
4.0202e+01 1.1414e+01 3.6689e+01 3.9920e+01 2.5175e+01 1.8530e+01
3.9962e+01 1.1485e+01 3.7089e+01 4.0006e+01 2.5597e+01 1.8403e+01
3.9711e+01 1.1553e+01 3.7496e+01 4.0107e+01 2.6084e+01 1.8274e+01
3.9451e+01 1.1620e+01 3.7918e+01 4.0231e+01 2.6644e+01 1.8144e+01
3.9179e+01 1.1685e+01 3.8367e+01 4.0383e+01 2.7282e+01 1.8012e+01
3.8890e+01 1.1748e+01 3.8856e+01 4.0567e+01 2.7964e+01 1.7876e+01
3.8583e+01 1.1810e+01 3.9386e+01 4.0780e+01 2.8555e+01 1.7738e+01
3.8268e+01 1.1872e+01 3.9946e+01 4.1014e+01 2.9057e+01 1.7602e+01
3.7942e+01 1.1932e+01 4.0515e+01 4.1256e+01 2.9496e+01 1.7472e+01
3.7616e+01 1.1988e+01 4.1058e+01 4.1498e+01 2.9901e+01 1.7351e+01
3.7298e+01 1.2038e+01 4.1539e+01 4.1744e+01 3.0296e+01 1.7256e+01
3.6998e+01 1.2082e+01 4.1938e+01 4.2004e+01 3.0684e+01 1.7192e+01
3.6728e+01 1.2119e+01 4.2262e+01 4.2289e+01 3.1058e+01 1.7155e+01
3.6484e+01 1.2151e+01 4.2520e+01 4.2590e+01 3.1395e+01 1.7140e+01
3.6264e+01 1.2178e+01 4.2728e+01 4.2898e+01 3.1671e+01 1.7145e+01
3.6057e+01 1.2201e+01 4.2902e+01 4.3200e+01 3.1874e+01 1.7165e+01
3.5860e+01 1.2222e+01 4.3053e+01 4.3491e+01 3.1999e+01 1.7196e+01
3.5669e+01 1.2241e+01 4.3188e+01 4.3765e+01 3.2051e+01 1.7235e+01
3.5484e+01 1.2259e+01 4.3311e+01 4.4022e+01 3.2034e+01 1.7281e+01
3.5305e+01 1.2277e+01 4.3425e+01 4.4263e+01 3.1956e+01 1.7332e+01
3.5133e+01 1.2295e+01 4.3530e+01 4.4490e+01 3.1825e+01 1.7386e+01
3.4965e+01 1.2313e+01 4.3627e+01 4.4705e+01 3.1645e+01 1.7442e+01
3.4801e+01 1.2332e+01 4.3717e+01 4.4911e+01 3.1425e+01 1.7500e+01
3.4643e+01 1.2351e+01 4.3798e+01 4.5111e+01 3.1170e+01 1.7558e+01
3.4490e+01 1.2372e+01 4.3872e+01 4.5307e+01 3.0885e+01 1.7615e+01
3.4344e+01 1.2394e+01 4.3937e+01 4.5503e+01 3.0574e+01 1.7672e+01
3.4204e+01 1.2417e+01 4.3994e+01 4.5700e+01 3.0242e+01 1.7727e+01
3.4070e+01 1.2441e+01 4.4040e+01 4.5900e+01 2.9894e+01 1.7779e+01
3.3939e+01 1.2468e+01 4.4077e+01 4.6104e+01 2.9531e+01 1.7829e+01
3.3795e+01 1.2496e+01 4.4103e+01 4.6313e+01 2.9159e+01 1.7875e+01
3.3621e+01 1.2526e+01 4.4118e+01 4.6531e+01 2.8778e+01 1.7917e+01
3.3415e+01 1.2558e+01 4.4122e+01 4.6757e+01 2.8392e+01 1.7954e+01
3.3174e+01 1.2592e+01 4.4116e+01 4.6994e+01 2.8003e+01 1.7987e+01
3.2899e+01 1.2627e+01 4.4099e+01 4.7243e+01 2.7612e+01 1.8014e+01
3.2595e+01 1.2665e+01 4.4071e+01 4.7504e+01 2.7222e+01 1.8036e+01
3.2266e+01 1.2703e+01 4.4032e+01 4.7778e+01 2.6840e+01 1.8053e+01
3.1915e+01 1.2744e+01 4.3980e+01 4.8065e+01 2.6472e+01 1.8065e+01
3.1544e+01 1.2786e+01 4.3917e+01 4.8365e+01 2.6118e+01 1.8071e+01
3.1156e+01 1.2830e+01 4.3842e+01 4.8679e+01 2.5776e+01 1.8073e+01
3.0756e+01 1.2876e+01 4.3757e+01 4.9006e+01 2.5446e+01 1.8070e+01
3.0344e+01 1.2924e+01 4.3661e+01 4.9349e+01 2.5127e+01 1.8063e+01
2.9921e+01 1.2974e+01 4.3552e+01 4.9708e+01 2.4819e+01 1.8052e+01
2.9490e+01 1.3025e+01 4.3426e+01 5.0085e+01 2.4521e+01 1.8037e+01
2.9054e+01 1.3078e+01 4.3283e+01 5.0480e+01 2.4232e+01 1.8021e+01
2.8614e+01 1.3132e+01 4.3125e+01 5.0895e+01 2.3952e+01 1.8002e+01
2.8170e+01 1.3188e+01 4.2954e+01 5.1333e+01 2.3681e+01 1.7983e+01
2.7722e+01 1.3244e+01 4.2773e+01 5.1798e+01 2.3419e+01 1.7965e+01
2.7272e+01 1.3300e+01 4.2582e+01 5.2297e+01 2.3166e+01 1.7950e+01
2.6822e+01 1.3355e+01 4.2386e+01 5.2838e+01 2.2923e+01 1.7943e+01
2.6375e+01 1.3407e+01 4.2191e+01 5.3436e+01 2.2691e+01 1.7949e+01
2.5934e+01 1.3453e+01 4.2005e+01 5.4109e+01 2.2472e+01 1.7974e+01
2.5507e+01 1.3492e+01 4.1833e+01 5.4875e+01 2.2267e+01 1.8023e+01
2.5100e+01 1.3523e+01 4.1682e+01 5.5738e+01 2.2076e+01 1.8091e+01
2.4713e+01 1.3547e+01 4.1554e+01 5.6682e+01 2.1897e+01 1.8173e+01
2.4344e+01 1.3567e+01 4.1447e+01 5.7674e+01 2.1728e+01 1.8256e+01
2.3991e+01 1.3586e+01 4.1353e+01 5.8689e+01 2.1567e+01 1.8333e+01
2.3658e+01 1.3605e+01 4.1267e+01 5.9712e+01 2.1412e+01 1.8399e+01
2.3348e+01 1.3626e+01 4.1181e+01 6.0736e+01 2.1264e+01 1.8451e+01
2.3062e+01 1.3650e+01 4.1090e+01 6.1758e+01 2.1121e+01 1.8486e+01
2.2799e+01 1.3678e+01 4.0990e+01 6.2775e+01 2.0985e+01 1.8507e+01
2.2557e+01 1.3711e+01 4.0883e+01 6.3784e+01 2.0854e+01 1.8511e+01
2.2334e+01 1.3750e+01 4.0770e+01 6.4785e+01 2.0729e+01 1.8500e+01
2.2129e+01 1.3794e+01 4.0652e+01 6.5778e+01 2.0609e+01 1.8474e+01
2.1940e+01 1.3843e+01 4.0530e+01 6.6765e+01 2.0494e+01 1.8436e+01
2.1766e+01 1.3898e+01 4.0405e+01 6.7746e+01 2.0385e+01 1.8385e+01
2.1605e+01 1.3958e+01 4.0277e+01 6.8725e+01 2.0283e+01 1.8325e+01
2.1455e+01 1.4023e+01 4.0147e+01 6.9700e+01 2.0189e+01 1.8255e+01
2.1315e+01 1.4092e+01 4.0016e+01 7.0674e+01 2.0100e+01 1.8177e+01
2.1182e+01 1.4166e+01 3.9883e+01 7.1646e+01 2.0018e+01 1.8093e+01
2.1057e+01 1.4243e+01 3.9750e+01 7.2618e+01 1.9941e+01 1.8003e+01
2.0938e+01 1.4323e+01 3.9615e+01 7.3592e+01 1.9869e+01 1.7909e+01
2.0825e+01 1.4406e+01 3.9480e+01 7.4571e+01 1.9801e+01 1.7811e+01
2.0716e+01 1.4491e+01 3.9345e+01 7.5555e+01 1.9737e+01 1.7711e+01
2.0610e+01 1.4578e+01 3.9210e+01 7.6546e+01 1.9678e+01 1.7608e+01
2.0506e+01 1.4667e+01 3.9074e+01 7.7544e+01 1.9621e+01 1.7505e+01
2.0403e+01 1.4757e+01 3.8939e+01 7.8552e+01 1.9568e+01 1.7401e+01
2.0302e+01 1.4848e+01 3.8805e+01 7.9569e+01 1.9518e+01 1.7297e+01
2.0203e+01 1.4939e+01 3.8671e+01 8.0596e+01 1.9470e+01 1.7194e+01
2.0104e+01 1.5031e+01 3.8538e+01 8.1632e+01 1.9424e+01 1.7092e+01
2.0007e+01 1.5123e+01 3.8406e+01 8.2676e+01 1.9380e+01 1.6991e+01
1.9910e+01 1.5215e+01 3.8275e+01 8.3724e+01 1.9338e+01 1.6892e+01
1.9815e+01 1.5307e+01 3.8146e+01 8.4750e+01 1.9298e+01 1.6795e+01
1.9720e+01 1.5397e+01 3.8018e+01 8.5756e+01 1.9258e+01 1.6699e+01
1.9626e+01 1.5487e+01 3.7893e+01 8.6741e+01 1.9220e+01 1.6607e+01
1.9533e+01 1.5575e+01 3.7770e+01 8.7708e+01 1.9182e+01 1.6516e+01
1.9440e+01 1.5661e+01 3.7649e+01 8.8656e+01 1.9145e+01 1.6429e+01
1.9348e+01 1.5746e+01 3.7531e+01 8.9586e+01 1.9108e+01 1.6343e+01
1.9256e+01 1.5829e+01 3.7416e+01 9.0499e+01 1.9071e+01 1.6261e+01
1.9165e+01 1.5911e+01 3.7304e+01 9.1396e+01 1.9035e+01 1.6181e+01
1.9074e+01 1.5991e+01 3.7194e+01 9.2277e+01 1.8998e+01 1.6104e+01
1.8984e+01 1.6069e+01 3.7088e+01 9.3139e+01 1.8970e+01 1.6029e+01
1.8894e+01 1.6145e+01 3.6985e+01 9.3976e+01 1.8951e+01 1.5957e+01
1.8805e+01 1.6220e+01 3.6886e+01 9.4789e+01 1.8939e+01 1.5888e+01
1.8717e+01 1.6293e+01 3.6790e+01 9.5578e+01 1.8934e+01 1.5821e+01
1.8630e+01 1.6364e+01 3.6698e+01 9.6342e+01 1.8935e+01 1.5756e+01
