2.4248e+00 3.3699e+00 2.0926e+01 3.3021e+00
4.5146e+00 6.9904e+00 5.2463e+01 6.7297e+00
4.9876e+00 7.8985e+00 6.4211e+01 7.4811e+00
9.6751e+00 1.7360e+01 1.4511e+02 1.5022e+01
1.1187e+01 2.2195e+01 1.4901e+02 1.8124e+01
1.1639e+01 2.6885e+01 1.4088e+02 2.0107e+01
1.1657e+01 3.4641e+01 1.3089e+02 2.1942e+01
1.1521e+01 4.4750e+01 1.2165e+02 2.3636e+01
1.1576e+01 4.8378e+01 1.1616e+02 2.5181e+01
1.2147e+01 4.6493e+01 1.1776e+02 2.5686e+01
1.2144e+01 4.4781e+01 1.1182e+02 2.6988e+01
1.0930e+01 4.0303e+01 1.0064e+02 2.4306e+01
9.8371e+00 3.6274e+01 9.0581e+01 2.1876e+01
8.8537e+00 3.2647e+01 8.1525e+01 1.9689e+01
7.9691e+00 2.9383e+01 7.3381e+01 1.7722e+01
7.1745e+00 2.6447e+01 6.6053e+01 1.5956e+01
6.4614e+00 2.3808e+01 5.9454e+01 1.4376e+01
5.8211e+00 2.1433e+01 5.3516e+01 1.2951e+01
5.2544e+00 1.9302e+01 4.8190e+01 1.1677e+01
4.7462e+00 1.7385e+01 4.3405e+01 1.0530e+01
4.2863e+00 1.5656e+01 3.9091e+01 9.4935e+00
3.8723e+00 1.4099e+01 3.5213e+01 8.5614e+00
3.5012e+00 1.2697e+01 3.1720e+01 7.7212e+00
3.1750e+00 1.1437e+01 2.8586e+01 6.9656e+00
2.8895e+00 1.0305e+01 2.5771e+01 6.2893e+00
2.6398e+00 9.2891e+00 2.3241e+01 5.6860e+00
2.4219e+00 8.3770e+00 2.0965e+01 5.1495e+00
2.2325e+00 7.5590e+00 1.8917e+01 4.6754e+00
2.0690e+00 6.8259e+00 1.7073e+01 4.2610e+00
1.9298e+00 6.1703e+00 1.5416e+01 3.9088e+00
1.8143e+00 5.5860e+00 1.3931e+01 3.6202e+00
1.7238e+00 5.0685e+00 1.2601e+01 3.4108e+00
1.6619e+00 4.6159e+00 1.1412e+01 3.2628e+00
1.6332e+00 4.2282e+00 1.0349e+01 3.1357e+00
1.6415e+00 3.9058e+00 9.4089e+00 3.0421e+00
1.6934e+00 3.6504e+00 8.5955e+00 3.0238e+00
1.8044e+00 3.4683e+00 7.9313e+00 3.1167e+00
1.9847e+00 3.3619e+00 7.4839e+00 3.3566e+00
2.2143e+00 3.3130e+00 7.2579e+00 3.7198e+00
2.4448e+00 3.2849e+00 7.0629e+00 4.1352e+00
2.6164e+00 3.2425e+00 6.8045e+00 4.6068e+00
2.7151e+00 3.2250e+00 6.5429e+00 5.0351e+00
2.8402e+00 3.3222e+00 6.3894e+00 5.3530e+00
3.0396e+00 3.5720e+00 6.3653e+00 5.7207e+00
3.2548e+00 3.8875e+00 6.4146e+00 6.0616e+00
3.4352e+00 4.1431e+00 6.4786e+00 6.3266e+00
3.6568e+00 4.4526e+00 6.6243e+00 6.6066e+00
3.9228e+00 4.8648e+00 6.8654e+00 6.9235e+00
4.2649e+00 5.2509e+00 7.2151e+00 7.2007e+00
4.2451e+00 5.4097e+00 7.2990e+00 7.4883e+00
4.4504e+00 5.7842e+00 7.4644e+00 7.6856e+00
4.7499e+00 6.1926e+00 7.5697e+00 7.7326e+00
5.0272e+00 6.5330e+00 7.5585e+00 7.6680e+00
5.2331e+00 6.7811e+00 7.4322e+00 7.5320e+00
5.3694e+00 6.9206e+00 7.2305e+00 7.3721e+00
5.4558e+00 6.9642e+00 7.0027e+00 7.2183e+00
5.5294e+00 6.9977e+00 6.7860e+00 7.0651e+00
5.5812e+00 7.0313e+00 6.5954e+00 6.9350e+00
5.6111e+00 7.0780e+00 6.4395e+00 6.8416e+00
5.6317e+00 7.1928e+00 6.3257e+00 6.7734e+00
5.5116e+00 7.3783e+00 6.2294e+00 6.4694e+00
5.4359e+00 7.6626e+00 6.1733e+00 6.2598e+00
5.4332e+00 7.8692e+00 6.2109e+00 6.2746e+00
5.3954e+00 7.8683e+00 6.2812e+00 6.2615e+00
5.3775e+00 8.2287e+00 6.3883e+00 6.2248e+00
5.3462e+00 8.5802e+00 6.5239e+00 6.1652e+00
5.3012e+00 8.8319e+00 6.7498e+00 6.0976e+00
5.2424e+00 9.0193e+00 7.0582e+00 6.0261e+00
5.1722e+00 9.2022e+00 7.4286e+00 5.9723e+00
5.0942e+00 9.3692e+00 7.8510e+00 5.9270e+00
5.0098e+00 9.5441e+00 8.3007e+00 5.8931e+00
4.9430e+00 9.7073e+00 8.7602e+00 5.8671e+00
4.8965e+00 9.8206e+00 9.2042e+00 5.8403e+00
4.7683e+00 9.2607e+00 8.8675e+00 5.5543e+00
4.7210e+00 9.5590e+00 9.4410e+00 5.5816e+00
4.6502e+00 9.2095e+00 9.2677e+00 6.0459e+00
4.6999e+00 9.1909e+00 9.5618e+00 5.9595e+00
4.6615e+00 9.4321e+00 1.0184e+01 5.9389e+00
4.6412e+00 9.6284e+00 1.0793e+01 5.9189e+00
4.6464e+00 9.7347e+00 1.1353e+01 5.9133e+00
4.6749e+00 9.7416e+00 1.1820e+01 5.9143e+00
4.7186e+00 9.6948e+00 1.2225e+01 5.9123e+00
4.7667e+00 9.6698e+00 1.2738e+01 5.9159e+00
4.8292e+00 9.6012e+00 1.3195e+01 5.9222e+00
4.9052e+00 9.4906e+00 1.3540e+01 5.9265e+00
4.7899e+00 9.0366e+00 1.2985e+01 5.6456e+00
4.6816e+00 8.9171e+00 1.3190e+01 5.4237e+00
4.7850e+00 8.8170e+00 1.3189e+01 5.4271e+00
4.8583e+00 8.6685e+00 1.3103e+01 5.6224e+00
4.9892e+00 8.6533e+00 1.3430e+01 5.6693e+00
5.0829e+00 8.6848e+00 1.4241e+01 5.6868e+00
5.1722e+00 8.7155e+00 1.5078e+01 5.7040e+00
5.2663e+00 8.7315e+00 1.5845e+01 5.7379e+00
5.3604e+00 8.7249e+00 1.6489e+01 5.7869e+00
5.4426e+00 8.6895e+00 1.7014e+01 5.8428e+00
5.5020e+00 8.6355e+00 1.7472e+01 5.9027e+00
5.5552e+00 8.6108e+00 1.8116e+01 5.9750e+00
5.6339e+00 8.6889e+00 1.8448e+01 6.0661e+00
5.7322e+00 8.9042e+00 1.8799e+01 6.1717e+00
5.8369e+00 9.2016e+00 1.9140e+01 6.2886e+00
5.9439e+00 9.5177e+00 1.9436e+01 6.4126e+00
6.0494e+00 9.8329e+00 1.9693e+01 6.5373e+00
6.1520e+00 1.0144e+01 1.9905e+01 6.6591e+00
6.2499e+00 1.0447e+01 2.0077e+01 6.7764e+00
6.3413e+00 1.0740e+01 2.0219e+01 6.8882e+00
6.4241e+00 1.1021e+01 2.0334e+01 6.9954e+00
6.4967e+00 1.1286e+01 2.0417e+01 7.1029e+00
6.5573e+00 1.1534e+01 2.0466e+01 7.2154e+00
6.6045e+00 1.1763e+01 2.0490e+01 7.3335e+00
6.6389e+00 1.1994e+01 2.0510e+01 7.4589e+00
6.6634e+00 1.2285e+01 2.0517e+01 7.5927e+00
6.6815e+00 1.2579e+01 2.0504e+01 7.7355e+00
6.6954e+00 1.2857e+01 2.0509e+01 7.8860e+00
6.7076e+00 1.3106e+01 2.0531e+01 8.0411e+00
6.7243e+00 1.3321e+01 2.0562e+01 8.1974e+00
6.7546e+00 1.3503e+01 2.0594e+01 8.3511e+00
6.7985e+00 1.3657e+01 2.0623e+01 8.4997e+00
6.8548e+00 1.3787e+01 2.0646e+01 8.6408e+00
6.9226e+00 1.3894e+01 2.0664e+01 8.7736e+00
7.0006e+00 1.3991e+01 2.0676e+01 8.8976e+00
7.0881e+00 1.4090e+01 2.0684e+01 9.0127e+00
7.1837e+00 1.4191e+01 2.0690e+01 9.1188e+00
7.2865e+00 1.4294e+01 2.0696e+01 9.2158e+00
7.3955e+00 1.4396e+01 2.0702e+01 9.3040e+00
7.5101e+00 1.4498e+01 2.0712e+01 9.3837e+00
7.6296e+00 1.4600e+01 2.0724e+01 9.4555e+00
7.7532e+00 1.4721e+01 2.0740e+01 9.5200e+00
7.8806e+00 1.4869e+01 2.0760e+01 9.5779e+00
8.0109e+00 1.5041e+01 2.0785e+01 9.6297e+00
8.1436e+00 1.5234e+01 2.0813e+01 9.6760e+00
8.2782e+00 1.5446e+01 2.0846e+01 9.7174e+00
8.4141e+00 1.5673e+01 2.0883e+01 9.7544e+00
8.5512e+00 1.5915e+01 2.0923e+01 9.7874e+00
8.6886e+00 1.6169e+01 2.0967e+01 9.8166e+00
8.8263e+00 1.6433e+01 2.1013e+01 9.8428e+00
8.9643e+00 1.6707e+01 2.1062e+01 9.8666e+00
9.1022e+00 1.6990e+01 2.1113e+01 9.8885e+00
9.2395e+00 1.7281e+01 2.1167e+01 9.9085e+00
9.3762e+00 1.7578e+01 2.1223e+01 9.9271e+00
9.5121e+00 1.7883e+01 2.1282e+01 9.9445e+00
9.6472e+00 1.8194e+01 2.1344e+01 9.9613e+00
9.7814e+00 1.8511e+01 2.1408e+01 9.9777e+00
9.9146e+00 1.8832e+01 2.1475e+01 9.9940e+00
1.0046e+01 1.9159e+01 2.1546e+01 1.0010e+01
1.0176e+01 1.9491e+01 2.1620e+01 1.0026e+01
1.0304e+01 1.9827e+01 2.1699e+01 1.0043e+01
1.0430e+01 2.0166e+01 2.1782e+01 1.0060e+01
1.0554e+01 2.0508e+01 2.1868e+01 1.0078e+01
1.0676e+01 2.0853e+01 2.1958e+01 1.0096e+01
1.0795e+01 2.1199e+01 2.2053e+01 1.0115e+01
1.0911e+01 2.1548e+01 2.2153e+01 1.0136e+01
1.1025e+01 2.1899e+01 2.2258e+01 1.0157e+01
1.1134e+01 2.2251e+01 2.2369e+01 1.0179e+01
1.1241e+01 2.2605e+01 2.2485e+01 1.0202e+01
1.1344e+01 2.2957e+01 2.2605e+01 1.0226e+01
1.1442e+01 2.3309e+01 2.2730e+01 1.0252e+01
1.1536e+01 2.3659e+01 2.2861e+01 1.0279e+01
1.1625e+01 2.4006e+01 2.2997e+01 1.0307e+01
1.1709e+01 2.4349e+01 2.3139e+01 1.0336e+01
1.1787e+01 2.4688e+01 2.3286e+01 1.0367e+01
1.1859e+01 2.5021e+01 2.3440e+01 1.0398e+01
1.1927e+01 2.5346e+01 2.3598e+01 1.0431e+01
1.1989e+01 2.5665e+01 2.3763e+01 1.0466e+01
1.2045e+01 2.5976e+01 2.3933e+01 1.0502e+01
1.2096e+01 2.6279e+01 2.4112e+01 1.0540e+01
1.2143e+01 2.6575e+01 2.4299e+01 1.0579e+01
1.2199e+01 2.6863e+01 2.4495e+01 1.0620e+01
1.2265e+01 2.7144e+01 2.4701e+01 1.0662e+01
1.2338e+01 2.7418e+01 2.4918e+01 1.0705e+01
1.2419e+01 2.7687e+01 2.5145e+01 1.0749e+01
1.2506e+01 2.7949e+01 2.5383e+01 1.0795e+01
1.2599e+01 2.8207e+01 2.5631e+01 1.0842e+01
1.2697e+01 2.8460e+01 2.5889e+01 1.0889e+01
1.2799e+01 2.8711e+01 2.6157e+01 1.0938e+01
1.2906e+01 2.8959e+01 2.6434e+01 1.0986e+01
1.3016e+01 2.9205e+01 2.6719e+01 1.1036e+01
1.3130e+01 2.9449e+01 2.7009e+01 1.1085e+01
1.3246e+01 2.9691e+01 2.7304e+01 1.1135e+01
1.3366e+01 2.9933e+01 2.7604e+01 1.1185e+01
1.3487e+01 3.0175e+01 2.7905e+01 1.1235e+01
1.3611e+01 3.0417e+01 2.8210e+01 1.1285e+01
1.3737e+01 3.0658e+01 2.8511e+01 1.1334e+01
1.3865e+01 3.0901e+01 2.8814e+01 1.1384e+01
1.3995e+01 3.1145e+01 2.9116e+01 1.1432e+01
1.4125e+01 3.1388e+01 2.9414e+01 1.1481e+01
1.4257e+01 3.1632e+01 2.9712e+01 1.1529e+01
1.4390e+01 3.1875e+01 3.0005e+01 1.1576e+01
1.4523e+01 3.2118e+01 3.0293e+01 1.1624e+01
1.4657e+01 3.2362e+01 3.0581e+01 1.1670e+01
1.4792e+01 3.2604e+01 3.0862e+01 1.1716e+01
1.4928e+01 3.2847e+01 3.1139e+01 1.1762e+01
1.5064e+01 3.3088e+01 3.1412e+01 1.1808e+01
1.5201e+01 3.3330e+01 3.1682e+01 1.1853e+01
1.5338e+01 3.3571e+01 3.1945e+01 1.1898e+01
1.5475e+01 3.3810e+01 3.2191e+01 1.1946e+01
1.5611e+01 3.4035e+01 3.2377e+01 1.2004e+01
1.5732e+01 3.4142e+01 3.2254e+01 1.2130e+01
1.5973e+01 3.2692e+01 3.0879e+01 1.2828e+01
1.5068e+01 3.0160e+01 2.8741e+01 1.2459e+01
1.4956e+01 3.0110e+01 2.9821e+01 1.2182e+01
1.4588e+01 2.9279e+01 2.9834e+01 1.1801e+01
1.4866e+01 2.9426e+01 2.9401e+01 1.2576e+01
1.5134e+01 3.0155e+01 2.9700e+01 1.2672e+01
1.5320e+01 3.0799e+01 3.0941e+01 1.2548e+01
1.5576e+01 3.1437e+01 3.1121e+01 1.2666e+01
1.5830e+01 3.2116e+01 3.1970e+01 1.2624e+01
1.6078e+01 3.2775e+01 3.2361e+01 1.2680e+01
1.6315e+01 3.3393e+01 3.2983e+01 1.2679e+01
1.6542e+01 3.3986e+01 3.3412e+01 1.2716e+01
1.6760e+01 3.4539e+01 3.3904e+01 1.2734e+01
1.6969e+01 3.5065e+01 3.4339e+01 1.2760e+01
1.7169e+01 3.5566e+01 3.4737e+01 1.2791e+01
1.7363e+01 3.6036e+01 3.5139e+01 1.2817e+01
1.7549e+01 3.6484e+01 3.5523e+01 1.2843e+01
1.7730e+01 3.6912e+01 3.5887e+01 1.2870e+01
1.7905e+01 3.7322e+01 3.6236e+01 1.2897e+01
1.8075e+01 3.7709e+01 3.6588e+01 1.2920e+01
1.8236e+01 3.8042e+01 3.7005e+01 1.2920e+01
1.8221e+01 3.7889e+01 3.7567e+01 1.2794e+01
1.7229e+01 3.5398e+01 3.5901e+01 1.2163e+01
1.7476e+01 3.5900e+01 3.5851e+01 1.2388e+01
1.6695e+01 3.3936e+01 3.4573e+01 1.1895e+01
1.7080e+01 3.4946e+01 3.4747e+01 1.2202e+01
1.7344e+01 3.5303e+01 3.4281e+01 1.3563e+01
1.7366e+01 3.5195e+01 3.4958e+01 1.3337e+01
1.7691e+01 3.6021e+01 3.5005e+01 1.3684e+01
1.7950e+01 3.6475e+01 3.5745e+01 1.3574e+01
1.8277e+01 3.7287e+01 3.6167e+01 1.3611e+01
1.8581e+01 3.7973e+01 3.6674e+01 1.3608e+01
1.8858e+01 3.8514e+01 3.7203e+01 1.3576e+01
1.9132e+01 3.9096e+01 3.7640e+01 1.3574e+01
1.9396e+01 3.9678e+01 3.8009e+01 1.3587e+01
1.9652e+01 4.0257e+01 3.8311e+01 1.3617e+01
1.9897e+01 4.0897e+01 3.8384e+01 1.3717e+01
2.0137e+01 3.9908e+01 3.7016e+01 1.4362e+01
1.8833e+01 3.6741e+01 3.4400e+01 1.3807e+01
1.7946e+01 3.4702e+01 3.3326e+01 1.3142e+01
1.8194e+01 3.4501e+01 3.3855e+01 1.3004e+01
1.8654e+01 3.4484e+01 3.3070e+01 1.3709e+01
1.8569e+01 3.4261e+01 3.3481e+01 1.3420e+01
1.9010e+01 3.5556e+01 3.3703e+01 1.4329e+01
1.9395e+01 3.6406e+01 3.4558e+01 1.4221e+01
1.9677e+01 3.6882e+01 3.5321e+01 1.4079e+01
2.0049e+01 3.7795e+01 3.5988e+01 1.4046e+01
2.0417e+01 3.8796e+01 3.6523e+01 1.4068e+01
2.0759e+01 3.9863e+01 3.6718e+01 1.4531e+01
2.0995e+01 3.8678e+01 3.5389e+01 1.5326e+01
1.9773e+01 3.5864e+01 3.3136e+01 1.4865e+01
1.8992e+01 3.4432e+01 3.2713e+01 1.4170e+01
1.9532e+01 3.5485e+01 3.3569e+01 1.4167e+01
2.0029e+01 3.6789e+01 3.4281e+01 1.4317e+01
2.0488e+01 3.8110e+01 3.4866e+01 1.4475e+01
2.0474e+01 3.7666e+01 3.5184e+01 1.4177e+01
2.0655e+01 3.7753e+01 3.5738e+01 1.3995e+01
2.0815e+01 3.7769e+01 3.6231e+01 1.3830e+01
2.0414e+01 3.6989e+01 3.6666e+01 1.3440e+01
1.9132e+01 3.4372e+01 3.4839e+01 1.2623e+01
1.9184e+01 3.3027e+01 3.3406e+01 1.3501e+01
1.8712e+01 3.2077e+01 3.4041e+01 1.3017e+01
1.9358e+01 3.2924e+01 3.3337e+01 1.3817e+01
1.9628e+01 3.3300e+01 3.4062e+01 1.3651e+01
1.9464e+01 3.3019e+01 3.4853e+01 1.3311e+01
1.9005e+01 3.2321e+01 3.5367e+01 1.2871e+01
1.8201e+01 3.0854e+01 3.4556e+01 1.2283e+01
1.8969e+01 3.2407e+01 3.5166e+01 1.2577e+01
1.9701e+01 3.3241e+01 3.4263e+01 1.3563e+01
2.0301e+01 3.4388e+01 3.3564e+01 1.4315e+01
2.0371e+01 3.3468e+01 3.2302e+01 1.5138e+01
2.0426e+01 3.2786e+01 3.1147e+01 1.5872e+01
1.9687e+01 3.1733e+01 3.1484e+01 1.5085e+01
2.0319e+01 3.3682e+01 3.1243e+01 1.5583e+01
2.0757e+01 3.3584e+01 3.0396e+01 1.6470e+01
2.1207e+01 3.3425e+01 2.9637e+01 1.7277e+01
2.1716e+01 3.5030e+01 2.9443e+01 1.7699e+01
2.2253e+01 3.6905e+01 2.9505e+01 1.8079e+01
2.1503e+01 3.5223e+01 2.8319e+01 1.7922e+01
2.1130e+01 3.4181e+01 2.8924e+01 1.7153e+01
2.1140e+01 3.3611e+01 2.8093e+01 1.7510e+01
2.0875e+01 3.3297e+01 2.9952e+01 1.6812e+01
2.1527e+01 3.5354e+01 2.9780e+01 1.7088e+01
2.1146e+01 3.4694e+01 3.1018e+01 1.6419e+01
2.0010e+01 3.2763e+01 3.0508e+01 1.5403e+01
2.0514e+01 3.2957e+01 3.1345e+01 1.5227e+01
2.1204e+01 3.5108e+01 3.1040e+01 1.5802e+01
2.0432e+01 3.3842e+01 3.1573e+01 1.5069e+01
1.9704e+01 3.2568e+01 3.2185e+01 1.4383e+01
1.8953e+01 3.1224e+01 3.2284e+01 1.3714e+01
1.8298e+01 3.0072e+01 3.2460e+01 1.3128e+01
1.8342e+01 2.9988e+01 3.3103e+01 1.2932e+01
1.7925e+01 2.9251e+01 3.3627e+01 1.2530e+01
1.6840e+01 2.7219e+01 3.2087e+01 1.1714e+01
1.6203e+01 2.6325e+01 3.1501e+01 1.1277e+01
1.7534e+01 2.9265e+01 3.1642e+01 1.2113e+01
1.8627e+01 3.0382e+01 3.1763e+01 1.3216e+01
1.9698e+01 3.2172e+01 3.1156e+01 1.4384e+01
2.0635e+01 3.3006e+01 3.0433e+01 1.5566e+01
1.9715e+01 3.1677e+01 2.8949e+01 1.5346e+01
1.8794e+01 3.0241e+01 2.8799e+01 1.4512e+01
1.9750e+01 3.1104e+01 2.8342e+01 1.5674e+01
2.0516e+01 3.3374e+01 2.8306e+01 1.6394e+01
