3.3286e+00 5.3715e+00 3.0333e+01 6.4087e+00
4.2887e+00 6.9298e+00 4.1343e+01 8.2504e+00
5.7307e+00 8.8615e+00 5.0390e+01 1.0304e+01
5.3835e+00 8.2816e+00 4.6534e+01 9.5653e+00
6.6037e+00 1.0379e+01 5.3070e+01 1.0742e+01
6.7926e+00 1.2519e+01 5.2499e+01 1.0954e+01
7.5842e+00 1.6125e+01 5.3776e+01 1.3695e+01
8.1084e+00 1.7104e+01 5.4374e+01 1.9290e+01
8.3103e+00 1.8005e+01 5.6087e+01 6.2791e+01
7.4794e+00 1.6204e+01 5.0479e+01 5.6512e+01
6.7315e+00 1.4584e+01 4.5433e+01 5.0862e+01
6.0585e+00 1.3126e+01 4.0890e+01 4.5776e+01
5.4528e+00 1.1813e+01 3.6802e+01 4.1199e+01
4.9077e+00 1.0632e+01 3.3122e+01 3.7080e+01
4.4170e+00 9.5692e+00 2.9811e+01 3.3374e+01
3.9754e+00 8.6126e+00 2.6831e+01 3.0042e+01
3.5782e+00 7.7518e+00 2.4150e+01 2.7047e+01
3.2211e+00 6.9772e+00 2.1739e+01 2.4361e+01
2.8999e+00 6.2802e+00 1.9568e+01 2.1934e+01
2.6112e+00 5.6532e+00 1.7614e+01 1.9747e+01
2.3522e+00 5.0891e+00 1.5858e+01 1.7780e+01
2.1201e+00 4.5819e+00 1.4278e+01 1.6010e+01
1.9124e+00 4.1259e+00 1.2858e+01 1.4418e+01
1.7272e+00 3.7164e+00 1.1584e+01 1.2988e+01
1.5621e+00 3.3491e+00 1.0448e+01 1.1705e+01
1.4156e+00 3.0201e+00 9.4343e+00 1.0558e+01
1.2857e+00 2.7258e+00 8.5249e+00 9.5391e+00
1.1705e+00 2.4633e+00 7.7077e+00 8.6601e+00
1.0685e+00 2.2298e+00 6.9739e+00 9.3636e+00
9.7843e-01 2.0226e+00 6.3160e+00 8.5255e+00
8.9905e-01 1.8387e+00 5.7265e+00 7.7232e+00
8.2919e-01 1.6741e+00 5.1980e+00 6.9862e+00
7.6785e-01 1.5234e+00 4.7241e+00 6.3158e+00
7.1424e-01 1.3861e+00 4.2992e+00 5.7084e+00
6.6768e-01 1.2622e+00 3.9181e+00 5.1591e+00
6.2833e-01 1.1522e+00 3.5762e+00 4.6631e+00
5.9595e-01 1.0545e+00 3.2693e+00 4.2156e+00
5.7018e-01 9.6801e-01 2.9937e+00 3.8120e+00
5.5078e-01 8.9141e-01 2.7463e+00 3.4482e+00
5.3754e-01 8.2371e-01 2.5241e+00 3.1204e+00
5.3036e-01 7.6395e-01 2.3246e+00 2.8252e+00
5.2918e-01 7.1130e-01 2.1455e+00 2.5593e+00
5.3397e-01 6.6501e-01 1.9849e+00 2.3199e+00
5.4468e-01 6.2440e-01 1.8409e+00 2.1044e+00
5.6120e-01 5.8889e-01 1.7118e+00 1.9105e+00
5.8338e-01 5.5794e-01 1.5961e+00 1.7360e+00
6.1087e-01 5.3104e-01 1.4924e+00 1.5790e+00
6.4313e-01 5.0776e-01 1.3997e+00 1.4378e+00
6.7953e-01 4.8768e-01 1.3166e+00 1.3107e+00
7.1939e-01 4.7043e-01 1.2424e+00 1.1965e+00
7.6195e-01 4.5567e-01 1.1760e+00 1.0938e+00
8.0643e-01 4.4309e-01 1.1167e+00 1.0014e+00
8.5222e-01 4.3242e-01 1.0638e+00 9.1840e-01
8.9888e-01 4.2340e-01 1.0165e+00 8.4381e-01
9.4600e-01 4.1581e-01 9.7445e-01 7.7681e-01
9.9328e-01 4.0945e-01 9.3699e-01 7.1664e-01
1.0406e+00 4.0413e-01 9.0370e-01 6.6263e-01
1.0878e+00 3.9973e-01 8.7416e-01 6.1418e-01
1.1361e+00 3.9640e-01 8.4801e-01 5.7088e-01
1.1854e+00 3.9399e-01 8.2490e-01 5.3224e-01
1.2357e+00 3.9236e-01 8.0455e-01 4.9781e-01
1.2868e+00 3.9141e-01 7.8669e-01 4.6718e-01
1.3388e+00 3.9100e-01 7.7109e-01 4.3998e-01
1.3914e+00 3.9104e-01 7.5754e-01 4.1589e-01
1.4445e+00 3.9141e-01 7.4584e-01 3.9461e-01
1.4980e+00 3.9203e-01 7.3582e-01 3.7588e-01
1.5513e+00 3.9277e-01 7.2735e-01 3.5947e-01
1.6040e+00 3.9352e-01 7.2031e-01 3.4515e-01
1.6555e+00 3.9418e-01 7.1462e-01 3.3275e-01
1.7049e+00 3.9460e-01 7.1020e-01 3.2210e-01
1.7512e+00 3.9466e-01 7.0691e-01 3.1305e-01
1.8003e+00 3.9554e-01 7.0472e-01 3.0628e-01
1.8787e+00 4.0207e-01 7.0357e-01 3.0489e-01
1.9873e+00 4.1454e-01 7.0338e-01 3.0948e-01
2.1249e+00 4.3297e-01 7.0395e-01 3.2058e-01
2.2873e+00 4.5680e-01 7.0493e-01 3.3837e-01
2.4686e+00 4.8483e-01 7.0598e-01 3.6244e-01
2.6620e+00 5.1538e-01 7.0682e-01 3.9177e-01
2.8614e+00 5.4685e-01 7.0729e-01 4.2498e-01
3.0613e+00 5.7808e-01 7.0737e-01 4.6069e-01
3.2567e+00 6.0840e-01 7.0708e-01 4.9776e-01
3.4441e+00 6.3744e-01 7.0653e-01 5.3531e-01
3.6220e+00 6.6495e-01 7.0573e-01 5.7271e-01
3.7895e+00 6.9075e-01 7.0457e-01 6.0950e-01
3.9466e+00 7.1471e-01 7.0310e-01 6.4537e-01
4.0938e+00 7.3680e-01 7.0128e-01 6.8015e-01
4.2318e+00 7.5702e-01 6.9910e-01 7.1376e-01
4.3617e+00 7.7550e-01 6.9658e-01 7.4623e-01
4.4856e+00 7.9236e-01 6.9350e-01 7.7760e-01
4.6065e+00 8.0781e-01 6.8979e-01 8.0792e-01
4.7288e+00 8.2202e-01 6.8539e-01 8.3718e-01
4.8579e+00 8.3524e-01 6.8057e-01 8.6532e-01
5.0002e+00 8.4771e-01 6.7682e-01 8.9223e-01
5.1627e+00 8.5970e-01 6.7407e-01 9.1787e-01
5.3526e+00 8.7155e-01 6.7233e-01 9.4236e-01
5.5762e+00 8.8357e-01 6.7161e-01 9.6592e-01
5.8378e+00 8.9594e-01 6.7188e-01 9.8880e-01
6.1381e+00 9.0868e-01 6.7312e-01 1.0112e+00
6.4735e+00 9.2166e-01 6.7524e-01 1.0333e+00
6.8357e+00 9.3472e-01 6.7816e-01 1.0550e+00
7.2113e+00 9.4771e-01 6.8178e-01 1.0765e+00
7.5856e+00 9.6050e-01 6.8604e-01 1.0977e+00
7.9431e+00 9.7301e-01 6.9089e-01 1.1186e+00
8.2691e+00 9.8516e-01 6.9627e-01 1.1393e+00
8.5527e+00 9.9695e-01 7.0216e-01 1.1600e+00
8.7871e+00 1.0084e+00 7.0855e-01 1.1806e+00
8.9694e+00 1.0194e+00 7.1542e-01 1.2013e+00
9.1005e+00 1.0301e+00 7.2275e-01 1.2222e+00
9.1835e+00 1.0407e+00 7.3054e-01 1.2434e+00
9.2229e+00 1.0510e+00 7.3880e-01 1.2650e+00
9.2245e+00 1.0614e+00 7.4753e-01 1.2871e+00
9.1948e+00 1.0719e+00 7.5674e-01 1.3098e+00
9.1402e+00 1.0827e+00 7.6643e-01 1.3332e+00
9.0674e+00 1.0939e+00 7.7663e-01 1.3573e+00
8.9824e+00 1.1057e+00 7.8735e-01 1.3823e+00
8.8910e+00 1.1184e+00 7.9859e-01 1.4081e+00
8.7984e+00 1.1318e+00 8.1038e-01 1.4347e+00
8.7094e+00 1.1463e+00 8.2272e-01 1.4622e+00
8.6275e+00 1.1618e+00 8.3558e-01 1.4906e+00
8.5558e+00 1.1784e+00 8.4894e-01 1.5197e+00
8.4966e+00 1.1960e+00 8.6278e-01 1.5495e+00
8.4515e+00 1.2148e+00 8.7704e-01 1.5799e+00
8.4215e+00 1.2346e+00 8.9171e-01 1.6109e+00
8.4069e+00 1.2556e+00 9.0673e-01 1.6423e+00
8.4074e+00 1.2777e+00 9.2208e-01 1.6741e+00
8.4217e+00 1.3009e+00 9.3769e-01 1.7061e+00
8.4455e+00 1.3253e+00 9.5355e-01 1.7384e+00
8.4766e+00 1.3510e+00 9.6962e-01 1.7709e+00
8.5139e+00 1.3779e+00 9.8588e-01 1.8034e+00
8.5564e+00 1.4061e+00 1.0023e+00 1.8361e+00
8.6028e+00 1.4358e+00 1.0189e+00 1.8688e+00
8.6517e+00 1.4669e+00 1.0356e+00 1.9016e+00
8.7018e+00 1.4996e+00 1.0523e+00 1.9344e+00
8.7515e+00 1.5339e+00 1.0692e+00 1.9672e+00
8.7990e+00 1.5699e+00 1.0861e+00 2.0000e+00
8.8428e+00 1.6074e+00 1.1030e+00 2.0328e+00
8.8810e+00 1.6467e+00 1.1199e+00 2.0656e+00
8.9121e+00 1.6874e+00 1.1369e+00 2.0984e+00
8.9342e+00 1.7296e+00 1.1537e+00 2.1312e+00
8.9456e+00 1.7729e+00 1.1704e+00 2.1640e+00
8.9446e+00 1.8170e+00 1.1869e+00 2.1965e+00
8.9295e+00 1.8616e+00 1.2031e+00 2.2287e+00
8.8996e+00 1.9061e+00 1.2190e+00 2.2602e+00
8.8537e+00 1.9498e+00 1.2343e+00 2.2906e+00
8.7916e+00 1.9920e+00 1.2489e+00 2.3196e+00
8.7141e+00 2.0316e+00 1.2627e+00 2.3468e+00
8.6227e+00 2.0677e+00 1.2755e+00 2.3718e+00
8.5202e+00 2.0992e+00 1.2872e+00 2.3941e+00
8.4098e+00 2.1255e+00 1.2975e+00 2.4132e+00
8.2951e+00 2.1465e+00 1.3064e+00 2.4284e+00
8.1788e+00 2.1625e+00 1.3137e+00 2.4391e+00
8.0635e+00 2.1741e+00 1.3192e+00 2.4445e+00
7.9514e+00 2.1821e+00 1.3231e+00 2.4441e+00
7.8441e+00 2.1873e+00 1.3252e+00 2.4376e+00
7.7426e+00 2.1905e+00 1.3258e+00 2.4251e+00
7.6475e+00 2.1925e+00 1.3250e+00 2.4069e+00
7.5589e+00 2.1939e+00 1.3228e+00 2.3834e+00
7.4765e+00 2.1953e+00 1.3193e+00 2.3552e+00
7.3990e+00 2.1969e+00 1.3146e+00 2.3227e+00
7.3250e+00 2.1988e+00 1.3086e+00 2.2863e+00
7.2521e+00 2.2011e+00 1.3015e+00 2.2461e+00
7.1775e+00 2.2035e+00 1.2931e+00 2.2030e+00
7.0983e+00 2.2056e+00 1.2837e+00 2.1575e+00
7.0117e+00 2.2070e+00 1.2732e+00 2.1102e+00
6.9151e+00 2.2076e+00 1.2619e+00 2.0620e+00
6.8064e+00 2.2068e+00 1.2497e+00 2.0134e+00
6.6852e+00 2.2045e+00 1.2369e+00 1.9649e+00
6.5526e+00 2.2005e+00 1.2236e+00 1.9169e+00
6.4123e+00 2.1947e+00 1.2100e+00 1.8694e+00
6.2685e+00 2.1871e+00 1.1961e+00 1.8224e+00
6.1254e+00 2.1778e+00 1.1820e+00 1.7760e+00
5.9846e+00 2.1671e+00 1.1679e+00 1.7305e+00
5.8458e+00 2.1550e+00 1.1536e+00 1.6862e+00
5.7083e+00 2.1416e+00 1.1391e+00 1.6432e+00
5.5723e+00 2.1268e+00 1.1245e+00 1.6015e+00
5.4385e+00 2.1106e+00 1.1098e+00 1.5611e+00
5.3071e+00 2.0928e+00 1.0949e+00 1.5218e+00
5.1782e+00 2.0734e+00 1.0799e+00 1.4838e+00
5.0522e+00 2.0525e+00 1.0647e+00 1.4468e+00
4.9305e+00 2.0302e+00 1.0503e+00 1.4110e+00
4.8147e+00 2.0068e+00 1.0370e+00 1.3764e+00
4.7063e+00 1.9825e+00 1.0247e+00 1.3435e+00
4.6059e+00 1.9574e+00 1.0132e+00 1.3133e+00
4.5143e+00 1.9316e+00 1.0024e+00 1.2856e+00
4.4316e+00 1.9051e+00 9.9237e-01 1.2603e+00
4.3576e+00 1.8778e+00 9.8287e-01 1.2370e+00
4.2948e+00 1.8514e+00 9.7387e-01 1.2153e+00
4.2533e+00 1.8308e+00 9.6529e-01 1.1950e+00
4.2314e+00 1.8162e+00 9.5704e-01 1.1759e+00
4.2278e+00 1.8078e+00 9.4906e-01 1.1575e+00
4.2413e+00 1.8057e+00 9.4123e-01 1.1422e+00
4.2704e+00 1.8099e+00 9.3586e-01 1.1302e+00
4.3134e+00 1.8203e+00 9.3298e-01 1.1212e+00
4.3686e+00 1.8367e+00 9.3223e-01 1.1150e+00
4.4357e+00 1.8586e+00 9.3324e-01 1.1109e+00
4.5158e+00 1.8855e+00 9.3571e-01 1.1088e+00
4.6078e+00 1.9172e+00 9.3944e-01 1.1081e+00
4.7102e+00 1.9523e+00 9.4428e-01 1.1085e+00
4.8226e+00 1.9897e+00 9.5017e-01 1.1100e+00
4.9455e+00 2.0296e+00 9.5706e-01 1.1124e+00
5.0796e+00 2.0734e+00 9.6490e-01 1.1160e+00
5.2220e+00 2.1217e+00 9.7356e-01 1.1207e+00
5.3669e+00 2.1750e+00 9.8286e-01 1.1262e+00
5.5069e+00 2.2332e+00 9.9242e-01 1.1322e+00
5.6350e+00 2.2950e+00 1.0017e+00 1.1382e+00
5.7460e+00 2.3584e+00 1.0101e+00 1.1435e+00
5.8364e+00 2.4209e+00 1.0171e+00 1.1475e+00
5.9046e+00 2.4802e+00 1.0225e+00 1.1498e+00
5.9506e+00 2.5343e+00 1.0260e+00 1.1502e+00
5.9767e+00 2.5824e+00 1.0276e+00 1.1486e+00
5.9857e+00 2.6247e+00 1.0274e+00 1.1450e+00
5.9803e+00 2.6614e+00 1.0256e+00 1.1399e+00
5.9639e+00 2.6930e+00 1.0226e+00 1.1334e+00
5.9396e+00 2.7205e+00 1.0187e+00 1.1260e+00
5.9107e+00 2.7448e+00 1.0143e+00 1.1181e+00
5.8855e+00 2.7693e+00 1.0107e+00 1.1111e+00
5.8665e+00 2.7948e+00 1.0081e+00 1.1052e+00
5.8557e+00 2.8216e+00 1.0069e+00 1.1009e+00
5.8552e+00 2.8501e+00 1.0073e+00 1.0985e+00
5.8670e+00 2.8807e+00 1.0096e+00 1.0982e+00
5.8923e+00 2.9140e+00 1.0142e+00 1.1004e+00
5.9318e+00 2.9503e+00 1.0213e+00 1.1052e+00
5.9851e+00 2.9907e+00 1.0311e+00 1.1129e+00
6.0506e+00 3.0358e+00 1.0434e+00 1.1234e+00
6.1253e+00 3.0860e+00 1.0583e+00 1.1365e+00
6.2055e+00 3.1409e+00 1.0753e+00 1.1518e+00
6.2878e+00 3.1993e+00 1.0939e+00 1.1690e+00
6.3689e+00 3.2601e+00 1.1136e+00 1.1875e+00
6.4462e+00 3.3220e+00 1.1340e+00 1.2070e+00
6.5181e+00 3.3844e+00 1.1547e+00 1.2273e+00
6.5830e+00 3.4472e+00 1.1756e+00 1.2479e+00
6.6398e+00 3.5103e+00 1.1966e+00 1.2689e+00
6.6880e+00 3.5739e+00 1.2175e+00 1.2901e+00
6.7283e+00 3.6377e+00 1.2385e+00 1.3115e+00
6.7637e+00 3.7013e+00 1.2594e+00 1.3330e+00
6.7983e+00 3.7638e+00 1.2801e+00 1.3547e+00
6.8364e+00 3.8247e+00 1.3006e+00 1.3764e+00
6.8810e+00 3.8834e+00 1.3207e+00 1.3983e+00
6.9339e+00 3.9400e+00 1.3404e+00 1.4202e+00
6.9954e+00 3.9948e+00 1.3597e+00 1.4422e+00
7.0654e+00 4.0478e+00 1.3787e+00 1.4642e+00
7.1436e+00 4.0997e+00 1.3972e+00 1.4862e+00
7.2295e+00 4.1506e+00 1.4153e+00 1.5081e+00
7.3225e+00 4.2007e+00 1.4331e+00 1.5300e+00
7.4221e+00 4.2503e+00 1.4506e+00 1.5517e+00
7.5276e+00 4.2996e+00 1.4678e+00 1.5733e+00
7.6386e+00 4.3489e+00 1.4847e+00 1.5948e+00
7.7547e+00 4.3982e+00 1.5014e+00 1.6162e+00
7.8759e+00 4.4476e+00 1.5177e+00 1.6373e+00
8.0017e+00 4.4973e+00 1.5338e+00 1.6583e+00
8.1325e+00 4.5472e+00 1.5497e+00 1.6791e+00
8.2681e+00 4.5974e+00 1.5652e+00 1.6997e+00
8.4087e+00 4.6478e+00 1.5805e+00 1.7201e+00
8.5544e+00 4.6982e+00 1.5954e+00 1.7402e+00
8.7051e+00 4.7485e+00 1.6100e+00 1.7601e+00
8.8608e+00 4.7986e+00 1.6243e+00 1.7798e+00
9.0214e+00 4.8480e+00 1.6382e+00 1.7992e+00
9.1863e+00 4.8966e+00 1.6517e+00 1.8182e+00
9.3547e+00 4.9441e+00 1.6648e+00 1.8370e+00
9.5261e+00 4.9901e+00 1.6774e+00 1.8552e+00
9.6997e+00 5.0344e+00 1.6894e+00 1.8731e+00
9.8745e+00 5.0766e+00 1.7009e+00 1.8904e+00
1.0049e+01 5.1165e+00 1.7118e+00 1.9071e+00
1.0222e+01 5.1541e+00 1.7221e+00 1.9232e+00
1.0393e+01 5.1890e+00 1.7318e+00 1.9387e+00
1.0559e+01 5.2212e+00 1.7409e+00 1.9535e+00
1.0722e+01 5.2505e+00 1.7493e+00 1.9676e+00
1.0879e+01 5.2769e+00 1.7571e+00 1.9811e+00
1.1032e+01 5.3002e+00 1.7644e+00 1.9939e+00
1.1179e+01 5.3206e+00 1.7711e+00 2.0060e+00
1.1321e+01 5.3380e+00 1.7773e+00 2.0176e+00
1.1457e+01 5.3525e+00 1.7831e+00 2.0286e+00
1.1586e+01 5.3642e+00 1.7885e+00 2.0391e+00
1.1710e+01 5.3732e+00 1.7935e+00 2.0491e+00
1.1828e+01 5.3797e+00 1.7983e+00 2.0587e+00
1.1940e+01 5.3845e+00 1.8028e+00 2.0679e+00
1.2071e+01 5.3942e+00 1.8074e+00 2.0765e+00
1.1553e+01 5.5905e+00 1.8188e+00 2.0812e+00
1.0789e+01 5.3711e+00 1.8102e+00 2.0955e+00
1.0303e+01 5.2369e+00 1.8072e+00 2.1068e+00
1.0081e+01 5.1591e+00 1.8075e+00 2.1160e+00
1.0067e+01 5.1198e+00 1.8100e+00 2.1242e+00
1.0193e+01 5.1059e+00 1.8137e+00 2.1316e+00
1.0427e+01 5.1129e+00 1.8186e+00 2.1386e+00
1.0713e+01 5.1350e+00 1.8244e+00 2.1452e+00
1.0975e+01 5.1551e+00 1.8301e+00 2.1519e+00
1.1165e+01 5.1603e+00 1.8352e+00 2.1589e+00
1.1338e+01 5.1648e+00 1.8403e+00 2.1659e+00
1.1500e+01 5.1696e+00 1.8456e+00 2.1729e+00
1.1633e+01 5.1706e+00 1.8506e+00 2.1799e+00
1.1748e+01 5.1704e+00 1.8557e+00 2.1869e+00
1.1849e+01 5.1705e+00 1.8607e+00 2.1938e+00
1.1938e+01 5.1710e+00 1.8659e+00 2.2007e+00
1.2042e+01 5.1798e+00 1.8715e+00 2.2072e+00
1.1724e+01 5.3223e+00 1.8853e+00 2.2108e+00
1.1856e+01 5.3312e+00 1.8918e+00 2.2166e+00
1.1395e+01 5.5070e+00 1.9073e+00 2.2193e+00
1.1147e+01 5.6088e+00 1.9193e+00 2.2231e+00
1.1212e+01 5.6319e+00 1.9263e+00 2.2281e+00
1.1328e+01 5.5942e+00 1.9282e+00 2.2340e+00
1.1297e+01 5.5300e+00 1.9277e+00 2.2404e+00
1.1313e+01 5.4839e+00 1.9287e+00 2.2461e+00
1.1383e+01 5.4624e+00 1.9317e+00 2.2509e+00
1.1393e+01 5.4307e+00 1.9334e+00 2.2555e+00
1.1403e+01 5.4070e+00 1.9355e+00 2.2595e+00
1.1392e+01 5.3837e+00 1.9374e+00 2.2633e+00
1.1383e+01 5.3682e+00 1.9399e+00 2.2668e+00
1.1367e+01 5.3562e+00 1.9425e+00 2.2701e+00
1.1357e+01 5.3528e+00 1.9456e+00 2.2728e+00
1.1183e+01 5.4341e+00 1.9583e+00 2.2724e+00
1.0523e+01 5.6583e+00 1.9897e+00 2.2669e+00
9.9757e+00 5.8334e+00 2.0142e+00 2.2619e+00
9.7500e+00 5.8909e+00 2.0236e+00 2.2591e+00
9.8620e+00 5.8584e+00 2.0206e+00 2.2580e+00
9.8294e+00 5.7651e+00 2.0082e+00 2.2576e+00
9.7773e+00 5.6778e+00 1.9957e+00 2.2559e+00
9.8433e+00 5.6394e+00 1.9902e+00 2.2515e+00
9.8053e+00 5.5768e+00 1.9797e+00 2.2475e+00
9.7432e+00 5.5200e+00 1.9690e+00 2.2430e+00
9.2732e+00 5.3715e+00 1.9392e+00 2.2429e+00
8.8858e+00 5.4838e+00 1.9609e+00 2.2297e+00
8.9265e+00 5.4530e+00 1.9520e+00 2.2236e+00
8.7558e+00 5.3840e+00 1.9350e+00 2.2181e+00
8.5636e+00 5.3187e+00 1.9164e+00 2.2123e+00
8.6194e+00 5.3202e+00 1.9105e+00 2.2036e+00
8.7254e+00 5.3459e+00 1.9087e+00 2.1935e+00
8.7460e+00 5.3469e+00 1.9011e+00 2.1844e+00
8.6642e+00 5.3273e+00 1.8882e+00 2.1763e+00
8.1220e+00 5.1518e+00 1.8409e+00 2.1769e+00
7.7113e+00 5.2595e+00 1.8688e+00 2.1576e+00
7.8756e+00 5.2963e+00 1.8656e+00 2.1479e+00
7.7031e+00 5.2476e+00 1.8438e+00 2.1423e+00
7.8778e+00 5.3066e+00 1.8464e+00 2.1321e+00
7.8787e+00 5.3076e+00 1.8353e+00 2.1254e+00
8.0224e+00 5.3534e+00 1.8360e+00 2.1171e+00
7.7859e+00 5.4467e+00 1.8551e+00 2.1044e+00
7.5434e+00 5.3682e+00 1.8265e+00 2.1037e+00
7.4572e+00 5.4547e+00 1.8434e+00 2.0943e+00
7.6349e+00 5.5029e+00 1.8475e+00 2.0897e+00
7.5793e+00 5.4842e+00 1.8326e+00 2.0899e+00
7.7393e+00 5.5312e+00 1.8390e+00 2.0871e+00
7.8727e+00 5.5780e+00 1.8471e+00 2.0849e+00
7.5737e+00 5.5989e+00 1.8543e+00 2.0771e+00
7.2665e+00 5.5058e+00 1.8196e+00 2.0859e+00
7.2389e+00 5.5571e+00 1.8406e+00 2.0834e+00
7.2780e+00 5.5638e+00 1.8363e+00 2.0887e+00
7.4328e+00 5.6027e+00 1.8481e+00 2.0918e+00
7.3615e+00 5.5939e+00 1.8385e+00 2.1001e+00
6.9656e+00 5.4647e+00 1.7890e+00 2.1173e+00
6.8508e+00 5.4787e+00 1.8069e+00 2.1156e+00
6.6968e+00 5.4555e+00 1.7907e+00 2.1289e+00
6.8017e+00 5.4977e+00 1.8195e+00 2.1332e+00
6.9372e+00 5.5401e+00 1.8412e+00 2.1414e+00
7.0451e+00 5.5783e+00 1.8632e+00 2.1505e+00
6.6190e+00 5.4279e+00 1.8008e+00 2.1402e+00
6.7404e+00 5.4733e+00 1.8262e+00 2.1530e+00
6.7343e+00 5.5037e+00 1.8351e+00 2.1698e+00
6.6778e+00 5.5237e+00 1.8387e+00 2.1882e+00
6.6419e+00 5.5441e+00 1.8451e+00 2.2059e+00
6.7105e+00 5.5660e+00 1.8649e+00 2.2205e+00
6.7741e+00 5.5801e+00 1.8845e+00 2.2355e+00
6.7941e+00 5.5876e+00 1.8980e+00 2.2527e+00
6.8158e+00 5.5882e+00 1.9116e+00 2.2709e+00
6.8447e+00 5.5818e+00 1.9260e+00 2.2903e+00
6.8861e+00 5.5627e+00 1.9429e+00 2.3092e+00
6.5185e+00 5.3795e+00 1.8736e+00 2.3132e+00
6.3447e+00 5.2924e+00 1.8478e+00 2.3284e+00
6.3568e+00 5.2721e+00 1.8574e+00 2.3517e+00
6.4547e+00 5.2723e+00 1.8835e+00 2.3824e+00
6.5246e+00 5.2705e+00 1.9063e+00 2.4180e+00
6.5209e+00 5.2586e+00 1.9218e+00 2.4559e+00
6.5890e+00 5.2530e+00 1.9432e+00 2.4928e+00
6.6360e+00 5.2449e+00 1.9623e+00 2.5312e+00
6.7007e+00 5.2375e+00 1.9820e+00 2.5700e+00
6.7550e+00 5.2280e+00 2.0004e+00 2.6099e+00
6.8231e+00 5.2134e+00 2.0176e+00 2.6486e+00
6.3906e+00 4.9848e+00 1.9375e+00 2.6704e+00
6.1548e+00 4.8757e+00 1.9095e+00 2.7028e+00
6.1086e+00 4.8473e+00 1.9167e+00 2.7405e+00
6.2062e+00 4.8480e+00 1.9446e+00 2.7834e+00
6.2759e+00 4.8540e+00 1.9710e+00 2.8293e+00
6.2578e+00 4.8529e+00 1.9909e+00 2.8766e+00
6.3444e+00 4.8485e+00 2.0155e+00 2.9230e+00
6.3511e+00 4.8412e+00 2.0357e+00 2.9690e+00
6.3056e+00 4.8269e+00 2.0520e+00 3.0136e+00
5.8848e+00 4.6333e+00 1.9989e+00 3.0321e+00
5.6168e+00 4.4664e+00 1.9652e+00 3.0674e+00
5.4887e+00 4.3667e+00 1.9614e+00 3.1011e+00
5.5928e+00 4.3572e+00 1.9921e+00 3.1376e+00
5.5481e+00 4.3699e+00 2.0135e+00 3.1705e+00
5.6384e+00 4.3525e+00 2.0388e+00 3.2007e+00
5.5932e+00 4.3567e+00 2.0570e+00 3.2256e+00
5.2775e+00 4.2634e+00 2.0339e+00 3.2293e+00
5.0474e+00 4.0837e+00 1.9992e+00 3.2505e+00
4.9791e+00 4.0973e+00 2.0164e+00 3.2553e+00
4.8963e+00 4.1157e+00 2.0319e+00 3.2589e+00
4.9536e+00 4.0319e+00 2.0473e+00 3.2647e+00
4.7888e+00 3.8617e+00 2.0299e+00 3.2664e+00
4.8160e+00 3.7785e+00 2.0438e+00 3.2696e+00
4.8440e+00 3.8104e+00 2.0657e+00 3.2685e+00
4.8476e+00 3.7182e+00 2.0731e+00 3.2679e+00
4.7103e+00 3.7949e+00 2.0856e+00 3.2545e+00
4.4291e+00 3.7051e+00 2.0663e+00 3.2273e+00
4.5207e+00 3.7709e+00 2.0856e+00 3.2267e+00
4.5192e+00 3.6837e+00 2.0824e+00 3.2299e+00
4.4523e+00 3.8010e+00 2.0958e+00 3.2125e+00
4.5755e+00 3.7947e+00 2.1031e+00 3.2084e+00
4.6053e+00 3.7316e+00 2.0973e+00 3.2028e+00
4.3788e+00 3.5523e+00 2.0525e+00 3.2020e+00
4.2673e+00 3.6670e+00 2.0600e+00 3.1649e+00
4.3993e+00 3.6870e+00 2.0581e+00 3.1415e+00
4.5113e+00 3.7049e+00 2.0520e+00 3.1144e+00
4.4934e+00 3.8474e+00 2.0520e+00 3.0731e+00
4.2528e+00 3.7749e+00 2.0434e+00 3.0118e+00
4.3783e+00 3.8180e+00 2.0306e+00 2.9772e+00
4.3801e+00 3.9430e+00 2.0235e+00 2.9303e+00
4.4892e+00 3.9820e+00 2.0060e+00 2.8891e+00
4.5849e+00 4.0083e+00 1.9856e+00 2.8462e+00
4.5616e+00 4.0916e+00 1.9717e+00 2.7926e+00
4.3622e+00 4.0414e+00 1.9572e+00 2.7269e+00
4.1522e+00 3.9516e+00 1.9395e+00 2.6606e+00
4.1504e+00 3.8597e+00 1.8937e+00 2.6246e+00
4.1064e+00 3.9057e+00 1.8729e+00 2.5700e+00
4.1945e+00 3.8703e+00 1.8340e+00 2.5389e+00
4.3565e+00 3.9548e+00 1.8123e+00 2.5060e+00
4.3930e+00 4.0382e+00 1.8017e+00 2.4756e+00
4.1141e+00 3.8461e+00 1.7983e+00 2.4248e+00
3.9740e+00 3.6884e+00 1.7528e+00 2.4437e+00
3.9047e+00 3.7199e+00 1.7600e+00 2.4242e+00
4.2027e+00 3.8571e+00 1.7567e+00 2.4266e+00
4.5071e+00 3.9520e+00 1.7486e+00 2.4372e+00
4.7417e+00 4.0678e+00 1.7510e+00 2.4437e+00
4.9325e+00 4.1701e+00 1.7562e+00 2.4526e+00
5.1680e+00 4.2678e+00 1.7603e+00 2.4667e+00
5.1040e+00 4.2919e+00 1.7744e+00 2.4719e+00
4.7340e+00 4.0350e+00 1.7871e+00 2.4416e+00
4.4470e+00 3.8575e+00 1.8056e+00 2.4310e+00
4.2837e+00 3.8085e+00 1.8221e+00 2.4429e+00
4.2838e+00 3.8743e+00 1.8379e+00 2.4561e+00
4.6101e+00 4.0237e+00 1.8458e+00 2.4816e+00
5.0540e+00 4.1464e+00 1.8431e+00 2.5146e+00
5.4126e+00 4.2894e+00 1.8508e+00 2.5403e+00
5.8455e+00 4.4161e+00 1.8562e+00 2.5707e+00
6.2098e+00 4.5493e+00 1.8667e+00 2.5997e+00
6.4312e+00 4.6733e+00 1.8826e+00 2.6285e+00
5.8765e+00 4.3081e+00 1.8808e+00 2.5950e+00
5.4285e+00 4.0384e+00 1.8886e+00 2.6475e+00
5.7242e+00 4.0934e+00 1.9189e+00 2.6692e+00
5.7472e+00 4.0543e+00 1.9090e+00 2.7402e+00
5.8977e+00 4.2854e+00 1.9501e+00 2.7943e+00
5.9734e+00 4.5015e+00 2.0009e+00 2.8386e+00
6.1822e+00 4.7389e+00 2.0446e+00 2.8935e+00
6.4439e+00 4.9538e+00 2.0835e+00 2.9490e+00
6.6952e+00 5.1418e+00 2.1208e+00 2.9983e+00
6.9412e+00 5.3036e+00 2.1557e+00 3.0435e+00
7.1941e+00 5.4307e+00 2.1866e+00 3.0846e+00
7.4164e+00 5.5412e+00 2.2150e+00 3.1218e+00
7.5920e+00 5.6512e+00 2.2424e+00 3.1550e+00
7.7727e+00 5.7454e+00 2.2678e+00 3.1861e+00
7.9429e+00 5.8366e+00 2.2926e+00 3.2148e+00
8.1034e+00 5.9228e+00 2.3159e+00 3.2403e+00
8.2732e+00 5.9876e+00 2.3356e+00 3.2621e+00
8.2266e+00 5.8125e+00 2.3322e+00 3.2982e+00
7.8270e+00 5.5162e+00 2.3014e+00 3.3003e+00
7.6056e+00 5.2983e+00 2.2765e+00 3.3200e+00
7.8387e+00 5.3687e+00 2.2808e+00 3.3398e+00
7.8958e+00 5.5199e+00 2.3044e+00 3.3183e+00
7.9130e+00 5.6741e+00 2.3236e+00 3.2980e+00
7.9935e+00 5.8152e+00 2.3350e+00 3.2815e+00
8.1330e+00 5.9150e+00 2.3405e+00 3.2612e+00
8.3086e+00 5.9846e+00 2.3410e+00 3.2390e+00
8.4971e+00 6.0366e+00 2.3375e+00 3.2163e+00
8.6766e+00 6.0827e+00 2.3318e+00 3.1924e+00
8.8335e+00 6.1318e+00 2.3255e+00 3.1654e+00
8.9666e+00 6.1831e+00 2.3186e+00 3.1355e+00
9.0937e+00 6.2304e+00 2.3097e+00 3.1052e+00
9.2106e+00 6.2752e+00 2.2995e+00 3.0741e+00
9.3147e+00 6.3184e+00 2.2882e+00 3.0419e+00
9.4066e+00 6.3596e+00 2.2758e+00 3.0090e+00
9.4868e+00 6.3989e+00 2.2625e+00 2.9756e+00
9.5497e+00 6.4359e+00 2.2487e+00 2.9405e+00
9.3539e+00 6.3892e+00 2.2494e+00 2.8756e+00
8.7537e+00 6.3390e+00 2.2353e+00 2.9149e+00
8.2704e+00 6.4365e+00 2.2164e+00 2.9550e+00
8.3861e+00 6.4228e+00 2.1873e+00 2.9597e+00
8.5293e+00 6.3351e+00 2.1602e+00 2.9272e+00
8.5380e+00 6.3570e+00 2.1492e+00 2.8701e+00
8.7016e+00 6.3722e+00 2.1292e+00 2.8332e+00
8.7870e+00 6.4316e+00 2.1121e+00 2.7957e+00
8.9247e+00 6.4948e+00 2.0904e+00 2.7733e+00
9.0238e+00 6.4750e+00 2.0626e+00 2.7692e+00
8.3026e+00 5.9834e+00 1.9807e+00 2.8922e+00
7.7932e+00 5.9096e+00 1.9680e+00 2.9101e+00
7.3866e+00 5.9295e+00 1.9639e+00 2.8870e+00
7.4850e+00 6.2016e+00 1.9477e+00 2.8760e+00
7.7108e+00 6.2918e+00 1.9303e+00 2.8625e+00
7.7430e+00 6.4239e+00 1.9336e+00 2.8007e+00
7.9967e+00 6.4908e+00 1.9285e+00 2.7576e+00
8.1647e+00 6.4776e+00 1.9144e+00 2.7508e+00
7.5459e+00 5.9971e+00 1.8512e+00 2.8811e+00
7.1465e+00 5.9583e+00 1.8531e+00 2.9071e+00
7.0190e+00 6.2484e+00 1.8633e+00 2.8778e+00
7.2879e+00 6.2324e+00 1.8631e+00 2.8410e+00
7.4244e+00 6.3432e+00 1.8848e+00 2.7708e+00
7.7839e+00 6.4338e+00 1.8918e+00 2.7354e+00
7.9329e+00 6.6994e+00 1.9053e+00 2.7093e+00
7.8990e+00 6.7792e+00 1.9319e+00 2.6584e+00
7.3228e+00 6.3354e+00 2.0424e+00 2.5477e+00
7.0797e+00 6.0384e+00 2.0121e+00 2.5778e+00
7.0426e+00 6.2926e+00 1.9988e+00 2.6946e+00
7.4978e+00 6.5790e+00 1.9997e+00 2.7173e+00
7.8759e+00 6.6635e+00 2.0175e+00 2.6856e+00
8.3852e+00 6.8814e+00 2.0265e+00 2.6957e+00
8.7718e+00 7.0821e+00 2.0404e+00 2.7016e+00
9.2732e+00 7.2554e+00 2.0486e+00 2.7255e+00
9.7511e+00 7.3020e+00 2.0547e+00 2.7514e+00
9.2321e+00 6.8962e+00 2.0187e+00 2.9076e+00
8.9284e+00 6.7000e+00 2.1221e+00 2.8166e+00
9.5232e+00 6.8350e+00 2.1167e+00 2.8504e+00
9.8467e+00 7.0052e+00 2.1083e+00 2.9297e+00
1.0242e+01 7.0803e+00 2.0993e+00 2.9973e+00
1.0662e+01 7.2355e+00 2.0993e+00 3.0423e+00
1.1157e+01 7.3657e+00 2.1108e+00 3.0522e+00
1.1605e+01 7.4415e+00 2.1328e+00 3.0443e+00
1.2037e+01 7.5213e+00 2.1558e+00 3.0446e+00
1.2435e+01 7.5984e+00 2.1798e+00 3.0531e+00
1.2809e+01 7.6470e+00 2.2082e+00 3.0534e+00
1.2898e+01 7.5693e+00 2.2265e+00 3.0505e+00
1.1859e+01 7.0295e+00 2.1683e+00 3.0406e+00
1.0957e+01 6.6507e+00 2.1982e+00 2.9956e+00
1.1042e+01 6.8466e+00 2.2365e+00 3.0594e+00
1.0970e+01 6.7197e+00 2.2421e+00 3.1674e+00
1.1431e+01 6.8178e+00 2.2865e+00 3.1880e+00
1.1455e+01 6.9392e+00 2.3530e+00 3.1609e+00
1.1863e+01 7.0181e+00 2.4018e+00 3.1539e+00
1.2218e+01 7.0857e+00 2.4485e+00 3.1510e+00
1.2451e+01 7.1625e+00 2.5039e+00 3.1454e+00
1.2715e+01 7.2187e+00 2.5490e+00 3.1521e+00
1.2899e+01 7.2759e+00 2.5985e+00 3.1552e+00
1.3079e+01 7.3178e+00 2.6428e+00 3.1611e+00
1.3219e+01 7.3528e+00 2.6869e+00 3.1649e+00
1.3330e+01 7.3800e+00 2.7296e+00 3.1679e+00
1.3421e+01 7.3992e+00 2.7698e+00 3.1714e+00
1.3492e+01 7.4115e+00 2.8082e+00 3.1748e+00
1.3546e+01 7.4173e+00 2.8443e+00 3.1801e+00
1.3590e+01 7.4155e+00 2.8762e+00 3.1883e+00
1.3623e+01 7.3872e+00 2.8923e+00 3.2079e+00
1.2890e+01 7.0638e+00 2.8102e+00 3.2947e+00
1.1820e+01 6.5500e+00 2.6678e+00 3.3616e+00
1.1301e+01 6.3290e+00 2.6312e+00 3.4247e+00
1.0841e+01 6.3257e+00 2.6683e+00 3.3437e+00
1.0436e+01 6.3182e+00 2.7017e+00 3.2759e+00
1.0728e+01 6.3908e+00 2.7525e+00 3.2858e+00
1.0891e+01 6.4050e+00 2.7674e+00 3.3270e+00
1.1062e+01 6.4771e+00 2.8302e+00 3.3349e+00
1.1232e+01 6.5396e+00 2.8856e+00 3.3508e+00
1.1438e+01 6.5863e+00 2.9213e+00 3.3836e+00
1.1581e+01 6.6337e+00 2.9695e+00 3.4051e+00
1.1736e+01 6.6714e+00 3.0062e+00 3.4347e+00
1.1858e+01 6.7051e+00 3.0459e+00 3.4610e+00
1.1973e+01 6.7323e+00 3.0806e+00 3.4914e+00
1.2067e+01 6.7550e+00 3.1165e+00 3.5207e+00
1.2150e+01 6.7725e+00 3.1498e+00 3.5519e+00
1.2218e+01 6.7849e+00 3.1820e+00 3.5834e+00
1.2273e+01 6.7926e+00 3.2137e+00 3.6150e+00
1.2315e+01 6.7954e+00 3.2448e+00 3.6468e+00
1.2344e+01 6.7935e+00 3.2753e+00 3.6784e+00
1.2357e+01 6.7868e+00 3.3072e+00 3.7084e+00
1.2312e+01 6.7758e+00 3.3515e+00 3.7235e+00
1.1704e+01 6.7859e+00 3.3008e+00 3.6214e+00
1.0682e+01 6.2452e+00 3.1520e+00 3.3749e+00
1.0323e+01 6.3144e+00 3.2090e+00 3.3241e+00
9.9585e+00 6.1073e+00 3.1575e+00 3.4480e+00
9.6801e+00 5.9444e+00 3.0916e+00 3.6328e+00
9.8584e+00 5.9477e+00 3.1024e+00 3.7794e+00
9.8804e+00 6.0134e+00 3.1837e+00 3.8001e+00
9.9725e+00 6.0611e+00 3.2622e+00 3.8282e+00
1.0154e+01 6.0610e+00 3.2902e+00 3.9020e+00
1.0302e+01 6.0682e+00 3.3338e+00 3.9455e+00
1.0412e+01 6.0901e+00 3.3855e+00 3.9868e+00
1.0524e+01 6.0884e+00 3.4227e+00 4.0451e+00
1.0610e+01 6.1145e+00 3.4636e+00 4.0838e+00
1.0687e+01 6.1289e+00 3.4976e+00 4.1342e+00
1.0747e+01 6.1542e+00 3.5317e+00 4.1781e+00
1.0797e+01 6.1813e+00 3.5632e+00 4.2221e+00
1.0838e+01 6.2082e+00 3.5923e+00 4.2682e+00
1.0871e+01 6.2370e+00 3.6194e+00 4.3143e+00
1.0898e+01 6.2646e+00 3.6441e+00 4.3633e+00
1.0924e+01 6.2702e+00 3.6599e+00 4.4350e+00
1.1224e+01 6.1344e+00 3.6111e+00 4.8919e+00
1.0263e+01 5.6490e+00 3.3762e+00 4.5868e+00
9.4394e+00 5.2900e+00 3.2638e+00 4.5701e+00
9.0815e+00 5.4531e+00 3.2860e+00 4.7047e+00
9.2850e+00 5.3399e+00 3.2775e+00 5.1329e+00
9.4359e+00 5.4143e+00 3.3208e+00 5.2032e+00
9.3927e+00 5.6709e+00 3.4204e+00 5.0902e+00
9.5380e+00 5.7976e+00 3.4568e+00 5.0779e+00
9.6875e+00 5.9607e+00 3.5143e+00 5.0470e+00
9.8384e+00 6.0878e+00 3.5732e+00 5.0515e+00
9.9827e+00 6.1839e+00 3.6300e+00 5.0866e+00
1.0123e+01 6.2726e+00 3.6820e+00 5.1252e+00
1.0243e+01 6.3794e+00 3.7354e+00 5.1403e+00
1.0365e+01 6.4710e+00 3.7838e+00 5.1677e+00
1.0482e+01 6.5509e+00 3.8294e+00 5.2057e+00
1.0598e+01 6.6231e+00 3.8707e+00 5.2491e+00
1.0705e+01 6.6446e+00 3.8957e+00 5.3476e+00
1.0306e+01 6.3552e+00 3.8107e+00 6.0766e+00
9.4061e+00 5.8313e+00 3.5769e+00 5.7211e+00
9.8145e+00 5.7218e+00 3.5854e+00 6.2334e+00
9.2723e+00 5.5671e+00 3.5404e+00 6.0625e+00
8.9226e+00 5.5935e+00 3.5368e+00 5.7923e+00
9.0794e+00 5.9857e+00 3.6467e+00 5.6113e+00
9.2157e+00 6.0880e+00 3.6868e+00 5.6595e+00
9.4553e+00 6.1868e+00 3.7744e+00 5.8084e+00
9.6644e+00 6.3510e+00 3.8682e+00 5.8177e+00
9.9056e+00 6.5154e+00 3.9350e+00 5.8194e+00
1.0105e+01 6.6418e+00 4.0131e+00 5.8644e+00
1.0314e+01 6.7755e+00 4.0778e+00 5.8930e+00
1.0493e+01 6.8961e+00 4.1449e+00 5.9282e+00
1.0665e+01 7.0153e+00 4.2057e+00 5.9590e+00
1.0826e+01 7.1170e+00 4.2634e+00 6.0075e+00
1.0975e+01 7.2162e+00 4.3186e+00 6.0521e+00
1.1117e+01 7.3072e+00 4.3696e+00 6.1042e+00
1.1247e+01 7.3442e+00 4.4028e+00 6.2387e+00
1.0572e+01 6.9212e+00 4.2958e+00 6.5111e+00
9.6825e+00 6.3872e+00 4.0537e+00 6.2851e+00
9.0440e+00 5.9731e+00 3.8858e+00 5.9448e+00
8.7682e+00 5.7384e+00 3.8939e+00 5.7077e+00
9.0451e+00 5.6487e+00 3.9472e+00 5.9505e+00
1.0035e+01 5.6561e+00 3.9839e+00 7.7056e+00
1.0752e+01 5.7506e+00 4.0468e+00 8.2176e+00
1.1113e+01 5.8923e+00 4.1445e+00 8.4600e+00
1.1404e+01 6.0819e+00 4.2376e+00 8.5029e+00
1.1534e+01 6.3129e+00 4.3358e+00 8.4100e+00
1.1654e+01 6.5740e+00 4.4290e+00 8.2512e+00
1.1760e+01 6.8119e+00 4.5180e+00 8.1117e+00
1.1868e+01 7.0080e+00 4.5973e+00 8.0358e+00
1.1970e+01 7.1871e+00 4.6717e+00 7.9776e+00
1.2065e+01 7.3655e+00 4.7430e+00 7.9100e+00
1.2162e+01 7.5278e+00 4.8059e+00 7.8685e+00
1.2043e+01 7.6094e+00 4.8282e+00 7.8296e+00
1.0980e+01 6.9828e+00 4.5866e+00 7.4276e+00
1.0040e+01 6.4326e+00 4.4387e+00 7.0171e+00
9.5862e+00 6.1685e+00 4.4182e+00 6.7196e+00
9.4465e+00 5.9559e+00 4.4396e+00 6.4653e+00
1.0129e+01 5.8909e+00 4.5194e+00 6.7417e+00
1.0077e+01 6.1561e+00 4.6008e+00 7.0261e+00
1.0223e+01 6.5986e+00 4.7221e+00 7.1582e+00
1.0790e+01 6.8162e+00 4.7978e+00 7.3976e+00
1.1006e+01 7.1247e+00 4.8982e+00 7.3478e+00
1.1316e+01 7.3779e+00 4.9784e+00 7.4049e+00
1.1541e+01 7.5852e+00 5.0683e+00 7.4630e+00
1.1868e+01 7.7608e+00 5.1444e+00 7.5804e+00
1.2128e+01 7.9460e+00 5.2164e+00 7.6479e+00
1.2364e+01 8.1107e+00 5.2862e+00 7.7180e+00
1.2574e+01 8.2652e+00 5.3531e+00 7.7785e+00
1.2653e+01 8.4657e+00 5.4239e+00 7.7820e+00
1.1993e+01 8.1125e+00 5.4412e+00 7.4023e+00
1.0880e+01 7.3745e+00 5.1894e+00 6.7509e+00
1.0021e+01 6.8254e+00 5.0516e+00 6.1991e+00
9.4187e+00 6.4513e+00 4.9694e+00 5.7398e+00
9.1385e+00 6.3526e+00 5.0580e+00 5.3980e+00
9.2503e+00 6.7420e+00 5.1476e+00 5.2034e+00
9.5545e+00 7.2326e+00 5.2614e+00 5.1687e+00
9.8783e+00 7.5641e+00 5.3640e+00 5.2525e+00
1.0181e+01 7.8159e+00 5.4738e+00 5.3993e+00
1.0548e+01 8.0829e+00 5.5620e+00 5.6032e+00
1.1043e+01 8.3115e+00 5.6259e+00 5.8952e+00
1.1608e+01 8.5424e+00 5.6859e+00 6.2539e+00
1.2133e+01 8.7297e+00 5.7423e+00 6.5684e+00
1.2542e+01 8.9235e+00 5.7999e+00 6.8094e+00
1.2939e+01 9.0957e+00 5.8521e+00 7.0390e+00
1.3325e+01 9.2652e+00 5.9011e+00 7.2653e+00
1.3663e+01 9.4247e+00 5.9486e+00 7.4597e+00
1.3992e+01 9.5759e+00 5.9933e+00 7.6488e+00
1.4280e+01 9.7290e+00 6.0376e+00 7.8200e+00
1.4342e+01 9.8145e+00 6.0923e+00 8.0073e+00
1.3210e+01 9.0849e+00 5.9689e+00 8.0696e+00
1.2156e+01 8.3626e+00 5.8254e+00 7.3790e+00
1.1432e+01 7.8949e+00 5.7808e+00 6.8896e+00
1.0816e+01 7.7536e+00 5.6726e+00 6.5862e+00
1.0251e+01 7.5714e+00 5.5917e+00 6.3867e+00
1.0364e+01 8.0142e+00 5.6550e+00 6.1981e+00
1.0641e+01 8.3244e+00 5.7439e+00 6.1698e+00
1.1212e+01 8.6453e+00 5.7949e+00 6.5032e+00
1.1635e+01 8.8810e+00 5.8844e+00 6.6627e+00
1.2304e+01 9.1355e+00 5.9453e+00 6.9526e+00
1.2763e+01 9.3344e+00 6.0168e+00 7.1523e+00
1.3337e+01 9.5298e+00 6.0783e+00 7.4071e+00
1.3939e+01 9.7229e+00 6.1358e+00 7.6841e+00
1.4549e+01 9.9008e+00 6.1885e+00 7.9605e+00
1.5174e+01 9.9735e+00 6.2209e+00 8.3106e+00
1.4089e+01 9.3427e+00 6.1192e+00 8.1679e+00
1.2789e+01 8.5046e+00 5.7397e+00 7.5797e+00
1.1907e+01 7.9771e+00 5.5894e+00 7.3341e+00
1.1354e+01 7.6583e+00 5.5915e+00 7.4921e+00
1.0696e+01 7.2644e+00 5.5627e+00 7.2933e+00
1.0503e+01 7.1842e+00 5.6740e+00 7.2247e+00
1.1057e+01 7.6401e+00 5.7507e+00 7.5508e+00
1.1837e+01 7.9863e+00 5.8329e+00 7.9397e+00
1.2196e+01 8.1646e+00 5.9626e+00 8.1346e+00
1.3048e+01 8.6051e+00 6.0540e+00 8.3628e+00
1.3776e+01 9.0236e+00 6.1457e+00 8.5632e+00
1.4449e+01 9.3894e+00 6.2321e+00 8.7520e+00
1.5011e+01 9.6706e+00 6.3144e+00 8.9107e+00
1.5632e+01 1.0038e+01 6.3861e+00 9.0788e+00
1.6172e+01 1.0338e+01 6.4556e+00 9.2275e+00
1.6652e+01 1.0593e+01 6.5221e+00 9.3601e+00
1.7110e+01 1.0842e+01 6.5846e+00 9.4849e+00
1.7654e+01 1.1049e+01 6.6376e+00 9.6202e+00
1.6589e+01 1.0580e+01 6.6045e+00 9.9794e+00
1.5002e+01 9.5814e+00 6.1576e+00 9.2047e+00
1.3714e+01 8.8213e+00 5.9247e+00 8.5831e+00
1.2586e+01 8.1728e+00 5.7634e+00 8.2675e+00
1.1666e+01 7.6773e+00 5.6865e+00 8.3205e+00
1.1146e+01 7.5513e+00 5.6859e+00 8.4034e+00
1.1325e+01 7.9709e+00 5.8161e+00 8.5260e+00
1.2235e+01 8.4561e+00 5.9298e+00 8.8173e+00
1.3160e+01 8.9584e+00 6.0572e+00 9.0143e+00
1.4141e+01 9.3856e+00 6.1850e+00 9.2159e+00
1.5070e+01 9.7714e+00 6.3042e+00 9.3905e+00
1.5936e+01 1.0234e+01 6.4244e+00 9.5613e+00
1.6585e+01 1.0451e+01 6.5445e+00 9.7073e+00
1.7166e+01 1.0643e+01 6.6555e+00 9.8411e+00
1.7771e+01 1.0893e+01 6.7569e+00 9.9641e+00
1.8262e+01 1.1064e+01 6.8546e+00 1.0063e+01
1.8217e+01 1.1213e+01 6.9592e+00 9.9737e+00
1.6982e+01 1.0483e+01 7.1292e+00 9.1745e+00
1.5607e+01 9.6767e+00 7.0139e+00 8.9261e+00
1.4912e+01 9.4018e+00 7.1304e+00 8.3336e+00
1.3870e+01 8.8918e+00 7.0416e+00 8.1533e+00
1.3411e+01 8.6449e+00 7.1747e+00 7.8179e+00
1.3953e+01 8.7165e+00 7.2051e+00 8.0072e+00
1.3708e+01 8.6325e+00 7.3156e+00 8.3205e+00
1.5042e+01 9.1101e+00 7.3696e+00 8.6942e+00
1.5883e+01 9.5876e+00 7.4459e+00 8.9195e+00
1.6252e+01 9.7568e+00 7.5358e+00 9.1529e+00
1.6422e+01 9.8900e+00 7.6260e+00 9.3327e+00
1.5845e+01 9.6371e+00 7.7340e+00 9.3012e+00
1.4505e+01 8.8551e+00 7.6066e+00 8.6570e+00
1.3327e+01 8.1619e+00 7.4035e+00 8.1650e+00
1.2411e+01 7.6343e+00 7.3583e+00 7.7261e+00
1.1574e+01 7.2155e+00 7.2150e+00 7.6716e+00
1.3203e+01 7.9928e+00 7.3245e+00 7.8900e+00
1.2848e+01 7.8522e+00 7.4646e+00 7.9268e+00
1.3185e+01 8.2527e+00 7.5117e+00 8.3995e+00
1.3411e+01 8.3999e+00 7.6534e+00 8.7376e+00
1.4741e+01 9.0974e+00 7.7403e+00 9.0625e+00
1.5489e+01 9.3825e+00 7.8523e+00 9.3646e+00
1.6601e+01 9.7957e+00 7.9480e+00 9.6400e+00
1.7879e+01 1.0371e+01 8.0314e+00 9.9014e+00
1.9237e+01 1.1031e+01 8.1057e+00 1.0162e+01
1.9386e+01 1.1320e+01 8.1511e+00 1.0432e+01
1.7790e+01 1.0478e+01 8.0156e+00 1.0517e+01
1.6130e+01 9.5253e+00 7.5746e+00 9.8193e+00
1.5222e+01 9.0629e+00 7.7679e+00 9.1024e+00
1.4155e+01 8.4899e+00 7.7570e+00 8.8641e+00
1.3468e+01 8.1433e+00 7.8525e+00 8.5724e+00
1.3875e+01 8.5056e+00 8.0178e+00 8.7819e+00
1.3859e+01 8.8717e+00 8.0699e+00 9.0974e+00
1.4791e+01 9.3251e+00 8.2130e+00 9.4125e+00
1.5767e+01 9.6417e+00 8.3319e+00 9.6229e+00
1.7069e+01 1.0186e+01 8.4425e+00 9.9312e+00
1.8113e+01 1.0565e+01 8.5504e+00 1.0244e+01
1.9229e+01 1.0920e+01 8.6499e+00 1.0537e+01
2.0467e+01 1.1311e+01 8.7414e+00 1.0814e+01
2.1973e+01 1.2036e+01 8.8188e+00 1.1048e+01
2.0974e+01 1.1683e+01 8.8086e+00 1.0872e+01
1.9020e+01 1.0618e+01 8.3747e+00 1.0004e+01
1.7286e+01 9.6793e+00 8.2777e+00 9.1777e+00
1.6153e+01 9.1848e+00 8.5204e+00 8.5562e+00
1.5221e+01 8.9112e+00 8.4614e+00 9.0995e+00
1.4922e+01 8.8227e+00 8.5443e+00 8.9027e+00
1.4970e+01 8.8912e+00 8.6572e+00 8.7868e+00
1.6388e+01 9.5031e+00 8.7410e+00 9.2052e+00
1.6750e+01 9.7798e+00 8.9166e+00 9.5627e+00
1.8092e+01 1.0385e+01 9.0482e+00 9.9744e+00
1.9185e+01 1.0751e+01 9.1699e+00 1.0355e+01
2.0687e+01 1.1227e+01 9.2769e+00 1.0743e+01
2.1506e+01 1.1573e+01 9.3943e+00 1.1102e+01
2.2378e+01 1.1892e+01 9.5002e+00 1.1433e+01
2.3235e+01 1.2205e+01 9.6016e+00 1.1744e+01
2.3987e+01 1.2489e+01 9.7002e+00 1.2033e+01
2.4428e+01 1.2683e+01 9.7992e+00 1.2296e+01
2.3361e+01 1.2310e+01 9.9409e+00 1.2486e+01
2.1192e+01 1.1203e+01 9.7010e+00 1.2068e+01
1.9253e+01 1.0228e+01 9.3735e+00 1.1442e+01
1.7986e+01 9.5955e+00 9.6767e+00 1.0559e+01
1.6959e+01 9.0665e+00 9.9208e+00 9.7891e+00
1.6307e+01 8.7430e+00 1.0194e+01 9.1703e+00
1.6147e+01 8.8701e+00 1.0305e+01 8.9105e+00
1.6407e+01 9.4688e+00 1.0314e+01 9.3564e+00
1.7188e+01 1.0189e+01 1.0348e+01 1.0012e+01
1.8864e+01 1.0844e+01 1.0436e+01 1.0543e+01
1.9659e+01 1.1207e+01 1.0531e+01 1.1040e+01
2.1134e+01 1.1702e+01 1.0596e+01 1.1479e+01
2.2115e+01 1.2072e+01 1.0671e+01 1.1879e+01
2.3025e+01 1.2422e+01 1.0747e+01 1.2264e+01
2.4033e+01 1.2793e+01 1.0819e+01 1.2636e+01
2.4907e+01 1.3125e+01 1.0891e+01 1.2983e+01
2.5657e+01 1.3416e+01 1.0962e+01 1.3299e+01
2.6373e+01 1.3691e+01 1.1031e+01 1.3587e+01
2.7028e+01 1.3947e+01 1.1099e+01 1.3859e+01
2.7619e+01 1.4182e+01 1.1167e+01 1.4111e+01
2.8213e+01 1.4413e+01 1.1233e+01 1.4343e+01
2.9231e+01 1.4741e+01 1.1288e+01 1.4543e+01
2.7576e+01 1.4252e+01 1.1247e+01 1.4392e+01
2.4927e+01 1.2906e+01 1.0615e+01 1.3224e+01
2.2552e+01 1.1705e+01 1.0264e+01 1.2136e+01
2.0507e+01 1.0680e+01 1.0164e+01 1.1227e+01
1.8822e+01 9.8491e+00 1.0194e+01 1.0522e+01
1.7570e+01 9.2538e+00 1.0269e+01 1.0027e+01
1.6858e+01 8.9354e+00 1.0443e+01 9.8204e+00
1.6744e+01 8.9696e+00 1.0716e+01 1.0075e+01
1.7570e+01 9.4979e+00 1.0884e+01 1.0783e+01
1.9697e+01 1.0450e+01 1.0990e+01 1.1353e+01
2.1738e+01 1.1540e+01 1.1099e+01 1.1829e+01
2.2931e+01 1.2098e+01 1.1235e+01 1.2347e+01
2.3647e+01 1.2490e+01 1.1377e+01 1.2861e+01
2.4578e+01 1.2937e+01 1.1497e+01 1.3326e+01
2.5454e+01 1.3358e+01 1.1604e+01 1.3724e+01
2.6159e+01 1.3715e+01 1.1712e+01 1.4115e+01
2.6817e+01 1.4048e+01 1.1813e+01 1.4463e+01
2.7418e+01 1.4354e+01 1.1909e+01 1.4781e+01
2.7958e+01 1.4633e+01 1.2002e+01 1.5078e+01
2.8450e+01 1.4891e+01 1.2090e+01 1.5349e+01
2.8874e+01 1.5121e+01 1.2174e+01 1.5599e+01
2.9216e+01 1.5322e+01 1.2256e+01 1.5828e+01
2.9287e+01 1.5436e+01 1.2336e+01 1.6027e+01
2.8010e+01 1.4923e+01 1.2434e+01 1.6096e+01
2.5405e+01 1.3573e+01 1.2148e+01 1.5253e+01
2.3153e+01 1.2444e+01 1.2834e+01 1.3940e+01
2.1223e+01 1.1403e+01 1.3140e+01 1.2733e+01
1.9732e+01 1.0591e+01 1.3378e+01 1.1758e+01
1.9513e+01 1.0518e+01 1.3119e+01 1.1595e+01
1.9461e+01 1.0842e+01 1.2932e+01 1.1596e+01
1.9470e+01 1.1238e+01 1.2950e+01 1.1512e+01
1.9265e+01 1.1306e+01 1.3035e+01 1.1708e+01
1.9389e+01 1.1493e+01 1.3146e+01 1.2122e+01
2.1022e+01 1.2300e+01 1.3169e+01 1.2567e+01
2.1679e+01 1.2676e+01 1.3211e+01 1.3110e+01
2.2753e+01 1.3185e+01 1.3239e+01 1.3616e+01
2.3580e+01 1.3598e+01 1.3275e+01 1.4094e+01
2.4520e+01 1.4039e+01 1.3310e+01 1.4531e+01
2.5209e+01 1.4381e+01 1.3352e+01 1.4943e+01
2.5934e+01 1.4727e+01 1.3393e+01 1.5323e+01
2.6648e+01 1.5061e+01 1.3434e+01 1.5673e+01
2.7343e+01 1.5382e+01 1.3474e+01 1.5993e+01
2.8286e+01 1.5786e+01 1.3509e+01 1.6272e+01
2.8245e+01 1.6087e+01 1.3496e+01 1.6384e+01
2.5682e+01 1.4668e+01 1.3076e+01 1.5456e+01
2.3446e+01 1.3519e+01 1.2388e+01 1.5015e+01
2.1292e+01 1.2316e+01 1.1619e+01 1.4187e+01
1.9455e+01 1.1311e+01 1.1079e+01 1.3733e+01
1.8017e+01 1.0581e+01 1.0849e+01 1.3570e+01
1.7473e+01 1.0547e+01 1.0991e+01 1.3878e+01
1.8352e+01 1.1015e+01 1.1392e+01 1.4302e+01
1.8165e+01 1.0857e+01 1.1734e+01 1.4678e+01
1.8372e+01 1.1079e+01 1.2073e+01 1.5104e+01
2.0714e+01 1.2297e+01 1.2299e+01 1.5501e+01
2.2385e+01 1.3084e+01 1.2510e+01 1.5872e+01
2.2865e+01 1.3406e+01 1.2726e+01 1.6230e+01
2.4053e+01 1.3999e+01 1.2904e+01 1.6553e+01
2.4794e+01 1.4414e+01 1.3073e+01 1.6859e+01
2.5573e+01 1.4834e+01 1.3226e+01 1.7140e+01
2.6182e+01 1.5181e+01 1.3369e+01 1.7402e+01
2.6836e+01 1.5538e+01 1.3501e+01 1.7640e+01
2.7351e+01 1.5836e+01 1.3628e+01 1.7860e+01
2.7789e+01 1.6097e+01 1.3747e+01 1.8065e+01
2.8138e+01 1.6318e+01 1.3860e+01 1.8255e+01
2.8228e+01 1.6424e+01 1.3969e+01 1.8437e+01
2.7369e+01 1.5945e+01 1.4096e+01 1.8630e+01
2.4978e+01 1.4579e+01 1.3961e+01 1.8015e+01
2.2587e+01 1.3194e+01 1.3496e+01 1.6517e+01
2.0494e+01 1.1989e+01 1.3080e+01 1.5503e+01
1.8822e+01 1.1034e+01 1.2769e+01 1.6069e+01
1.7934e+01 1.0478e+01 1.2435e+01 1.5782e+01
1.8636e+01 1.1081e+01 1.2219e+01 1.5530e+01
1.8870e+01 1.1676e+01 1.2121e+01 1.5593e+01
2.0488e+01 1.2722e+01 1.2170e+01 1.6322e+01
2.1603e+01 1.3163e+01 1.2348e+01 1.6971e+01
2.1804e+01 1.3316e+01 1.2576e+01 1.7507e+01
2.2759e+01 1.3913e+01 1.2779e+01 1.7760e+01
2.3828e+01 1.4505e+01 1.2995e+01 1.8070e+01
2.4512e+01 1.4867e+01 1.3236e+01 1.8397e+01
2.5348e+01 1.5362e+01 1.3475e+01 1.8610e+01
2.5919e+01 1.5704e+01 1.3702e+01 1.8822e+01
2.6588e+01 1.6092e+01 1.3897e+01 1.9035e+01
2.7076e+01 1.6392e+01 1.4076e+01 1.9227e+01
2.7526e+01 1.6668e+01 1.4244e+01 1.9413e+01
2.7942e+01 1.6936e+01 1.4403e+01 1.9577e+01
2.8325e+01 1.7187e+01 1.4549e+01 1.9735e+01
2.8674e+01 1.7421e+01 1.4686e+01 1.9883e+01
2.8988e+01 1.7640e+01 1.4815e+01 2.0019e+01
2.9278e+01 1.7847e+01 1.4935e+01 2.0151e+01
2.9687e+01 1.8126e+01 1.5047e+01 2.0277e+01
2.9138e+01 1.8086e+01 1.5114e+01 2.0289e+01
2.6319e+01 1.6345e+01 1.4582e+01 1.8698e+01
2.3829e+01 1.4821e+01 1.4106e+01 1.7160e+01
2.1699e+01 1.3508e+01 1.3411e+01 1.5962e+01
2.0077e+01 1.2587e+01 1.3148e+01 1.6015e+01
1.8845e+01 1.1756e+01 1.2409e+01 1.6207e+01
2.0571e+01 1.2138e+01 1.2758e+01 1.5499e+01
2.0748e+01 1.2261e+01 1.2950e+01 1.6444e+01
2.1040e+01 1.2459e+01 1.2870e+01 1.7280e+01
2.3125e+01 1.3957e+01 1.3336e+01 1.7395e+01
2.4364e+01 1.4796e+01 1.3604e+01 1.7888e+01
2.5032e+01 1.5252e+01 1.3730e+01 1.8426e+01
2.5898e+01 1.5878e+01 1.4040e+01 1.8757e+01
2.6666e+01 1.6437e+01 1.4346e+01 1.9043e+01
2.7216e+01 1.6845e+01 1.4564e+01 1.9363e+01
2.7667e+01 1.7187e+01 1.4755e+01 1.9669e+01
2.8076e+01 1.7504e+01 1.4951e+01 1.9935e+01
2.8444e+01 1.7799e+01 1.5144e+01 2.0171e+01
2.8772e+01 1.8068e+01 1.5323e+01 2.0391e+01
2.9073e+01 1.8318e+01 1.5486e+01 2.0600e+01
2.9337e+01 1.8545e+01 1.5636e+01 2.0795e+01
2.9564e+01 1.8747e+01 1.5777e+01 2.0978e+01
2.9776e+01 1.8940e+01 1.5909e+01 2.1152e+01
2.9960e+01 1.9118e+01 1.6034e+01 2.1312e+01
3.0125e+01 1.9280e+01 1.6153e+01 2.1467e+01
3.0276e+01 1.9432e+01 1.6266e+01 2.1614e+01
3.0404e+01 1.9571e+01 1.6374e+01 2.1753e+01
3.0524e+01 1.9710e+01 1.6477e+01 2.1881e+01
3.0627e+01 1.9838e+01 1.6576e+01 2.2001e+01
3.0695e+01 1.9955e+01 1.6674e+01 2.2106e+01
3.0655e+01 2.0050e+01 1.6776e+01 2.2147e+01
2.9966e+01 1.9967e+01 1.6931e+01 2.1658e+01
2.7764e+01 1.8507e+01 1.6960e+01 2.0098e+01
2.5864e+01 1.7312e+01 1.7043e+01 1.8748e+01
2.3968e+01 1.6047e+01 1.7080e+01 1.7396e+01
2.3973e+01 1.6285e+01 1.6610e+01 1.8235e+01
2.1909e+01 1.4909e+01 1.5767e+01 1.8178e+01
1.9823e+01 1.3496e+01 1.4693e+01 1.6778e+01
1.8610e+01 1.2542e+01 1.4856e+01 1.6731e+01
1.7059e+01 1.1493e+01 1.5018e+01 1.5858e+01
1.8176e+01 1.3093e+01 1.5225e+01 1.6439e+01
1.7174e+01 1.2432e+01 1.5144e+01 1.6406e+01
1.7189e+01 1.2088e+01 1.5461e+01 1.6962e+01
1.7900e+01 1.2490e+01 1.5810e+01 1.7545e+01
1.9753e+01 1.5458e+01 1.6007e+01 1.8123e+01
2.0201e+01 1.5380e+01 1.6284e+01 1.8795e+01
2.1938e+01 1.6696e+01 1.6461e+01 1.9404e+01
2.2679e+01 1.7016e+01 1.6682e+01 1.9945e+01
2.3369e+01 1.7336e+01 1.6892e+01 2.0421e+01
2.4373e+01 1.7973e+01 1.7067e+01 2.0864e+01
2.5311e+01 1.8584e+01 1.7228e+01 2.1281e+01
2.6319e+01 1.9383e+01 1.7375e+01 2.1651e+01
2.6985e+01 2.0528e+01 1.7457e+01 2.1930e+01
2.4760e+01 1.8814e+01 1.7141e+01 2.1143e+01
2.2370e+01 1.6995e+01 1.6024e+01 1.9386e+01
2.0506e+01 1.5532e+01 1.6082e+01 1.8278e+01
1.8717e+01 1.4154e+01 1.5989e+01 1.7148e+01
1.7572e+01 1.3142e+01 1.5535e+01 1.7151e+01
1.7720e+01 1.3485e+01 1.5237e+01 1.7848e+01
1.7206e+01 1.3221e+01 1.6116e+01 1.7736e+01
1.7988e+01 1.3815e+01 1.6618e+01 1.7977e+01
1.8636e+01 1.3713e+01 1.6609e+01 1.9357e+01
2.0554e+01 1.5487e+01 1.6930e+01 2.0004e+01
2.1408e+01 1.6091e+01 1.7286e+01 2.0445e+01
2.2426e+01 1.6622e+01 1.7424e+01 2.1234e+01
2.3309e+01 1.7246e+01 1.7736e+01 2.1653e+01
2.4156e+01 1.7748e+01 1.7903e+01 2.2234e+01
2.4826e+01 1.8180e+01 1.8142e+01 2.2660e+01
2.5471e+01 1.8604e+01 1.8345e+01 2.3081e+01
2.6081e+01 1.8989e+01 1.8517e+01 2.3511e+01
2.6665e+01 1.9388e+01 1.8688e+01 2.3896e+01
2.7393e+01 1.9987e+01 1.8849e+01 2.4256e+01
2.8065e+01 2.1124e+01 1.8930e+01 2.4645e+01
2.5580e+01 1.9245e+01 1.8403e+01 2.3964e+01
2.3133e+01 1.7403e+01 1.7204e+01 2.1925e+01
2.0993e+01 1.5794e+01 1.7019e+01 2.0607e+01
1.9326e+01 1.4548e+01 1.7217e+01 1.9064e+01
1.8398e+01 1.3687e+01 1.7758e+01 1.7668e+01
1.8167e+01 1.3144e+01 1.8216e+01 1.6610e+01
1.8704e+01 1.3211e+01 1.8549e+01 1.6260e+01
2.0031e+01 1.3989e+01 1.8788e+01 1.7504e+01
2.2269e+01 1.6313e+01 1.9037e+01 1.8844e+01
2.2840e+01 1.6588e+01 1.9305e+01 1.9908e+01
2.3251e+01 1.7005e+01 1.9626e+01 2.0471e+01
2.3481e+01 1.8056e+01 2.0690e+01 2.0044e+01
2.2522e+01 1.7673e+01 1.9369e+01 1.8777e+01
2.2763e+01 1.7133e+01 1.8173e+01 1.8718e+01
2.2561e+01 1.7797e+01 1.8820e+01 1.8396e+01
2.2798e+01 1.7834e+01 1.9192e+01 1.8935e+01
2.4388e+01 1.8264e+01 1.8988e+01 2.0453e+01
2.4691e+01 1.9013e+01 1.9451e+01 2.0627e+01
2.5959e+01 1.9914e+01 1.9452e+01 2.1939e+01
2.6555e+01 2.0641e+01 1.9832e+01 2.2507e+01
2.7314e+01 2.4014e+01 2.0100e+01 2.3077e+01
2.5364e+01 2.2227e+01 2.0438e+01 2.2315e+01
2.2936e+01 2.0079e+01 2.0615e+01 2.0421e+01
2.0775e+01 1.8164e+01 1.9422e+01 1.8838e+01
1.9967e+01 1.6964e+01 1.8232e+01 1.7755e+01
1.8620e+01 1.5768e+01 1.9556e+01 1.8288e+01
1.7980e+01 1.5241e+01 2.0028e+01 1.7832e+01
1.8028e+01 1.5812e+01 2.0649e+01 1.7381e+01
1.9452e+01 1.6533e+01 2.0208e+01 1.8748e+01
2.0231e+01 1.6332e+01 2.0057e+01 2.0445e+01
2.1575e+01 1.7228e+01 2.0464e+01 2.1540e+01
2.2431e+01 1.8218e+01 2.0835e+01 2.2207e+01
2.3257e+01 1.8571e+01 2.0992e+01 2.3490e+01
2.3981e+01 1.8963e+01 2.1276e+01 2.4415e+01
2.4707e+01 1.9476e+01 2.1538e+01 2.5237e+01
2.5380e+01 1.9855e+01 2.1764e+01 2.6116e+01
2.5964e+01 2.0253e+01 2.1999e+01 2.6834e+01
2.6576e+01 2.0670e+01 2.2212e+01 2.7565e+01
2.7597e+01 2.1780e+01 2.2374e+01 2.8334e+01
2.5957e+01 2.0568e+01 2.1989e+01 2.8804e+01
2.3464e+01 1.8586e+01 2.0278e+01 2.6828e+01
2.1235e+01 1.6813e+01 1.9102e+01 2.4622e+01
1.9544e+01 1.5440e+01 1.9510e+01 2.2934e+01
1.8716e+01 1.4769e+01 2.0232e+01 2.1503e+01
1.7713e+01 1.3989e+01 1.9932e+01 2.0574e+01
1.8144e+01 1.4416e+01 1.9641e+01 2.0398e+01
1.8697e+01 1.4370e+01 1.9938e+01 2.2044e+01
1.8978e+01 1.4220e+01 2.0464e+01 2.2805e+01
1.9921e+01 1.5747e+01 2.1065e+01 2.3340e+01
2.0846e+01 1.6658e+01 2.1326e+01 2.4343e+01
2.1438e+01 1.7026e+01 2.1727e+01 2.5391e+01
2.2439e+01 1.7848e+01 2.2156e+01 2.6373e+01
2.3287e+01 1.8323e+01 2.2480e+01 2.7592e+01
2.4106e+01 1.8891e+01 2.2838e+01 2.8536e+01
2.4778e+01 1.9352e+01 2.3143e+01 2.9440e+01
2.5320e+01 1.9707e+01 2.3439e+01 3.0241e+01
2.5870e+01 2.0073e+01 2.3712e+01 3.1032e+01
2.6360e+01 2.0413e+01 2.3976e+01 3.1741e+01
2.6787e+01 2.0711e+01 2.4227e+01 3.2395e+01
2.7197e+01 2.1011e+01 2.4467e+01 3.3011e+01
2.7703e+01 2.1529e+01 2.4716e+01 3.3535e+01
2.6972e+01 2.1390e+01 2.5307e+01 3.3215e+01
2.4386e+01 1.9327e+01 2.4354e+01 3.0330e+01
2.2032e+01 1.7455e+01 2.2633e+01 2.7661e+01
2.0062e+01 1.5873e+01 2.1451e+01 2.5500e+01
1.8928e+01 1.4887e+01 1.9915e+01 2.3597e+01
1.8327e+01 1.4023e+01 1.8730e+01 2.2684e+01
1.8472e+01 1.5307e+01 1.9475e+01 2.2003e+01
1.8752e+01 1.7090e+01 2.0313e+01 2.1583e+01
1.9371e+01 1.7205e+01 2.0076e+01 2.1899e+01
1.9976e+01 1.7926e+01 2.0896e+01 2.2527e+01
2.0721e+01 1.8441e+01 2.1591e+01 2.3677e+01
2.1582e+01 1.8768e+01 2.2045e+01 2.5547e+01
2.2601e+01 1.9278e+01 2.2618e+01 2.7223e+01
2.3522e+01 1.9767e+01 2.3173e+01 2.8644e+01
2.4228e+01 2.0103e+01 2.3653e+01 2.9998e+01
2.4856e+01 2.0433e+01 2.4093e+01 3.1221e+01
2.5459e+01 2.0780e+01 2.4510e+01 3.2323e+01
2.5979e+01 2.1056e+01 2.4902e+01 3.3341e+01
2.6456e+01 2.1314e+01 2.5265e+01 3.4290e+01
2.6873e+01 2.1538e+01 2.5605e+01 3.5164e+01
2.7269e+01 2.1763e+01 2.5923e+01 3.5986e+01
2.7608e+01 2.1949e+01 2.6220e+01 3.6748e+01
2.7913e+01 2.2117e+01 2.6502e+01 3.7459e+01
2.8185e+01 2.2265e+01 2.6768e+01 3.8125e+01
2.8427e+01 2.2396e+01 2.7020e+01 3.8752e+01
2.8647e+01 2.2515e+01 2.7259e+01 3.9345e+01
2.8821e+01 2.2596e+01 2.7486e+01 3.9902e+01
2.8717e+01 2.2412e+01 2.7691e+01 4.0350e+01
2.7175e+01 2.0938e+01 2.7684e+01 3.9611e+01
2.4543e+01 1.8905e+01 2.6011e+01 3.6218e+01
2.2224e+01 1.7102e+01 2.4221e+01 3.2906e+01
2.0299e+01 1.5589e+01 2.3100e+01 2.9915e+01
1.8771e+01 1.4393e+01 2.7062e+01 2.7645e+01
1.7582e+01 1.3521e+01 2.9091e+01 2.6346e+01
1.8211e+01 1.4109e+01 2.8555e+01 2.6898e+01
1.8729e+01 1.4197e+01 2.7697e+01 2.6794e+01
1.9022e+01 1.4017e+01 2.7665e+01 2.8732e+01
1.9800e+01 1.4190e+01 2.7928e+01 3.0169e+01
2.1338e+01 1.5356e+01 2.8297e+01 3.1660e+01
2.2743e+01 1.6953e+01 2.8631e+01 3.3249e+01
2.3493e+01 1.7587e+01 2.8879e+01 3.4686e+01
2.4065e+01 1.8069e+01 2.9095e+01 3.6012e+01
2.4764e+01 1.8761e+01 2.9310e+01 3.7204e+01
2.5288e+01 1.9202e+01 2.9505e+01 3.8359e+01
2.5841e+01 1.9694e+01 2.9698e+01 3.9430e+01
2.6304e+01 2.0079e+01 2.9881e+01 4.0434e+01
2.6756e+01 2.0468e+01 3.0060e+01 4.1364e+01
2.7159e+01 2.0811e+01 3.0234e+01 4.2231e+01
2.7530e+01 2.1130e+01 3.0403e+01 4.3035e+01
2.7868e+01 2.1425e+01 3.0570e+01 4.3779e+01
2.8186e+01 2.1710e+01 3.0733e+01 4.4474e+01
2.8580e+01 2.2149e+01 3.0902e+01 4.5104e+01
2.9138e+01 2.4996e+01 3.1148e+01 4.5301e+01
2.6583e+01 2.2764e+01 3.0399e+01 4.2097e+01
2.4011e+01 2.0550e+01 2.8148e+01 3.8218e+01
2.1745e+01 1.8593e+01 2.6713e+01 3.4934e+01
1.9802e+01 1.6903e+01 2.7795e+01 3.2273e+01
1.8205e+01 1.5503e+01 3.4570e+01 3.0276e+01
1.7018e+01 1.4467e+01 3.8283e+01 2.9337e+01
1.6409e+01 1.3988e+01 3.9505e+01 2.9286e+01
1.7067e+01 1.4918e+01 3.9563e+01 3.0466e+01
1.8901e+01 1.7239e+01 3.8998e+01 3.2533e+01
1.9832e+01 1.7370e+01 3.8274e+01 3.4874e+01
2.0568e+01 1.7335e+01 3.7651e+01 3.6876e+01
2.1458e+01 1.7851e+01 3.7220e+01 3.8551e+01
2.2614e+01 1.8873e+01 3.6904e+01 4.0016e+01
2.3427e+01 1.9379e+01 3.6590e+01 4.1429e+01
2.4095e+01 1.9736e+01 3.6299e+01 4.2772e+01
2.4843e+01 2.0250e+01 3.6079e+01 4.3962e+01
2.5407e+01 2.0575e+01 3.5878e+01 4.5067e+01
2.5980e+01 2.0949e+01 3.5713e+01 4.6090e+01
2.6451e+01 2.1236e+01 3.5577e+01 4.7019e+01
2.6897e+01 2.1516e+01 3.5470e+01 4.7883e+01
2.7318e+01 2.1791e+01 3.5380e+01 4.8701e+01
2.7697e+01 2.2042e+01 3.5316e+01 4.9452e+01
2.8046e+01 2.2278e+01 3.5273e+01 5.0150e+01
2.8428e+01 2.2582e+01 3.5249e+01 5.0815e+01
2.9201e+01 2.3961e+01 3.5266e+01 5.1425e+01
2.7030e+01 2.2229e+01 3.4629e+01 5.0274e+01
2.4400e+01 2.0057e+01 3.1848e+01 4.5709e+01
2.2179e+01 1.8194e+01 3.0314e+01 4.1457e+01
2.0261e+01 1.6562e+01 2.9342e+01 3.7718e+01
1.8757e+01 1.5217e+01 2.9194e+01 3.4474e+01
1.7857e+01 1.4214e+01 2.9306e+01 3.1746e+01
1.8146e+01 1.3786e+01 2.9558e+01 2.9847e+01
2.0298e+01 1.4618e+01 3.0235e+01 2.9620e+01
2.1542e+01 1.6126e+01 3.0914e+01 3.1415e+01
2.3414e+01 1.8347e+01 3.1502e+01 3.3983e+01
2.3989e+01 1.8546e+01 3.1912e+01 3.6328e+01
2.4448e+01 1.8819e+01 3.2334e+01 3.8549e+01
2.5113e+01 1.9663e+01 3.2831e+01 4.0206e+01
2.5508e+01 2.0145e+01 3.3562e+01 4.1119e+01
2.5314e+01 2.1330e+01 3.2906e+01 3.8706e+01
2.3951e+01 2.0215e+01 3.0404e+01 3.5879e+01
2.3516e+01 1.9133e+01 3.0594e+01 3.4514e+01
2.4373e+01 2.0100e+01 2.8961e+01 3.3469e+01
2.4015e+01 2.0190e+01 3.0198e+01 3.2269e+01
2.4506e+01 1.9788e+01 3.0801e+01 3.2744e+01
2.4883e+01 1.9572e+01 3.1203e+01 3.5802e+01
2.4944e+01 1.9156e+01 3.1725e+01 3.8175e+01
2.3737e+01 1.7951e+01 3.1775e+01 3.8215e+01
2.1557e+01 1.6287e+01 3.0315e+01 3.5215e+01
1.9690e+01 1.4843e+01 2.9366e+01 3.2577e+01
1.7949e+01 1.3512e+01 2.8094e+01 3.0140e+01
1.6839e+01 1.2741e+01 2.8823e+01 2.9162e+01
1.5732e+01 1.1936e+01 3.5107e+01 2.7950e+01
1.5702e+01 1.1603e+01 3.4763e+01 3.1306e+01
1.6098e+01 1.1463e+01 3.4622e+01 3.2499e+01
1.7221e+01 1.3197e+01 3.5556e+01 3.4339e+01
1.7936e+01 1.3312e+01 3.5581e+01 3.7311e+01
2.0004e+01 1.5596e+01 3.5979e+01 3.9717e+01
2.0800e+01 1.5963e+01 3.6136e+01 4.2021e+01
2.2206e+01 1.7308e+01 3.6484e+01 4.4039e+01
2.3074e+01 1.8000e+01 3.6682e+01 4.6059e+01
2.3741e+01 1.8424e+01 3.6832e+01 4.7944e+01
2.4344e+01 1.8813e+01 3.6969e+01 4.9668e+01
2.4871e+01 1.8951e+01 3.6971e+01 5.1274e+01
2.4805e+01 1.8228e+01 3.5840e+01 5.1072e+01
2.2717e+01 1.6643e+01 3.2954e+01 4.7076e+01
2.0518e+01 1.5032e+01 3.0120e+01 4.2704e+01
1.9354e+01 1.4265e+01 3.3977e+01 3.9499e+01
1.7727e+01 1.3079e+01 3.4053e+01 3.7251e+01
1.6496e+01 1.2215e+01 3.3785e+01 3.4399e+01
1.6647e+01 1.2139e+01 3.4189e+01 3.2181e+01
1.7157e+01 1.2871e+01 3.5170e+01 3.1585e+01
1.7196e+01 1.2813e+01 3.5874e+01 3.1143e+01
1.8396e+01 1.3614e+01 3.6236e+01 3.3744e+01
2.0484e+01 1.6378e+01 3.6816e+01 3.6530e+01
2.1282e+01 1.6751e+01 3.7119e+01 3.9194e+01
2.2234e+01 1.7629e+01 3.7509e+01 4.1595e+01
2.3275e+01 1.8374e+01 3.7805e+01 4.3975e+01
2.3947e+01 1.8880e+01 3.8083e+01 4.6169e+01
2.4743e+01 1.9507e+01 3.8335e+01 4.8226e+01
2.5425e+01 2.0048e+01 3.8574e+01 5.0104e+01
2.6014e+01 2.0559e+01 3.8805e+01 5.1783e+01
2.6650e+01 2.1533e+01 3.9087e+01 5.2882e+01
2.6838e+01 2.1599e+01 3.9916e+01 5.0232e+01
2.4331e+01 1.9564e+01 4.1023e+01 4.5551e+01
2.2228e+01 1.7818e+01 3.8488e+01 4.1242e+01
2.0230e+01 1.6215e+01 3.6274e+01 3.7554e+01
1.8685e+01 1.4968e+01 3.5416e+01 3.4445e+01
1.8662e+01 1.4398e+01 3.5426e+01 3.2311e+01
1.7939e+01 1.3652e+01 3.5479e+01 3.3829e+01
1.8563e+01 1.5167e+01 3.6405e+01 3.3941e+01
2.0072e+01 1.8473e+01 3.7301e+01 3.3835e+01
2.0500e+01 1.8269e+01 3.7697e+01 3.5796e+01
2.1417e+01 1.9252e+01 3.8153e+01 3.7978e+01
2.2242e+01 1.9762e+01 3.8549e+01 4.0762e+01
2.3151e+01 2.0300e+01 3.8923e+01 4.3605e+01
2.3904e+01 2.0604e+01 3.9237e+01 4.6196e+01
2.4830e+01 2.1172e+01 3.9552e+01 4.8526e+01
2.5531e+01 2.1524e+01 3.9837e+01 5.0651e+01
2.6073e+01 2.1761e+01 4.0098e+01 5.2597e+01
2.6469e+01 2.1877e+01 4.0334e+01 5.4372e+01
2.6675e+01 2.1520e+01 4.0487e+01 5.5936e+01
2.5059e+01 2.0001e+01 4.0071e+01 5.5053e+01
2.2651e+01 1.8073e+01 3.7465e+01 5.0102e+01
2.0499e+01 1.6347e+01 3.5918e+01 4.5616e+01
1.8816e+01 1.5006e+01 4.1161e+01 4.2701e+01
2.0649e+01 1.8073e+01 4.1183e+01 4.3394e+01
1.9689e+01 1.6913e+01 4.0343e+01 4.4920e+01
1.8607e+01 1.5771e+01 3.9682e+01 4.4759e+01
1.8220e+01 1.5015e+01 3.9298e+01 4.5779e+01
2.0054e+01 1.6311e+01 3.9760e+01 4.7987e+01
2.1500e+01 1.9010e+01 4.0359e+01 4.9909e+01
2.2467e+01 1.9442e+01 4.0655e+01 5.2014e+01
2.3147e+01 1.9458e+01 4.0839e+01 5.4113e+01
2.4253e+01 2.0510e+01 4.1218e+01 5.5815e+01
2.4827e+01 2.0748e+01 4.1471e+01 5.7495e+01
2.5607e+01 2.1250e+01 4.1738e+01 5.9000e+01
2.6144e+01 2.1503e+01 4.1957e+01 6.0408e+01
2.6755e+01 2.1892e+01 4.2179e+01 6.1670e+01
2.7279e+01 2.2155e+01 4.2313e+01 6.2824e+01
2.7893e+01 2.2298e+01 4.1691e+01 6.3069e+01
2.8266e+01 2.1779e+01 3.8351e+01 5.8138e+01
2.6646e+01 2.0689e+01 3.9678e+01 5.7643e+01
2.4216e+01 1.8812e+01 3.6510e+01 5.3059e+01
2.1945e+01 1.7048e+01 3.4149e+01 4.8360e+01
2.0129e+01 1.5588e+01 3.3704e+01 4.4338e+01
2.0834e+01 1.9427e+01 3.5462e+01 4.3045e+01
2.1005e+01 1.9332e+01 3.7769e+01 4.1428e+01
2.0672e+01 1.8362e+01 3.8078e+01 4.0870e+01
2.2054e+01 2.1161e+01 3.8658e+01 4.2919e+01
2.3492e+01 2.3762e+01 3.9306e+01 4.5430e+01
2.3410e+01 2.2671e+01 3.9676e+01 4.7586e+01
2.3882e+01 2.2204e+01 4.0167e+01 5.0184e+01
2.4509e+01 2.2153e+01 4.0636e+01 5.2737e+01
2.4965e+01 2.1797e+01 4.1038e+01 5.4960e+01
2.3759e+01 2.0390e+01 4.0996e+01 5.5573e+01
2.1521e+01 1.8455e+01 3.8844e+01 5.1112e+01
1.9613e+01 1.6818e+01 3.9426e+01 4.6732e+01
1.7941e+01 1.5339e+01 3.7824e+01 4.2527e+01
1.6552e+01 1.4088e+01 3.7243e+01 3.9767e+01
1.5929e+01 1.3417e+01 3.7496e+01 3.7362e+01
1.5851e+01 1.3363e+01 3.7053e+01 3.4864e+01
1.6200e+01 1.3873e+01 3.7707e+01 3.3308e+01
1.6944e+01 1.3849e+01 3.8304e+01 3.7680e+01
1.9162e+01 1.5129e+01 3.9112e+01 3.9819e+01
2.1321e+01 1.7214e+01 3.9935e+01 4.2939e+01
2.2151e+01 1.7533e+01 4.0532e+01 4.6452e+01
2.3109e+01 1.8487e+01 4.1166e+01 4.9155e+01
2.4000e+01 1.9001e+01 4.1710e+01 5.1983e+01
2.4843e+01 1.9651e+01 4.2220e+01 5.4643e+01
2.5548e+01 2.0172e+01 4.2709e+01 5.7066e+01
2.6174e+01 2.0590e+01 4.3146e+01 5.9270e+01
2.6715e+01 2.0939e+01 4.3528e+01 6.1298e+01
2.7142e+01 2.1142e+01 4.3836e+01 6.3160e+01
2.7352e+01 2.0726e+01 4.3872e+01 6.4267e+01
2.5350e+01 1.9107e+01 4.2400e+01 5.9865e+01
2.2883e+01 1.7249e+01 3.8903e+01 5.4141e+01
2.0757e+01 1.5656e+01 3.7737e+01 4.9717e+01
1.8995e+01 1.4333e+01 3.7767e+01 4.5698e+01
1.9057e+01 1.4164e+01 3.9266e+01 4.2493e+01
1.8665e+01 1.3692e+01 3.7540e+01 3.9924e+01
1.8813e+01 1.3331e+01 3.5757e+01 3.9026e+01
2.0602e+01 1.3763e+01 3.4601e+01 3.7291e+01
2.2149e+01 1.4270e+01 3.4489e+01 3.7017e+01
2.2929e+01 1.4636e+01 3.5208e+01 4.0256e+01
2.4231e+01 1.5923e+01 3.6214e+01 4.3361e+01
2.4952e+01 1.6490e+01 3.7191e+01 4.6814e+01
2.5818e+01 1.7327e+01 3.8169e+01 4.9973e+01
2.6367e+01 1.7964e+01 3.9077e+01 5.3098e+01
2.7013e+01 1.8651e+01 3.9938e+01 5.5951e+01
2.7583e+01 1.9319e+01 4.0744e+01 5.8623e+01
2.8090e+01 1.9904e+01 4.1489e+01 6.1064e+01
2.8622e+01 2.0512e+01 4.2177e+01 6.3290e+01
2.9560e+01 2.1635e+01 4.2832e+01 6.5150e+01
2.8076e+01 2.0842e+01 4.3666e+01 6.2502e+01
2.5380e+01 1.8852e+01 4.0993e+01 5.6887e+01
2.3020e+01 1.7111e+01 3.9531e+01 5.2386e+01
2.1125e+01 1.5683e+01 3.7069e+01 4.7751e+01
1.9680e+01 1.4677e+01 3.6000e+01 4.6297e+01
1.8936e+01 1.3886e+01 3.6268e+01 4.2804e+01
1.8829e+01 1.3386e+01 3.6645e+01 3.9943e+01
1.8850e+01 1.3755e+01 3.7966e+01 3.9240e+01
2.0171e+01 1.4215e+01 3.8882e+01 3.9199e+01
2.1940e+01 1.5181e+01 3.9825e+01 4.1007e+01
2.3586e+01 1.6394e+01 4.0772e+01 4.4506e+01
2.4717e+01 1.7277e+01 4.1597e+01 4.8361e+01
2.5372e+01 1.7789e+01 4.2321e+01 5.2235e+01
2.6231e+01 1.8758e+01 4.3061e+01 5.5784e+01
2.6954e+01 1.9599e+01 4.3741e+01 5.8985e+01
2.7647e+01 2.0366e+01 4.4358e+01 6.1920e+01
2.8549e+01 2.1831e+01 4.4977e+01 6.4401e+01
2.7656e+01 2.1366e+01 4.5978e+01 6.3090e+01
2.5040e+01 1.9348e+01 4.3575e+01 5.7494e+01
2.2793e+01 1.7607e+01 4.1796e+01 5.3100e+01
2.0800e+01 1.6067e+01 3.9516e+01 4.8703e+01
1.9031e+01 1.4702e+01 3.9926e+01 4.4956e+01
1.7676e+01 1.3662e+01 5.1017e+01 4.2214e+01
1.8623e+01 1.4802e+01 5.2244e+01 4.2171e+01
1.8547e+01 1.4347e+01 5.1300e+01 4.7841e+01
1.8472e+01 1.3957e+01 5.0796e+01 5.0719e+01
2.0338e+01 1.6154e+01 5.0919e+01 5.4589e+01
2.2135e+01 1.8571e+01 5.0913e+01 5.7857e+01
2.2844e+01 1.8606e+01 5.0777e+01 6.0952e+01
2.4071e+01 1.9598e+01 5.0759e+01 6.3895e+01
2.4824e+01 2.0021e+01 5.0739e+01 6.6647e+01
2.5704e+01 2.0621e+01 5.0731e+01 6.9107e+01
2.6311e+01 2.0942e+01 5.0718e+01 7.1359e+01
2.7018e+01 2.1431e+01 5.0741e+01 7.3375e+01
2.7646e+01 2.1849e+01 5.0765e+01 7.5209e+01
2.8172e+01 2.2187e+01 5.0799e+01 7.6870e+01
2.8675e+01 2.2526e+01 5.0846e+01 7.8375e+01
2.9290e+01 2.3115e+01 5.0981e+01 7.9672e+01
2.9444e+01 2.4434e+01 5.1863e+01 7.9721e+01
2.6688e+01 2.2143e+01 4.8965e+01 7.3308e+01
2.4438e+01 2.0236e+01 4.4732e+01 6.6361e+01
2.2464e+01 1.8502e+01 4.1525e+01 6.0092e+01
2.0989e+01 1.7083e+01 3.8555e+01 5.4553e+01
2.0223e+01 1.6119e+01 3.6382e+01 4.9817e+01
2.0509e+01 1.6598e+01 3.7757e+01 4.6555e+01
2.1141e+01 1.8258e+01 4.0149e+01 4.5117e+01
2.1793e+01 1.8782e+01 4.1564e+01 4.4268e+01
2.3033e+01 2.0185e+01 4.3270e+01 4.4887e+01
2.4485e+01 2.1998e+01 4.4416e+01 4.8030e+01
2.5537e+01 2.2391e+01 4.5216e+01 5.1499e+01
2.6381e+01 2.2563e+01 4.5825e+01 5.4954e+01
2.7241e+01 2.2941e+01 4.6419e+01 5.8545e+01
2.7747e+01 2.3117e+01 4.6986e+01 6.1872e+01
2.8281e+01 2.3375e+01 4.7500e+01 6.4875e+01
2.8728e+01 2.3514e+01 4.7938e+01 6.7601e+01
2.9139e+01 2.3675e+01 4.8366e+01 7.0063e+01
2.9537e+01 2.3851e+01 4.8768e+01 7.2299e+01
2.9928e+01 2.4037e+01 4.9140e+01 7.4316e+01
3.0355e+01 2.4311e+01 4.9497e+01 7.6088e+01
3.1118e+01 2.5521e+01 4.9863e+01 7.7324e+01
2.9335e+01 2.4077e+01 4.9077e+01 7.4143e+01
2.6495e+01 2.1745e+01 4.4947e+01 6.7231e+01
2.3942e+01 1.9649e+01 4.1523e+01 6.0909e+01
2.1785e+01 1.7883e+01 3.8698e+01 5.5798e+01
2.0244e+01 1.6661e+01 3.6749e+01 5.1272e+01
1.9355e+01 1.6358e+01 3.6480e+01 4.7379e+01
1.9889e+01 1.7113e+01 4.0661e+01 4.4492e+01
2.1372e+01 2.0202e+01 4.2256e+01 4.8626e+01
2.3280e+01 2.0282e+01 4.2474e+01 4.7119e+01
2.4833e+01 2.0501e+01 4.2962e+01 4.7658e+01
2.5591e+01 2.1448e+01 4.4105e+01 5.0456e+01
2.5979e+01 2.1604e+01 4.5099e+01 5.3587e+01
2.6782e+01 2.1929e+01 4.5836e+01 5.7427e+01
2.7562e+01 2.2401e+01 4.6609e+01 6.0959e+01
2.7990e+01 2.2602e+01 4.7356e+01 6.4107e+01
2.8568e+01 2.2906e+01 4.7982e+01 6.7006e+01
2.9000e+01 2.3151e+01 4.8584e+01 6.9604e+01
2.9417e+01 2.3350e+01 4.9119e+01 7.1975e+01
2.9766e+01 2.3534e+01 4.9623e+01 7.4122e+01
3.0090e+01 2.3696e+01 5.0081e+01 7.6062e+01
3.0370e+01 2.3832e+01 5.0506e+01 7.7821e+01
3.0519e+01 2.3832e+01 5.0885e+01 7.9420e+01
2.9961e+01 2.2906e+01 5.0965e+01 8.0064e+01
2.7200e+01 2.0799e+01 4.8609e+01 7.3158e+01
2.4733e+01 1.8894e+01 4.5865e+01 6.6568e+01
2.2574e+01 1.7240e+01 4.4168e+01 6.0851e+01
2.1338e+01 1.6356e+01 4.7308e+01 5.9384e+01
1.9675e+01 1.5094e+01 5.2247e+01 5.5379e+01
1.8395e+01 1.4115e+01 5.7077e+01 5.2374e+01
1.7977e+01 1.3842e+01 5.9561e+01 5.0722e+01
1.9008e+01 1.5481e+01 6.0124e+01 5.1614e+01
2.0707e+01 1.9635e+01 6.0188e+01 5.4286e+01
2.2211e+01 2.3192e+01 6.0097e+01 5.6747e+01
2.3708e+01 2.5051e+01 5.9836e+01 5.9485e+01
2.4979e+01 2.5705e+01 5.9483e+01 6.2674e+01
2.5808e+01 2.5686e+01 5.9056e+01 6.5758e+01
2.6417e+01 2.5469e+01 5.8622e+01 6.8610e+01
2.7056e+01 2.5392e+01 5.8274e+01 7.1179e+01
2.7736e+01 2.5468e+01 5.8014e+01 7.3451e+01
2.8288e+01 2.5465e+01 5.7776e+01 7.5526e+01
2.8757e+01 2.5434e+01 5.7575e+01 7.7411e+01
2.9158e+01 2.5435e+01 5.7456e+01 7.9074e+01
2.9132e+01 2.5373e+01 5.7735e+01 7.9073e+01
2.7353e+01 2.4334e+01 5.5994e+01 7.3004e+01
2.4876e+01 2.2118e+01 5.1192e+01 6.6055e+01
2.2923e+01 2.0313e+01 4.9608e+01 6.0055e+01
2.1732e+01 1.9021e+01 4.5828e+01 5.4985e+01
2.2140e+01 1.8541e+01 4.3582e+01 5.2790e+01
2.3032e+01 1.8914e+01 4.5854e+01 5.1128e+01
2.2925e+01 2.0213e+01 4.8108e+01 4.8561e+01
2.4725e+01 2.0550e+01 4.8668e+01 4.8930e+01
2.5043e+01 2.0443e+01 4.8967e+01 5.0701e+01
2.4201e+01 1.9412e+01 4.9335e+01 5.1286e+01
2.1990e+01 1.7634e+01 4.7979e+01 4.7148e+01
1.9972e+01 1.6006e+01 4.5764e+01 4.2977e+01
1.8122e+01 1.4522e+01 4.3796e+01 3.9336e+01
1.6665e+01 1.3350e+01 4.2744e+01 4.0294e+01
1.6999e+01 1.3700e+01 4.2751e+01 3.8841e+01
1.6703e+01 1.3508e+01 4.5695e+01 4.0818e+01
1.6562e+01 1.3568e+01 4.8092e+01 4.4590e+01
1.8253e+01 1.4796e+01 4.8949e+01 4.9363e+01
1.8530e+01 1.4649e+01 4.9387e+01 5.3987e+01
2.0587e+01 1.6262e+01 5.0278e+01 5.8101e+01
2.2104e+01 1.7784e+01 5.1078e+01 6.1272e+01
2.3018e+01 1.8121e+01 5.1628e+01 6.4812e+01
2.4256e+01 1.9239e+01 5.2304e+01 6.7737e+01
2.5051e+01 1.9666e+01 5.2811e+01 7.0658e+01
2.5969e+01 2.0342e+01 5.3338e+01 7.3255e+01
2.6752e+01 2.0899e+01 5.3816e+01 7.5607e+01
2.7373e+01 2.1286e+01 5.4238e+01 7.7781e+01
2.7876e+01 2.1587e+01 5.4637e+01 7.9748e+01
2.8080e+01 2.1678e+01 5.5032e+01 8.1180e+01
2.6832e+01 2.0831e+01 5.5744e+01 7.6845e+01
2.4363e+01 1.8926e+01 5.5467e+01 6.9558e+01
2.2086e+01 1.7139e+01 5.1333e+01 6.2780e+01
2.0110e+01 1.5617e+01 5.0089e+01 5.7146e+01
1.8547e+01 1.4371e+01 4.8212e+01 5.1986e+01
1.7414e+01 1.3557e+01 5.2256e+01 5.2141e+01
1.6635e+01 1.2879e+01 5.1278e+01 5.0174e+01
1.8701e+01 1.5528e+01 5.3159e+01 4.9627e+01
1.9981e+01 1.7045e+01 5.4154e+01 5.2000e+01
2.0293e+01 1.6679e+01 5.3895e+01 5.5977e+01
2.0520e+01 1.6282e+01 5.3953e+01 5.7973e+01
1.9566e+01 1.5382e+01 5.3431e+01 5.6132e+01
1.7850e+01 1.4028e+01 5.0760e+01 5.1435e+01
1.6184e+01 1.2716e+01 4.7259e+01 4.6763e+01
1.5335e+01 1.2086e+01 5.3093e+01 4.4667e+01
1.4310e+01 1.1271e+01 5.7362e+01 4.1851e+01
1.3368e+01 1.0523e+01 5.5286e+01 3.9767e+01
1.4945e+01 1.2545e+01 5.7307e+01 4.1621e+01
1.6923e+01 1.4260e+01 5.8030e+01 4.6775e+01
1.7882e+01 1.4806e+01 5.8754e+01 4.9888e+01
1.8191e+01 1.5443e+01 5.7354e+01 4.7528e+01
1.7452e+01 1.5214e+01 5.2429e+01 4.3609e+01
1.7153e+01 1.4536e+01 4.8335e+01 4.0653e+01
1.7416e+01 1.6610e+01 4.6671e+01 3.8551e+01
1.8416e+01 1.7900e+01 4.5058e+01 3.8818e+01
1.7399e+01 1.6760e+01 5.0626e+01 3.7757e+01
1.5813e+01 1.5205e+01 4.8432e+01 3.4621e+01
1.5682e+01 1.4646e+01 4.8738e+01 3.8573e+01
1.4558e+01 1.3519e+01 5.4247e+01 3.6271e+01
1.3482e+01 1.2462e+01 5.2464e+01 3.4400e+01
1.3075e+01 1.1971e+01 5.5044e+01 3.3782e+01
1.2949e+01 1.1580e+01 5.4677e+01 3.5774e+01
1.4648e+01 1.3750e+01 5.6212e+01 3.8536e+01
1.5078e+01 1.3550e+01 5.5961e+01 4.2779e+01
1.7277e+01 1.6374e+01 5.6930e+01 4.7743e+01
1.9294e+01 2.0048e+01 5.7750e+01 5.1796e+01
2.1284e+01 2.2411e+01 5.8147e+01 5.5673e+01
2.2604e+01 2.4540e+01 5.8173e+01 5.6927e+01
2.0848e+01 2.2490e+01 5.4932e+01 5.3153e+01
1.8855e+01 2.0313e+01 5.0554e+01 4.8205e+01
1.7157e+01 1.8424e+01 4.8043e+01 4.3948e+01
1.5949e+01 1.6997e+01 4.4342e+01 4.0430e+01
1.5380e+01 1.6085e+01 4.9840e+01 3.8712e+01
1.7245e+01 1.7608e+01 4.6428e+01 3.6829e+01
1.8446e+01 1.7965e+01 4.4693e+01 3.7248e+01
1.9666e+01 2.0362e+01 4.8191e+01 3.8402e+01
2.0637e+01 2.0004e+01 5.0616e+01 4.0415e+01
2.2243e+01 2.1145e+01 5.1676e+01 4.6008e+01
2.3460e+01 2.1745e+01 5.2402e+01 5.0293e+01
2.4337e+01 2.1755e+01 5.3421e+01 5.5601e+01
2.5144e+01 2.1959e+01 5.4273e+01 6.0365e+01
2.5892e+01 2.2164e+01 5.4997e+01 6.4537e+01
2.6347e+01 2.1964e+01 5.5616e+01 6.8464e+01
2.4953e+01 2.0628e+01 5.5185e+01 6.8398e+01
2.2603e+01 1.8677e+01 5.1318e+01 6.2501e+01
2.0572e+01 1.6994e+01 4.8954e+01 5.8224e+01
1.8867e+01 1.5572e+01 4.7428e+01 5.3074e+01
1.7349e+01 1.4304e+01 4.7186e+01 4.9216e+01
1.6155e+01 1.3320e+01 4.7173e+01 4.7067e+01
1.5409e+01 1.2764e+01 4.6907e+01 4.4128e+01
1.5505e+01 1.3045e+01 4.6802e+01 4.2648e+01
1.7940e+01 1.4489e+01 4.8405e+01 4.7549e+01
2.0033e+01 1.6342e+01 5.0515e+01 4.9561e+01
2.1667e+01 1.7675e+01 5.1806e+01 5.4727e+01
2.2513e+01 1.8032e+01 5.2753e+01 5.8710e+01
2.3817e+01 1.8938e+01 5.3912e+01 6.3379e+01
2.4929e+01 1.9665e+01 5.4946e+01 6.7709e+01
2.5808e+01 2.0224e+01 5.5804e+01 7.1450e+01
2.6654e+01 2.0793e+01 5.6665e+01 7.4960e+01
2.7404e+01 2.1294e+01 5.7424e+01 7.8089e+01
2.8071e+01 2.1748e+01 5.8119e+01 8.0931e+01
2.8684e+01 2.2165e+01 5.8778e+01 8.3563e+01
2.9150e+01 2.2539e+01 5.9453e+01 8.5943e+01
2.8895e+01 2.2887e+01 6.0874e+01 8.4934e+01
2.6696e+01 2.1588e+01 5.6796e+01 7.7527e+01
2.4336e+01 1.9672e+01 5.7226e+01 7.0112e+01
2.2191e+01 1.7930e+01 5.3249e+01 6.3912e+01
2.0104e+01 1.6241e+01 5.4432e+01 5.8545e+01
1.8626e+01 1.4986e+01 5.3694e+01 5.3493e+01
1.7278e+01 1.3869e+01 5.1670e+01 4.9231e+01
1.6188e+01 1.3026e+01 5.0055e+01 4.8051e+01
1.5790e+01 1.2513e+01 4.9587e+01 4.5722e+01
1.8351e+01 1.4971e+01 5.0978e+01 4.7255e+01
1.9548e+01 1.5482e+01 5.2284e+01 5.2008e+01
2.1113e+01 1.8430e+01 5.4118e+01 5.5243e+01
2.1446e+01 1.8258e+01 5.5024e+01 6.0801e+01
2.2839e+01 1.9227e+01 5.6099e+01 6.5137e+01
2.4498e+01 2.1079e+01 5.7238e+01 6.9027e+01
2.5857e+01 2.5332e+01 5.8443e+01 7.0586e+01
2.4532e+01 2.3854e+01 6.0846e+01 6.7126e+01
2.2234e+01 2.1589e+01 5.9443e+01 6.1069e+01
2.0390e+01 1.9722e+01 5.7288e+01 5.6779e+01
1.8586e+01 1.7932e+01 5.7183e+01 5.1942e+01
2.0267e+01 2.1409e+01 6.0295e+01 5.2581e+01
1.8774e+01 1.9670e+01 5.8491e+01 4.9736e+01
2.0930e+01 2.2861e+01 5.9304e+01 5.3913e+01
2.1840e+01 2.4272e+01 6.1294e+01 5.5406e+01
2.1373e+01 2.3012e+01 6.1036e+01 5.8968e+01
2.3063e+01 2.6808e+01 6.2165e+01 6.2363e+01
2.3396e+01 2.5911e+01 6.2314e+01 6.7074e+01
2.4983e+01 2.6867e+01 6.2973e+01 7.0958e+01
2.5892e+01 2.6750e+01 6.3379e+01 7.5016e+01
2.6412e+01 2.6345e+01 6.3685e+01 7.8812e+01
2.6881e+01 2.6004e+01 6.4027e+01 8.2304e+01
2.6831e+01 2.5342e+01 6.4367e+01 8.5440e+01
2.5178e+01 2.3658e+01 6.4805e+01 8.3041e+01
2.2821e+01 2.1428e+01 6.0069e+01 7.5595e+01
2.1270e+01 1.9787e+01 5.4888e+01 6.8724e+01
1.9353e+01 1.7980e+01 5.1146e+01 6.2523e+01
1.8024e+01 1.6831e+01 4.7479e+01 5.7257e+01
1.7446e+01 1.6291e+01 4.6410e+01 5.2648e+01
1.8396e+01 1.6838e+01 4.7950e+01 5.4935e+01
1.9086e+01 1.6555e+01 4.7082e+01 5.1857e+01
2.0719e+01 2.0062e+01 4.7451e+01 5.3424e+01
2.1245e+01 2.0096e+01 4.9450e+01 5.8440e+01
2.2566e+01 2.0879e+01 5.2026e+01 6.1895e+01
2.3473e+01 2.1233e+01 5.3355e+01 6.5802e+01
2.5025e+01 2.2016e+01 5.4717e+01 6.9939e+01
2.5933e+01 2.2515e+01 5.6216e+01 7.4071e+01
2.6757e+01 2.2837e+01 5.7343e+01 7.7807e+01
2.7383e+01 2.3006e+01 5.8399e+01 8.1365e+01
2.7562e+01 2.2765e+01 5.9179e+01 8.4355e+01
2.5901e+01 2.1311e+01 5.8680e+01 8.4120e+01
2.3454e+01 1.9289e+01 5.4138e+01 7.6917e+01
2.1343e+01 1.7547e+01 5.0092e+01 6.9752e+01
1.9575e+01 1.6052e+01 4.7659e+01 6.3192e+01
1.8274e+01 1.4939e+01 4.7261e+01 5.7740e+01
1.8353e+01 1.5642e+01 5.1254e+01 5.8030e+01
1.8423e+01 1.5937e+01 5.5987e+01 5.6501e+01
1.8817e+01 1.6336e+01 5.8469e+01 5.8090e+01
1.8781e+01 1.6208e+01 5.9180e+01 6.1545e+01
1.9831e+01 1.8361e+01 6.0249e+01 6.1069e+01
2.0709e+01 1.8719e+01 6.0996e+01 6.6035e+01
2.2107e+01 1.9786e+01 6.1792e+01 7.0217e+01
2.3302e+01 2.0343e+01 6.2464e+01 7.4375e+01
2.4595e+01 2.1204e+01 6.3313e+01 7.8186e+01
2.5590e+01 2.1687e+01 6.3960e+01 8.2114e+01
2.6446e+01 2.2128e+01 6.4539e+01 8.5502e+01
2.7258e+01 2.2569e+01 6.5091e+01 8.8632e+01
2.7972e+01 2.2929e+01 6.5595e+01 9.1541e+01
2.8331e+01 2.2948e+01 6.5970e+01 9.4269e+01
2.6943e+01 2.1711e+01 6.5675e+01 9.1217e+01
2.4411e+01 1.9668e+01 6.2043e+01 8.2685e+01
2.2217e+01 1.7899e+01 5.9158e+01 7.5201e+01
2.0674e+01 1.6740e+01 5.9090e+01 7.2006e+01
1.9353e+01 1.5749e+01 5.9021e+01 7.0617e+01
1.8343e+01 1.5011e+01 5.9058e+01 7.2269e+01
1.7530e+01 1.4401e+01 5.9407e+01 7.0735e+01
1.6928e+01 1.3900e+01 6.0587e+01 6.7632e+01
1.6786e+01 1.3668e+01 6.1573e+01 6.5512e+01
1.7825e+01 1.4166e+01 6.2173e+01 6.8720e+01
1.9858e+01 1.6192e+01 6.3186e+01 7.1897e+01
2.1537e+01 1.8198e+01 6.4159e+01 7.4032e+01
2.2728e+01 1.8949e+01 6.4875e+01 7.8506e+01
2.3820e+01 1.9566e+01 6.5522e+01 8.2762e+01
2.5041e+01 2.0500e+01 6.6158e+01 8.6049e+01
2.6039e+01 2.1142e+01 6.6705e+01 8.9454e+01
2.6943e+01 2.1762e+01 6.7225e+01 9.2443e+01
2.7741e+01 2.2320e+01 6.7726e+01 9.5152e+01
2.8382e+01 2.2833e+01 6.8381e+01 9.7463e+01
2.8222e+01 2.3263e+01 7.1215e+01 9.3579e+01
2.6007e+01 2.1725e+01 6.5084e+01 8.5089e+01
2.3761e+01 1.9838e+01 5.9468e+01 7.7078e+01
2.1807e+01 1.8235e+01 5.7179e+01 7.2957e+01
2.0686e+01 1.7366e+01 5.6999e+01 6.7070e+01
1.9532e+01 1.6360e+01 5.6287e+01 6.2050e+01
1.8066e+01 1.5143e+01 6.2338e+01 6.0919e+01
1.6470e+01 1.3796e+01 6.6694e+01 5.6211e+01
1.6056e+01 1.3392e+01 7.1444e+01 5.2986e+01
1.4885e+01 1.2375e+01 6.8275e+01 4.9547e+01
1.4340e+01 1.1947e+01 7.1594e+01 4.7788e+01
1.4833e+01 1.2760e+01 7.3210e+01 4.9131e+01
1.5415e+01 1.2902e+01 7.2620e+01 5.4624e+01
1.4723e+01 1.2240e+01 7.1022e+01 5.4236e+01
1.3496e+01 1.1201e+01 6.7286e+01 5.0186e+01
1.2307e+01 1.0202e+01 6.2893e+01 4.5844e+01
1.1485e+01 9.5172e+00 7.4419e+01 4.2474e+01
1.1963e+01 9.5482e+00 7.1910e+01 4.0684e+01
1.2388e+01 1.0021e+01 7.2878e+01 4.1532e+01
1.4793e+01 1.2812e+01 7.2645e+01 4.4922e+01
1.6335e+01 1.4531e+01 7.3270e+01 4.7690e+01
1.6867e+01 1.4471e+01 7.2330e+01 4.9279e+01
1.8898e+01 1.9453e+01 7.3251e+01 5.1779e+01
2.0909e+01 2.3720e+01 7.3916e+01 5.5861e+01
2.2021e+01 2.5968e+01 7.4357e+01 6.0787e+01
2.0644e+01 2.4131e+01 7.6086e+01 6.0640e+01
1.8718e+01 2.1829e+01 7.3447e+01 5.5571e+01
1.7082e+01 1.9853e+01 6.9989e+01 5.0718e+01
1.5773e+01 1.8224e+01 6.5076e+01 4.7493e+01
1.5139e+01 1.7056e+01 6.2995e+01 4.3571e+01
1.4951e+01 1.7276e+01 6.6982e+01 4.2206e+01
1.5254e+01 1.7042e+01 6.3973e+01 4.0740e+01
1.7261e+01 1.8215e+01 6.6292e+01 4.1478e+01
1.9279e+01 1.9273e+01 6.6047e+01 4.6254e+01
2.0037e+01 1.9732e+01 6.7182e+01 5.1781e+01
2.2070e+01 2.0896e+01 6.8060e+01 5.9304e+01
2.3319e+01 2.1901e+01 6.8550e+01 6.3480e+01
2.4720e+01 2.3221e+01 6.9756e+01 6.8007e+01
2.5836e+01 2.7433e+01 7.3992e+01 6.5493e+01
2.3580e+01 2.4949e+01 6.9056e+01 5.9689e+01
2.1372e+01 2.2578e+01 6.3979e+01 5.4660e+01
1.9743e+01 2.0797e+01 5.8836e+01 4.9671e+01
1.8131e+01 1.9056e+01 5.4639e+01 4.5458e+01
1.7376e+01 1.8411e+01 5.4124e+01 4.2131e+01
1.7283e+01 1.8157e+01 5.9774e+01 4.0577e+01
1.7046e+01 1.7584e+01 6.2329e+01 4.1332e+01
1.9222e+01 1.9079e+01 6.3338e+01 4.3331e+01
2.0888e+01 1.9642e+01 6.3497e+01 4.6521e+01
2.2188e+01 2.0690e+01 6.4198e+01 5.2572e+01
2.3047e+01 2.1051e+01 6.5190e+01 5.9727e+01
2.4465e+01 2.2247e+01 6.6415e+01 6.6450e+01
2.5723e+01 2.3040e+01 6.7238e+01 7.1514e+01
2.6771e+01 2.3538e+01 6.7951e+01 7.6701e+01
2.7518e+01 2.3902e+01 6.8684e+01 8.1561e+01
2.7768e+01 2.3774e+01 6.9205e+01 8.6114e+01
2.6075e+01 2.2225e+01 6.8856e+01 8.5468e+01
2.3582e+01 2.0094e+01 6.4691e+01 7.7656e+01
2.1352e+01 1.8186e+01 6.2304e+01 7.0683e+01
1.9580e+01 1.6682e+01 6.5047e+01 6.4758e+01
1.8298e+01 1.5601e+01 6.2067e+01 5.9294e+01
1.7499e+01 1.4825e+01 6.0068e+01 5.4487e+01
1.7067e+01 1.4287e+01 5.8938e+01 5.0583e+01
1.7942e+01 1.4348e+01 5.8713e+01 4.8183e+01
2.0563e+01 1.6771e+01 6.0434e+01 5.3094e+01
2.2057e+01 1.9317e+01 6.2621e+01 5.4804e+01
2.2731e+01 1.9807e+01 6.4054e+01 5.8505e+01
2.3509e+01 2.0208e+01 6.5139e+01 6.5145e+01
2.5110e+01 2.1418e+01 6.6288e+01 7.1187e+01
2.6206e+01 2.2059e+01 6.7196e+01 7.6639e+01
2.7109e+01 2.2716e+01 6.8124e+01 8.1275e+01
2.7984e+01 2.3285e+01 6.8909e+01 8.5824e+01
2.8808e+01 2.3856e+01 6.9653e+01 8.9911e+01
2.9459e+01 2.4311e+01 7.0325e+01 9.3508e+01
2.9993e+01 2.4767e+01 7.0854e+01 9.6236e+01
2.9456e+01 2.5349e+01 6.9519e+01 9.3545e+01
2.7354e+01 2.3928e+01 6.3513e+01 8.5016e+01
2.4889e+01 2.1778e+01 6.2617e+01 7.7546e+01
2.2582e+01 1.9755e+01 5.7703e+01 7.0397e+01
2.0607e+01 1.7996e+01 5.6668e+01 6.4405e+01
1.9077e+01 1.6645e+01 5.7522e+01 5.9876e+01
1.7833e+01 1.5479e+01 5.6278e+01 5.6271e+01
1.8015e+01 1.5784e+01 5.7461e+01 5.4243e+01
1.9553e+01 1.7439e+01 6.0552e+01 5.8630e+01
1.9139e+01 1.6843e+01 6.1084e+01 5.8404e+01
1.8690e+01 1.6280e+01 6.1810e+01 6.1432e+01
1.7622e+01 1.5248e+01 6.1651e+01 6.0144e+01
1.6063e+01 1.3879e+01 5.8839e+01 5.5172e+01
1.4778e+01 1.2722e+01 5.6663e+01 5.0466e+01
1.4344e+01 1.2399e+01 6.1302e+01 4.7086e+01
1.3548e+01 1.1730e+01 6.2199e+01 4.4545e+01
1.2867e+01 1.1098e+01 6.2816e+01 4.2730e+01
1.3130e+01 1.1583e+01 6.4438e+01 4.2667e+01
1.3294e+01 1.1569e+01 6.4957e+01 4.7763e+01
1.5123e+01 1.5324e+01 6.7522e+01 5.3455e+01
1.6012e+01 1.5783e+01 6.8385e+01 5.6453e+01
1.7066e+01 1.6745e+01 6.9856e+01 5.7126e+01
1.7628e+01 1.7450e+01 7.6208e+01 5.3727e+01
1.6303e+01 1.6016e+01 7.1748e+01 4.8788e+01
1.4927e+01 1.4633e+01 6.9372e+01 4.4678e+01
1.4179e+01 1.3785e+01 6.5677e+01 4.1009e+01
1.3369e+01 1.2912e+01 6.4492e+01 3.8399e+01
1.4016e+01 1.3382e+01 6.4058e+01 3.7324e+01
1.3850e+01 1.3388e+01 6.3111e+01 3.7810e+01
1.3116e+01 1.2602e+01 6.6417e+01 3.5969e+01
1.2006e+01 1.1504e+01 6.3671e+01 3.3228e+01
1.1865e+01 1.1344e+01 6.2489e+01 3.3435e+01
1.1368e+01 1.0739e+01 6.2514e+01 3.3028e+01
1.1239e+01 1.0569e+01 6.8509e+01 3.2998e+01
1.0874e+01 1.0097e+01 6.8224e+01 3.3074e+01
1.2154e+01 1.2068e+01 7.1183e+01 3.6108e+01
1.3409e+01 1.4296e+01 7.6154e+01 3.8070e+01
1.3622e+01 1.5499e+01 7.0316e+01 3.5745e+01
1.3355e+01 1.5008e+01 6.5842e+01 3.4268e+01
1.2291e+01 1.3734e+01 7.0923e+01 3.2423e+01
1.1258e+01 1.2523e+01 6.6103e+01 2.9873e+01
1.0497e+01 1.1546e+01 6.4705e+01 2.8444e+01
1.0689e+01 1.1691e+01 7.0993e+01 3.0420e+01
1.1490e+01 1.2013e+01 6.9882e+01 3.3058e+01
1.3979e+01 1.9366e+01 7.1398e+01 3.6637e+01
1.4067e+01 1.8600e+01 7.1131e+01 4.0437e+01
1.6067e+01 2.2518e+01 7.2887e+01 4.3976e+01
1.8634e+01 2.5168e+01 7.3754e+01 5.0899e+01
2.0025e+01 2.5123e+01 7.4135e+01 5.9236e+01
2.0123e+01 2.4229e+01 7.3980e+01 6.4953e+01
1.8784e+01 2.2317e+01 7.2125e+01 6.2334e+01
1.7013e+01 2.0170e+01 6.6797e+01 5.6690e+01
1.5483e+01 1.8291e+01 6.5296e+01 5.1932e+01
1.4792e+01 1.7095e+01 6.3831e+01 4.7916e+01
1.3781e+01 1.5756e+01 6.2608e+01 4.6277e+01
1.3755e+01 1.5505e+01 6.4251e+01 4.3855e+01
1.4088e+01 1.5546e+01 6.5925e+01 4.2739e+01
1.6714e+01 1.7878e+01 6.7570e+01 5.1289e+01
1.7107e+01 1.7765e+01 6.8291e+01 5.4372e+01
1.9708e+01 2.0522e+01 6.9597e+01 5.9743e+01
2.0661e+01 2.0713e+01 7.0244e+01 6.6478e+01
2.2727e+01 2.2377e+01 7.0887e+01 7.2223e+01
2.2400e+01 2.2673e+01 6.9523e+01 7.2977e+01
2.0917e+01 2.1703e+01 6.4094e+01 6.7230e+01
1.9487e+01 2.0078e+01 5.9318e+01 6.1302e+01
1.7984e+01 1.8406e+01 5.7888e+01 5.6224e+01
1.6466e+01 1.6781e+01 5.5600e+01 5.1998e+01
1.5211e+01 1.5397e+01 5.5059e+01 4.7818e+01
1.5804e+01 1.6627e+01 5.6821e+01 4.7589e+01
1.4920e+01 1.5569e+01 7.9446e+01 4.4925e+01
1.3854e+01 1.4365e+01 7.8019e+01 4.2240e+01
1.2726e+01 1.3139e+01 7.6216e+01 3.9680e+01
1.4213e+01 1.3987e+01 7.9974e+01 3.7800e+01
1.3374e+01 1.3059e+01 7.9772e+01 3.6352e+01
1.4179e+01 1.3102e+01 7.8018e+01 3.4980e+01
1.3649e+01 1.2480e+01 7.2774e+01 3.2461e+01
1.2633e+01 1.1481e+01 6.7594e+01 2.9829e+01
1.1541e+01 1.0469e+01 6.4058e+01 2.8072e+01
1.0779e+01 9.7703e+00 6.1888e+01 2.7658e+01
1.0427e+01 9.4398e+00 6.4554e+01 2.6857e+01
1.0879e+01 9.5693e+00 6.3684e+01 2.5992e+01
1.2314e+01 1.0553e+01 6.9289e+01 2.5373e+01
1.3442e+01 1.2553e+01 7.1282e+01 3.3695e+01
1.5550e+01 1.8947e+01 7.5175e+01 3.6553e+01
1.5391e+01 1.8397e+01 7.2538e+01 3.5112e+01
1.4068e+01 1.6728e+01 6.6594e+01 3.2254e+01
1.3120e+01 1.5543e+01 6.0778e+01 2.9998e+01
1.2500e+01 1.4567e+01 5.9555e+01 2.8552e+01
1.1685e+01 1.3459e+01 5.5947e+01 2.6714e+01
1.1719e+01 1.3300e+01 6.3409e+01 2.8014e+01
1.2499e+01 1.3493e+01 6.1267e+01 3.0200e+01
1.5187e+01 1.5695e+01 6.1965e+01 3.6170e+01
1.6513e+01 1.6564e+01 6.4684e+01 4.2392e+01
1.8668e+01 1.9523e+01 6.6658e+01 4.5671e+01
1.9815e+01 1.9709e+01 6.7256e+01 5.0097e+01
2.1184e+01 2.0307e+01 6.8582e+01 5.8416e+01
2.2728e+01 2.1317e+01 6.9633e+01 6.5128e+01
2.3783e+01 2.2346e+01 7.0938e+01 6.8292e+01
2.3021e+01 2.1790e+01 7.2896e+01 6.4211e+01
2.0901e+01 1.9774e+01 6.9885e+01 5.8144e+01
1.8968e+01 1.7916e+01 6.4430e+01 5.2707e+01
1.7433e+01 1.6447e+01 6.7317e+01 5.0075e+01
1.6536e+01 1.5565e+01 6.8419e+01 4.7786e+01
1.6008e+01 1.5124e+01 7.2701e+01 4.4941e+01
1.6563e+01 1.5669e+01 7.2542e+01 4.2621e+01
1.6855e+01 1.5848e+01 7.2343e+01 4.2025e+01
1.7537e+01 1.6440e+01 7.3157e+01 4.4121e+01
1.9411e+01 2.0721e+01 7.4841e+01 4.5367e+01
2.0764e+01 2.1636e+01 7.5334e+01 5.0213e+01
2.1368e+01 2.1674e+01 7.5672e+01 5.8424e+01
2.1038e+01 2.0876e+01 7.5369e+01 6.2771e+01
1.9435e+01 1.9163e+01 7.2817e+01 5.8475e+01
1.7591e+01 1.7324e+01 6.7395e+01 5.3025e+01
1.6051e+01 1.5770e+01 6.6967e+01 4.8538e+01
1.5140e+01 1.4870e+01 6.7731e+01 4.6253e+01
1.4160e+01 1.3795e+01 6.5790e+01 4.3711e+01
1.4209e+01 1.3554e+01 6.6719e+01 4.5696e+01
1.4508e+01 1.4012e+01 6.8936e+01 4.5480e+01
1.5078e+01 1.4150e+01 6.9482e+01 5.1125e+01
1.7442e+01 1.6116e+01 7.0671e+01 5.8828e+01
1.9363e+01 1.7692e+01 7.1881e+01 6.6502e+01
2.0831e+01 1.9100e+01 7.3037e+01 7.3191e+01
2.0686e+01 1.9656e+01 7.4794e+01 7.8601e+01
1.9386e+01 1.9917e+01 7.4072e+01 7.4612e+01
1.8985e+01 2.0020e+01 7.6378e+01 7.2137e+01
1.8614e+01 2.0425e+01 7.3647e+01 7.1224e+01
1.9404e+01 2.0240e+01 7.3018e+01 7.0871e+01
1.8279e+01 1.8884e+01 7.2469e+01 6.8313e+01
1.6590e+01 1.7103e+01 6.7702e+01 6.2098e+01
1.5151e+01 1.5569e+01 6.4351e+01 5.6731e+01
1.4000e+01 1.4300e+01 6.2580e+01 5.2219e+01
1.3033e+01 1.3196e+01 6.0441e+01 4.8492e+01
1.5270e+01 1.9198e+01 6.3303e+01 5.1916e+01
1.5206e+01 1.8708e+01 6.9955e+01 5.0326e+01
1.5567e+01 1.8478e+01 7.0855e+01 5.8063e+01
1.6724e+01 1.8628e+01 7.1347e+01 6.4542e+01
1.9551e+01 2.2857e+01 7.2633e+01 6.8757e+01
2.0350e+01 2.2717e+01 7.2207e+01 7.2130e+01
2.0935e+01 2.3342e+01 6.7455e+01 6.7787e+01
1.9606e+01 2.1862e+01 6.1414e+01 6.1764e+01
1.8816e+01 2.0898e+01 6.0074e+01 5.6927e+01
1.8368e+01 1.9996e+01 6.0372e+01 5.2763e+01
1.9025e+01 2.0598e+01 6.4052e+01 5.1379e+01
2.0121e+01 2.0830e+01 6.2196e+01 5.0917e+01
2.0109e+01 2.0486e+01 6.5529e+01 5.1719e+01
1.8767e+01 1.8936e+01 6.4578e+01 4.9648e+01
1.6997e+01 1.7126e+01 6.0059e+01 4.5267e+01
1.5479e+01 1.5560e+01 5.9926e+01 4.1505e+01
1.4721e+01 1.4813e+01 5.8017e+01 3.8694e+01
1.3827e+01 1.3775e+01 5.6599e+01 3.6343e+01
1.3508e+01 1.3425e+01 6.0212e+01 3.5137e+01
1.5136e+01 1.6452e+01 5.7650e+01 3.4996e+01
1.7952e+01 1.8315e+01 6.1164e+01 3.9376e+01
1.8923e+01 1.8527e+01 6.4156e+01 4.4646e+01
2.0777e+01 2.0995e+01 6.4903e+01 4.7699e+01
2.1985e+01 2.1442e+01 6.6997e+01 5.5532e+01
2.3674e+01 2.2909e+01 6.8419e+01 6.2356e+01
2.4840e+01 2.3544e+01 6.9924e+01 7.0039e+01
2.6094e+01 2.4258e+01 7.1046e+01 7.6707e+01
2.7196e+01 2.4957e+01 7.1847e+01 8.2459e+01
2.6268e+01 2.5417e+01 7.0669e+01 8.1299e+01
2.4384e+01 2.3942e+01 6.5589e+01 7.4566e+01
2.2269e+01 2.1800e+01 6.0535e+01 6.7523e+01
2.0179e+01 1.9729e+01 5.7732e+01 6.1669e+01
1.8489e+01 1.8022e+01 5.7173e+01 5.6203e+01
1.7207e+01 1.6613e+01 5.4449e+01 5.1679e+01
1.6453e+01 1.5910e+01 5.4364e+01 4.9182e+01
1.6122e+01 1.5293e+01 5.5358e+01 4.7823e+01
1.8557e+01 1.7586e+01 5.8146e+01 4.6158e+01
1.8613e+01 1.7413e+01 6.0537e+01 5.3250e+01
1.9996e+01 1.7818e+01 6.1954e+01 5.4606e+01
2.1819e+01 1.9946e+01 6.4572e+01 5.9377e+01
2.3870e+01 2.4656e+01 6.6970e+01 6.2092e+01
2.2715e+01 2.3388e+01 7.4357e+01 5.9760e+01
2.0617e+01 2.1186e+01 7.1501e+01 5.4440e+01
1.8854e+01 1.9293e+01 6.7328e+01 5.0133e+01
1.7278e+01 1.7616e+01 6.8840e+01 4.6323e+01
1.7338e+01 1.7774e+01 7.3023e+01 4.5356e+01
1.6267e+01 1.6505e+01 7.0877e+01 4.3719e+01
1.8353e+01 1.9978e+01 7.2075e+01 5.3221e+01
2.0063e+01 2.5092e+01 7.5029e+01 5.4430e+01
2.0025e+01 2.4082e+01 7.4831e+01 5.9681e+01
2.2425e+01 2.8072e+01 7.6431e+01 6.5337e+01
2.2944e+01 2.7520e+01 7.6660e+01 7.2692e+01
2.4648e+01 2.8429e+01 7.7501e+01 7.9072e+01
2.6228e+01 2.9094e+01 7.8112e+01 8.4979e+01
2.7179e+01 2.9184e+01 7.7789e+01 8.7919e+01
2.6552e+01 2.9244e+01 7.2512e+01 8.1928e+01
2.4414e+01 2.6987e+01 6.6038e+01 7.4553e+01
2.2175e+01 2.4479e+01 6.1665e+01 6.8002e+01
2.0694e+01 2.2817e+01 6.5650e+01 6.3641e+01
1.9242e+01 2.1102e+01 6.5598e+01 6.2192e+01
1.8225e+01 2.0040e+01 6.5015e+01 5.9681e+01
1.7327e+01 1.8784e+01 6.4806e+01 5.8180e+01
1.8822e+01 2.1367e+01 6.5860e+01 6.0360e+01
1.9254e+01 2.2306e+01 6.8075e+01 6.3914e+01
2.0499e+01 2.5143e+01 7.1207e+01 6.3581e+01
1.9622e+01 2.3874e+01 7.4122e+01 6.4423e+01
1.7897e+01 2.1685e+01 7.2198e+01 5.9869e+01
1.6711e+01 1.9952e+01 7.3485e+01 5.4605e+01
1.5703e+01 1.8492e+01 6.8914e+01 4.9973e+01
1.5086e+01 1.7512e+01 6.8654e+01 4.6592e+01
1.6297e+01 1.9204e+01 7.0162e+01 4.6570e+01
1.7267e+01 1.9473e+01 6.9895e+01 4.5464e+01
1.7377e+01 1.9031e+01 7.1936e+01 4.5812e+01
1.8967e+01 2.1433e+01 7.2847e+01 4.9947e+01
2.0280e+01 2.2488e+01 7.4930e+01 5.1963e+01
2.1982e+01 2.3014e+01 7.5268e+01 5.6021e+01
2.2351e+01 2.2640e+01 7.5580e+01 6.0668e+01
2.1024e+01 2.1041e+01 7.3947e+01 5.7568e+01
1.9063e+01 1.9045e+01 6.8472e+01 5.2267e+01
1.7394e+01 1.7320e+01 6.5554e+01 4.7575e+01
1.6113e+01 1.5962e+01 6.3417e+01 4.7745e+01
1.5093e+01 1.4805e+01 6.0450e+01 4.3981e+01
1.5262e+01 1.4718e+01 6.2125e+01 4.1679e+01
1.6104e+01 1.5933e+01 6.7856e+01 4.0088e+01
1.8097e+01 1.9832e+01 6.9384e+01 4.0512e+01
1.8812e+01 1.9717e+01 7.0654e+01 4.1425e+01
2.0619e+01 2.1132e+01 7.1616e+01 4.8369e+01
2.2312e+01 2.2803e+01 7.3411e+01 5.5152e+01
2.3474e+01 2.3234e+01 7.4339e+01 6.3514e+01
2.4737e+01 2.4175e+01 7.5472e+01 6.9082e+01
2.5708e+01 2.4707e+01 7.6527e+01 7.7183e+01
2.6037e+01 2.4726e+01 7.7745e+01 8.0590e+01
2.4465e+01 2.3108e+01 7.7129e+01 7.4908e+01
2.2157e+01 2.0917e+01 7.0211e+01 6.7883e+01
2.0319e+01 1.9212e+01 6.7813e+01 6.3423e+01
1.8786e+01 1.7647e+01 6.2870e+01 5.7786e+01
1.7639e+01 1.6665e+01 5.9265e+01 5.4088e+01
1.7097e+01 1.6131e+01 5.6497e+01 5.0880e+01
1.8158e+01 1.9422e+01 5.4412e+01 4.9956e+01
1.8290e+01 1.9294e+01 5.4887e+01 4.9716e+01
2.0454e+01 2.3036e+01 5.6767e+01 5.3869e+01
2.1697e+01 2.3646e+01 5.9613e+01 6.2220e+01
2.2352e+01 2.3541e+01 6.2057e+01 6.9950e+01
2.2638e+01 2.3093e+01 6.4142e+01 7.4807e+01
2.1567e+01 2.1697e+01 6.4969e+01 7.2249e+01
1.9649e+01 1.9717e+01 6.2453e+01 6.5989e+01
1.7971e+01 1.7970e+01 6.0481e+01 6.0560e+01
1.6543e+01 1.6460e+01 5.9114e+01 5.5883e+01
1.5422e+01 1.5295e+01 6.8760e+01 5.2395e+01
1.6141e+01 1.6540e+01 7.2086e+01 5.1763e+01
1.5450e+01 1.5595e+01 7.1376e+01 5.0324e+01
1.7213e+01 1.9577e+01 7.3612e+01 5.4479e+01
1.8656e+01 2.0398e+01 7.4774e+01 6.1485e+01
2.0601e+01 2.1463e+01 7.5885e+01 7.0299e+01
2.1903e+01 2.2270e+01 7.6781e+01 7.6809e+01
2.4111e+01 2.4167e+01 7.7906e+01 8.3775e+01
2.4903e+01 2.4540e+01 7.8733e+01 9.0090e+01
2.5024e+01 2.5014e+01 8.0715e+01 9.3856e+01
2.3387e+01 2.6042e+01 7.5544e+01 8.6541e+01
2.1495e+01 2.3993e+01 7.1476e+01 8.1128e+01
1.9518e+01 2.1735e+01 6.6534e+01 7.3860e+01
1.7922e+01 1.9863e+01 6.4006e+01 6.9745e+01
1.6685e+01 1.8431e+01 6.4017e+01 6.6574e+01
1.5742e+01 1.7162e+01 6.3099e+01 6.5683e+01
1.5841e+01 1.7448e+01 6.9086e+01 6.7295e+01
1.6478e+01 1.7689e+01 7.0132e+01 6.5769e+01
1.7134e+01 1.7498e+01 7.0530e+01 6.4075e+01
1.9710e+01 2.1106e+01 7.2907e+01 7.2258e+01
2.1703e+01 2.7070e+01 7.5281e+01 7.1728e+01
2.0942e+01 2.5776e+01 8.1290e+01 6.8511e+01
1.9110e+01 2.3407e+01 8.3394e+01 6.2730e+01
1.7662e+01 2.1463e+01 9.9259e+01 5.8213e+01
1.6808e+01 2.0230e+01 9.9493e+01 5.7945e+01
1.5588e+01 1.8575e+01 9.4585e+01 5.6075e+01
1.5065e+01 1.7853e+01 9.7554e+01 5.7079e+01
1.5501e+01 1.7578e+01 9.5739e+01 6.2098e+01
1.8351e+01 2.0373e+01 9.4651e+01 6.6918e+01
1.9340e+01 2.0732e+01 9.3875e+01 7.1266e+01
2.0981e+01 2.4594e+01 9.4370e+01 6.8801e+01
1.9853e+01 2.3046e+01 9.3761e+01 6.3207e+01
1.8238e+01 2.1048e+01 9.0680e+01 5.7314e+01
1.7830e+01 2.0195e+01 9.0758e+01 5.3631e+01
1.7154e+01 1.8980e+01 8.7484e+01 4.9638e+01
1.6647e+01 1.8179e+01 8.6141e+01 4.7068e+01
1.6818e+01 1.7972e+01 8.6699e+01 4.9156e+01
1.6000e+01 1.6890e+01 8.5594e+01 4.6581e+01
1.4580e+01 1.5351e+01 8.0265e+01 4.2667e+01
1.4442e+01 1.5885e+01 7.4294e+01 4.0377e+01
1.3294e+01 1.4559e+01 6.9254e+01 3.7274e+01
1.2744e+01 1.3880e+01 6.7699e+01 3.6671e+01
1.4957e+01 1.7729e+01 6.5297e+01 3.7473e+01
1.4582e+01 1.6972e+01 6.7069e+01 3.7558e+01
1.5706e+01 1.8557e+01 6.6923e+01 3.9776e+01
1.6430e+01 1.8630e+01 6.9918e+01 4.3492e+01
1.9535e+01 2.1657e+01 7.0765e+01 4.9202e+01
2.0518e+01 2.2086e+01 7.3223e+01 5.5545e+01
2.2524e+01 2.3418e+01 7.4362e+01 6.4069e+01
2.4502e+01 2.4713e+01 7.5394e+01 7.1753e+01
2.6069e+01 2.5747e+01 7.6672e+01 7.9560e+01
2.7626e+01 2.7684e+01 7.8669e+01 8.3811e+01
2.6213e+01 2.6359e+01 7.9504e+01 7.8581e+01
2.3702e+01 2.3813e+01 7.2433e+01 7.1083e+01
2.1501e+01 2.1576e+01 6.6982e+01 6.4565e+01
1.9695e+01 1.9701e+01 6.2822e+01 5.8641e+01
1.8477e+01 1.8297e+01 6.1788e+01 5.3552e+01
1.7801e+01 1.7352e+01 6.0684e+01 4.9602e+01
1.7890e+01 1.6955e+01 5.8509e+01 4.6723e+01
1.8134e+01 1.6751e+01 5.8557e+01 4.6129e+01
1.9749e+01 1.7950e+01 6.0678e+01 5.4522e+01
2.1941e+01 2.1253e+01 6.4120e+01 5.8137e+01
2.3044e+01 2.2430e+01 6.6997e+01 6.1322e+01
2.4536e+01 2.3656e+01 6.9137e+01 7.0683e+01
2.5631e+01 2.4259e+01 7.0923e+01 7.8625e+01
2.6914e+01 2.5313e+01 7.2690e+01 8.5602e+01
2.7944e+01 2.6054e+01 7.4250e+01 9.1898e+01
2.8899e+01 2.6673e+01 7.5593e+01 9.7916e+01
2.9827e+01 2.7342e+01 7.6858e+01 1.0301e+02
3.0704e+01 2.7945e+01 7.7977e+01 1.0781e+02
3.1745e+01 2.8799e+01 7.9052e+01 1.1198e+02
3.2359e+01 3.0577e+01 8.0412e+01 1.1266e+02
2.9484e+01 2.7857e+01 7.9685e+01 1.0332e+02
2.6806e+01 2.5290e+01 7.7904e+01 9.3461e+01
2.4524e+01 2.3123e+01 7.3613e+01 8.5195e+01
2.2920e+01 2.1607e+01 6.8668e+01 7.9300e+01
2.1252e+01 1.9975e+01 6.4942e+01 7.4749e+01
2.0623e+01 1.9689e+01 6.2746e+01 7.0332e+01
2.3321e+01 2.1728e+01 6.2314e+01 6.6208e+01
2.3344e+01 2.1846e+01 6.2931e+01 6.6369e+01
2.3910e+01 2.2152e+01 6.4186e+01 6.9816e+01
2.5466e+01 2.4361e+01 6.6671e+01 7.1490e+01
2.6171e+01 2.4640e+01 6.8681e+01 7.9638e+01
2.7561e+01 2.5914e+01 7.0902e+01 8.6509e+01
2.8602e+01 2.6543e+01 7.2665e+01 9.3512e+01
2.9482e+01 2.7036e+01 7.4232e+01 9.9828e+01
3.0416e+01 2.7692e+01 7.5718e+01 1.0498e+02
3.1362e+01 2.8377e+01 7.7099e+01 1.0986e+02
3.1470e+01 2.9276e+01 7.8572e+01 1.1257e+02
2.9361e+01 3.0522e+01 7.4974e+01 1.0425e+02
2.7668e+01 3.1194e+01 7.5994e+01 9.7551e+01
2.5355e+01 2.8462e+01 7.5322e+01 9.0129e+01
2.2959e+01 2.5732e+01 7.1395e+01 8.1645e+01
2.0859e+01 2.3316e+01 6.9113e+01 7.4166e+01
1.9117e+01 2.1264e+01 6.9702e+01 6.7890e+01
1.7790e+01 1.9667e+01 7.0158e+01 6.3007e+01
1.7004e+01 1.8708e+01 7.1023e+01 5.9759e+01
1.7213e+01 1.8914e+01 7.4358e+01 5.7701e+01
1.9757e+01 2.4150e+01 7.7188e+01 5.6550e+01
2.1457e+01 2.6385e+01 7.8516e+01 5.6778e+01
2.2610e+01 2.6558e+01 7.8983e+01 6.2576e+01
2.3741e+01 2.6554e+01 7.9745e+01 7.1803e+01
2.5166e+01 2.7117e+01 8.0815e+01 7.9736e+01
2.6614e+01 2.7932e+01 8.1729e+01 8.6912e+01
2.7770e+01 2.8444e+01 8.2408e+01 9.2562e+01
2.8858e+01 2.8934e+01 8.3139e+01 9.9033e+01
2.9810e+01 2.9348e+01 8.3778e+01 1.0468e+02
3.0719e+01 2.9770e+01 8.4343e+01 1.0954e+02
3.1477e+01 3.0098e+01 8.4885e+01 1.1418e+02
3.2210e+01 3.0440e+01 8.5368e+01 1.1815e+02
3.2858e+01 3.0726e+01 8.5830e+01 1.2191e+02
3.3425e+01 3.0977e+01 8.6270e+01 1.2526e+02
3.3896e+01 3.1178e+01 8.6732e+01 1.2820e+02
3.3986e+01 3.1149e+01 8.7679e+01 1.2727e+02
3.2145e+01 2.9583e+01 8.5575e+01 1.1706e+02
2.9129e+01 2.6816e+01 7.7746e+01 1.0569e+02
2.6448e+01 2.4295e+01 7.3080e+01 9.5515e+01
2.4161e+01 2.2220e+01 7.3386e+01 8.7330e+01
2.2454e+01 2.0510e+01 7.0532e+01 7.9518e+01
2.1397e+01 1.9730e+01 6.8386e+01 7.4006e+01
2.0660e+01 1.8809e+01 6.9133e+01 6.9142e+01
2.1823e+01 2.3419e+01 7.4580e+01 6.7351e+01
2.2796e+01 2.4044e+01 7.6947e+01 6.7885e+01
2.2899e+01 2.3438e+01 7.7643e+01 7.4550e+01
2.2563e+01 2.2513e+01 7.7967e+01 7.4701e+01
2.1122e+01 2.0841e+01 7.6440e+01 7.0207e+01
1.9186e+01 1.8888e+01 7.1514e+01 6.3891e+01
1.7755e+01 1.7408e+01 9.4447e+01 5.9233e+01
1.6326e+01 1.5927e+01 8.8883e+01 5.4705e+01
1.5582e+01 1.5161e+01 1.0004e+02 5.2279e+01
1.7657e+01 1.6700e+01 9.8943e+01 6.2222e+01
1.7907e+01 1.6550e+01 9.6918e+01 6.4517e+01
2.0299e+01 2.2044e+01 9.7218e+01 6.7154e+01
2.1528e+01 2.2315e+01 9.6101e+01 7.5645e+01
2.2754e+01 2.2800e+01 9.5282e+01 8.3836e+01
2.4772e+01 2.6118e+01 9.5344e+01 8.7886e+01
2.5448e+01 2.7502e+01 9.5452e+01 9.3605e+01
