4.0768e+03 7.4983e+02
4.1988e+03 7.6707e+02
4.1019e+04 7.0416e+03
3.8980e+04 6.7167e+03
3.5360e+04 6.1321e+03
1.0498e+05 4.3484e+04
9.4482e+04 3.9136e+04
8.5034e+04 3.5222e+04
7.6531e+04 3.1700e+04
6.8878e+04 2.8530e+04
6.1990e+04 2.5677e+04
5.5791e+04 2.3109e+04
5.0212e+04 2.0798e+04
4.5191e+04 1.8718e+04
4.0672e+04 1.6847e+04
3.6604e+04 1.5162e+04
3.2944e+04 1.3646e+04
2.9650e+04 1.2281e+04
2.6685e+04 1.1053e+04
2.4016e+04 9.9478e+03
2.1615e+04 8.9530e+03
1.9453e+04 8.0577e+03
1.7508e+04 7.2519e+03
1.5757e+04 6.5267e+03
1.4181e+04 5.8741e+03
1.2763e+04 5.2867e+03
1.1487e+04 4.7580e+03
1.0338e+04 4.2822e+03
9.3043e+03 3.8540e+03
8.3739e+03 3.4686e+03
7.5365e+03 3.1217e+03
6.7829e+03 2.8095e+03
6.1046e+03 2.5286e+03
5.4941e+03 2.2757e+03
4.9447e+03 2.0482e+03
4.4502e+03 1.8433e+03
4.0052e+03 1.6590e+03
3.6047e+03 1.4931e+03
3.2442e+03 1.3438e+03
2.9198e+03 1.2094e+03
2.6278e+03 1.0885e+03
2.3650e+03 9.7963e+02
2.1285e+03 8.8167e+02
1.9157e+03 7.9350e+02
1.7241e+03 7.1415e+02
1.5517e+03 6.4273e+02
1.3965e+03 5.7846e+02
1.2569e+03 5.2061e+02
1.1312e+03 4.6855e+02
1.0181e+03 4.2170e+02
9.1626e+02 3.7953e+02
8.2464e+02 3.4158e+02
7.4217e+02 3.0742e+02
6.6796e+02 2.7668e+02
6.0116e+02 2.4901e+02
5.4105e+02 2.2411e+02
4.8694e+02 2.0170e+02
4.3825e+02 1.8153e+02
3.9442e+02 1.6337e+02
3.5498e+02 1.4704e+02
3.1948e+02 1.3233e+02
2.8753e+02 1.1910e+02
2.5878e+02 1.0719e+02
2.3290e+02 9.6471e+01
2.0961e+02 8.6824e+01
1.8865e+02 7.8142e+01
1.6979e+02 7.0328e+01
1.5281e+02 6.3295e+01
1.3753e+02 5.6966e+01
1.2377e+02 5.1269e+01
1.1140e+02 4.6142e+01
1.0026e+02 4.1528e+01
9.0231e+01 3.7375e+01
8.1208e+01 3.3638e+01
7.3088e+01 3.0274e+01
6.5779e+01 2.7247e+01
5.9201e+01 2.4522e+01
5.3281e+01 2.2070e+01
4.7953e+01 1.9863e+01
4.3158e+01 1.7877e+01
3.8842e+01 1.6089e+01
3.4958e+01 1.4480e+01
3.1462e+01 1.3032e+01
2.8316e+01 1.1729e+01
2.5484e+01 1.0556e+01
2.2936e+01 9.5006e+00
2.0642e+01 8.5506e+00
1.8578e+01 7.6956e+00
1.6720e+01 6.9261e+00
1.5048e+01 6.2335e+00
1.3544e+01 5.6102e+00
1.2189e+01 5.0492e+00
1.0970e+01 4.5443e+00
9.8735e+00 4.0899e+00
8.8862e+00 3.6810e+00
7.9976e+00 3.3129e+00
7.1979e+00 2.9817e+00
6.4781e+00 2.6836e+00
5.8304e+00 2.4152e+00
5.2474e+00 2.1738e+00
4.7227e+00 1.9564e+00
4.2505e+00 1.7608e+00
3.8255e+00 1.5848e+00
3.4430e+00 1.4264e+00
3.0987e+00 1.2838e+00
2.7889e+00 1.1554e+00
2.5101e+00 1.0399e+00
2.2591e+00 9.3598e-01
2.0332e+00 8.4242e-01
1.8300e+00 7.5822e-01
1.6470e+00 6.8244e-01
1.4824e+00 6.1424e-01
1.3342e+00 5.5286e-01
1.2008e+00 4.9762e-01
1.0808e+00 4.4790e-01
9.7273e-01 4.0315e-01
8.7551e-01 3.6288e-01
7.8800e-01 3.2663e-01
7.0925e-01 2.9401e-01
6.3837e-01 2.6465e-01
5.7458e-01 2.3823e-01
5.1717e-01 2.1445e-01
4.6550e-01 1.9305e-01
4.1900e-01 1.7379e-01
3.7714e-01 1.5645e-01
3.3948e-01 1.4085e-01
3.0558e-01 1.2681e-01
2.7507e-01 1.1417e-01
2.4761e-01 1.0279e-01
2.2289e-01 9.2557e-02
2.0065e-01 8.3344e-02
1.8063e-01 7.5052e-02
1.6262e-01 6.7589e-02
1.4640e-01 6.0873e-02
1.3181e-01 5.4828e-02
1.1867e-01 4.9388e-02
1.0685e-01 4.4492e-02
9.6216e-02 4.0086e-02
8.6641e-02 3.6120e-02
7.8024e-02 3.2550e-02
7.0269e-02 2.9338e-02
6.3289e-02 2.6447e-02
5.7007e-02 2.3845e-02
5.1353e-02 2.1503e-02
4.6265e-02 1.9395e-02
4.1686e-02 1.7498e-02
3.7564e-02 1.5791e-02
3.3855e-02 1.4255e-02
3.0516e-02 1.2872e-02
2.7512e-02 1.1627e-02
2.4808e-02 1.0507e-02
2.2374e-02 9.4994e-03
2.0183e-02 8.5921e-03
1.8212e-02 7.7756e-03
1.6438e-02 7.0407e-03
1.4841e-02 6.3793e-03
1.3404e-02 5.7840e-03
1.2111e-02 5.2483e-03
1.0947e-02 4.7661e-03
9.8992e-03 4.3322e-03
8.9563e-03 3.9417e-03
8.1077e-03 3.5902e-03
7.3440e-03 3.2738e-03
6.6567e-03 2.9891e-03
6.0381e-03 2.7329e-03
5.4813e-03 2.5023e-03
4.9803e-03 2.2948e-03
4.5293e-03 2.1080e-03
4.1234e-03 1.9399e-03
3.7582e-03 1.7886e-03
3.4294e-03 1.6524e-03
3.1336e-03 1.5298e-03
2.8673e-03 1.4195e-03
2.6276e-03 1.3203e-03
2.4120e-03 1.2309e-03
2.2178e-03 1.1505e-03
2.0431e-03 1.0782e-03
1.8859e-03 1.0131e-03
1.7444e-03 9.5445e-04
1.6171e-03 9.0171e-04
1.5024e-03 8.5424e-04
1.3993e-03 8.1151e-04
1.3065e-03 7.7306e-04
1.2229e-03 7.3846e-04
1.1477e-03 7.0732e-04
1.0801e-03 6.7929e-04
1.0192e-03 6.5407e-04
9.6435e-04 6.3137e-04
9.1503e-04 6.1094e-04
8.7064e-04 5.9255e-04
8.3069e-04 5.7601e-04
7.9474e-04 5.6112e-04
7.6238e-04 5.4772e-04
7.3326e-04 5.3566e-04
7.0706e-04 5.2481e-04
6.8348e-04 5.1505e-04
6.6226e-04 5.0626e-04
6.4317e-04 4.9836e-04
6.2599e-04 4.9124e-04
6.1052e-04 4.8484e-04
5.9661e-04 4.7908e-04
5.8409e-04 4.7390e-04
5.7282e-04 4.6923e-04
5.6269e-04 4.6504e-04
5.5357e-04 4.6126e-04
5.4536e-04 4.5787e-04
5.3798e-04 4.5481e-04
5.3134e-04 4.5206e-04
5.2536e-04 4.4959e-04
5.1998e-04 4.4737e-04
5.1515e-04 4.4537e-04
5.1080e-04 4.4357e-04
5.0688e-04 4.4195e-04
5.0337e-04 4.4049e-04
5.0020e-04 4.3919e-04
4.9735e-04 4.3801e-04
4.9480e-04 4.3695e-04
4.9249e-04 4.3600e-04
4.9043e-04 4.3515e-04
4.8857e-04 4.3438e-04
4.8690e-04 4.3369e-04
4.8540e-04 4.3307e-04
4.8405e-04 4.3252e-04
4.8283e-04 4.3202e-04
4.8175e-04 4.3157e-04
4.8077e-04 4.3117e-04
4.7989e-04 4.3081e-04
4.7911e-04 4.3048e-04
4.7840e-04 4.3019e-04
4.7777e-04 4.2993e-04
4.7720e-04 4.2970e-04
4.7669e-04 4.2949e-04
4.7624e-04 4.2931e-04
4.7583e-04 4.2914e-04
4.7547e-04 4.2899e-04
4.7514e-04 4.2886e-04
4.7485e-04 4.2874e-04
4.7460e-04 4.2864e-04
4.7436e-04 4.2854e-04
4.7416e-04 4.2846e-04
4.7398e-04 4.2839e-04
4.7382e-04 4.2832e-04
4.7367e-04 4.2826e-04
4.7355e-04 4.2821e-04
4.7344e-04 4.2817e-04
4.7334e-04 4.2813e-04
4.7325e-04 4.2810e-04
4.7318e-04 4.2807e-04
4.7312e-04 4.2804e-04
4.7306e-04 4.2802e-04
4.7301e-04 4.2801e-04
4.7297e-04 4.2799e-04
4.7294e-04 4.2798e-04
4.7292e-04 4.2797e-04
4.7289e-04 4.2797e-04
4.7288e-04 4.2796e-04
4.7287e-04 4.2796e-04
4.7286e-04 4.2796e-04
4.7285e-04 4.2796e-04
4.7285e-04 4.2796e-04
4.7285e-04 4.2796e-04
4.7286e-04 4.2797e-04
4.7287e-04 4.2797e-04
4.7287e-04 4.2798e-04
4.7288e-04 4.2798e-04
4.7290e-04 4.2799e-04
4.7291e-04 4.2800e-04
4.7292e-04 4.2800e-04
4.7294e-04 4.2801e-04
4.7296e-04 4.2802e-04
4.7298e-04 4.2803e-04
4.7299e-04 4.2804e-04
4.7301e-04 4.2805e-04
4.7304e-04 4.2806e-04
4.7306e-04 4.2807e-04
4.7308e-04 4.2808e-04
4.7310e-04 4.2809e-04
4.7312e-04 4.2810e-04
4.7315e-04 4.2811e-04
4.7317e-04 4.2813e-04
4.7320e-04 4.2814e-04
4.7322e-04 4.2815e-04
4.7325e-04 4.2816e-04
4.7327e-04 4.2817e-04
4.7330e-04 4.2818e-04
4.7332e-04 4.2820e-04
4.7335e-04 4.2821e-04
4.7338e-04 4.2822e-04
4.7340e-04 4.2823e-04
4.7343e-04 4.2825e-04
4.7346e-04 4.2826e-04
4.7349e-04 4.2827e-04
4.7351e-04 4.2828e-04
4.7354e-04 4.2830e-04
4.7357e-04 4.2831e-04
4.7360e-04 4.2832e-04
4.7363e-04 4.2834e-04
4.7366e-04 4.2835e-04
4.7369e-04 4.2836e-04
4.7372e-04 4.2838e-04
4.7375e-04 4.2839e-04
4.7378e-04 4.2840e-04
4.7381e-04 4.2842e-04
4.7384e-04 4.2843e-04
4.7387e-04 4.2845e-04
4.7390e-04 4.2846e-04
4.7393e-04 4.2847e-04
4.7396e-04 4.2849e-04
4.7399e-04 4.2850e-04
4.7403e-04 4.2852e-04
4.7406e-04 4.2853e-04
4.7409e-04 4.2855e-04
4.7413e-04 4.2856e-04
4.7416e-04 4.2858e-04
4.7419e-04 4.2859e-04
4.7423e-04 4.2861e-04
4.7426e-04 4.2862e-04
4.7430e-04 4.2864e-04
4.7433e-04 4.2866e-04
4.7437e-04 4.2867e-04
4.7440e-04 4.2869e-04
4.7444e-04 4.2871e-04
4.7448e-04 4.2873e-04
4.7451e-04 4.2874e-04
4.7455e-04 4.2876e-04
4.7459e-04 4.2878e-04
4.7463e-04 4.2880e-04
4.7467e-04 4.2882e-04
4.7471e-04 4.2883e-04
4.7475e-04 4.2885e-04
4.7479e-04 4.2887e-04
4.7483e-04 4.2889e-04
4.7487e-04 4.2891e-04
4.7491e-04 4.2893e-04
4.7495e-04 4.2895e-04
4.7499e-04 4.2897e-04
4.7503e-04 4.2899e-04
4.7507e-04 4.2901e-04
4.7511e-04 4.2903e-04
4.7515e-04 4.2905e-04
4.7520e-04 4.2907e-04
4.7524e-04 4.2909e-04
4.7528e-04 4.2911e-04
4.7532e-04 4.2913e-04
4.7536e-04 4.2915e-04
4.7541e-04 4.2917e-04
4.7545e-04 4.2919e-04
4.7549e-04 4.2921e-04
4.7554e-04 4.2923e-04
4.7558e-04 4.2925e-04
4.7562e-04 4.2927e-04
4.7567e-04 4.2929e-04
4.7571e-04 4.2931e-04
4.7576e-04 4.2933e-04
4.7580e-04 4.2935e-04
4.7585e-04 4.2937e-04
4.7589e-04 4.2940e-04
4.7594e-04 4.2942e-04
4.7598e-04 4.2944e-04
4.7603e-04 4.2946e-04
4.7607e-04 4.2948e-04
4.7612e-04 4.2950e-04
4.7616e-04 4.2952e-04
4.7621e-04 4.2954e-04
4.7626e-04 4.2956e-04
4.7630e-04 4.2958e-04
4.7635e-04 4.2960e-04
4.7639e-04 4.2962e-04
4.7644e-04 4.2964e-04
4.7648e-04 4.2966e-04
4.7653e-04 4.2969e-04
4.7657e-04 4.2971e-04
4.7662e-04 4.2973e-04
4.7667e-04 4.2975e-04
4.7671e-04 4.2977e-04
4.7676e-04 4.2979e-04
4.7680e-04 4.2981e-04
4.7685e-04 4.2983e-04
4.7690e-04 4.2985e-04
4.7694e-04 4.2987e-04
4.7699e-04 4.2989e-04
4.7704e-04 4.2991e-04
4.7709e-04 4.2993e-04
4.7713e-04 4.2995e-04
4.7718e-04 4.2997e-04
4.7723e-04 4.2999e-04
4.7728e-04 4.3001e-04
4.7733e-04 4.3003e-04
4.7738e-04 4.3006e-04
4.7743e-04 4.3008e-04
4.7747e-04 4.3010e-04
4.7752e-04 4.3012e-04
4.7757e-04 4.3014e-04
4.7762e-04 4.3016e-04
4.7767e-04 4.3018e-04
4.7772e-04 4.3020e-04
4.7777e-04 4.3022e-04
4.7782e-04 4.3024e-04
4.7786e-04 4.3026e-04
4.7791e-04 4.3028e-04
4.7796e-04 4.3030e-04
4.7801e-04 4.3032e-04
4.7805e-04 4.3034e-04
4.7810e-04 4.3036e-04
4.7815e-04 4.3038e-04
4.7819e-04 4.3040e-04
4.7824e-04 4.3042e-04
4.7829e-04 4.3043e-04
4.7833e-04 4.3045e-04
4.7838e-04 4.3047e-04
4.7843e-04 4.3049e-04
4.7847e-04 4.3051e-04
4.7852e-04 4.3053e-04
4.7857e-04 4.3054e-04
4.7861e-04 4.3056e-04
4.7866e-04 4.3058e-04
4.7870e-04 4.3060e-04
4.7875e-04 4.3061e-04
4.7879e-04 4.3063e-04
4.7884e-04 4.3065e-04
4.7888e-04 4.3066e-04
4.7893e-04 4.3068e-04
4.7897e-04 4.3069e-04
4.7901e-04 4.3070e-04
4.7905e-04 4.3072e-04
4.7910e-04 4.3073e-04
4.7914e-04 4.3074e-04
4.7918e-04 4.3076e-04
4.7922e-04 4.3077e-04
4.7925e-04 4.3078e-04
4.7929e-04 4.3079e-04
4.7933e-04 4.3080e-04
4.7937e-04 4.3081e-04
4.7941e-04 4.3082e-04
4.7944e-04 4.3083e-04
4.7948e-04 4.3084e-04
4.7952e-04 4.3084e-04
4.7955e-04 4.3085e-04
4.7959e-04 4.3086e-04
4.7962e-04 4.3086e-04
4.7965e-04 4.3087e-04
4.7969e-04 4.3088e-04
4.7972e-04 4.3088e-04
4.7975e-04 4.3089e-04
4.7978e-04 4.3089e-04
4.7982e-04 4.3090e-04
4.7985e-04 4.3090e-04
4.7988e-04 4.3090e-04
4.7991e-04 4.3091e-04
4.7994e-04 4.3091e-04
4.7997e-04 4.3091e-04
4.8000e-04 4.3091e-04
4.8003e-04 4.3092e-04
4.8006e-04 4.3092e-04
4.8009e-04 4.3092e-04
4.8012e-04 4.3092e-04
4.8015e-04 4.3092e-04
4.8017e-04 4.3092e-04
4.8020e-04 4.3092e-04
4.8023e-04 4.3093e-04
4.8026e-04 4.3093e-04
4.8029e-04 4.3093e-04
4.8032e-04 4.3093e-04
4.8035e-04 4.3093e-04
4.8038e-04 4.3093e-04
4.8041e-04 4.3093e-04
4.8044e-04 4.3093e-04
4.8046e-04 4.3093e-04
4.8049e-04 4.3093e-04
4.8052e-04 4.3093e-04
4.8055e-04 4.3093e-04
4.8058e-04 4.3093e-04
4.8061e-04 4.3093e-04
4.8064e-04 4.3093e-04
4.8067e-04 4.3093e-04
4.8070e-04 4.3093e-04
4.8073e-04 4.3094e-04
4.8076e-04 4.3094e-04
4.8079e-04 4.3094e-04
4.8082e-04 4.3094e-04
4.8085e-04 4.3094e-04
4.8088e-04 4.3094e-04
4.8092e-04 4.3094e-04
4.8095e-04 4.3094e-04
4.8098e-04 4.3094e-04
4.8101e-04 4.3094e-04
4.8104e-04 4.3094e-04
4.8107e-04 4.3094e-04
4.8110e-04 4.3093e-04
4.8113e-04 4.3093e-04
4.8116e-04 4.3093e-04
4.8119e-04 4.3093e-04
4.8122e-04 4.3093e-04
4.8125e-04 4.3093e-04
4.8128e-04 4.3093e-04
4.8131e-04 4.3092e-04
4.8134e-04 4.3092e-04
4.8137e-04 4.3092e-04
4.8140e-04 4.3092e-04
4.8143e-04 4.3092e-04
4.8146e-04 4.3091e-04
4.8149e-04 4.3091e-04
4.8152e-04 4.3091e-04
4.8155e-04 4.3091e-04
4.8158e-04 4.3090e-04
4.8161e-04 4.3090e-04
4.8164e-04 4.3090e-04
4.8167e-04 4.3090e-04
4.8170e-04 4.3089e-04
4.8173e-04 4.3089e-04
4.8176e-04 4.3089e-04
4.8179e-04 4.3089e-04
4.8182e-04 4.3088e-04
4.8186e-04 4.3088e-04
4.8189e-04 4.3088e-04
4.8192e-04 4.3088e-04
4.8195e-04 4.3088e-04
4.8199e-04 4.3088e-04
4.8202e-04 4.3087e-04
4.8205e-04 4.3087e-04
4.8209e-04 4.3087e-04
4.8212e-04 4.3087e-04
4.8215e-04 4.3086e-04
4.8218e-04 4.3086e-04
4.8222e-04 4.3086e-04
4.8225e-04 4.3085e-04
4.8228e-04 4.3085e-04
4.8232e-04 4.3085e-04
4.8235e-04 4.3084e-04
4.8238e-04 4.3084e-04
4.8241e-04 4.3084e-04
4.8244e-04 4.3083e-04
4.8248e-04 4.3083e-04
4.8251e-04 4.3082e-04
4.8254e-04 4.3082e-04
4.8257e-04 4.3081e-04
4.8260e-04 4.3080e-04
4.8263e-04 4.3080e-04
4.8266e-04 4.3079e-04
4.8269e-04 4.3078e-04
4.8272e-04 4.3078e-04
4.8275e-04 4.3077e-04
4.8277e-04 4.3076e-04
4.8280e-04 4.3075e-04
4.8283e-04 4.3074e-04
4.8285e-04 4.3073e-04
4.8288e-04 4.3072e-04
4.8290e-04 4.3071e-04
4.8293e-04 4.3069e-04
4.8295e-04 4.3068e-04
4.8298e-04 4.3067e-04
4.8300e-04 4.3066e-04
4.8303e-04 4.3065e-04
4.8305e-04 4.3063e-04
4.8308e-04 4.3062e-04
4.8310e-04 4.3061e-04
4.8313e-04 4.3059e-04
4.8315e-04 4.3058e-04
4.8318e-04 4.3057e-04
4.8320e-04 4.3055e-04
4.8323e-04 4.3054e-04
4.8325e-04 4.3053e-04
4.8327e-04 4.3051e-04
4.8330e-04 4.3050e-04
4.8332e-04 4.3048e-04
4.8334e-04 4.3046e-04
4.8336e-04 4.3045e-04
4.8338e-04 4.3043e-04
4.8340e-04 4.3041e-04
4.8342e-04 4.3039e-04
4.8344e-04 4.3037e-04
4.8346e-04 4.3035e-04
4.8347e-04 4.3033e-04
4.8349e-04 4.3031e-04
4.8351e-04 4.3029e-04
4.8353e-04 4.3027e-04
4.8354e-04 4.3024e-04
4.8356e-04 4.3022e-04
4.8357e-04 4.3020e-04
4.8359e-04 4.3018e-04
4.8361e-04 4.3015e-04
4.8362e-04 4.3013e-04
4.8364e-04 4.3011e-04
4.8365e-04 4.3008e-04
4.8367e-04 4.3006e-04
4.8368e-04 4.3003e-04
4.8370e-04 4.3001e-04
4.8372e-04 4.2999e-04
4.8373e-04 4.2996e-04
4.8375e-04 4.2994e-04
4.8376e-04 4.2991e-04
4.8378e-04 4.2989e-04
4.8380e-04 4.2986e-04
4.8381e-04 4.2984e-04
4.8383e-04 4.2981e-04
4.8385e-04 4.2979e-04
4.8386e-04 4.2976e-04
4.8388e-04 4.2974e-04
4.8390e-04 4.2971e-04
4.8392e-04 4.2969e-04
4.8393e-04 4.2966e-04
4.8395e-04 4.2964e-04
4.8397e-04 4.2961e-04
4.8399e-04 4.2958e-04
4.8401e-04 4.2956e-04
4.8402e-04 4.2953e-04
4.8404e-04 4.2950e-04
4.8406e-04 4.2948e-04
4.8407e-04 4.2945e-04
4.8409e-04 4.2942e-04
4.8411e-04 4.2940e-04
4.8412e-04 4.2937e-04
4.8414e-04 4.2934e-04
4.8416e-04 4.2931e-04
4.8418e-04 4.2928e-04
4.8420e-04 4.2926e-04
4.8421e-04 4.2923e-04
4.8423e-04 4.2920e-04
4.8425e-04 4.2917e-04
4.8427e-04 4.2915e-04
4.8429e-04 4.2912e-04
4.8431e-04 4.2909e-04
4.8432e-04 4.2906e-04
4.8434e-04 4.2903e-04
4.8436e-04 4.2900e-04
4.8438e-04 4.2897e-04
4.8439e-04 4.2894e-04
4.8441e-04 4.2891e-04
4.8442e-04 4.2887e-04
4.8443e-04 4.2884e-04
4.8444e-04 4.2880e-04
4.8446e-04 4.2877e-04
4.8447e-04 4.2873e-04
4.8448e-04 4.2870e-04
4.8449e-04 4.2866e-04
4.8450e-04 4.2862e-04
4.8450e-04 4.2858e-04
4.8451e-04 4.2855e-04
4.8452e-04 4.2851e-04
4.8453e-04 4.2847e-04
4.8454e-04 4.2843e-04
4.8455e-04 4.2839e-04
4.8456e-04 4.2835e-04
4.8456e-04 4.2831e-04
4.8457e-04 4.2827e-04
4.8458e-04 4.2824e-04
4.8459e-04 4.2820e-04
4.8460e-04 4.2816e-04
4.8461e-04 4.2812e-04
4.8462e-04 4.2808e-04
4.8463e-04 4.2804e-04
4.8464e-04 4.2800e-04
4.8465e-04 4.2796e-04
4.8465e-04 4.2791e-04
4.8466e-04 4.2787e-04
4.8467e-04 4.2783e-04
4.8467e-04 4.2779e-04
4.8468e-04 4.2774e-04
4.8469e-04 4.2770e-04
4.8469e-04 4.2765e-04
4.8470e-04 4.2761e-04
4.8471e-04 4.2757e-04
4.8471e-04 4.2752e-04
4.8472e-04 4.2748e-04
4.8472e-04 4.2743e-04
4.8473e-04 4.2739e-04
4.8474e-04 4.2734e-04
4.8474e-04 4.2729e-04
4.8474e-04 4.2724e-04
4.8475e-04 4.2720e-04
4.8475e-04 4.2715e-04
4.8476e-04 4.2710e-04
4.8476e-04 4.2705e-04
4.8476e-04 4.2700e-04
4.8477e-04 4.2695e-04
4.8477e-04 4.2690e-04
4.8477e-04 4.2685e-04
4.8477e-04 4.2680e-04
4.8477e-04 4.2675e-04
4.8477e-04 4.2669e-04
4.8478e-04 4.2664e-04
4.8478e-04 4.2659e-04
4.8478e-04 4.2654e-04
4.8478e-04 4.2648e-04
4.8478e-04 4.2643e-04
4.8478e-04 4.2638e-04
4.8478e-04 4.2632e-04
4.8479e-04 4.2627e-04
4.8479e-04 4.2622e-04
4.8479e-04 4.2617e-04
4.8480e-04 4.2611e-04
4.8480e-04 4.2606e-04
4.8480e-04 4.2600e-04
4.8481e-04 4.2595e-04
4.8481e-04 4.2590e-04
4.8481e-04 4.2584e-04
4.8482e-04 4.2579e-04
4.8482e-04 4.2574e-04
4.8483e-04 4.2568e-04
4.8484e-04 4.2563e-04
4.8484e-04 4.2558e-04
4.8485e-04 4.2552e-04
4.8485e-04 4.2547e-04
4.8486e-04 4.2541e-04
4.8487e-04 4.2536e-04
4.8487e-04 4.2530e-04
4.8488e-04 4.2525e-04
4.8488e-04 4.2519e-04
4.8489e-04 4.2514e-04
4.8490e-04 4.2508e-04
4.8491e-04 4.2503e-04
4.8491e-04 4.2497e-04
4.8492e-04 4.2492e-04
4.8493e-04 4.2486e-04
4.8494e-04 4.2481e-04
4.8495e-04 4.2475e-04
4.8496e-04 4.2470e-04
4.8497e-04 4.2464e-04
4.8498e-04 4.2459e-04
4.8500e-04 4.2454e-04
4.8501e-04 4.2448e-04
4.8502e-04 4.2443e-04
4.8504e-04 4.2437e-04
4.8505e-04 4.2432e-04
4.8507e-04 4.2426e-04
4.8508e-04 4.2421e-04
4.8510e-04 4.2416e-04
4.8511e-04 4.2410e-04
4.8513e-04 4.2405e-04
4.8514e-04 4.2399e-04
4.8516e-04 4.2394e-04
4.8518e-04 4.2388e-04
4.8519e-04 4.2383e-04
4.8521e-04 4.2377e-04
4.8523e-04 4.2372e-04
4.8525e-04 4.2366e-04
4.8526e-04 4.2361e-04
4.8528e-04 4.2355e-04
4.8530e-04 4.2350e-04
4.8531e-04 4.2344e-04
4.8533e-04 4.2338e-04
4.8535e-04 4.2333e-04
4.8537e-04 4.2327e-04
4.8539e-04 4.2321e-04
4.8541e-04 4.2316e-04
4.8543e-04 4.2310e-04
4.8545e-04 4.2305e-04
4.8547e-04 4.2299e-04
4.8549e-04 4.2293e-04
4.8551e-04 4.2287e-04
4.8553e-04 4.2281e-04
4.8554e-04 4.2276e-04
4.8556e-04 4.2270e-04
4.8558e-04 4.2264e-04
4.8560e-04 4.2258e-04
4.8561e-04 4.2251e-04
4.8563e-04 4.2245e-04
4.8564e-04 4.2239e-04
4.8566e-04 4.2232e-04
4.8567e-04 4.2226e-04
4.8568e-04 4.2219e-04
4.8569e-04 4.2212e-04
4.8570e-04 4.2206e-04
4.8571e-04 4.2199e-04
4.8572e-04 4.2192e-04
4.8573e-04 4.2185e-04
4.8573e-04 4.2177e-04
4.8574e-04 4.2170e-04
4.8574e-04 4.2163e-04
4.8574e-04 4.2155e-04
4.8574e-04 4.2147e-04
4.8574e-04 4.2139e-04
4.8574e-04 4.2131e-04
4.8573e-04 4.2123e-04
4.8573e-04 4.2115e-04
4.8572e-04 4.2106e-04
4.8571e-04 4.2098e-04
4.8570e-04 4.2089e-04
4.8569e-04 4.2080e-04
4.8568e-04 4.2071e-04
4.8566e-04 4.2063e-04
4.8565e-04 4.2053e-04
4.8564e-04 4.2044e-04
4.8562e-04 4.2035e-04
4.8561e-04 4.2026e-04
4.8559e-04 4.2016e-04
4.8557e-04 4.2007e-04
4.8555e-04 4.1998e-04
4.8554e-04 4.1988e-04
4.8552e-04 4.1978e-04
4.8550e-04 4.1968e-04
4.8548e-04 4.1959e-04
4.8546e-04 4.1949e-04
4.8543e-04 4.1939e-04
4.8541e-04 4.1929e-04
4.8538e-04 4.1918e-04
4.8536e-04 4.1908e-04
4.8533e-04 4.1897e-04
4.8530e-04 4.1887e-04
4.8527e-04 4.1876e-04
4.8524e-04 4.1865e-04
4.8521e-04 4.1854e-04
4.8517e-04 4.1843e-04
4.8514e-04 4.1832e-04
4.8510e-04 4.1820e-04
4.8506e-04 4.1809e-04
4.8503e-04 4.1797e-04
4.8499e-04 4.1786e-04
4.8495e-04 4.1774e-04
4.8491e-04 4.1762e-04
4.8487e-04 4.1750e-04
4.8483e-04 4.1739e-04
4.8479e-04 4.1727e-04
4.8475e-04 4.1715e-04
4.8470e-04 4.1703e-04
4.8466e-04 4.1690e-04
4.8462e-04 4.1678e-04
4.8457e-04 4.1666e-04
4.8453e-04 4.1653e-04
4.8448e-04 4.1641e-04
4.8443e-04 4.1628e-04
4.8439e-04 4.1616e-04
4.8434e-04 4.1603e-04
4.8429e-04 4.1590e-04
4.8424e-04 4.1577e-04
4.8420e-04 4.1564e-04
4.8415e-04 4.1552e-04
4.8410e-04 4.1539e-04
4.8405e-04 4.1526e-04
4.8400e-04 4.1512e-04
4.8395e-04 4.1499e-04
4.8390e-04 4.1486e-04
4.8385e-04 4.1473e-04
4.8380e-04 4.1460e-04
4.8375e-04 4.1446e-04
4.8370e-04 4.1433e-04
4.8365e-04 4.1420e-04
4.8360e-04 4.1406e-04
4.8356e-04 4.1393e-04
4.8351e-04 4.1379e-04
4.8346e-04 4.1366e-04
4.8341e-04 4.1352e-04
4.8336e-04 4.1338e-04
4.8331e-04 4.1325e-04
4.8326e-04 4.1311e-04
4.8321e-04 4.1297e-04
4.8316e-04 4.1283e-04
4.8311e-04 4.1269e-04
4.8306e-04 4.1256e-04
4.8301e-04 4.1242e-04
4.8296e-04 4.1228e-04
4.8291e-04 4.1214e-04
4.8286e-04 4.1200e-04
4.8281e-04 4.1185e-04
4.8276e-04 4.1171e-04
4.8271e-04 4.1157e-04
4.8265e-04 4.1143e-04
4.8260e-04 4.1128e-04
4.8255e-04 4.1114e-04
4.8249e-04 4.1099e-04
4.8244e-04 4.1085e-04
4.8238e-04 4.1070e-04
4.8233e-04 4.1055e-04
4.8227e-04 4.1040e-04
4.8221e-04 4.1025e-04
4.8215e-04 4.1010e-04
4.8209e-04 4.0995e-04
4.8203e-04 4.0979e-04
4.8197e-04 4.0964e-04
4.8191e-04 4.0948e-04
4.8184e-04 4.0932e-04
4.8177e-04 4.0917e-04
4.8171e-04 4.0901e-04
4.8164e-04 4.0885e-04
4.8157e-04 4.0869e-04
4.8150e-04 4.0852e-04
4.8143e-04 4.0836e-04
4.8136e-04 4.0820e-04
4.8129e-04 4.0803e-04
4.8122e-04 4.0787e-04
4.8115e-04 4.0770e-04
4.8107e-04 4.0753e-04
4.8100e-04 4.0736e-04
4.8092e-04 4.0719e-04
4.8085e-04 4.0702e-04
4.8077e-04 4.0685e-04
4.8069e-04 4.0668e-04
4.8061e-04 4.0651e-04
4.8053e-04 4.0633e-04
4.8045e-04 4.0616e-04
4.8037e-04 4.0598e-04
4.8029e-04 4.0580e-04
4.8020e-04 4.0562e-04
4.8012e-04 4.0545e-04
4.8004e-04 4.0527e-04
4.7995e-04 4.0508e-04
4.7987e-04 4.0490e-04
4.7978e-04 4.0472e-04
4.7969e-04 4.0453e-04
4.7960e-04 4.0435e-04
4.7951e-04 4.0416e-04
4.7941e-04 4.0397e-04
4.7932e-04 4.0378e-04
4.7922e-04 4.0359e-04
4.7912e-04 4.0340e-04
4.7902e-04 4.0320e-04
4.7892e-04 4.0300e-04
4.7881e-04 4.0280e-04
4.7871e-04 4.0260e-04
4.7860e-04 4.0240e-04
4.7848e-04 4.0220e-04
4.7837e-04 4.0199e-04
4.7826e-04 4.0178e-04
4.7814e-04 4.0157e-04
4.7802e-04 4.0136e-04
4.7790e-04 4.0115e-04
4.7778e-04 4.0094e-04
4.7766e-04 4.0073e-04
4.7754e-04 4.0051e-04
4.7741e-04 4.0029e-04
4.7729e-04 4.0008e-04
4.7716e-04 3.9986e-04
4.7704e-04 3.9964e-04
4.7691e-04 3.9942e-04
4.7678e-04 3.9920e-04
4.7665e-04 3.9897e-04
4.7652e-04 3.9875e-04
4.7639e-04 3.9852e-04
4.7625e-04 3.9830e-04
4.7612e-04 3.9807e-04
4.7598e-04 3.9784e-04
4.7584e-04 3.9761e-04
4.7571e-04 3.9738e-04
4.7557e-04 3.9715e-04
4.7543e-04 3.9692e-04
4.7529e-04 3.9668e-04
4.7514e-04 3.9645e-04
4.7500e-04 3.9621e-04
4.7485e-04 3.9597e-04
4.7471e-04 3.9573e-04
4.7456e-04 3.9549e-04
4.7441e-04 3.9525e-04
4.7426e-04 3.9500e-04
4.7410e-04 3.9476e-04
4.7395e-04 3.9451e-04
4.7379e-04 3.9426e-04
4.7363e-04 3.9401e-04
4.7346e-04 3.9376e-04
4.7330e-04 3.9350e-04
4.7313e-04 3.9325e-04
4.7296e-04 3.9299e-04
4.7279e-04 3.9273e-04
4.7262e-04 3.9247e-04
4.7244e-04 3.9220e-04
4.7226e-04 3.9194e-04
4.7208e-04 3.9167e-04
4.7190e-04 3.9140e-04
4.7171e-04 3.9113e-04
4.7153e-04 3.9085e-04
4.7134e-04 3.9058e-04
4.7115e-04 3.9030e-04
4.7096e-04 3.9003e-04
4.7077e-04 3.8975e-04
4.7057e-04 3.8947e-04
4.7038e-04 3.8919e-04
4.7018e-04 3.8891e-04
4.6998e-04 3.8862e-04
4.6978e-04 3.8834e-04
4.6958e-04 3.8805e-04
4.6938e-04 3.8776e-04
4.6917e-04 3.8747e-04
4.6897e-04 3.8718e-04
4.6876e-04 3.8689e-04
4.6855e-04 3.8660e-04
4.6834e-04 3.8630e-04
4.6812e-04 3.8600e-04
4.6791e-04 3.8571e-04
4.6769e-04 3.8541e-04
4.6747e-04 3.8510e-04
4.6725e-04 3.8480e-04
4.6702e-04 3.8449e-04
4.6679e-04 3.8418e-04
4.6656e-04 3.8387e-04
4.6633e-04 3.8356e-04
4.6609e-04 3.8324e-04
4.6584e-04 3.8292e-04
4.6560e-04 3.8260e-04
4.6535e-04 3.8228e-04
4.6510e-04 3.8195e-04
4.6484e-04 3.8162e-04
4.6459e-04 3.8129e-04
4.6433e-04 3.8096e-04
4.6407e-04 3.8063e-04
4.6380e-04 3.8029e-04
4.6354e-04 3.7996e-04
4.6327e-04 3.7962e-04
4.6300e-04 3.7928e-04
4.6272e-04 3.7893e-04
4.6245e-04 3.7859e-04
4.6217e-04 3.7824e-04
4.6189e-04 3.7790e-04
4.6161e-04 3.7755e-04
4.6132e-04 3.7720e-04
4.6104e-04 3.7684e-04
4.6075e-04 3.7649e-04
4.6046e-04 3.7613e-04
4.6016e-04 3.7577e-04
4.5986e-04 3.7541e-04
4.5956e-04 3.7505e-04
4.5926e-04 3.7468e-04
4.5896e-04 3.7432e-04
4.5865e-04 3.7395e-04
4.5834e-04 3.7358e-04
4.5802e-04 3.7320e-04
4.5771e-04 3.7283e-04
4.5739e-04 3.7245e-04
4.5706e-04 3.7207e-04
4.5674e-04 3.7169e-04
4.5641e-04 3.7131e-04
4.5608e-04 3.7092e-04
4.5575e-04 3.7053e-04
4.5541e-04 3.7014e-04
4.5507e-04 3.6975e-04
4.5473e-04 3.6936e-04
4.5439e-04 3.6896e-04
4.5404e-04 3.6856e-04
4.5369e-04 3.6816e-04
4.5335e-04 3.6776e-04
4.5299e-04 3.6736e-04
4.5264e-04 3.6696e-04
4.5228e-04 3.6655e-04
4.5192e-04 3.6614e-04
4.5156e-04 3.6573e-04
4.5120e-04 3.6532e-04
4.5083e-04 3.6491e-04
4.5046e-04 3.6449e-04
4.5009e-04 3.6407e-04
4.4971e-04 3.6365e-04
4.4933e-04 3.6323e-04
4.4895e-04 3.6280e-04
4.4857e-04 3.6238e-04
4.4818e-04 3.6195e-04
4.4779e-04 3.6152e-04
4.4739e-04 3.6108e-04
4.4699e-04 3.6065e-04
4.4659e-04 3.6021e-04
4.4619e-04 3.5976e-04
4.4578e-04 3.5932e-04
4.4536e-04 3.5887e-04
4.4494e-04 3.5842e-04
4.4452e-04 3.5797e-04
4.4410e-04 3.5751e-04
4.4367e-04 3.5706e-04
4.4324e-04 3.5660e-04
4.4281e-04 3.5614e-04
4.4237e-04 3.5567e-04
4.4193e-04 3.5520e-04
4.4148e-04 3.5473e-04
4.4103e-04 3.5426e-04
4.4058e-04 3.5379e-04
4.4012e-04 3.5331e-04
4.3966e-04 3.5283e-04
4.3920e-04 3.5234e-04
4.3873e-04 3.5186e-04
4.3826e-04 3.5137e-04
4.3779e-04 3.5088e-04
4.3731e-04 3.5039e-04
4.3683e-04 3.4990e-04
4.3635e-04 3.4941e-04
4.3587e-04 3.4891e-04
4.3538e-04 3.4841e-04
4.3489e-04 3.4791e-04
4.3440e-04 3.4740e-04
4.3390e-04 3.4690e-04
4.3340e-04 3.4639e-04
4.3290e-04 3.4588e-04
4.3240e-04 3.4537e-04
4.3189e-04 3.4485e-04
4.3138e-04 3.4434e-04
4.3086e-04 3.4382e-04
4.3034e-04 3.4330e-04
4.2982e-04 3.4277e-04
4.2930e-04 3.4225e-04
4.2877e-04 3.4172e-04
4.2824e-04 3.4119e-04
4.2771e-04 3.4066e-04
4.2717e-04 3.4012e-04
4.2662e-04 3.3959e-04
4.2608e-04 3.3904e-04
4.2552e-04 3.3850e-04
4.2497e-04 3.3796e-04
4.2441e-04 3.3741e-04
4.2385e-04 3.3685e-04
4.2328e-04 3.3630e-04
4.2271e-04 3.3574e-04
4.2213e-04 3.3518e-04
4.2155e-04 3.3462e-04
4.2097e-04 3.3406e-04
4.2038e-04 3.3349e-04
4.1979e-04 3.3292e-04
4.1919e-04 3.3234e-04
4.1859e-04 3.3177e-04
4.1798e-04 3.3119e-04
4.1737e-04 3.3061e-04
4.1676e-04 3.3002e-04
4.1614e-04 3.2943e-04
4.1552e-04 3.2884e-04
4.1489e-04 3.2825e-04
4.1426e-04 3.2765e-04
4.1362e-04 3.2705e-04
4.1299e-04 3.2645e-04
4.1234e-04 3.2585e-04
4.1170e-04 3.2524e-04
4.1105e-04 3.2463e-04
4.1039e-04 3.2402e-04
4.0974e-04 3.2341e-04
4.0908e-04 3.2279e-04
4.0841e-04 3.2217e-04
4.0775e-04 3.2155e-04
4.0708e-04 3.2093e-04
4.0640e-04 3.2031e-04
4.0572e-04 3.1968e-04
4.0504e-04 3.1905e-04
4.0435e-04 3.1841e-04
4.0365e-04 3.1778e-04
4.0296e-04 3.1714e-04
4.0226e-04 3.1650e-04
4.0156e-04 3.1585e-04
4.0085e-04 3.1521e-04
4.0014e-04 3.1456e-04
3.9942e-04 3.1391e-04
3.9870e-04 3.1325e-04
3.9798e-04 3.1260e-04
3.9725e-04 3.1194e-04
3.9652e-04 3.1128e-04
3.9579e-04 3.1061e-04
3.9505e-04 3.0995e-04
3.9430e-04 3.0928e-04
3.9356e-04 3.0861e-04
3.9280e-04 3.0793e-04
3.9205e-04 3.0726e-04
3.9128e-04 3.0657e-04
3.9052e-04 3.0589e-04
3.8975e-04 3.0520e-04
3.8897e-04 3.0451e-04
3.8819e-04 3.0382e-04
3.8740e-04 3.0313e-04
3.8662e-04 3.0243e-04
3.8582e-04 3.0173e-04
3.8502e-04 3.0102e-04
3.8422e-04 3.0032e-04
3.8341e-04 2.9961e-04
3.8260e-04 2.9890e-04
3.8179e-04 2.9818e-04
3.8096e-04 2.9746e-04
3.8014e-04 2.9674e-04
3.7931e-04 2.9602e-04
3.7847e-04 2.9529e-04
3.7764e-04 2.9456e-04
3.7679e-04 2.9383e-04
3.7594e-04 2.9310e-04
3.7509e-04 2.9236e-04
3.7423e-04 2.9162e-04
3.7337e-04 2.9087e-04
3.7250e-04 2.9013e-04
3.7163e-04 2.8938e-04
3.7075e-04 2.8863e-04
3.6987e-04 2.8787e-04
3.6898e-04 2.8711e-04
3.6809e-04 2.8635e-04
3.6719e-04 2.8558e-04
3.6629e-04 2.8482e-04
3.6538e-04 2.8405e-04
3.6447e-04 2.8327e-04
3.6356e-04 2.8250e-04
3.6264e-04 2.8172e-04
3.6171e-04 2.8094e-04
3.6079e-04 2.8015e-04
3.5985e-04 2.7937e-04
3.5891e-04 2.7858e-04
3.5797e-04 2.7778e-04
3.5702e-04 2.7698e-04
3.5606e-04 2.7618e-04
3.5510e-04 2.7538e-04
3.5414e-04 2.7457e-04
3.5316e-04 2.7376e-04
3.5218e-04 2.7294e-04
3.5120e-04 2.7212e-04
3.5021e-04 2.7130e-04
3.4921e-04 2.7047e-04
3.4820e-04 2.6964e-04
3.4720e-04 2.6881e-04
3.4618e-04 2.6797e-04
3.4516e-04 2.6713e-04
3.4414e-04 2.6629e-04
3.4311e-04 2.6544e-04
3.4207e-04 2.6459e-04
3.4103e-04 2.6374e-04
3.3999e-04 2.6288e-04
3.3894e-04 2.6203e-04
3.3789e-04 2.6116e-04
3.3683e-04 2.6030e-04
3.3577e-04 2.5943e-04
3.3470e-04 2.5856e-04
3.3363e-04 2.5769e-04
3.3255e-04 2.5681e-04
3.3147e-04 2.5593e-04
3.3038e-04 2.5505e-04
3.2929e-04 2.5417e-04
3.2819e-04 2.5328e-04
3.2709e-04 2.5239e-04
3.2598e-04 2.5149e-04
3.2486e-04 2.5059e-04
3.2374e-04 2.4969e-04
3.2262e-04 2.4878e-04
3.2149e-04 2.4787e-04
3.2035e-04 2.4696e-04
3.1921e-04 2.4605e-04
3.1809e-04 2.4515e-04
3.1697e-04 2.4425e-04
3.1586e-04 2.4336e-04
3.1476e-04 2.4248e-04
3.1366e-04 2.4160e-04
3.1256e-04 2.4072e-04
3.1147e-04 2.3985e-04
3.1038e-04 2.3898e-04
3.0929e-04 2.3811e-04
3.0820e-04 2.3724e-04
3.0711e-04 2.3638e-04
3.0603e-04 2.3551e-04
3.0494e-04 2.3464e-04
3.0385e-04 2.3378e-04
3.0275e-04 2.3291e-04
3.0166e-04 2.3204e-04
3.0056e-04 2.3117e-04
2.9946e-04 2.3030e-04
2.9835e-04 2.2943e-04
2.9725e-04 2.2856e-04
2.9614e-04 2.2768e-04
2.9502e-04 2.2681e-04
2.9391e-04 2.2593e-04
2.9279e-04 2.2505e-04
2.9166e-04 2.2416e-04
2.9053e-04 2.2328e-04
2.8940e-04 2.2239e-04
2.8826e-04 2.2150e-04
2.8712e-04 2.2061e-04
2.8597e-04 2.1971e-04
2.8482e-04 2.1881e-04
2.8366e-04 2.1791e-04
2.8250e-04 2.1701e-04
2.8133e-04 2.1610e-04
2.8016e-04 2.1519e-04
2.7898e-04 2.1428e-04
2.7779e-04 2.1336e-04
2.7660e-04 2.1244e-04
2.7541e-04 2.1152e-04
2.7421e-04 2.1059e-04
2.7300e-04 2.0966e-04
2.7179e-04 2.0873e-04
2.7058e-04 2.0779e-04
2.6935e-04 2.0685e-04
2.6812e-04 2.0591e-04
2.6689e-04 2.0496e-04
2.6565e-04 2.0401e-04
2.6441e-04 2.0306e-04
2.6315e-04 2.0210e-04
2.6190e-04 2.0114e-04
2.6063e-04 2.0018e-04
2.5936e-04 1.9921e-04
2.5808e-04 1.9823e-04
2.5680e-04 1.9726e-04
2.5551e-04 1.9628e-04
2.5421e-04 1.9529e-04
2.5291e-04 1.9430e-04
2.5159e-04 1.9331e-04
2.5027e-04 1.9231e-04
2.4895e-04 1.9131e-04
2.4761e-04 1.9030e-04
2.4627e-04 1.8929e-04
2.4493e-04 1.8828e-04
2.4357e-04 1.8726e-04
2.4221e-04 1.8623e-04
2.4084e-04 1.8520e-04
2.3947e-04 1.8417e-04
2.3809e-04 1.8314e-04
2.3670e-04 1.8209e-04
2.3531e-04 1.8105e-04
2.3391e-04 1.8000e-04
2.3251e-04 1.7894e-04
2.3109e-04 1.7788e-04
2.2967e-04 1.7682e-04
2.2825e-04 1.7575e-04
2.2681e-04 1.7467e-04
2.2537e-04 1.7359e-04
2.2393e-04 1.7251e-04
2.2247e-04 1.7142e-04
2.2101e-04 1.7032e-04
2.1954e-04 1.6922e-04
2.1807e-04 1.6812e-04
2.1659e-04 1.6700e-04
2.1510e-04 1.6589e-04
2.1360e-04 1.6477e-04
2.1210e-04 1.6364e-04
2.1059e-04 1.6251e-04
2.0907e-04 1.6137e-04
2.0754e-04 1.6022e-04
2.0601e-04 1.5907e-04
2.0447e-04 1.5792e-04
2.0292e-04 1.5676e-04
2.0137e-04 1.5559e-04
1.9981e-04 1.5442e-04
1.9824e-04 1.5324e-04
1.9666e-04 1.5206e-04
1.9508e-04 1.5087e-04
1.9349e-04 1.4967e-04
1.9188e-04 1.4847e-04
1.9027e-04 1.4726e-04
1.8865e-04 1.4604e-04
1.8703e-04 1.4482e-04
1.8539e-04 1.4358e-04
1.8375e-04 1.4235e-04
1.8209e-04 1.4110e-04
1.8043e-04 1.3985e-04
1.7876e-04 1.3859e-04
1.7708e-04 1.3732e-04
1.7539e-04 1.3605e-04
1.7369e-04 1.3477e-04
1.7198e-04 1.3348e-04
1.7026e-04 1.3219e-04
1.6853e-04 1.3088e-04
1.6680e-04 1.2957e-04
1.6505e-04 1.2825e-04
1.6330e-04 1.2693e-04
1.6153e-04 1.2559e-04
1.5976e-04 1.2425e-04
1.5798e-04 1.2290e-04
1.5618e-04 1.2154e-04
1.5438e-04 1.2018e-04
1.5257e-04 1.1880e-04
1.5075e-04 1.1742e-04
1.4891e-04 1.1603e-04
1.4707e-04 1.1463e-04
1.4522e-04 1.1322e-04
1.4335e-04 1.1180e-04
1.4148e-04 1.1038e-04
1.3959e-04 1.0894e-04
1.3769e-04 1.0749e-04
1.3578e-04 1.0604e-04
1.3386e-04 1.0457e-04
1.3192e-04 1.0310e-04
1.2998e-04 1.0161e-04
1.2802e-04 1.0012e-04
1.2605e-04 9.8609e-05
1.2406e-04 9.7091e-05
1.2207e-04 9.5563e-05
1.2006e-04 9.4024e-05
1.1804e-04 9.2474e-05
1.1600e-04 9.0912e-05
1.1395e-04 8.9340e-05
1.1189e-04 8.7756e-05
1.0982e-04 8.6161e-05
1.0773e-04 8.4554e-05
1.0563e-04 8.2936e-05
1.0351e-04 8.1306e-05
1.0138e-04 7.9664e-05
9.9241e-05 7.8011e-05
9.7085e-05 7.6345e-05
9.4915e-05 7.4667e-05
9.2731e-05 7.2977e-05
9.0533e-05 7.1275e-05
8.8321e-05 6.9560e-05
8.6094e-05 6.7833e-05
8.3852e-05 6.6092e-05
8.1596e-05 6.4339e-05
7.9325e-05 6.2573e-05
7.7038e-05 6.0793e-05
7.4737e-05 5.9000e-05
7.2419e-05 5.7285e-05
7.0319e-05 5.5852e-05
6.8431e-05 5.4673e-05
6.6732e-05 5.3723e-05
6.5210e-05 5.2981e-05
6.3966e-05 5.2427e-05
6.2974e-05 5.2042e-05
6.2210e-05 5.1812e-05
6.1651e-05 5.1721e-05
6.1279e-05 5.1757e-05
6.1076e-05 5.1908e-05
6.1026e-05 5.2163e-05
6.1116e-05 5.2514e-05
6.1331e-05 5.2952e-05
6.1662e-05 5.3468e-05
6.2097e-05 5.4057e-05
6.2627e-05 5.4712e-05
6.3244e-05 5.5427e-05
6.3941e-05 5.6198e-05
6.4710e-05 5.7021e-05
6.5547e-05 5.7890e-05
6.6444e-05 5.8803e-05
6.7398e-05 5.9757e-05
6.8404e-05 6.0748e-05
6.9458e-05 6.1774e-05
7.0557e-05 6.2832e-05
7.1797e-05 6.3922e-05
7.3213e-05 6.5040e-05
7.4809e-05 6.6186e-05
7.6608e-05 6.7357e-05
7.8594e-05 6.8553e-05
8.0749e-05 6.9816e-05
8.3061e-05 7.1261e-05
8.5515e-05 7.2872e-05
8.8101e-05 7.4636e-05
9.0808e-05 7.6540e-05
9.3627e-05 7.8572e-05
9.6549e-05 8.0724e-05
9.9568e-05 8.2986e-05
1.0268e-04 8.5350e-05
1.0587e-04 8.7809e-05
1.0914e-04 9.0357e-05
1.1248e-04 9.2989e-05
1.1590e-04 9.5698e-05
1.1938e-04 9.8481e-05
1.2292e-04 1.0133e-04
1.2652e-04 1.0425e-04
1.3019e-04 1.0724e-04
1.3390e-04 1.1028e-04
1.3767e-04 1.1338e-04
1.4149e-04 1.1653e-04
1.4536e-04 1.1974e-04
1.4928e-04 1.2300e-04
1.5324e-04 1.2631e-04
1.5725e-04 1.2967e-04
1.6130e-04 1.3308e-04
1.6540e-04 1.3653e-04
1.6954e-04 1.4002e-04
1.7372e-04 1.4357e-04
1.7795e-04 1.4715e-04
1.8221e-04 1.5078e-04
1.8652e-04 1.5445e-04
1.9086e-04 1.5817e-04
1.9525e-04 1.6193e-04
1.9968e-04 1.6573e-04
2.0415e-04 1.6957e-04
2.0866e-04 1.7346e-04
2.1321e-04 1.7739e-04
2.1780e-04 1.8136e-04
2.2243e-04 1.8537e-04
2.2710e-04 1.8943e-04
2.3181e-04 1.9353e-04
2.3657e-04 1.9767e-04
2.4136e-04 2.0185e-04
2.4619e-04 2.0607e-04
2.5107e-04 2.1035e-04
2.5599e-04 2.1466e-04
2.6095e-04 2.1902e-04
2.6596e-04 2.2343e-04
2.7101e-04 2.2788e-04
2.7610e-04 2.3238e-04
2.8124e-04 2.3692e-04
2.8642e-04 2.4151e-04
2.9164e-04 2.4614e-04
2.9691e-04 2.5082e-04
3.0222e-04 2.5555e-04
3.0757e-04 2.6032e-04
3.1297e-04 2.6514e-04
3.1841e-04 2.7001e-04
3.2389e-04 2.7492e-04
3.2942e-04 2.7988e-04
3.3500e-04 2.8489e-04
3.4062e-04 2.8996e-04
3.4629e-04 2.9507e-04
3.5200e-04 3.0023e-04
3.5776e-04 3.0544e-04
3.6356e-04 3.1070e-04
3.6941e-04 3.1600e-04
3.7530e-04 3.2136e-04
3.8124e-04 3.2677e-04
3.8722e-04 3.3223e-04
3.9325e-04 3.3774e-04
3.9933e-04 3.4330e-04
4.0546e-04 3.4892e-04
4.1164e-04 3.5459e-04
4.1787e-04 3.6032e-04
4.2415e-04 3.6610e-04
4.3049e-04 3.7194e-04
4.3687e-04 3.7784e-04
4.4331e-04 3.8380e-04
4.4981e-04 3.8982e-04
4.5636e-04 3.9590e-04
4.6296e-04 4.0204e-04
4.6961e-04 4.0824e-04
4.7632e-04 4.1449e-04
4.8309e-04 4.2081e-04
4.8991e-04 4.2719e-04
4.9678e-04 4.3363e-04
5.0371e-04 4.4013e-04
5.1069e-04 4.4669e-04
5.1773e-04 4.5331e-04
5.2483e-04 4.6000e-04
5.3198e-04 4.6676e-04
5.3920e-04 4.7358e-04
5.4647e-04 4.8046e-04
5.5380e-04 4.8741e-04
5.6119e-04 4.9443e-04
5.6864e-04 5.0151e-04
5.7615e-04 5.0866e-04
5.8372e-04 5.1589e-04
5.9135e-04 5.2318e-04
5.9904e-04 5.3054e-04
6.0680e-04 5.3797e-04
6.1461e-04 5.4547e-04
6.2249e-04 5.5304e-04
6.3043e-04 5.6068e-04
6.3843e-04 5.6839e-04
6.4649e-04 5.7617e-04
6.5460e-04 5.8401e-04
6.6277e-04 5.9192e-04
6.7100e-04 5.9989e-04
6.7928e-04 6.0793e-04
6.8762e-04 6.1603e-04
6.9602e-04 6.2421e-04
7.0448e-04 6.3245e-04
7.1299e-04 6.4077e-04
7.2156e-04 6.4916e-04
7.3019e-04 6.5762e-04
7.3888e-04 6.6616e-04
7.4763e-04 6.7477e-04
7.5644e-04 6.8346e-04
7.6531e-04 6.9222e-04
7.7423e-04 7.0105e-04
7.8322e-04 7.0996e-04
7.9227e-04 7.1894e-04
8.0137e-04 7.2800e-04
8.1053e-04 7.3712e-04
8.1976e-04 7.4632e-04
8.2904e-04 7.5560e-04
8.3839e-04 7.6495e-04
8.4779e-04 7.7438e-04
8.5726e-04 7.8388e-04
8.6679e-04 7.9347e-04
8.7639e-04 8.0313e-04
8.8605e-04 8.1287e-04
8.9577e-04 8.2268e-04
9.0555e-04 8.3257e-04
9.1540e-04 8.4254e-04
9.2530e-04 8.5258e-04
9.3527e-04 8.6270e-04
9.4530e-04 8.7290e-04
9.5539e-04 8.8318e-04
9.6554e-04 8.9352e-04
9.7575e-04 9.0394e-04
9.8602e-04 9.1443e-04
9.9634e-04 9.2500e-04
1.0067e-03 9.3563e-04
1.0172e-03 9.4634e-04
1.0277e-03 9.5712e-04
1.0382e-03 9.6797e-04
1.0488e-03 9.7889e-04
1.0595e-03 9.8988e-04
1.0702e-03 1.0009e-03
1.0810e-03 1.0121e-03
1.0918e-03 1.0233e-03
1.1027e-03 1.0345e-03
1.1137e-03 1.0459e-03
1.1247e-03 1.0573e-03
1.1357e-03 1.0687e-03
1.1468e-03 1.0803e-03
1.1580e-03 1.0919e-03
1.1692e-03 1.1036e-03
1.1805e-03 1.1154e-03
1.1919e-03 1.1273e-03
1.2033e-03 1.1392e-03
1.2147e-03 1.1512e-03
1.2263e-03 1.1632e-03
1.2378e-03 1.1754e-03
1.2494e-03 1.1875e-03
1.2611e-03 1.1998e-03
1.2728e-03 1.2121e-03
1.2846e-03 1.2245e-03
1.2964e-03 1.2370e-03
1.3083e-03 1.2495e-03
1.3202e-03 1.2621e-03
1.3321e-03 1.2748e-03
1.3441e-03 1.2875e-03
1.3562e-03 1.3002e-03
1.3682e-03 1.3130e-03
1.3804e-03 1.3258e-03
1.3925e-03 1.3387e-03
1.4047e-03 1.3517e-03
1.4169e-03 1.3647e-03
1.4292e-03 1.3778e-03
1.4415e-03 1.3909e-03
1.4539e-03 1.4041e-03
1.4663e-03 1.4173e-03
1.4787e-03 1.4306e-03
1.4911e-03 1.4439e-03
1.5036e-03 1.4573e-03
1.5161e-03 1.4707e-03
1.5287e-03 1.4841e-03
1.5412e-03 1.4976e-03
1.5538e-03 1.5111e-03
1.5664e-03 1.5247e-03
1.5791e-03 1.5382e-03
1.5917e-03 1.5519e-03
1.6044e-03 1.5655e-03
1.6171e-03 1.5792e-03
1.6298e-03 1.5929e-03
1.6425e-03 1.6067e-03
1.6553e-03 1.6205e-03
1.6680e-03 1.6343e-03
1.6808e-03 1.6481e-03
1.6935e-03 1.6619e-03
1.7063e-03 1.6758e-03
1.7191e-03 1.6896e-03
1.7318e-03 1.7035e-03
1.7446e-03 1.7174e-03
1.7574e-03 1.7313e-03
1.7702e-03 1.7452e-03
1.7829e-03 1.7591e-03
1.7957e-03 1.7730e-03
1.8084e-03 1.7869e-03
1.8211e-03 1.8008e-03
1.8338e-03 1.8147e-03
1.8465e-03 1.8286e-03
1.8592e-03 1.8425e-03
1.8718e-03 1.8563e-03
1.8845e-03 1.8702e-03
1.8970e-03 1.8840e-03
1.9096e-03 1.8977e-03
1.9221e-03 1.9115e-03
1.9346e-03 1.9252e-03
1.9470e-03 1.9388e-03
1.9594e-03 1.9524e-03
1.9717e-03 1.9660e-03
1.9840e-03 1.9796e-03
1.9962e-03 1.9931e-03
2.0084e-03 2.0065e-03
2.0206e-03 2.0199e-03
2.0326e-03 2.0332e-03
2.0447e-03 2.0465e-03
2.0566e-03 2.0597e-03
2.0685e-03 2.0728e-03
2.0803e-03 2.0859e-03
2.0920e-03 2.0988e-03
2.1036e-03 2.1117e-03
2.1151e-03 2.1245e-03
2.1265e-03 2.1372e-03
2.1379e-03 2.1498e-03
2.1492e-03 2.1623e-03
2.1603e-03 2.1747e-03
2.1714e-03 2.1870e-03
2.1823e-03 2.1992e-03
2.1932e-03 2.2112e-03
2.2039e-03 2.2232e-03
2.2145e-03 2.2350e-03
2.2250e-03 2.2467e-03
2.2353e-03 2.2583e-03
2.2456e-03 2.2697e-03
2.2556e-03 2.2810e-03
2.2656e-03 2.2921e-03
2.2754e-03 2.3031e-03
2.2850e-03 2.3139e-03
2.2945e-03 2.3245e-03
2.3038e-03 2.3350e-03
2.3129e-03 2.3453e-03
2.3218e-03 2.3553e-03
2.3306e-03 2.3652e-03
2.3392e-03 2.3749e-03
2.3475e-03 2.3844e-03
2.3557e-03 2.3937e-03
2.3637e-03 2.4028e-03
2.3715e-03 2.4116e-03
2.3790e-03 2.4203e-03
2.3864e-03 2.4286e-03
2.3934e-03 2.4367e-03
2.4002e-03 2.4446e-03
2.4068e-03 2.4521e-03
2.4131e-03 2.4594e-03
2.4191e-03 2.4664e-03
2.4248e-03 2.4730e-03
2.4302e-03 2.4793e-03
2.4353e-03 2.4853e-03
2.4400e-03 2.4909e-03
2.4445e-03 2.4962e-03
2.4486e-03 2.5011e-03
2.4523e-03 2.5057e-03
2.4557e-03 2.5099e-03
2.4588e-03 2.5137e-03
2.4615e-03 2.5171e-03
2.4637e-03 2.5201e-03
2.4656e-03 2.5227e-03
2.4671e-03 2.5249e-03
2.4682e-03 2.5266e-03
2.4688e-03 2.5278e-03
2.4690e-03 2.5286e-03
2.4687e-03 2.5288e-03
2.4679e-03 2.5286e-03
2.4666e-03 2.5278e-03
2.4648e-03 2.5264e-03
2.4624e-03 2.5245e-03
2.4596e-03 2.5220e-03
2.4561e-03 2.5190e-03
2.4521e-03 2.5153e-03
2.4475e-03 2.5110e-03
2.4423e-03 2.5061e-03
2.4365e-03 2.5005e-03
2.4300e-03 2.4942e-03
2.4228e-03 2.4873e-03
2.4150e-03 2.4796e-03
2.4064e-03 2.4711e-03
2.3971e-03 2.4619e-03
2.3871e-03 2.4519e-03
2.3762e-03 2.4411e-03
2.3646e-03 2.4294e-03
2.3521e-03 2.4169e-03
2.3388e-03 2.4035e-03
2.3246e-03 2.3891e-03
2.3094e-03 2.3738e-03
2.2933e-03 2.3575e-03
2.2763e-03 2.3402e-03
2.2582e-03 2.3218e-03
2.2391e-03 2.3023e-03
2.2189e-03 2.2818e-03
2.1976e-03 2.2600e-03
2.1752e-03 2.2371e-03
2.1516e-03 2.2130e-03
2.1268e-03 2.1876e-03
2.1008e-03 2.1610e-03
2.0735e-03 2.1330e-03
2.0448e-03 2.1036e-03
2.0148e-03 2.0729e-03
1.9833e-03 2.0406e-03
1.9504e-03 2.0068e-03
1.9159e-03 1.9714e-03
1.8798e-03 1.9343e-03
1.8421e-03 1.8955e-03
1.8026e-03 1.8550e-03
1.7614e-03 1.8126e-03
1.7184e-03 1.7684e-03
1.6734e-03 1.7221e-03
1.6265e-03 1.6738e-03
1.5775e-03 1.6235e-03
1.5265e-03 1.5709e-03
1.4732e-03 1.5161e-03
1.4178e-03 1.4590e-03
1.3600e-03 1.3996e-03
1.2999e-03 1.3377e-03
1.2372e-03 1.2732e-03
1.1720e-03 1.2061e-03
1.1041e-03 1.1362e-03
1.0335e-03 1.0635e-03
9.6236e-04 9.9066e-04
8.9424e-04 9.2085e-04
8.3322e-04 8.5797e-04
7.8405e-04 8.0730e-04
7.5005e-04 7.7224e-04
7.3013e-04 7.5165e-04
7.2327e-04 7.4450e-04
7.2861e-04 7.4990e-04
7.4534e-04 7.6701e-04
7.7280e-04 7.9515e-04
8.1038e-04 8.3370e-04
8.5760e-04 8.8214e-04
9.1401e-04 9.4003e-04
9.7926e-04 1.0070e-03
1.0530e-03 1.0827e-03
1.1350e-03 1.1669e-03
1.2251e-03 1.2593e-03
1.3230e-03 1.3598e-03
1.4286e-03 1.4682e-03
1.5419e-03 1.5844e-03
1.6638e-03 1.7094e-03
1.7959e-03 1.8450e-03
1.9382e-03 1.9909e-03
2.0906e-03 2.1473e-03
2.2531e-03 2.3140e-03
2.4258e-03 2.4911e-03
2.6087e-03 2.6786e-03
2.8020e-03 2.8767e-03
3.0057e-03 3.0855e-03
3.2200e-03 3.3052e-03
3.4452e-03 3.5360e-03
3.6815e-03 3.7781e-03
3.9293e-03 4.0319e-03
4.1888e-03 4.2978e-03
4.4604e-03 4.5759e-03
4.7445e-03 4.8669e-03
5.0417e-03 5.1712e-03
5.3522e-03 5.4891e-03
5.6768e-03 5.8214e-03
6.0159e-03 6.1685e-03
6.3702e-03 6.5311e-03
6.7404e-03 6.9099e-03
7.1272e-03 7.3056e-03
7.5312e-03 7.7189e-03
7.9533e-03 8.1506e-03
8.3942e-03 8.6015e-03
8.8548e-03 9.0725e-03
9.3362e-03 9.5646e-03
9.8392e-03 1.0079e-02
1.0365e-02 1.0616e-02
1.0915e-02 1.1178e-02
1.1489e-02 1.1766e-02
1.2090e-02 1.2380e-02
1.2719e-02 1.3022e-02
1.3376e-02 1.3694e-02
1.4064e-02 1.4396e-02
1.4784e-02 1.5132e-02
1.5537e-02 1.5902e-02
1.6327e-02 1.6708e-02
1.7153e-02 1.7553e-02
1.8020e-02 1.8438e-02
1.8928e-02 1.9365e-02
1.9880e-02 2.0338e-02
2.0878e-02 2.1358e-02
2.1925e-02 2.2428e-02
2.3024e-02 2.3551e-02
2.4178e-02 2.4729e-02
2.5389e-02 2.5967e-02
2.6662e-02 2.7268e-02
2.7999e-02 2.8635e-02
2.9405e-02 3.0072e-02
3.0883e-02 3.1583e-02
3.2439e-02 3.3173e-02
3.4075e-02 3.4846e-02
3.5797e-02 3.6607e-02
3.7611e-02 3.8462e-02
3.9521e-02 4.0415e-02
4.1533e-02 4.2474e-02
4.3652e-02 4.4644e-02
4.5886e-02 4.6931e-02
4.8241e-02 4.9342e-02
5.0723e-02 5.1886e-02
5.3341e-02 5.4569e-02
5.6102e-02 5.7401e-02
5.9016e-02 6.0389e-02
6.2089e-02 6.3544e-02
6.5333e-02 6.6876e-02
6.8757e-02 7.0394e-02
7.2372e-02 7.4110e-02
7.6189e-02 7.8037e-02
8.0219e-02 8.2185e-02
8.4472e-02 8.6566e-02
8.8957e-02 9.1190e-02
9.3688e-02 9.6072e-02
9.8674e-02 1.0122e-01
1.0393e-01 1.0666e-01
1.0947e-01 1.1239e-01
1.1530e-01 1.1843e-01
1.2144e-01 1.2480e-01
1.2790e-01 1.3151e-01
1.3468e-01 1.3856e-01
1.4180e-01 1.4597e-01
1.4926e-01 1.5376e-01
1.5707e-01 1.6192e-01
1.6525e-01 1.7048e-01
1.7379e-01 1.7943e-01
1.8269e-01 1.8877e-01
1.9195e-01 1.9852e-01
2.0157e-01 2.0866e-01
2.1153e-01 2.1919e-01
2.2184e-01 2.3011e-01
2.3247e-01 2.4141e-01
2.4343e-01 2.5307e-01
2.5468e-01 2.6508e-01
2.6621e-01 2.7742e-01
2.7801e-01 2.9007e-01
2.9004e-01 3.0301e-01
3.0226e-01 3.1620e-01
3.1465e-01 3.2961e-01
3.2717e-01 3.4321e-01
3.3980e-01 3.5696e-01
3.5250e-01 3.7084e-01
3.6525e-01 3.8481e-01
3.7799e-01 3.9883e-01
3.9071e-01 4.1286e-01
4.0337e-01 4.2687e-01
4.1594e-01 4.4083e-01
4.2839e-01 4.5471e-01
4.4070e-01 4.6848e-01
4.5284e-01 4.8210e-01
4.6480e-01 4.9555e-01
4.7655e-01 5.0882e-01
4.8807e-01 5.2188e-01
4.9935e-01 5.3470e-01
5.1038e-01 5.4728e-01
5.2113e-01 5.5957e-01
5.3160e-01 5.7159e-01
5.4179e-01 5.8332e-01
5.5169e-01 5.9475e-01
5.6131e-01 6.0588e-01
5.7061e-01 6.1668e-01
5.7961e-01 6.2716e-01
5.8830e-01 6.3731e-01
5.9668e-01 6.4712e-01
6.0475e-01 6.5660e-01
6.1252e-01 6.6576e-01
6.2000e-01 6.7459e-01
6.2719e-01 6.8310e-01
6.3410e-01 6.9130e-01
6.4073e-01 6.9920e-01
6.4710e-01 7.0679e-01
6.5320e-01 7.1408e-01
6.5904e-01 7.2108e-01
6.6464e-01 7.2780e-01
6.6998e-01 7.3422e-01
6.7508e-01 7.4038e-01
6.7995e-01 7.4626e-01
6.8459e-01 7.5189e-01
6.8902e-01 7.5727e-01
6.9323e-01 7.6240e-01
6.9725e-01 7.6730e-01
7.0107e-01 7.7196e-01
7.0471e-01 7.7642e-01
7.0817e-01 7.8067e-01
7.1146e-01 7.8472e-01
7.1459e-01 7.8857e-01
7.1757e-01 7.9225e-01
7.2041e-01 7.9575e-01
7.2311e-01 7.9909e-01
7.2568e-01 8.0227e-01
7.2812e-01 8.0530e-01
7.3042e-01 8.0817e-01
7.3261e-01 8.1089e-01
7.3469e-01 8.1348e-01
7.3666e-01 8.1595e-01
7.3854e-01 8.1829e-01
7.4031e-01 8.2052e-01
7.4201e-01 8.2264e-01
7.4361e-01 8.2464e-01
7.4512e-01 8.2655e-01
7.4655e-01 8.2834e-01
7.4791e-01 8.3006e-01
7.4919e-01 8.3168e-01
7.5041e-01 8.3321e-01
7.5156e-01 8.3467e-01
7.5264e-01 8.3604e-01
7.5367e-01 8.3734e-01
7.5464e-01 8.3857e-01
7.5557e-01 8.3975e-01
7.5645e-01 8.4087e-01
7.5728e-01 8.4193e-01
7.5807e-01 8.4293e-01
7.5881e-01 8.4387e-01
7.5952e-01 8.4477e-01
7.6018e-01 8.4561e-01
7.6081e-01 8.4641e-01
7.6141e-01 8.4718e-01
7.6198e-01 8.4791e-01
7.6252e-01 8.4859e-01
7.6302e-01 8.4923e-01
7.6348e-01 8.4983e-01
7.6393e-01 8.5039e-01
7.6435e-01 8.5093e-01
7.6475e-01 8.5144e-01
7.6512e-01 8.5192e-01
7.6545e-01 8.5235e-01
7.6575e-01 8.5274e-01
7.6602e-01 8.5310e-01
7.6627e-01 8.5343e-01
7.6651e-01 8.5375e-01
7.6672e-01 8.5404e-01
7.6693e-01 8.5432e-01
7.6713e-01 8.5458e-01
7.6732e-01 8.5482e-01
7.6749e-01 8.5505e-01
7.6765e-01 8.5527e-01
7.6780e-01 8.5547e-01
7.6795e-01 8.5567e-01
7.6808e-01 8.5584e-01
7.6820e-01 8.5600e-01
7.6832e-01 8.5617e-01
7.6844e-01 8.5632e-01
7.6856e-01 8.5647e-01
7.6866e-01 8.5661e-01
7.6876e-01 8.5674e-01
7.6884e-01 8.5684e-01
7.6891e-01 8.5694e-01
7.6897e-01 8.5703e-01
7.6903e-01 8.5711e-01
7.6909e-01 8.5718e-01
7.6913e-01 8.5725e-01
7.6918e-01 8.5731e-01
7.6922e-01 8.5737e-01
7.6925e-01 8.5741e-01
7.6927e-01 8.5745e-01
7.6929e-01 8.5747e-01
7.6930e-01 8.5750e-01
7.6932e-01 8.5753e-01
7.6934e-01 8.5755e-01
7.6935e-01 8.5758e-01
7.6936e-01 8.5759e-01
7.6935e-01 8.5759e-01
7.6933e-01 8.5758e-01
7.6931e-01 8.5756e-01
7.6929e-01 8.5754e-01
7.6929e-01 8.5755e-01
7.6930e-01 8.5756e-01
7.6930e-01 8.5756e-01
7.6930e-01 8.5756e-01
7.6928e-01 8.5755e-01
7.6925e-01 8.5752e-01
7.6921e-01 8.5748e-01
7.6917e-01 8.5744e-01
7.6912e-01 8.5739e-01
7.6909e-01 8.5735e-01
7.6905e-01 8.5732e-01
7.6903e-01 8.5729e-01
7.6900e-01 8.5726e-01
7.6896e-01 8.5722e-01
7.6893e-01 8.5719e-01
7.6889e-01 8.5714e-01
7.6885e-01 8.5710e-01
7.6881e-01 8.5706e-01
7.6877e-01 8.5702e-01
7.6874e-01 8.5698e-01
7.6870e-01 8.5694e-01
7.6866e-01 8.5690e-01
7.6863e-01 8.5686e-01
7.6860e-01 8.5683e-01
7.6858e-01 8.5680e-01
7.6856e-01 8.5678e-01
7.6854e-01 8.5675e-01
7.6851e-01 8.5672e-01
7.6847e-01 8.5667e-01
7.6843e-01 8.5663e-01
7.6839e-01 8.5658e-01
7.6835e-01 8.5654e-01
7.6832e-01 8.5650e-01
7.6829e-01 8.5647e-01
7.6825e-01 8.5642e-01
7.6822e-01 8.5638e-01
7.6818e-01 8.5634e-01
7.6814e-01 8.5629e-01
7.6810e-01 8.5625e-01
7.6806e-01 8.5620e-01
7.6802e-01 8.5616e-01
7.6797e-01 8.5610e-01
7.6792e-01 8.5604e-01
7.6788e-01 8.5599e-01
7.6783e-01 8.5594e-01
7.6778e-01 8.5588e-01
7.6773e-01 8.5582e-01
7.6768e-01 8.5576e-01
7.6762e-01 8.5570e-01
7.6756e-01 8.5563e-01
7.6750e-01 8.5556e-01
7.6743e-01 8.5549e-01
7.6737e-01 8.5542e-01
7.6732e-01 8.5537e-01
7.6727e-01 8.5531e-01
7.6721e-01 8.5524e-01
7.6716e-01 8.5518e-01
7.6711e-01 8.5512e-01
7.6706e-01 8.5506e-01
7.6700e-01 8.5500e-01
7.6694e-01 8.5493e-01
7.6688e-01 8.5486e-01
7.6683e-01 8.5480e-01
7.6677e-01 8.5474e-01
7.6671e-01 8.5467e-01
7.6665e-01 8.5460e-01
7.6658e-01 8.5453e-01
7.6652e-01 8.5446e-01
7.6646e-01 8.5440e-01
7.6640e-01 8.5432e-01
7.6634e-01 8.5426e-01
7.6629e-01 8.5420e-01
7.6625e-01 8.5415e-01
7.6620e-01 8.5409e-01
7.6616e-01 8.5404e-01
7.6612e-01 8.5399e-01
7.6608e-01 8.5394e-01
7.6603e-01 8.5389e-01
7.6598e-01 8.5383e-01
7.6591e-01 8.5376e-01
7.6585e-01 8.5368e-01
7.6579e-01 8.5362e-01
7.6572e-01 8.5354e-01
7.6566e-01 8.5347e-01
7.6559e-01 8.5339e-01
7.6553e-01 8.5332e-01
7.6548e-01 8.5326e-01
7.6544e-01 8.5322e-01
7.6541e-01 8.5317e-01
7.6535e-01 8.5311e-01
7.6529e-01 8.5305e-01
7.6522e-01 8.5297e-01
7.6514e-01 8.5288e-01
7.6507e-01 8.5280e-01
7.6501e-01 8.5273e-01
7.6496e-01 8.5267e-01
7.6490e-01 8.5260e-01
7.6484e-01 8.5253e-01
7.6477e-01 8.5245e-01
7.6469e-01 8.5236e-01
7.6461e-01 8.5227e-01
7.6453e-01 8.5219e-01
7.6447e-01 8.5212e-01
7.6441e-01 8.5205e-01
7.6435e-01 8.5198e-01
7.6428e-01 8.5190e-01
7.6421e-01 8.5182e-01
7.6415e-01 8.5176e-01
7.6409e-01 8.5168e-01
7.6402e-01 8.5160e-01
7.6395e-01 8.5153e-01
7.6389e-01 8.5146e-01
7.6383e-01 8.5139e-01
7.6375e-01 8.5130e-01
7.6367e-01 8.5121e-01
7.6359e-01 8.5112e-01
7.6352e-01 8.5104e-01
7.6346e-01 8.5097e-01
7.6339e-01 8.5089e-01
7.6331e-01 8.5081e-01
7.6324e-01 8.5073e-01
7.6317e-01 8.5064e-01
7.6309e-01 8.5056e-01
7.6302e-01 8.5047e-01
7.6293e-01 8.5038e-01
7.6285e-01 8.5029e-01
7.6277e-01 8.5020e-01
7.6270e-01 8.5012e-01
7.6262e-01 8.5003e-01
7.6254e-01 8.4994e-01
7.6247e-01 8.4986e-01
7.6239e-01 8.4976e-01
7.6231e-01 8.4968e-01
7.6223e-01 8.4958e-01
7.6214e-01 8.4949e-01
7.6206e-01 8.4940e-01
7.6198e-01 8.4931e-01
7.6190e-01 8.4922e-01
7.6181e-01 8.4912e-01
7.6174e-01 8.4904e-01
7.6165e-01 8.4894e-01
7.6157e-01 8.4885e-01
7.6150e-01 8.4877e-01
7.6142e-01 8.4869e-01
7.6135e-01 8.4860e-01
7.6126e-01 8.4850e-01
7.6119e-01 8.4842e-01
7.6111e-01 8.4833e-01
7.6104e-01 8.4825e-01
7.6096e-01 8.4816e-01
7.6088e-01 8.4807e-01
7.6079e-01 8.4796e-01
7.6070e-01 8.4787e-01
7.6062e-01 8.4778e-01
7.6054e-01 8.4769e-01
7.6045e-01 8.4759e-01
7.6038e-01 8.4750e-01
7.6029e-01 8.4741e-01
7.6020e-01 8.4731e-01
7.6011e-01 8.4720e-01
7.6002e-01 8.4710e-01
7.5993e-01 8.4700e-01
7.5984e-01 8.4690e-01
7.5975e-01 8.4680e-01
7.5966e-01 8.4670e-01
7.5957e-01 8.4660e-01
7.5948e-01 8.4649e-01
7.5938e-01 8.4638e-01
7.5928e-01 8.4627e-01
7.5918e-01 8.4616e-01
7.5909e-01 8.4606e-01
7.5900e-01 8.4596e-01
7.5892e-01 8.4587e-01
7.5882e-01 8.4576e-01
7.5873e-01 8.4566e-01
7.5864e-01 8.4556e-01
7.5856e-01 8.4547e-01
7.5847e-01 8.4537e-01
7.5838e-01 8.4526e-01
7.5829e-01 8.4517e-01
7.5820e-01 8.4506e-01
7.5809e-01 8.4494e-01
7.5799e-01 8.4483e-01
7.5789e-01 8.4472e-01
7.5779e-01 8.4461e-01
7.5769e-01 8.4449e-01
7.5760e-01 8.4439e-01
7.5750e-01 8.4428e-01
7.5740e-01 8.4417e-01
7.5731e-01 8.4406e-01
7.5722e-01 8.4396e-01
7.5712e-01 8.4385e-01
7.5701e-01 8.4373e-01
7.5691e-01 8.4362e-01
7.5681e-01 8.4351e-01
7.5670e-01 8.4339e-01
7.5659e-01 8.4326e-01
7.5650e-01 8.4316e-01
7.5640e-01 8.4305e-01
7.5630e-01 8.4294e-01
7.5619e-01 8.4282e-01
7.5609e-01 8.4270e-01
7.5598e-01 8.4258e-01
7.5587e-01 8.4245e-01
7.5576e-01 8.4234e-01
7.5565e-01 8.4221e-01
7.5554e-01 8.4210e-01
7.5544e-01 8.4198e-01
7.5533e-01 8.4186e-01
7.5523e-01 8.4174e-01
7.5512e-01 8.4162e-01
7.5502e-01 8.4151e-01
7.5491e-01 8.4139e-01
7.5480e-01 8.4126e-01
7.5468e-01 8.4113e-01
7.5456e-01 8.4100e-01
7.5445e-01 8.4087e-01
7.5433e-01 8.4074e-01
7.5420e-01 8.4061e-01
7.5410e-01 8.4049e-01
7.5399e-01 8.4037e-01
7.5387e-01 8.4024e-01
7.5376e-01 8.4012e-01
7.5364e-01 8.3999e-01
7.5352e-01 8.3985e-01
7.5341e-01 8.3973e-01
7.5330e-01 8.3960e-01
7.5319e-01 8.3948e-01
7.5307e-01 8.3935e-01
7.5294e-01 8.3921e-01
7.5282e-01 8.3908e-01
7.5270e-01 8.3894e-01
7.5257e-01 8.3881e-01
7.5245e-01 8.3867e-01
7.5233e-01 8.3854e-01
7.5221e-01 8.3840e-01
7.5209e-01 8.3827e-01
7.5198e-01 8.3815e-01
7.5186e-01 8.3801e-01
7.5174e-01 8.3789e-01
7.5162e-01 8.3776e-01
7.5151e-01 8.3763e-01
7.5139e-01 8.3750e-01
7.5126e-01 8.3736e-01
7.5113e-01 8.3722e-01
7.5101e-01 8.3708e-01
7.5089e-01 8.3695e-01
7.5076e-01 8.3681e-01
7.5063e-01 8.3667e-01
7.5051e-01 8.3653e-01
7.5038e-01 8.3639e-01
7.5024e-01 8.3624e-01
7.5010e-01 8.3609e-01
7.4997e-01 8.3595e-01
7.4985e-01 8.3582e-01
7.4973e-01 8.3569e-01
7.4962e-01 8.3557e-01
7.4951e-01 8.3545e-01
7.4939e-01 8.3532e-01
7.4928e-01 8.3521e-01
7.4919e-01 8.3510e-01
7.4909e-01 8.3500e-01
7.4899e-01 8.3489e-01
7.4889e-01 8.3478e-01
7.4879e-01 8.3468e-01
7.4870e-01 8.3458e-01
7.4861e-01 8.3447e-01
7.4851e-01 8.3437e-01
7.4843e-01 8.3428e-01
7.4834e-01 8.3418e-01
7.4825e-01 8.3409e-01
7.4816e-01 8.3399e-01
7.4806e-01 8.3389e-01
7.4796e-01 8.3378e-01
7.4786e-01 8.3368e-01
7.4776e-01 8.3357e-01
7.4767e-01 8.3347e-01
7.4758e-01 8.3337e-01
7.4748e-01 8.3327e-01
7.4738e-01 8.3316e-01
7.4729e-01 8.3306e-01
7.4719e-01 8.3296e-01
7.4710e-01 8.3286e-01
7.4701e-01 8.3277e-01
7.4692e-01 8.3268e-01
7.4683e-01 8.3258e-01
7.4674e-01 8.3249e-01
7.4665e-01 8.3239e-01
7.4657e-01 8.3230e-01
7.4648e-01 8.3221e-01
7.4638e-01 8.3211e-01
7.4630e-01 8.3202e-01
7.4621e-01 8.3193e-01
7.4611e-01 8.3183e-01
7.4602e-01 8.3173e-01
7.4594e-01 8.3165e-01
7.4585e-01 8.3155e-01
7.4576e-01 8.3145e-01
7.4567e-01 8.3136e-01
7.4558e-01 8.3127e-01
7.4548e-01 8.3116e-01
7.4539e-01 8.3107e-01
7.4530e-01 8.3098e-01
7.4521e-01 8.3089e-01
7.4512e-01 8.3080e-01
7.4503e-01 8.3070e-01
7.4495e-01 8.3061e-01
7.4487e-01 8.3053e-01
7.4478e-01 8.3044e-01
7.4470e-01 8.3036e-01
7.4462e-01 8.3027e-01
7.4454e-01 8.3019e-01
7.4446e-01 8.3011e-01
7.4438e-01 8.3003e-01
7.4429e-01 8.2994e-01
7.4421e-01 8.2986e-01
7.4413e-01 8.2977e-01
7.4405e-01 8.2969e-01
7.4397e-01 8.2961e-01
7.4389e-01 8.2953e-01
7.4381e-01 8.2945e-01
7.4374e-01 8.2937e-01
7.4366e-01 8.2929e-01
7.4358e-01 8.2921e-01
7.4350e-01 8.2913e-01
7.4342e-01 8.2905e-01
7.4335e-01 8.2897e-01
7.4327e-01 8.2890e-01
7.4319e-01 8.2882e-01
7.4312e-01 8.2874e-01
7.4304e-01 8.2867e-01
7.4297e-01 8.2859e-01
7.4289e-01 8.2852e-01
7.4282e-01 8.2845e-01
7.4275e-01 8.2838e-01
7.4268e-01 8.2831e-01
7.4261e-01 8.2824e-01
7.4254e-01 8.2817e-01
7.4247e-01 8.2810e-01
7.4241e-01 8.2804e-01
7.4234e-01 8.2797e-01
7.4228e-01 8.2791e-01
7.4221e-01 8.2784e-01
7.4215e-01 8.2778e-01
7.4209e-01 8.2772e-01
7.4203e-01 8.2766e-01
7.4197e-01 8.2761e-01
7.4192e-01 8.2756e-01
7.4186e-01 8.2750e-01
7.4180e-01 8.2745e-01
7.4175e-01 8.2739e-01
7.4170e-01 8.2734e-01
7.4165e-01 8.2729e-01
7.4159e-01 8.2724e-01
7.4155e-01 8.2720e-01
7.4149e-01 8.2715e-01
7.4144e-01 8.2710e-01
7.4140e-01 8.2706e-01
7.4135e-01 8.2701e-01
7.4131e-01 8.2697e-01
7.4127e-01 8.2693e-01
7.4122e-01 8.2689e-01
7.4118e-01 8.2684e-01
7.4113e-01 8.2680e-01
7.4109e-01 8.2676e-01
7.4105e-01 8.2672e-01
7.4101e-01 8.2669e-01
7.4098e-01 8.2666e-01
7.4095e-01 8.2663e-01
7.4092e-01 8.2660e-01
7.4090e-01 8.2658e-01
7.4087e-01 8.2656e-01
7.4085e-01 8.2653e-01
7.4082e-01 8.2650e-01
7.4079e-01 8.2647e-01
7.4076e-01 8.2644e-01
7.4074e-01 8.2642e-01
7.4072e-01 8.2641e-01
7.4070e-01 8.2638e-01
7.4068e-01 8.2636e-01
7.4066e-01 8.2635e-01
7.4065e-01 8.2633e-01
7.4063e-01 8.2631e-01
7.4062e-01 8.2630e-01
7.4061e-01 8.2629e-01
7.4060e-01 8.2627e-01
7.4059e-01 8.2625e-01
7.4057e-01 8.2624e-01
7.4056e-01 8.2622e-01
7.4055e-01 8.2621e-01
7.4054e-01 8.2619e-01
7.4054e-01 8.2618e-01
7.4053e-01 8.2617e-01
7.4052e-01 8.2615e-01
7.4052e-01 8.2614e-01
7.4052e-01 8.2613e-01
7.4051e-01 8.2611e-01
7.4051e-01 8.2610e-01
7.4051e-01 8.2608e-01
7.4051e-01 8.2607e-01
7.4050e-01 8.2605e-01
7.4050e-01 8.2603e-01
7.4049e-01 8.2601e-01
7.4049e-01 8.2599e-01
7.4048e-01 8.2597e-01
7.4047e-01 8.2594e-01
7.4047e-01 8.2591e-01
7.4046e-01 8.2588e-01
7.4045e-01 8.2585e-01
7.4044e-01 8.2581e-01
7.4043e-01 8.2577e-01
7.4042e-01 8.2573e-01
7.4040e-01 8.2569e-01
7.4038e-01 8.2564e-01
7.4036e-01 8.2558e-01
7.4034e-01 8.2552e-01
7.4031e-01 8.2545e-01
7.4028e-01 8.2538e-01
7.4024e-01 8.2530e-01
7.4021e-01 8.2523e-01
7.4017e-01 8.2514e-01
7.4013e-01 8.2505e-01
7.4008e-01 8.2495e-01
7.4002e-01 8.2483e-01
7.3996e-01 8.2471e-01
7.3989e-01 8.2459e-01
7.3983e-01 8.2446e-01
7.3975e-01 8.2431e-01
7.3967e-01 8.2416e-01
7.3958e-01 8.2400e-01
7.3948e-01 8.2382e-01
7.3937e-01 8.2363e-01
7.3925e-01 8.2343e-01
7.3913e-01 8.2322e-01
7.3900e-01 8.2300e-01
7.3887e-01 8.2277e-01
7.3872e-01 8.2252e-01
7.3855e-01 8.2225e-01
7.3837e-01 8.2196e-01
7.3818e-01 8.2166e-01
7.3799e-01 8.2135e-01
7.3779e-01 8.2102e-01
7.3756e-01 8.2066e-01
7.3732e-01 8.2029e-01
7.3707e-01 8.1990e-01
7.3680e-01 8.1949e-01
7.3652e-01 8.1906e-01
7.3622e-01 8.1860e-01
7.3590e-01 8.1812e-01
7.3556e-01 8.1761e-01
7.3521e-01 8.1709e-01
7.3484e-01 8.1653e-01
7.3444e-01 8.1595e-01
7.3403e-01 8.1534e-01
7.3359e-01 8.1470e-01
7.3313e-01 8.1403e-01
7.3264e-01 8.1333e-01
7.3213e-01 8.1259e-01
7.3160e-01 8.1183e-01
7.3104e-01 8.1104e-01
7.3045e-01 8.1019e-01
7.2983e-01 8.0932e-01
7.2919e-01 8.0842e-01
7.2851e-01 8.0746e-01
7.2780e-01 8.0648e-01
7.2706e-01 8.0545e-01
7.2629e-01 8.0437e-01
7.2548e-01 8.0326e-01
7.2464e-01 8.0210e-01
7.2376e-01 8.0089e-01
7.2285e-01 7.9964e-01
7.2190e-01 7.9834e-01
7.2090e-01 7.9699e-01
7.1986e-01 7.9559e-01
7.1879e-01 7.9413e-01
7.1767e-01 7.9262e-01
7.1650e-01 7.9106e-01
7.1528e-01 7.8944e-01
7.1403e-01 7.8776e-01
7.1273e-01 7.8603e-01
7.1137e-01 7.8423e-01
7.0996e-01 7.8237e-01
7.0851e-01 7.8045e-01
7.0699e-01 7.7846e-01
7.0543e-01 7.7641e-01
7.0381e-01 7.7429e-01
7.0214e-01 7.7210e-01
7.0041e-01 7.6985e-01
6.9862e-01 7.6752e-01
6.9677e-01 7.6513e-01
6.9485e-01 7.6265e-01
6.9288e-01 7.6011e-01
6.9084e-01 7.5748e-01
6.8873e-01 7.5478e-01
6.8656e-01 7.5200e-01
6.8432e-01 7.4914e-01
6.8200e-01 7.4620e-01
6.7963e-01 7.4318e-01
6.7717e-01 7.4007e-01
6.7464e-01 7.3688e-01
6.7205e-01 7.3360e-01
6.6937e-01 7.3024e-01
6.6662e-01 7.2679e-01
