1.0096e+06 7.7137e+06
4.4916e+06 2.8181e+07
4.5342e+06 2.8830e+07
3.3616e+07 2.5909e+08
3.0591e+07 2.3711e+08
2.7732e+07 2.1701e+08
3.4373e+07 4.8426e+08
3.0942e+07 4.3687e+08
2.7848e+07 3.9318e+08
2.5063e+07 3.5387e+08
2.2557e+07 3.1848e+08
2.0301e+07 2.8663e+08
1.8271e+07 2.5797e+08
1.6444e+07 2.3217e+08
1.4799e+07 2.0895e+08
1.3320e+07 1.8806e+08
1.1988e+07 1.6925e+08
1.0789e+07 1.5233e+08
9.7099e+06 1.3709e+08
8.7389e+06 1.2339e+08
7.8650e+06 1.1105e+08
7.0785e+06 9.9942e+07
6.3707e+06 8.9948e+07
5.7336e+06 8.0953e+07
5.1603e+06 7.2858e+07
4.6442e+06 6.5572e+07
4.1798e+06 5.9015e+07
3.7618e+06 5.3113e+07
3.3856e+06 4.7802e+07
3.0471e+06 4.3022e+07
2.7424e+06 3.8720e+07
2.4681e+06 3.4848e+07
2.2213e+06 3.1363e+07
1.9992e+06 2.8227e+07
1.7993e+06 2.5404e+07
1.6193e+06 2.2864e+07
1.4574e+06 2.0577e+07
1.3117e+06 1.8519e+07
1.1805e+06 1.6668e+07
1.0625e+06 1.5001e+07
9.5621e+05 1.3501e+07
8.6058e+05 1.2151e+07
7.7453e+05 1.0936e+07
6.9707e+05 9.8420e+06
6.2737e+05 8.8578e+06
5.6463e+05 7.9720e+06
5.0817e+05 7.1748e+06
4.5735e+05 6.4573e+06
4.1162e+05 5.8116e+06
3.7045e+05 5.2304e+06
3.3341e+05 4.7074e+06
3.0007e+05 4.2367e+06
2.7006e+05 3.8130e+06
2.4305e+05 3.4317e+06
2.1875e+05 3.0885e+06
1.9687e+05 2.7797e+06
1.7719e+05 2.5017e+06
1.5947e+05 2.2515e+06
1.4352e+05 2.0264e+06
1.2917e+05 1.8237e+06
1.1625e+05 1.6414e+06
1.0463e+05 1.4772e+06
9.4164e+04 1.3295e+06
8.4748e+04 1.1966e+06
7.6273e+04 1.0769e+06
6.8646e+04 9.6922e+05
6.1781e+04 8.7230e+05
5.5603e+04 7.8507e+05
5.0043e+04 7.0656e+05
4.5039e+04 6.3591e+05
4.0535e+04 5.7232e+05
3.6481e+04 5.1509e+05
3.2833e+04 4.6358e+05
2.9550e+04 4.1722e+05
2.6595e+04 3.7550e+05
2.3935e+04 3.3795e+05
2.1542e+04 3.0416e+05
1.9388e+04 2.7374e+05
1.7449e+04 2.4637e+05
1.5704e+04 2.2173e+05
1.4134e+04 1.9956e+05
1.2720e+04 1.7960e+05
1.1448e+04 1.6164e+05
1.0303e+04 1.4548e+05
9.2731e+03 1.3093e+05
8.3458e+03 1.1784e+05
7.5112e+03 1.0606e+05
6.7601e+03 9.5453e+04
6.0841e+03 8.5908e+04
5.4757e+03 7.7318e+04
4.9282e+03 6.9587e+04
4.4354e+03 6.2629e+04
3.9918e+03 5.6367e+04
3.5927e+03 5.0731e+04
3.2334e+03 4.5659e+04
2.9101e+03 4.1093e+04
2.6191e+03 3.6985e+04
2.3572e+03 3.3287e+04
2.1215e+03 2.9959e+04
1.9093e+03 2.6964e+04
1.7184e+03 2.4268e+04
1.5466e+03 2.1842e+04
1.3919e+03 1.9659e+04
1.2527e+03 1.7694e+04
1.1275e+03 1.5925e+04
1.0147e+03 1.4333e+04
9.1327e+02 1.2901e+04
8.2195e+02 1.1611e+04
7.3977e+02 1.0451e+04
6.6580e+02 9.4066e+03
5.9923e+02 8.4667e+03
5.3932e+02 7.6207e+03
4.8539e+02 6.8594e+03
4.3686e+02 6.1742e+03
3.9319e+02 5.5575e+03
3.5388e+02 5.0025e+03
3.1850e+02 4.5030e+03
2.8666e+02 4.0535e+03
2.5800e+02 3.6488e+03
2.3221e+02 3.2847e+03
2.0900e+02 2.9570e+03
1.8811e+02 2.6620e+03
1.6931e+02 2.3966e+03
1.5238e+02 2.1576e+03
1.3715e+02 1.9426e+03
1.2345e+02 1.7491e+03
1.1111e+02 1.5749e+03
1.0001e+02 1.4182e+03
9.0018e+01 1.2771e+03
8.1026e+01 1.1501e+03
7.2932e+01 1.0359e+03
6.5648e+01 9.3303e+02
5.9092e+01 8.4047e+02
5.3192e+01 7.5716e+02
4.7882e+01 6.8219e+02
4.3103e+01 6.1471e+02
3.8802e+01 5.5398e+02
3.4931e+01 4.9933e+02
3.1447e+01 4.5014e+02
2.8311e+01 4.0587e+02
2.5489e+01 3.6602e+02
2.2949e+01 3.3016e+02
2.0664e+01 2.9789e+02
1.8606e+01 2.6884e+02
1.6755e+01 2.4270e+02
1.5088e+01 2.1917e+02
1.3589e+01 1.9800e+02
1.2239e+01 1.7894e+02
1.1024e+01 1.6179e+02
9.9308e+00 1.4635e+02
8.9468e+00 1.3246e+02
8.0613e+00 1.1996e+02
7.2643e+00 1.0870e+02
6.5469e+00 9.8575e+01
5.9013e+00 8.9460e+01
5.3203e+00 8.1256e+01
4.7974e+00 7.3873e+01
4.3268e+00 6.7228e+01
3.9032e+00 6.1248e+01
3.5220e+00 5.5865e+01
3.1789e+00 5.1021e+01
2.8701e+00 4.6662e+01
2.5922e+00 4.2738e+01
2.3421e+00 3.9206e+01
2.1170e+00 3.6028e+01
1.9144e+00 3.3168e+01
1.7321e+00 3.0594e+01
1.5680e+00 2.8277e+01
1.4203e+00 2.6191e+01
1.2873e+00 2.4315e+01
1.1677e+00 2.2626e+01
1.0601e+00 2.1105e+01
9.6316e-01 1.9737e+01
8.7595e-01 1.8506e+01
7.9746e-01 1.7398e+01
7.2682e-01 1.6401e+01
6.6324e-01 1.5503e+01
6.0602e-01 1.4695e+01
5.5453e-01 1.3968e+01
5.0818e-01 1.3314e+01
4.6647e-01 1.2725e+01
4.2893e-01 1.2195e+01
3.9514e-01 1.1718e+01
3.6473e-01 1.1288e+01
3.3737e-01 1.0902e+01
3.1274e-01 1.0554e+01
2.9057e-01 1.0241e+01
2.7062e-01 9.9594e+00
2.5266e-01 9.7059e+00
2.3650e-01 9.4778e+00
2.2196e-01 9.2724e+00
2.0887e-01 9.0876e+00
1.9709e-01 8.9213e+00
1.8649e-01 8.7716e+00
1.7694e-01 8.6368e+00
1.6836e-01 8.5156e+00
1.6063e-01 8.4064e+00
1.5367e-01 8.3082e+00
1.4741e-01 8.2198e+00
1.4178e-01 8.1403e+00
1.3670e-01 8.0687e+00
1.3214e-01 8.0042e+00
1.2803e-01 7.9462e+00
1.2434e-01 7.8940e+00
1.2101e-01 7.8471e+00
1.1801e-01 7.8048e+00
1.1532e-01 7.7667e+00
1.1289e-01 7.7325e+00
1.1071e-01 7.7017e+00
1.0875e-01 7.6739e+00
1.0698e-01 7.6490e+00
1.0539e-01 7.6265e+00
1.0395e-01 7.6063e+00
1.0266e-01 7.5881e+00
1.0150e-01 7.5717e+00
1.0046e-01 7.5569e+00
9.9521e-02 7.5437e+00
9.8675e-02 7.5317e+00
9.7914e-02 7.5210e+00
9.7229e-02 7.5113e+00
9.6612e-02 7.5026e+00
9.6057e-02 7.4948e+00
9.5558e-02 7.4877e+00
9.5108e-02 7.4814e+00
9.4704e-02 7.4757e+00
9.4340e-02 7.4705e+00
9.4012e-02 7.4659e+00
9.3717e-02 7.4617e+00
9.3452e-02 7.4580e+00
9.3213e-02 7.4546e+00
9.2998e-02 7.4516e+00
9.2804e-02 7.4488e+00
9.2630e-02 7.4464e+00
9.2474e-02 7.4442e+00
9.2333e-02 7.4422e+00
9.2206e-02 7.4404e+00
9.2091e-02 7.4388e+00
9.1989e-02 7.4373e+00
9.1896e-02 7.4360e+00
9.1813e-02 7.4348e+00
9.1738e-02 7.4338e+00
9.1670e-02 7.4328e+00
9.1610e-02 7.4320e+00
9.1555e-02 7.4312e+00
9.1506e-02 7.4305e+00
9.1462e-02 7.4299e+00
9.1422e-02 7.4293e+00
9.1386e-02 7.4288e+00
9.1354e-02 7.4284e+00
9.1325e-02 7.4279e+00
9.1298e-02 7.4276e+00
9.1275e-02 7.4272e+00
9.1254e-02 7.4269e+00
9.1235e-02 7.4267e+00
9.1218e-02 7.4264e+00
9.1202e-02 7.4262e+00
9.1188e-02 7.4260e+00
9.1176e-02 7.4258e+00
9.1164e-02 7.4257e+00
9.1154e-02 7.4255e+00
9.1145e-02 7.4254e+00
9.1137e-02 7.4253e+00
9.1130e-02 7.4252e+00
9.1123e-02 7.4251e+00
9.1117e-02 7.4250e+00
9.1112e-02 7.4249e+00
9.1107e-02 7.4249e+00
9.1102e-02 7.4248e+00
9.1098e-02 7.4248e+00
9.1095e-02 7.4247e+00
9.1092e-02 7.4247e+00
9.1089e-02 7.4246e+00
9.1086e-02 7.4246e+00
9.1084e-02 7.4245e+00
9.1082e-02 7.4245e+00
9.1080e-02 7.4245e+00
9.1078e-02 7.4245e+00
9.1077e-02 7.4244e+00
9.1075e-02 7.4244e+00
9.1074e-02 7.4244e+00
9.1073e-02 7.4244e+00
9.1072e-02 7.4244e+00
9.1071e-02 7.4244e+00
9.1070e-02 7.4243e+00
9.1070e-02 7.4243e+00
9.1069e-02 7.4243e+00
9.1068e-02 7.4243e+00
9.1068e-02 7.4243e+00
9.1067e-02 7.4243e+00
9.1067e-02 7.4243e+00
9.1067e-02 7.4243e+00
9.1066e-02 7.4243e+00
9.1066e-02 7.4243e+00
9.1066e-02 7.4243e+00
9.1065e-02 7.4243e+00
9.1065e-02 7.4243e+00
9.1065e-02 7.4243e+00
9.1065e-02 7.4243e+00
9.1064e-02 7.4243e+00
9.1064e-02 7.4242e+00
9.1064e-02 7.4242e+00
9.1064e-02 7.4242e+00
9.1064e-02 7.4242e+00
9.1064e-02 7.4242e+00
9.1064e-02 7.4242e+00
9.1064e-02 7.4242e+00
9.1064e-02 7.4242e+00
9.1063e-02 7.4242e+00
9.1063e-02 7.4242e+00
9.1063e-02 7.4242e+00
9.1063e-02 7.4242e+00
9.1063e-02 7.4242e+00
9.1063e-02 7.4242e+00
9.1063e-02 7.4242e+00
9.1063e-02 7.4242e+00
9.1063e-02 7.4242e+00
9.1063e-02 7.4242e+00
9.1063e-02 7.4242e+00
9.1063e-02 7.4242e+00
9.1063e-02 7.4242e+00
9.1063e-02 7.4242e+00
9.1063e-02 7.4242e+00
9.1063e-02 7.4242e+00
9.1063e-02 7.4242e+00
9.1063e-02 7.4242e+00
9.1063e-02 7.4242e+00
9.1063e-02 7.4242e+00
9.1063e-02 7.4242e+00
9.1063e-02 7.4242e+00
9.1063e-02 7.4241e+00
9.1063e-02 7.4241e+00
9.1063e-02 7.4241e+00
9.1063e-02 7.4241e+00
9.1063e-02 7.4241e+00
9.1062e-02 7.4241e+00
9.1062e-02 7.4241e+00
9.1062e-02 7.4241e+00
9.1062e-02 7.4241e+00
9.1062e-02 7.4241e+00
9.1062e-02 7.4241e+00
9.1062e-02 7.4241e+00
9.1062e-02 7.4241e+00
9.1062e-02 7.4241e+00
9.1062e-02 7.4241e+00
9.1062e-02 7.4241e+00
9.1062e-02 7.4241e+00
9.1062e-02 7.4241e+00
9.1062e-02 7.4241e+00
9.1062e-02 7.4241e+00
9.1062e-02 7.4241e+00
9.1062e-02 7.4241e+00
9.1062e-02 7.4241e+00
9.1062e-02 7.4241e+00
9.1062e-02 7.4241e+00
9.1062e-02 7.4241e+00
9.1062e-02 7.4241e+00
9.1062e-02 7.4241e+00
9.1062e-02 7.4241e+00
9.1062e-02 7.4241e+00
9.1062e-02 7.4241e+00
9.1062e-02 7.4241e+00
9.1062e-02 7.4241e+00
9.1062e-02 7.4241e+00
9.1062e-02 7.4241e+00
9.1062e-02 7.4241e+00
9.1062e-02 7.4241e+00
9.1062e-02 7.4241e+00
9.1062e-02 7.4241e+00
9.1062e-02 7.4241e+00
9.1062e-02 7.4241e+00
9.1062e-02 7.4241e+00
9.1062e-02 7.4241e+00
9.1062e-02 7.4241e+00
9.1062e-02 7.4241e+00
9.1062e-02 7.4241e+00
9.1062e-02 7.4241e+00
9.1062e-02 7.4241e+00
9.1062e-02 7.4241e+00
9.1062e-02 7.4241e+00
9.1062e-02 7.4241e+00
9.1062e-02 7.4241e+00
9.1062e-02 7.4241e+00
9.1062e-02 7.4241e+00
9.1062e-02 7.4240e+00
9.1062e-02 7.4240e+00
9.1062e-02 7.4240e+00
9.1062e-02 7.4240e+00
9.1061e-02 7.4240e+00
9.1061e-02 7.4240e+00
9.1061e-02 7.4240e+00
9.1061e-02 7.4240e+00
9.1061e-02 7.4240e+00
9.1061e-02 7.4240e+00
9.1061e-02 7.4240e+00
9.1061e-02 7.4240e+00
9.1061e-02 7.4240e+00
9.1061e-02 7.4240e+00
9.1061e-02 7.4240e+00
9.1061e-02 7.4240e+00
9.1061e-02 7.4240e+00
9.1061e-02 7.4240e+00
9.1061e-02 7.4240e+00
9.1061e-02 7.4240e+00
9.1061e-02 7.4240e+00
9.1061e-02 7.4240e+00
9.1061e-02 7.4240e+00
9.1061e-02 7.4240e+00
9.1061e-02 7.4240e+00
9.1061e-02 7.4240e+00
9.1061e-02 7.4239e+00
9.1061e-02 7.4239e+00
9.1061e-02 7.4239e+00
9.1061e-02 7.4239e+00
9.1061e-02 7.4239e+00
9.1061e-02 7.4239e+00
9.1061e-02 7.4239e+00
9.1061e-02 7.4239e+00
9.1061e-02 7.4239e+00
9.1061e-02 7.4239e+00
9.1060e-02 7.4239e+00
9.1060e-02 7.4239e+00
9.1060e-02 7.4239e+00
9.1060e-02 7.4239e+00
9.1060e-02 7.4239e+00
9.1060e-02 7.4239e+00
9.1060e-02 7.4239e+00
9.1060e-02 7.4239e+00
9.1060e-02 7.4239e+00
9.1060e-02 7.4239e+00
9.1060e-02 7.4238e+00
9.1060e-02 7.4238e+00
9.1060e-02 7.4238e+00
9.1060e-02 7.4238e+00
9.1060e-02 7.4238e+00
9.1060e-02 7.4238e+00
9.1060e-02 7.4238e+00
9.1060e-02 7.4238e+00
9.1059e-02 7.4238e+00
9.1059e-02 7.4238e+00
9.1059e-02 7.4237e+00
9.1059e-02 7.4237e+00
9.1059e-02 7.4237e+00
9.1059e-02 7.4237e+00
9.1058e-02 7.4236e+00
9.1058e-02 7.4236e+00
9.1058e-02 7.4236e+00
9.1058e-02 7.4235e+00
9.1057e-02 7.4235e+00
9.1057e-02 7.4235e+00
9.1057e-02 7.4234e+00
9.1056e-02 7.4234e+00
9.1056e-02 7.4233e+00
9.1056e-02 7.4233e+00
9.1055e-02 7.4233e+00
9.1055e-02 7.4232e+00
9.1054e-02 7.4232e+00
9.1054e-02 7.4231e+00
9.1054e-02 7.4231e+00
9.1053e-02 7.4230e+00
9.1053e-02 7.4230e+00
9.1052e-02 7.4229e+00
9.1052e-02 7.4229e+00
9.1052e-02 7.4228e+00
9.1051e-02 7.4228e+00
9.1051e-02 7.4227e+00
9.1050e-02 7.4227e+00
9.1050e-02 7.4226e+00
9.1049e-02 7.4225e+00
9.1049e-02 7.4225e+00
9.1049e-02 7.4224e+00
9.1048e-02 7.4224e+00
9.1048e-02 7.4223e+00
9.1047e-02 7.4222e+00
9.1047e-02 7.4222e+00
9.1046e-02 7.4221e+00
9.1046e-02 7.4221e+00
9.1045e-02 7.4220e+00
9.1045e-02 7.4220e+00
9.1044e-02 7.4219e+00
9.1044e-02 7.4218e+00
9.1043e-02 7.4218e+00
9.1043e-02 7.4217e+00
9.1042e-02 7.4217e+00
9.1042e-02 7.4216e+00
9.1041e-02 7.4215e+00
9.1041e-02 7.4215e+00
9.1040e-02 7.4214e+00
9.1040e-02 7.4213e+00
9.1039e-02 7.4213e+00
9.1039e-02 7.4212e+00
9.1038e-02 7.4211e+00
9.1037e-02 7.4211e+00
9.1037e-02 7.4210e+00
9.1036e-02 7.4209e+00
9.1036e-02 7.4209e+00
9.1035e-02 7.4208e+00
9.1035e-02 7.4207e+00
9.1034e-02 7.4207e+00
9.1034e-02 7.4206e+00
9.1033e-02 7.4205e+00
9.1033e-02 7.4204e+00
9.1032e-02 7.4204e+00
9.1032e-02 7.4203e+00
9.1031e-02 7.4203e+00
9.1031e-02 7.4202e+00
9.1030e-02 7.4201e+00
9.1029e-02 7.4201e+00
9.1029e-02 7.4200e+00
9.1028e-02 7.4199e+00
9.1028e-02 7.4199e+00
9.1027e-02 7.4198e+00
9.1027e-02 7.4197e+00
9.1026e-02 7.4197e+00
9.1026e-02 7.4196e+00
9.1025e-02 7.4195e+00
9.1025e-02 7.4195e+00
9.1024e-02 7.4194e+00
9.1023e-02 7.4193e+00
9.1023e-02 7.4192e+00
9.1022e-02 7.4192e+00
9.1022e-02 7.4191e+00
9.1021e-02 7.4190e+00
9.1021e-02 7.4190e+00
9.1020e-02 7.4189e+00
9.1019e-02 7.4188e+00
9.1019e-02 7.4187e+00
9.1018e-02 7.4187e+00
9.1018e-02 7.4186e+00
9.1017e-02 7.4186e+00
9.1017e-02 7.4185e+00
9.1016e-02 7.4184e+00
9.1015e-02 7.4183e+00
9.1015e-02 7.4183e+00
9.1014e-02 7.4182e+00
9.1014e-02 7.4181e+00
9.1013e-02 7.4181e+00
9.1013e-02 7.4180e+00
9.1012e-02 7.4179e+00
9.1012e-02 7.4179e+00
9.1011e-02 7.4178e+00
9.1010e-02 7.4177e+00
9.1010e-02 7.4176e+00
9.1009e-02 7.4176e+00
9.1009e-02 7.4175e+00
9.1008e-02 7.4174e+00
9.1007e-02 7.4174e+00
9.1007e-02 7.4173e+00
9.1006e-02 7.4172e+00
9.1006e-02 7.4171e+00
9.1005e-02 7.4170e+00
9.1004e-02 7.4170e+00
9.1004e-02 7.4169e+00
9.1003e-02 7.4168e+00
9.1002e-02 7.4167e+00
9.1002e-02 7.4167e+00
9.1001e-02 7.4166e+00
9.1000e-02 7.4165e+00
9.1000e-02 7.4164e+00
9.0999e-02 7.4163e+00
9.0998e-02 7.4163e+00
9.0998e-02 7.4162e+00
9.0997e-02 7.4161e+00
9.0996e-02 7.4160e+00
9.0996e-02 7.4159e+00
9.0995e-02 7.4158e+00
9.0994e-02 7.4157e+00
9.0994e-02 7.4157e+00
9.0993e-02 7.4156e+00
9.0992e-02 7.4155e+00
9.0991e-02 7.4154e+00
9.0991e-02 7.4153e+00
9.0990e-02 7.4152e+00
9.0989e-02 7.4151e+00
9.0988e-02 7.4150e+00
9.0988e-02 7.4149e+00
9.0987e-02 7.4149e+00
9.0986e-02 7.4148e+00
9.0985e-02 7.4147e+00
9.0984e-02 7.4146e+00
9.0984e-02 7.4145e+00
9.0983e-02 7.4144e+00
9.0982e-02 7.4143e+00
9.0981e-02 7.4142e+00
9.0980e-02 7.4141e+00
9.0980e-02 7.4140e+00
9.0979e-02 7.4139e+00
9.0978e-02 7.4138e+00
9.0977e-02 7.4137e+00
9.0976e-02 7.4136e+00
9.0975e-02 7.4135e+00
9.0974e-02 7.4133e+00
9.0974e-02 7.4132e+00
9.0973e-02 7.4131e+00
9.0972e-02 7.4130e+00
9.0971e-02 7.4129e+00
9.0970e-02 7.4128e+00
9.0969e-02 7.4127e+00
9.0968e-02 7.4126e+00
9.0967e-02 7.4125e+00
9.0966e-02 7.4124e+00
9.0966e-02 7.4122e+00
9.0965e-02 7.4121e+00
9.0964e-02 7.4120e+00
9.0963e-02 7.4119e+00
9.0962e-02 7.4118e+00
9.0961e-02 7.4117e+00
9.0960e-02 7.4116e+00
9.0959e-02 7.4114e+00
9.0958e-02 7.4113e+00
9.0957e-02 7.4112e+00
9.0956e-02 7.4111e+00
9.0955e-02 7.4110e+00
9.0954e-02 7.4109e+00
9.0953e-02 7.4107e+00
9.0953e-02 7.4106e+00
9.0952e-02 7.4105e+00
9.0951e-02 7.4104e+00
9.0950e-02 7.4103e+00
9.0949e-02 7.4102e+00
9.0948e-02 7.4100e+00
9.0947e-02 7.4099e+00
9.0946e-02 7.4098e+00
9.0945e-02 7.4097e+00
9.0944e-02 7.4095e+00
9.0943e-02 7.4094e+00
9.0942e-02 7.4093e+00
9.0941e-02 7.4092e+00
9.0940e-02 7.4090e+00
9.0939e-02 7.4089e+00
9.0938e-02 7.4088e+00
9.0937e-02 7.4087e+00
9.0936e-02 7.4085e+00
9.0935e-02 7.4084e+00
9.0934e-02 7.4083e+00
9.0933e-02 7.4082e+00
9.0932e-02 7.4080e+00
9.0931e-02 7.4079e+00
9.0930e-02 7.4078e+00
9.0929e-02 7.4077e+00
9.0928e-02 7.4075e+00
9.0926e-02 7.4074e+00
9.0925e-02 7.4073e+00
9.0924e-02 7.4072e+00
9.0923e-02 7.4070e+00
9.0922e-02 7.4069e+00
9.0921e-02 7.4068e+00
9.0920e-02 7.4066e+00
9.0919e-02 7.4065e+00
9.0918e-02 7.4064e+00
9.0917e-02 7.4063e+00
9.0916e-02 7.4061e+00
9.0915e-02 7.4060e+00
9.0914e-02 7.4059e+00
9.0913e-02 7.4058e+00
9.0912e-02 7.4056e+00
9.0911e-02 7.4055e+00
9.0910e-02 7.4054e+00
9.0909e-02 7.4052e+00
9.0908e-02 7.4051e+00
9.0907e-02 7.4050e+00
9.0906e-02 7.4049e+00
9.0905e-02 7.4047e+00
9.0903e-02 7.4046e+00
9.0902e-02 7.4045e+00
9.0901e-02 7.4043e+00
9.0900e-02 7.4042e+00
9.0899e-02 7.4041e+00
9.0898e-02 7.4039e+00
9.0897e-02 7.4038e+00
9.0896e-02 7.4036e+00
9.0894e-02 7.4035e+00
9.0893e-02 7.4033e+00
9.0892e-02 7.4032e+00
9.0891e-02 7.4030e+00
9.0889e-02 7.4029e+00
9.0888e-02 7.4027e+00
9.0887e-02 7.4025e+00
9.0885e-02 7.4024e+00
9.0884e-02 7.4022e+00
9.0883e-02 7.4021e+00
9.0881e-02 7.4019e+00
9.0880e-02 7.4017e+00
9.0879e-02 7.4016e+00
9.0877e-02 7.4014e+00
9.0876e-02 7.4012e+00
9.0874e-02 7.4010e+00
9.0873e-02 7.4009e+00
9.0872e-02 7.4007e+00
9.0870e-02 7.4005e+00
9.0869e-02 7.4003e+00
9.0867e-02 7.4002e+00
9.0866e-02 7.4000e+00
9.0864e-02 7.3998e+00
9.0863e-02 7.3996e+00
9.0861e-02 7.3994e+00
9.0860e-02 7.3993e+00
9.0858e-02 7.3991e+00
9.0857e-02 7.3989e+00
9.0855e-02 7.3987e+00
9.0854e-02 7.3985e+00
9.0852e-02 7.3983e+00
9.0851e-02 7.3981e+00
9.0849e-02 7.3979e+00
9.0847e-02 7.3977e+00
9.0846e-02 7.3975e+00
9.0844e-02 7.3973e+00
9.0842e-02 7.3971e+00
9.0841e-02 7.3969e+00
9.0839e-02 7.3967e+00
9.0837e-02 7.3965e+00
9.0835e-02 7.3962e+00
9.0834e-02 7.3960e+00
9.0832e-02 7.3958e+00
9.0830e-02 7.3956e+00
9.0828e-02 7.3953e+00
9.0826e-02 7.3951e+00
9.0824e-02 7.3949e+00
9.0822e-02 7.3946e+00
9.0820e-02 7.3944e+00
9.0818e-02 7.3941e+00
9.0816e-02 7.3939e+00
9.0814e-02 7.3936e+00
9.0812e-02 7.3934e+00
9.0810e-02 7.3931e+00
9.0808e-02 7.3928e+00
9.0806e-02 7.3926e+00
9.0803e-02 7.3923e+00
9.0801e-02 7.3920e+00
9.0799e-02 7.3918e+00
9.0797e-02 7.3915e+00
9.0795e-02 7.3912e+00
9.0792e-02 7.3909e+00
9.0790e-02 7.3906e+00
9.0788e-02 7.3904e+00
9.0786e-02 7.3901e+00
9.0783e-02 7.3898e+00
9.0781e-02 7.3895e+00
9.0779e-02 7.3892e+00
9.0776e-02 7.3889e+00
9.0774e-02 7.3886e+00
9.0771e-02 7.3883e+00
9.0769e-02 7.3880e+00
9.0767e-02 7.3878e+00
9.0764e-02 7.3875e+00
9.0762e-02 7.3872e+00
9.0759e-02 7.3869e+00
9.0757e-02 7.3866e+00
9.0755e-02 7.3863e+00
9.0752e-02 7.3860e+00
9.0750e-02 7.3857e+00
9.0747e-02 7.3854e+00
9.0745e-02 7.3851e+00
9.0742e-02 7.3848e+00
9.0740e-02 7.3845e+00
9.0737e-02 7.3842e+00
9.0735e-02 7.3839e+00
9.0732e-02 7.3836e+00
9.0730e-02 7.3832e+00
9.0727e-02 7.3829e+00
9.0725e-02 7.3826e+00
9.0722e-02 7.3823e+00
9.0720e-02 7.3820e+00
9.0717e-02 7.3817e+00
9.0714e-02 7.3813e+00
9.0712e-02 7.3810e+00
9.0709e-02 7.3807e+00
9.0707e-02 7.3804e+00
9.0704e-02 7.3801e+00
9.0701e-02 7.3797e+00
9.0699e-02 7.3794e+00
9.0696e-02 7.3791e+00
9.0693e-02 7.3788e+00
9.0691e-02 7.3784e+00
9.0688e-02 7.3781e+00
9.0685e-02 7.3778e+00
9.0683e-02 7.3774e+00
9.0680e-02 7.3771e+00
9.0677e-02 7.3767e+00
9.0674e-02 7.3764e+00
9.0671e-02 7.3760e+00
9.0668e-02 7.3757e+00
9.0665e-02 7.3753e+00
9.0662e-02 7.3749e+00
9.0659e-02 7.3746e+00
9.0656e-02 7.3742e+00
9.0653e-02 7.3738e+00
9.0650e-02 7.3735e+00
9.0647e-02 7.3731e+00
9.0644e-02 7.3727e+00
9.0641e-02 7.3723e+00
9.0638e-02 7.3719e+00
9.0635e-02 7.3716e+00
9.0632e-02 7.3712e+00
9.0629e-02 7.3708e+00
9.0626e-02 7.3704e+00
9.0623e-02 7.3700e+00
9.0619e-02 7.3696e+00
9.0616e-02 7.3693e+00
9.0613e-02 7.3689e+00
9.0610e-02 7.3685e+00
9.0607e-02 7.3681e+00
9.0603e-02 7.3677e+00
9.0600e-02 7.3673e+00
9.0597e-02 7.3669e+00
9.0593e-02 7.3665e+00
9.0590e-02 7.3661e+00
9.0587e-02 7.3656e+00
9.0583e-02 7.3652e+00
9.0580e-02 7.3648e+00
9.0577e-02 7.3644e+00
9.0573e-02 7.3640e+00
9.0570e-02 7.3636e+00
9.0566e-02 7.3631e+00
9.0563e-02 7.3627e+00
9.0560e-02 7.3623e+00
9.0556e-02 7.3618e+00
9.0553e-02 7.3614e+00
9.0549e-02 7.3610e+00
9.0545e-02 7.3605e+00
9.0542e-02 7.3601e+00
9.0538e-02 7.3597e+00
9.0535e-02 7.3592e+00
9.0531e-02 7.3588e+00
9.0528e-02 7.3583e+00
9.0524e-02 7.3579e+00
9.0520e-02 7.3575e+00
9.0517e-02 7.3570e+00
9.0513e-02 7.3566e+00
9.0509e-02 7.3561e+00
9.0506e-02 7.3557e+00
9.0502e-02 7.3552e+00
9.0498e-02 7.3548e+00
9.0495e-02 7.3543e+00
9.0491e-02 7.3539e+00
9.0487e-02 7.3534e+00
9.0483e-02 7.3529e+00
9.0480e-02 7.3525e+00
9.0476e-02 7.3520e+00
9.0472e-02 7.3515e+00
9.0468e-02 7.3510e+00
9.0464e-02 7.3506e+00
9.0460e-02 7.3501e+00
9.0456e-02 7.3496e+00
9.0452e-02 7.3491e+00
9.0448e-02 7.3486e+00
9.0444e-02 7.3480e+00
9.0439e-02 7.3475e+00
9.0435e-02 7.3470e+00
9.0430e-02 7.3464e+00
9.0426e-02 7.3459e+00
9.0421e-02 7.3453e+00
9.0417e-02 7.3447e+00
9.0412e-02 7.3442e+00
9.0407e-02 7.3436e+00
9.0402e-02 7.3430e+00
9.0397e-02 7.3423e+00
9.0392e-02 7.3417e+00
9.0387e-02 7.3411e+00
9.0382e-02 7.3404e+00
9.0377e-02 7.3398e+00
9.0371e-02 7.3391e+00
9.0366e-02 7.3385e+00
9.0360e-02 7.3378e+00
9.0355e-02 7.3371e+00
9.0349e-02 7.3364e+00
9.0343e-02 7.3357e+00
9.0337e-02 7.3350e+00
9.0331e-02 7.3342e+00
9.0325e-02 7.3335e+00
9.0319e-02 7.3327e+00
9.0312e-02 7.3319e+00
9.0306e-02 7.3311e+00
9.0299e-02 7.3303e+00
9.0292e-02 7.3295e+00
9.0286e-02 7.3286e+00
9.0279e-02 7.3278e+00
9.0272e-02 7.3269e+00
9.0265e-02 7.3261e+00
9.0258e-02 7.3252e+00
9.0250e-02 7.3243e+00
9.0243e-02 7.3234e+00
9.0235e-02 7.3225e+00
9.0228e-02 7.3215e+00
9.0220e-02 7.3206e+00
9.0213e-02 7.3196e+00
9.0205e-02 7.3187e+00
9.0197e-02 7.3177e+00
9.0189e-02 7.3168e+00
9.0181e-02 7.3158e+00
9.0174e-02 7.3148e+00
9.0166e-02 7.3139e+00
9.0158e-02 7.3129e+00
9.0150e-02 7.3119e+00
9.0142e-02 7.3109e+00
9.0133e-02 7.3099e+00
9.0125e-02 7.3089e+00
9.0117e-02 7.3078e+00
9.0109e-02 7.3068e+00
9.0100e-02 7.3058e+00
9.0092e-02 7.3047e+00
9.0083e-02 7.3037e+00
9.0075e-02 7.3027e+00
9.0066e-02 7.3016e+00
9.0057e-02 7.3005e+00
9.0049e-02 7.2995e+00
9.0040e-02 7.2984e+00
9.0031e-02 7.2973e+00
9.0022e-02 7.2962e+00
9.0013e-02 7.2951e+00
9.0004e-02 7.2940e+00
8.9995e-02 7.2929e+00
8.9986e-02 7.2918e+00
8.9977e-02 7.2907e+00
8.9968e-02 7.2895e+00
8.9959e-02 7.2884e+00
8.9950e-02 7.2873e+00
8.9941e-02 7.2862e+00
8.9931e-02 7.2850e+00
8.9922e-02 7.2839e+00
8.9913e-02 7.2828e+00
8.9903e-02 7.2816e+00
8.9894e-02 7.2805e+00
8.9885e-02 7.2793e+00
8.9875e-02 7.2782e+00
8.9866e-02 7.2770e+00
8.9856e-02 7.2758e+00
8.9847e-02 7.2746e+00
8.9837e-02 7.2735e+00
8.9828e-02 7.2723e+00
8.9818e-02 7.2711e+00
8.9808e-02 7.2699e+00
8.9799e-02 7.2687e+00
8.9789e-02 7.2675e+00
8.9779e-02 7.2663e+00
8.9769e-02 7.2651e+00
8.9759e-02 7.2639e+00
8.9750e-02 7.2627e+00
8.9740e-02 7.2615e+00
8.9729e-02 7.2602e+00
8.9719e-02 7.2590e+00
8.9709e-02 7.2578e+00
8.9699e-02 7.2565e+00
8.9689e-02 7.2553e+00
8.9678e-02 7.2540e+00
8.9668e-02 7.2527e+00
8.9658e-02 7.2515e+00
8.9647e-02 7.2502e+00
8.9637e-02 7.2489e+00
8.9626e-02 7.2476e+00
8.9616e-02 7.2463e+00
8.9605e-02 7.2450e+00
8.9594e-02 7.2437e+00
8.9583e-02 7.2423e+00
8.9573e-02 7.2410e+00
8.9562e-02 7.2397e+00
8.9551e-02 7.2383e+00
8.9540e-02 7.2370e+00
8.9529e-02 7.2356e+00
8.9518e-02 7.2343e+00
8.9506e-02 7.2329e+00
8.9495e-02 7.2315e+00
8.9484e-02 7.2302e+00
8.9473e-02 7.2288e+00
8.9461e-02 7.2274e+00
8.9450e-02 7.2260e+00
8.9438e-02 7.2246e+00
8.9427e-02 7.2232e+00
8.9416e-02 7.2218e+00
8.9404e-02 7.2204e+00
8.9392e-02 7.2190e+00
8.9381e-02 7.2175e+00
8.9369e-02 7.2161e+00
8.9357e-02 7.2147e+00
8.9345e-02 7.2132e+00
8.9334e-02 7.2118e+00
8.9322e-02 7.2103e+00
8.9310e-02 7.2088e+00
8.9297e-02 7.2074e+00
8.9285e-02 7.2059e+00
8.9273e-02 7.2044e+00
8.9261e-02 7.2029e+00
8.9248e-02 7.2013e+00
8.9236e-02 7.1998e+00
8.9223e-02 7.1982e+00
8.9210e-02 7.1967e+00
8.9197e-02 7.1951e+00
8.9185e-02 7.1935e+00
8.9172e-02 7.1919e+00
8.9158e-02 7.1903e+00
8.9145e-02 7.1887e+00
8.9132e-02 7.1871e+00
8.9118e-02 7.1854e+00
8.9104e-02 7.1837e+00
8.9090e-02 7.1820e+00
8.9076e-02 7.1803e+00
8.9062e-02 7.1785e+00
8.9047e-02 7.1767e+00
8.9032e-02 7.1749e+00
8.9017e-02 7.1730e+00
8.9001e-02 7.1711e+00
8.8986e-02 7.1692e+00
8.8970e-02 7.1673e+00
8.8953e-02 7.1653e+00
8.8937e-02 7.1633e+00
8.8920e-02 7.1612e+00
8.8903e-02 7.1592e+00
8.8886e-02 7.1571e+00
8.8869e-02 7.1549e+00
8.8851e-02 7.1528e+00
8.8833e-02 7.1506e+00
8.8815e-02 7.1484e+00
8.8797e-02 7.1462e+00
8.8778e-02 7.1439e+00
8.8759e-02 7.1416e+00
8.8740e-02 7.1393e+00
8.8721e-02 7.1369e+00
8.8701e-02 7.1345e+00
8.8681e-02 7.1321e+00
8.8661e-02 7.1296e+00
8.8641e-02 7.1271e+00
8.8620e-02 7.1246e+00
8.8599e-02 7.1220e+00
8.8578e-02 7.1194e+00
8.8556e-02 7.1168e+00
8.8535e-02 7.1142e+00
8.8513e-02 7.1115e+00
8.8491e-02 7.1088e+00
8.8468e-02 7.1060e+00
8.8446e-02 7.1033e+00
8.8423e-02 7.1005e+00
8.8400e-02 7.0977e+00
8.8376e-02 7.0949e+00
8.8353e-02 7.0920e+00
8.8330e-02 7.0891e+00
8.8306e-02 7.0863e+00
8.8282e-02 7.0833e+00
8.8258e-02 7.0804e+00
8.8234e-02 7.0775e+00
8.8210e-02 7.0746e+00
8.8186e-02 7.0716e+00
8.8161e-02 7.0686e+00
8.8136e-02 7.0656e+00
8.8112e-02 7.0626e+00
8.8087e-02 7.0596e+00
8.8062e-02 7.0565e+00
8.8036e-02 7.0534e+00
8.8011e-02 7.0503e+00
8.7985e-02 7.0472e+00
8.7960e-02 7.0441e+00
8.7934e-02 7.0410e+00
8.7908e-02 7.0378e+00
8.7882e-02 7.0346e+00
8.7855e-02 7.0314e+00
8.7829e-02 7.0282e+00
8.7803e-02 7.0250e+00
8.7776e-02 7.0218e+00
8.7749e-02 7.0185e+00
8.7722e-02 7.0152e+00
8.7695e-02 7.0120e+00
8.7668e-02 7.0087e+00
8.7641e-02 7.0054e+00
8.7614e-02 7.0021e+00
8.7586e-02 6.9988e+00
8.7559e-02 6.9954e+00
8.7531e-02 6.9921e+00
8.7503e-02 6.9887e+00
8.7476e-02 6.9853e+00
8.7448e-02 6.9820e+00
8.7420e-02 6.9786e+00
8.7392e-02 6.9752e+00
8.7364e-02 6.9718e+00
8.7335e-02 6.9683e+00
8.7307e-02 6.9649e+00
8.7278e-02 6.9615e+00
8.7250e-02 6.9580e+00
8.7221e-02 6.9545e+00
8.7192e-02 6.9510e+00
8.7164e-02 6.9476e+00
8.7135e-02 6.9441e+00
8.7106e-02 6.9405e+00
8.7077e-02 6.9370e+00
8.7047e-02 6.9335e+00
8.7018e-02 6.9299e+00
8.6988e-02 6.9263e+00
8.6958e-02 6.9227e+00
8.6929e-02 6.9191e+00
8.6899e-02 6.9155e+00
8.6868e-02 6.9119e+00
8.6838e-02 6.9082e+00
8.6808e-02 6.9046e+00
8.6777e-02 6.9009e+00
8.6746e-02 6.8972e+00
8.6716e-02 6.8934e+00
8.6685e-02 6.8897e+00
8.6653e-02 6.8859e+00
8.6622e-02 6.8821e+00
8.6590e-02 6.8783e+00
8.6559e-02 6.8745e+00
8.6527e-02 6.8707e+00
8.6495e-02 6.8668e+00
8.6463e-02 6.8629e+00
8.6430e-02 6.8590e+00
8.6398e-02 6.8551e+00
8.6365e-02 6.8512e+00
8.6332e-02 6.8472e+00
8.6299e-02 6.8432e+00
8.6266e-02 6.8392e+00
8.6232e-02 6.8352e+00
8.6199e-02 6.8312e+00
8.6165e-02 6.8271e+00
8.6131e-02 6.8230e+00
8.6097e-02 6.8189e+00
8.6062e-02 6.8148e+00
8.6028e-02 6.8106e+00
8.5993e-02 6.8065e+00
8.5958e-02 6.8023e+00
8.5923e-02 6.7981e+00
8.5888e-02 6.7939e+00
8.5853e-02 6.7897e+00
8.5818e-02 6.7854e+00
8.5782e-02 6.7811e+00
8.5747e-02 6.7769e+00
8.5711e-02 6.7726e+00
8.5675e-02 6.7683e+00
8.5638e-02 6.7639e+00
8.5602e-02 6.7595e+00
8.5565e-02 6.7551e+00
8.5527e-02 6.7506e+00
8.5490e-02 6.7461e+00
8.5452e-02 6.7416e+00
8.5414e-02 6.7370e+00
8.5375e-02 6.7324e+00
8.5336e-02 6.7278e+00
8.5297e-02 6.7231e+00
8.5258e-02 6.7184e+00
8.5218e-02 6.7136e+00
8.5178e-02 6.7088e+00
8.5137e-02 6.7039e+00
8.5095e-02 6.6989e+00
8.5052e-02 6.6938e+00
8.5009e-02 6.6887e+00
8.4965e-02 6.6834e+00
8.4921e-02 6.6781e+00
8.4875e-02 6.6727e+00
8.4830e-02 6.6672e+00
8.4783e-02 6.6617e+00
8.4736e-02 6.6561e+00
8.4689e-02 6.6504e+00
8.4641e-02 6.6447e+00
8.4592e-02 6.6389e+00
8.4543e-02 6.6331e+00
8.4494e-02 6.6272e+00
8.4443e-02 6.6213e+00
8.4393e-02 6.6152e+00
8.4342e-02 6.6091e+00
8.4290e-02 6.6030e+00
8.4237e-02 6.5967e+00
8.4184e-02 6.5904e+00
8.4130e-02 6.5840e+00
8.4076e-02 6.5775e+00
8.4020e-02 6.5710e+00
8.3965e-02 6.5644e+00
8.3909e-02 6.5577e+00
8.3852e-02 6.5510e+00
8.3794e-02 6.5441e+00
8.3736e-02 6.5373e+00
8.3677e-02 6.5303e+00
8.3618e-02 6.5233e+00
8.3558e-02 6.5162e+00
8.3498e-02 6.5091e+00
8.3437e-02 6.5019e+00
8.3376e-02 6.4947e+00
8.3315e-02 6.4874e+00
8.3252e-02 6.4801e+00
8.3190e-02 6.4727e+00
8.3127e-02 6.4653e+00
8.3064e-02 6.4578e+00
8.3000e-02 6.4503e+00
8.2936e-02 6.4428e+00
8.2872e-02 6.4352e+00
8.2808e-02 6.4276e+00
8.2743e-02 6.4200e+00
8.2678e-02 6.4123e+00
8.2612e-02 6.4046e+00
8.2547e-02 6.3969e+00
8.2480e-02 6.3891e+00
8.2414e-02 6.3813e+00
8.2347e-02 6.3734e+00
8.2280e-02 6.3655e+00
8.2212e-02 6.3576e+00
8.2145e-02 6.3497e+00
8.2077e-02 6.3417e+00
8.2008e-02 6.3337e+00
8.1939e-02 6.3256e+00
8.1870e-02 6.3175e+00
8.1801e-02 6.3094e+00
8.1732e-02 6.3013e+00
8.1662e-02 6.2931e+00
8.1592e-02 6.2849e+00
8.1521e-02 6.2767e+00
8.1451e-02 6.2685e+00
8.1380e-02 6.2602e+00
8.1309e-02 6.2519e+00
8.1238e-02 6.2436e+00
8.1166e-02 6.2353e+00
8.1094e-02 6.2269e+00
8.1022e-02 6.2185e+00
8.0950e-02 6.2101e+00
8.0877e-02 6.2016e+00
8.0804e-02 6.1932e+00
8.0731e-02 6.1847e+00
8.0658e-02 6.1762e+00
8.0584e-02 6.1676e+00
8.0510e-02 6.1591e+00
8.0436e-02 6.1505e+00
8.0362e-02 6.1419e+00
8.0288e-02 6.1332e+00
8.0213e-02 6.1246e+00
8.0138e-02 6.1159e+00
8.0063e-02 6.1072e+00
7.9988e-02 6.0985e+00
7.9912e-02 6.0898e+00
7.9836e-02 6.0810e+00
7.9760e-02 6.0722e+00
7.9684e-02 6.0634e+00
7.9607e-02 6.0546e+00
7.9530e-02 6.0458e+00
7.9453e-02 6.0369e+00
7.9376e-02 6.0280e+00
7.9299e-02 6.0191e+00
7.9221e-02 6.0101e+00
7.9143e-02 6.0011e+00
7.9064e-02 5.9921e+00
7.8986e-02 5.9831e+00
7.8907e-02 5.9741e+00
7.8828e-02 5.9650e+00
7.8749e-02 5.9559e+00
7.8670e-02 5.9468e+00
7.8590e-02 5.9377e+00
7.8510e-02 5.9286e+00
7.8430e-02 5.9194e+00
7.8349e-02 5.9102e+00
7.8269e-02 5.9010e+00
7.8187e-02 5.8917e+00
7.8106e-02 5.8824e+00
7.8025e-02 5.8731e+00
7.7943e-02 5.8638e+00
7.7861e-02 5.8544e+00
7.7778e-02 5.8451e+00
7.7695e-02 5.8356e+00
7.7612e-02 5.8262e+00
7.7529e-02 5.8167e+00
7.7445e-02 5.8072e+00
7.7361e-02 5.7976e+00
7.7277e-02 5.7881e+00
7.7192e-02 5.7785e+00
7.7107e-02 5.7689e+00
7.7022e-02 5.7592e+00
7.6937e-02 5.7495e+00
7.6851e-02 5.7398e+00
7.6765e-02 5.7301e+00
7.6679e-02 5.7204e+00
7.6593e-02 5.7107e+00
7.6507e-02 5.7009e+00
7.6420e-02 5.6912e+00
7.6333e-02 5.6814e+00
7.6246e-02 5.6716e+00
7.6159e-02 5.6618e+00
7.6072e-02 5.6520e+00
7.5985e-02 5.6422e+00
7.5897e-02 5.6323e+00
7.5809e-02 5.6224e+00
7.5721e-02 5.6125e+00
7.5632e-02 5.6026e+00
7.5543e-02 5.5926e+00
7.5454e-02 5.5826e+00
7.5364e-02 5.5726e+00
7.5274e-02 5.5625e+00
7.5184e-02 5.5524e+00
7.5094e-02 5.5423e+00
7.5003e-02 5.5322e+00
7.4911e-02 5.5220e+00
7.4820e-02 5.5118e+00
7.4728e-02 5.5015e+00
7.4635e-02 5.4912e+00
7.4542e-02 5.4809e+00
7.4449e-02 5.4705e+00
7.4355e-02 5.4601e+00
7.4261e-02 5.4496e+00
7.4167e-02 5.4392e+00
7.4072e-02 5.4287e+00
7.3978e-02 5.4182e+00
7.3883e-02 5.4077e+00
7.3788e-02 5.3971e+00
7.3692e-02 5.3866e+00
7.3597e-02 5.3761e+00
7.3501e-02 5.3655e+00
7.3406e-02 5.3549e+00
7.3310e-02 5.3444e+00
7.3214e-02 5.3338e+00
7.3117e-02 5.3232e+00
7.3021e-02 5.3125e+00
7.2924e-02 5.3019e+00
7.2827e-02 5.2913e+00
7.2730e-02 5.2806e+00
7.2633e-02 5.2699e+00
7.2536e-02 5.2593e+00
7.2438e-02 5.2486e+00
7.2340e-02 5.2378e+00
7.2242e-02 5.2271e+00
7.2143e-02 5.2163e+00
7.2044e-02 5.2055e+00
7.1945e-02 5.1947e+00
7.1845e-02 5.1838e+00
7.1746e-02 5.1729e+00
7.1645e-02 5.1620e+00
7.1545e-02 5.1511e+00
7.1444e-02 5.1401e+00
7.1344e-02 5.1292e+00
7.1242e-02 5.1182e+00
7.1141e-02 5.1072e+00
7.1040e-02 5.0962e+00
7.0938e-02 5.0851e+00
7.0836e-02 5.0741e+00
7.0734e-02 5.0631e+00
7.0632e-02 5.0520e+00
7.0529e-02 5.0409e+00
7.0426e-02 5.0299e+00
7.0324e-02 5.0188e+00
7.0221e-02 5.0077e+00
7.0118e-02 4.9966e+00
7.0015e-02 4.9855e+00
6.9911e-02 4.9744e+00
6.9808e-02 4.9632e+00
6.9704e-02 4.9521e+00
6.9600e-02 4.9409e+00
6.9495e-02 4.9298e+00
6.9391e-02 4.9186e+00
6.9286e-02 4.9073e+00
6.9181e-02 4.8961e+00
6.9076e-02 4.8849e+00
6.8970e-02 4.8736e+00
6.8865e-02 4.8624e+00
6.8759e-02 4.8511e+00
6.8653e-02 4.8398e+00
6.8547e-02 4.8285e+00
6.8440e-02 4.8172e+00
6.8333e-02 4.8058e+00
6.8226e-02 4.7945e+00
6.8119e-02 4.7831e+00
6.8011e-02 4.7717e+00
6.7904e-02 4.7603e+00
6.7796e-02 4.7489e+00
6.7688e-02 4.7375e+00
6.7579e-02 4.7261e+00
6.7471e-02 4.7146e+00
6.7361e-02 4.7031e+00
6.7252e-02 4.6916e+00
6.7142e-02 4.6800e+00
6.7032e-02 4.6685e+00
6.6922e-02 4.6569e+00
6.6811e-02 4.6453e+00
6.6701e-02 4.6337e+00
6.6590e-02 4.6221e+00
6.6478e-02 4.6104e+00
6.6366e-02 4.5987e+00
6.6254e-02 4.5870e+00
6.6142e-02 4.5753e+00
6.6029e-02 4.5635e+00
6.5915e-02 4.5517e+00
6.5801e-02 4.5398e+00
6.5686e-02 4.5279e+00
6.5571e-02 4.5159e+00
6.5456e-02 4.5039e+00
6.5340e-02 4.4919e+00
6.5224e-02 4.4799e+00
6.5107e-02 4.4678e+00
6.4990e-02 4.4557e+00
6.4873e-02 4.4436e+00
6.4755e-02 4.4315e+00
6.4638e-02 4.4194e+00
6.4519e-02 4.4072e+00
6.4401e-02 4.3950e+00
6.4282e-02 4.3828e+00
6.4162e-02 4.3705e+00
6.4042e-02 4.3582e+00
6.3922e-02 4.3459e+00
6.3801e-02 4.3335e+00
6.3680e-02 4.3211e+00
6.3558e-02 4.3087e+00
6.3436e-02 4.2962e+00
6.3314e-02 4.2838e+00
6.3191e-02 4.2712e+00
6.3068e-02 4.2587e+00
6.2944e-02 4.2461e+00
6.2820e-02 4.2335e+00
6.2695e-02 4.2209e+00
6.2570e-02 4.2083e+00
6.2445e-02 4.1956e+00
6.2320e-02 4.1829e+00
6.2194e-02 4.1702e+00
6.2067e-02 4.1574e+00
6.1940e-02 4.1446e+00
6.1813e-02 4.1318e+00
6.1685e-02 4.1189e+00
6.1557e-02 4.1061e+00
6.1428e-02 4.0932e+00
6.1299e-02 4.0803e+00
6.1170e-02 4.0673e+00
6.1041e-02 4.0544e+00
6.0911e-02 4.0414e+00
6.0781e-02 4.0285e+00
6.0651e-02 4.0155e+00
6.0521e-02 4.0026e+00
6.0390e-02 3.9896e+00
6.0259e-02 3.9766e+00
6.0128e-02 3.9636e+00
5.9997e-02 3.9506e+00
5.9866e-02 3.9376e+00
5.9734e-02 3.9246e+00
5.9602e-02 3.9116e+00
5.9470e-02 3.8986e+00
5.9338e-02 3.8855e+00
5.9205e-02 3.8725e+00
5.9073e-02 3.8595e+00
5.8940e-02 3.8465e+00
5.8807e-02 3.8335e+00
5.8675e-02 3.8205e+00
5.8542e-02 3.8075e+00
5.8408e-02 3.7945e+00
5.8275e-02 3.7815e+00
5.8142e-02 3.7685e+00
5.8008e-02 3.7555e+00
5.7874e-02 3.7425e+00
5.7740e-02 3.7295e+00
5.7606e-02 3.7165e+00
5.7472e-02 3.7036e+00
5.7338e-02 3.6906e+00
5.7204e-02 3.6776e+00
5.7070e-02 3.6647e+00
5.6936e-02 3.6518e+00
5.6802e-02 3.6389e+00
5.6667e-02 3.6260e+00
5.6533e-02 3.6131e+00
5.6399e-02 3.6002e+00
5.6264e-02 3.5874e+00
5.6130e-02 3.5745e+00
5.5996e-02 3.5617e+00
5.5862e-02 3.5489e+00
5.5727e-02 3.5361e+00
5.5593e-02 3.5234e+00
5.5459e-02 3.5107e+00
5.5325e-02 3.4979e+00
5.5191e-02 3.4852e+00
5.5056e-02 3.4725e+00
5.4922e-02 3.4599e+00
5.4788e-02 3.4472e+00
5.4654e-02 3.4346e+00
5.4520e-02 3.4219e+00
5.4386e-02 3.4093e+00
5.4251e-02 3.3967e+00
5.4117e-02 3.3842e+00
5.3983e-02 3.3716e+00
5.3849e-02 3.3590e+00
5.3714e-02 3.3465e+00
5.3580e-02 3.3340e+00
5.3445e-02 3.3215e+00
5.3311e-02 3.3090e+00
5.3177e-02 3.2965e+00
5.3042e-02 3.2840e+00
5.2908e-02 3.2716e+00
5.2773e-02 3.2592e+00
5.2639e-02 3.2468e+00
5.2505e-02 3.2344e+00
5.2370e-02 3.2220e+00
5.2235e-02 3.2096e+00
5.2100e-02 3.1972e+00
5.1965e-02 3.1848e+00
5.1830e-02 3.1724e+00
5.1694e-02 3.1600e+00
5.1558e-02 3.1477e+00
5.1423e-02 3.1353e+00
5.1286e-02 3.1229e+00
5.1150e-02 3.1105e+00
5.1014e-02 3.0981e+00
5.0877e-02 3.0857e+00
5.0740e-02 3.0733e+00
5.0603e-02 3.0610e+00
5.0466e-02 3.0486e+00
5.0329e-02 3.0362e+00
5.0192e-02 3.0239e+00
5.0055e-02 3.0116e+00
4.9917e-02 2.9992e+00
4.9779e-02 2.9869e+00
4.9642e-02 2.9746e+00
4.9504e-02 2.9622e+00
4.9365e-02 2.9499e+00
4.9227e-02 2.9376e+00
4.9088e-02 2.9253e+00
4.8950e-02 2.9129e+00
4.8811e-02 2.9006e+00
4.8672e-02 2.8883e+00
4.8532e-02 2.8760e+00
4.8393e-02 2.8637e+00
4.8253e-02 2.8514e+00
4.8113e-02 2.8391e+00
4.7973e-02 2.8268e+00
4.7833e-02 2.8145e+00
4.7693e-02 2.8022e+00
4.7552e-02 2.7899e+00
4.7412e-02 2.7777e+00
4.7271e-02 2.7654e+00
4.7130e-02 2.7531e+00
4.6989e-02 2.7409e+00
4.6848e-02 2.7287e+00
4.6707e-02 2.7164e+00
4.6566e-02 2.7042e+00
4.6424e-02 2.6920e+00
4.6283e-02 2.6798e+00
4.6141e-02 2.6677e+00
4.6000e-02 2.6555e+00
4.5858e-02 2.6434e+00
4.5716e-02 2.6312e+00
4.5575e-02 2.6191e+00
4.5433e-02 2.6070e+00
4.5291e-02 2.5950e+00
4.5149e-02 2.5829e+00
4.5008e-02 2.5709e+00
4.4866e-02 2.5588e+00
4.4724e-02 2.5469e+00
4.4582e-02 2.5349e+00
4.4441e-02 2.5229e+00
4.4299e-02 2.5110e+00
4.4157e-02 2.4991e+00
4.4015e-02 2.4872e+00
4.3873e-02 2.4753e+00
4.3731e-02 2.4634e+00
4.3589e-02 2.4515e+00
4.3447e-02 2.4397e+00
4.3304e-02 2.4278e+00
4.3162e-02 2.4160e+00
4.3019e-02 2.4042e+00
4.2877e-02 2.3924e+00
4.2734e-02 2.3806e+00
4.2592e-02 2.3689e+00
4.2449e-02 2.3571e+00
4.2306e-02 2.3454e+00
4.2163e-02 2.3337e+00
4.2019e-02 2.3219e+00
4.1876e-02 2.3102e+00
4.1732e-02 2.2985e+00
4.1589e-02 2.2868e+00
4.1445e-02 2.2751e+00
4.1301e-02 2.2635e+00
4.1157e-02 2.2518e+00
4.1014e-02 2.2402e+00
4.0870e-02 2.2286e+00
4.0726e-02 2.2170e+00
4.0582e-02 2.2055e+00
4.0438e-02 2.1939e+00
4.0294e-02 2.1824e+00
4.0150e-02 2.1709e+00
4.0006e-02 2.1594e+00
3.9863e-02 2.1480e+00
3.9719e-02 2.1366e+00
3.9575e-02 2.1252e+00
3.9431e-02 2.1138e+00
3.9287e-02 2.1024e+00
3.9143e-02 2.0910e+00
3.8999e-02 2.0797e+00
3.8855e-02 2.0684e+00
3.8711e-02 2.0571e+00
3.8567e-02 2.0459e+00
3.8423e-02 2.0346e+00
3.8279e-02 2.0234e+00
3.8135e-02 2.0123e+00
3.7992e-02 2.0011e+00
3.7848e-02 1.9900e+00
3.7704e-02 1.9789e+00
3.7561e-02 1.9678e+00
3.7418e-02 1.9568e+00
3.7274e-02 1.9458e+00
3.7131e-02 1.9348e+00
3.6988e-02 1.9239e+00
3.6845e-02 1.9130e+00
3.6702e-02 1.9021e+00
3.6560e-02 1.8912e+00
3.6417e-02 1.8804e+00
3.6274e-02 1.8696e+00
3.6132e-02 1.8589e+00
3.5990e-02 1.8481e+00
3.5847e-02 1.8374e+00
3.5705e-02 1.8267e+00
3.5563e-02 1.8161e+00
3.5421e-02 1.8055e+00
3.5279e-02 1.7949e+00
3.5137e-02 1.7843e+00
3.4996e-02 1.7738e+00
3.4854e-02 1.7633e+00
3.4712e-02 1.7528e+00
3.4571e-02 1.7424e+00
3.4429e-02 1.7320e+00
3.4288e-02 1.7216e+00
3.4146e-02 1.7112e+00
3.4005e-02 1.7009e+00
3.3864e-02 1.6906e+00
3.3723e-02 1.6803e+00
3.3581e-02 1.6700e+00
3.3440e-02 1.6598e+00
3.3300e-02 1.6496e+00
3.3159e-02 1.6394e+00
3.3018e-02 1.6293e+00
3.2877e-02 1.6192e+00
3.2737e-02 1.6091e+00
3.2596e-02 1.5991e+00
3.2456e-02 1.5890e+00
3.2316e-02 1.5790e+00
3.2175e-02 1.5691e+00
3.2035e-02 1.5591e+00
3.1895e-02 1.5492e+00
3.1755e-02 1.5393e+00
3.1615e-02 1.5295e+00
3.1475e-02 1.5196e+00
3.1335e-02 1.5098e+00
3.1195e-02 1.5000e+00
3.1055e-02 1.4903e+00
3.0915e-02 1.4805e+00
3.0775e-02 1.4708e+00
3.0636e-02 1.4612e+00
3.0496e-02 1.4515e+00
3.0357e-02 1.4419e+00
3.0218e-02 1.4324e+00
3.0078e-02 1.4228e+00
2.9939e-02 1.4133e+00
2.9800e-02 1.4038e+00
2.9661e-02 1.3943e+00
2.9523e-02 1.3849e+00
2.9384e-02 1.3755e+00
2.9246e-02 1.3662e+00
2.9107e-02 1.3568e+00
2.8969e-02 1.3475e+00
2.8831e-02 1.3383e+00
2.8693e-02 1.3290e+00
2.8555e-02 1.3198e+00
2.8417e-02 1.3106e+00
2.8279e-02 1.3015e+00
2.8142e-02 1.2924e+00
2.8004e-02 1.2833e+00
2.7867e-02 1.2742e+00
2.7729e-02 1.2652e+00
2.7592e-02 1.2562e+00
2.7455e-02 1.2472e+00
2.7318e-02 1.2383e+00
2.7181e-02 1.2294e+00
2.7044e-02 1.2205e+00
2.6908e-02 1.2117e+00
2.6771e-02 1.2028e+00
2.6635e-02 1.1941e+00
2.6499e-02 1.1853e+00
2.6363e-02 1.1766e+00
2.6228e-02 1.1680e+00
2.6092e-02 1.1594e+00
2.5957e-02 1.1508e+00
2.5822e-02 1.1422e+00
2.5687e-02 1.1337e+00
2.5552e-02 1.1252e+00
2.5418e-02 1.1167e+00
2.5283e-02 1.1083e+00
2.5149e-02 1.0999e+00
2.5015e-02 1.0916e+00
2.4881e-02 1.0832e+00
2.4748e-02 1.0749e+00
2.4614e-02 1.0667e+00
2.4481e-02 1.0585e+00
2.4348e-02 1.0503e+00
2.4215e-02 1.0422e+00
2.4083e-02 1.0341e+00
2.3950e-02 1.0260e+00
2.3818e-02 1.0179e+00
2.3686e-02 1.0099e+00
2.3554e-02 1.0019e+00
2.3422e-02 9.9400e-01
2.3290e-02 9.8609e-01
2.3159e-02 9.7822e-01
2.3028e-02 9.7038e-01
2.2897e-02 9.6257e-01
2.2766e-02 9.5480e-01
2.2635e-02 9.4706e-01
2.2505e-02 9.3937e-01
2.2375e-02 9.3171e-01
2.2245e-02 9.2409e-01
2.2116e-02 9.1650e-01
2.1986e-02 9.0896e-01
2.1857e-02 9.0145e-01
2.1728e-02 8.9397e-01
2.1600e-02 8.8653e-01
2.1471e-02 8.7912e-01
2.1343e-02 8.7175e-01
2.1215e-02 8.6441e-01
2.1087e-02 8.5711e-01
2.0960e-02 8.4984e-01
2.0832e-02 8.4260e-01
2.0705e-02 8.3540e-01
2.0578e-02 8.2824e-01
2.0452e-02 8.2111e-01
2.0325e-02 8.1401e-01
2.0199e-02 8.0696e-01
2.0073e-02 7.9994e-01
1.9948e-02 7.9295e-01
1.9822e-02 7.8600e-01
1.9697e-02 7.7909e-01
1.9572e-02 7.7220e-01
1.9447e-02 7.6536e-01
1.9323e-02 7.5854e-01
1.9198e-02 7.5177e-01
1.9074e-02 7.4502e-01
1.8951e-02 7.3831e-01
1.8827e-02 7.3164e-01
1.8704e-02 7.2500e-01
1.8581e-02 7.1840e-01
1.8458e-02 7.1183e-01
1.8335e-02 7.0529e-01
1.8213e-02 6.9879e-01
1.8091e-02 6.9233e-01
1.7969e-02 6.8591e-01
1.7848e-02 6.7951e-01
1.7727e-02 6.7316e-01
1.7606e-02 6.6684e-01
1.7485e-02 6.6055e-01
1.7364e-02 6.5430e-01
1.7244e-02 6.4808e-01
1.7124e-02 6.4190e-01
1.7005e-02 6.3575e-01
1.6885e-02 6.2963e-01
1.6766e-02 6.2355e-01
1.6647e-02 6.1750e-01
1.6529e-02 6.1149e-01
1.6410e-02 6.0551e-01
1.6292e-02 5.9956e-01
1.6174e-02 5.9365e-01
1.6056e-02 5.8776e-01
1.5939e-02 5.8191e-01
1.5822e-02 5.7610e-01
1.5705e-02 5.7032e-01
1.5588e-02 5.6457e-01
1.5472e-02 5.5885e-01
1.5356e-02 5.5316e-01
1.5240e-02 5.4751e-01
1.5124e-02 5.4189e-01
1.5008e-02 5.3631e-01
1.4893e-02 5.3075e-01
1.4778e-02 5.2523e-01
1.4664e-02 5.1974e-01
1.4549e-02 5.1429e-01
1.4435e-02 5.0887e-01
1.4321e-02 5.0348e-01
1.4208e-02 4.9812e-01
1.4094e-02 4.9279e-01
1.3981e-02 4.8749e-01
1.3868e-02 4.8223e-01
1.3756e-02 4.7699e-01
1.3643e-02 4.7179e-01
1.3531e-02 4.6662e-01
1.3419e-02 4.6148e-01
1.3308e-02 4.5637e-01
1.3196e-02 4.5129e-01
1.3085e-02 4.4624e-01
1.2974e-02 4.4123e-01
1.2864e-02 4.3624e-01
1.2753e-02 4.3129e-01
1.2643e-02 4.2637e-01
1.2534e-02 4.2148e-01
1.2424e-02 4.1662e-01
1.2315e-02 4.1180e-01
1.2206e-02 4.0700e-01
1.2097e-02 4.0224e-01
1.1989e-02 3.9750e-01
1.1881e-02 3.9280e-01
1.1773e-02 3.8813e-01
1.1665e-02 3.8349e-01
1.1558e-02 3.7889e-01
1.1451e-02 3.7431e-01
1.1345e-02 3.6976e-01
1.1238e-02 3.6524e-01
1.1132e-02 3.6075e-01
1.1026e-02 3.5629e-01
1.0920e-02 3.5185e-01
1.0814e-02 3.4744e-01
1.0709e-02 3.4306e-01
1.0604e-02 3.3871e-01
1.0499e-02 3.3439e-01
1.0394e-02 3.3010e-01
1.0290e-02 3.2583e-01
1.0186e-02 3.2159e-01
1.0082e-02 3.1738e-01
9.9783e-03 3.1321e-01
9.8750e-03 3.0906e-01
9.7720e-03 3.0493e-01
9.6692e-03 3.0084e-01
9.5667e-03 2.9678e-01
9.4644e-03 2.9274e-01
9.3624e-03 2.8873e-01
9.2607e-03 2.8475e-01
9.1592e-03 2.8080e-01
9.0580e-03 2.7687e-01
8.9570e-03 2.7298e-01
8.8562e-03 2.6910e-01
8.7557e-03 2.6526e-01
8.6555e-03 2.6144e-01
8.5555e-03 2.5765e-01
8.4558e-03 2.5389e-01
8.3563e-03 2.5015e-01
8.2572e-03 2.4645e-01
8.1582e-03 2.4276e-01
8.0596e-03 2.3911e-01
7.9612e-03 2.3548e-01
7.8632e-03 2.3188e-01
7.7693e-03 2.2842e-01
7.6792e-03 2.2509e-01
7.5924e-03 2.2186e-01
7.5087e-03 2.1874e-01
7.4277e-03 2.1572e-01
7.3492e-03 2.1278e-01
7.2729e-03 2.0992e-01
7.1987e-03 2.0713e-01
7.1263e-03 2.0441e-01
7.0556e-03 2.0175e-01
6.9865e-03 1.9914e-01
6.9187e-03 1.9659e-01
6.8522e-03 1.9409e-01
6.7868e-03 1.9164e-01
6.7225e-03 1.8922e-01
6.6591e-03 1.8685e-01
6.5967e-03 1.8451e-01
6.5350e-03 1.8221e-01
6.4740e-03 1.7994e-01
6.4137e-03 1.7770e-01
6.3540e-03 1.7549e-01
6.2948e-03 1.7331e-01
6.2377e-03 1.7119e-01
6.1829e-03 1.6914e-01
6.1301e-03 1.6716e-01
6.0791e-03 1.6524e-01
6.0299e-03 1.6337e-01
5.9821e-03 1.6156e-01
5.9357e-03 1.5979e-01
5.8905e-03 1.5806e-01
5.8464e-03 1.5637e-01
5.8034e-03 1.5472e-01
5.7613e-03 1.5310e-01
5.7200e-03 1.5151e-01
5.6795e-03 1.4994e-01
5.6396e-03 1.4841e-01
5.6004e-03 1.4690e-01
5.5618e-03 1.4541e-01
5.5236e-03 1.4394e-01
5.4859e-03 1.4249e-01
5.4487e-03 1.4106e-01
5.4119e-03 1.3965e-01
5.3754e-03 1.3826e-01
5.3392e-03 1.3688e-01
5.3034e-03 1.3552e-01
5.2679e-03 1.3417e-01
5.2326e-03 1.3283e-01
5.1976e-03 1.3151e-01
5.1646e-03 1.3025e-01
5.1353e-03 1.2908e-01
5.1094e-03 1.2800e-01
5.0865e-03 1.2700e-01
5.0663e-03 1.2607e-01
5.0486e-03 1.2520e-01
5.0330e-03 1.2439e-01
5.0194e-03 1.2364e-01
5.0076e-03 1.2293e-01
4.9974e-03 1.2226e-01
4.9887e-03 1.2163e-01
4.9812e-03 1.2103e-01
4.9750e-03 1.2047e-01
4.9697e-03 1.1993e-01
4.9654e-03 1.1942e-01
4.9620e-03 1.1893e-01
4.9594e-03 1.1846e-01
4.9574e-03 1.1801e-01
4.9561e-03 1.1757e-01
4.9553e-03 1.1715e-01
4.9550e-03 1.1674e-01
4.9553e-03 1.1635e-01
4.9559e-03 1.1597e-01
4.9569e-03 1.1559e-01
4.9582e-03 1.1523e-01
4.9598e-03 1.1487e-01
4.9617e-03 1.1452e-01
4.9639e-03 1.1418e-01
4.9662e-03 1.1384e-01
4.9688e-03 1.1351e-01
4.9716e-03 1.1319e-01
4.9745e-03 1.1286e-01
4.9776e-03 1.1255e-01
4.9808e-03 1.1223e-01
4.9842e-03 1.1192e-01
4.9876e-03 1.1162e-01
4.9912e-03 1.1131e-01
4.9949e-03 1.1101e-01
4.9987e-03 1.1071e-01
5.0025e-03 1.1042e-01
5.0065e-03 1.1012e-01
5.0105e-03 1.0983e-01
5.0146e-03 1.0954e-01
5.0198e-03 1.0926e-01
5.0303e-03 1.0897e-01
5.0453e-03 1.0868e-01
5.0646e-03 1.0840e-01
5.0876e-03 1.0812e-01
5.1139e-03 1.0784e-01
5.1434e-03 1.0756e-01
5.1755e-03 1.0728e-01
5.2102e-03 1.0701e-01
5.2470e-03 1.0673e-01
5.2859e-03 1.0646e-01
5.3265e-03 1.0619e-01
5.3688e-03 1.0592e-01
5.4126e-03 1.0565e-01
5.4577e-03 1.0538e-01
5.5041e-03 1.0511e-01
5.5516e-03 1.0484e-01
5.6000e-03 1.0458e-01
5.6494e-03 1.0431e-01
5.6995e-03 1.0405e-01
5.7504e-03 1.0379e-01
5.8020e-03 1.0353e-01
5.8543e-03 1.0327e-01
5.9070e-03 1.0301e-01
5.9604e-03 1.0276e-01
6.0142e-03 1.0250e-01
6.0684e-03 1.0225e-01
6.1230e-03 1.0199e-01
6.1780e-03 1.0174e-01
6.2334e-03 1.0149e-01
6.2891e-03 1.0124e-01
6.3451e-03 1.0099e-01
6.4014e-03 1.0074e-01
6.4579e-03 1.0057e-01
6.5147e-03 1.0049e-01
6.5717e-03 1.0049e-01
6.6290e-03 1.0058e-01
6.6865e-03 1.0073e-01
6.7442e-03 1.0095e-01
6.8021e-03 1.0122e-01
6.8602e-03 1.0154e-01
6.9186e-03 1.0191e-01
6.9771e-03 1.0231e-01
7.0358e-03 1.0275e-01
7.0947e-03 1.0322e-01
7.1539e-03 1.0372e-01
7.2132e-03 1.0425e-01
7.2727e-03 1.0479e-01
7.3325e-03 1.0535e-01
7.3924e-03 1.0594e-01
7.4526e-03 1.0653e-01
7.5130e-03 1.0714e-01
7.5736e-03 1.0776e-01
7.6345e-03 1.0840e-01
7.6955e-03 1.0907e-01
7.7568e-03 1.0977e-01
7.8184e-03 1.1049e-01
7.8802e-03 1.1123e-01
7.9422e-03 1.1200e-01
8.0045e-03 1.1278e-01
8.0671e-03 1.1358e-01
8.1300e-03 1.1439e-01
8.1931e-03 1.1522e-01
8.2565e-03 1.1605e-01
8.3202e-03 1.1690e-01
8.3842e-03 1.1775e-01
8.4485e-03 1.1861e-01
8.5131e-03 1.1947e-01
8.5780e-03 1.2034e-01
8.6432e-03 1.2122e-01
8.7088e-03 1.2210e-01
8.7746e-03 1.2298e-01
8.8408e-03 1.2386e-01
8.9074e-03 1.2475e-01
8.9744e-03 1.2564e-01
9.0417e-03 1.2653e-01
9.1094e-03 1.2743e-01
9.1775e-03 1.2832e-01
9.2460e-03 1.2922e-01
9.3150e-03 1.3012e-01
9.3843e-03 1.3102e-01
9.4541e-03 1.3192e-01
9.5244e-03 1.3282e-01
9.5951e-03 1.3372e-01
9.6663e-03 1.3463e-01
9.7380e-03 1.3553e-01
9.8101e-03 1.3644e-01
9.8827e-03 1.3734e-01
9.9559e-03 1.3825e-01
1.0030e-02 1.3916e-01
1.0104e-02 1.4007e-01
1.0178e-02 1.4098e-01
1.0254e-02 1.4189e-01
1.0330e-02 1.4280e-01
1.0406e-02 1.4372e-01
1.0483e-02 1.4463e-01
1.0561e-02 1.4555e-01
1.0639e-02 1.4647e-01
1.0718e-02 1.4739e-01
1.0798e-02 1.4832e-01
1.0878e-02 1.4925e-01
1.0959e-02 1.5018e-01
1.1041e-02 1.5111e-01
1.1123e-02 1.5204e-01
1.1206e-02 1.5298e-01
1.1290e-02 1.5392e-01
1.1375e-02 1.5487e-01
1.1460e-02 1.5582e-01
1.1546e-02 1.5677e-01
1.1634e-02 1.5773e-01
1.1721e-02 1.5869e-01
1.1810e-02 1.5965e-01
1.1900e-02 1.6062e-01
1.1991e-02 1.6160e-01
1.2082e-02 1.6258e-01
1.2175e-02 1.6357e-01
1.2268e-02 1.6456e-01
1.2362e-02 1.6555e-01
1.2458e-02 1.6656e-01
1.2554e-02 1.6757e-01
1.2652e-02 1.6858e-01
1.2751e-02 1.6961e-01
1.2850e-02 1.7064e-01
1.2951e-02 1.7168e-01
1.3053e-02 1.7272e-01
1.3156e-02 1.7377e-01
1.3261e-02 1.7484e-01
1.3367e-02 1.7591e-01
1.3474e-02 1.7698e-01
1.3582e-02 1.7807e-01
1.3692e-02 1.7917e-01
1.3803e-02 1.8028e-01
1.3915e-02 1.8140e-01
1.4029e-02 1.8252e-01
1.4144e-02 1.8366e-01
1.4261e-02 1.8481e-01
1.4379e-02 1.8597e-01
1.4499e-02 1.8715e-01
1.4621e-02 1.8833e-01
1.4744e-02 1.8953e-01
1.4871e-02 1.9074e-01
1.5002e-02 1.9197e-01
1.5137e-02 1.9321e-01
1.5276e-02 1.9446e-01
1.5419e-02 1.9573e-01
1.5565e-02 1.9702e-01
1.5716e-02 1.9832e-01
1.5871e-02 1.9966e-01
1.6031e-02 2.0103e-01
1.6196e-02 2.0244e-01
1.6366e-02 2.0388e-01
1.6540e-02 2.0534e-01
1.6718e-02 2.0684e-01
1.6900e-02 2.0837e-01
1.7087e-02 2.0992e-01
1.7277e-02 2.1151e-01
1.7472e-02 2.1312e-01
1.7671e-02 2.1476e-01
1.7874e-02 2.1643e-01
1.8081e-02 2.1813e-01
1.8292e-02 2.1986e-01
1.8507e-02 2.2162e-01
1.8727e-02 2.2341e-01
1.8951e-02 2.2523e-01
1.9179e-02 2.2708e-01
1.9411e-02 2.2896e-01
1.9648e-02 2.3087e-01
1.9889e-02 2.3281e-01
2.0135e-02 2.3479e-01
2.0386e-02 2.3681e-01
2.0641e-02 2.3885e-01
2.0901e-02 2.4094e-01
2.1166e-02 2.4306e-01
2.1437e-02 2.4521e-01
2.1713e-02 2.4741e-01
2.1994e-02 2.4964e-01
2.2280e-02 2.5192e-01
2.2573e-02 2.5424e-01
2.2871e-02 2.5660e-01
2.3176e-02 2.5901e-01
2.3486e-02 2.6146e-01
2.3803e-02 2.6396e-01
2.4127e-02 2.6651e-01
2.4457e-02 2.6911e-01
2.4794e-02 2.7176e-01
2.5139e-02 2.7446e-01
2.5491e-02 2.7722e-01
2.5851e-02 2.8004e-01
2.6218e-02 2.8291e-01
2.6594e-02 2.8585e-01
2.6979e-02 2.8885e-01
2.7372e-02 2.9191e-01
2.7774e-02 2.9504e-01
2.8185e-02 2.9824e-01
2.8606e-02 3.0152e-01
2.9037e-02 3.0486e-01
2.9479e-02 3.0828e-01
2.9931e-02 3.1178e-01
3.0394e-02 3.1537e-01
3.0869e-02 3.1904e-01
3.1355e-02 3.2280e-01
3.1854e-02 3.2665e-01
3.2366e-02 3.3059e-01
3.2891e-02 3.3464e-01
3.3430e-02 3.3878e-01
3.3983e-02 3.4303e-01
3.4551e-02 3.4739e-01
3.5134e-02 3.5187e-01
3.5733e-02 3.5646e-01
3.6348e-02 3.6117e-01
3.6981e-02 3.6601e-01
3.7632e-02 3.7099e-01
3.8301e-02 3.7610e-01
3.8990e-02 3.8135e-01
3.9699e-02 3.8676e-01
4.0428e-02 3.9231e-01
4.1180e-02 3.9803e-01
4.1955e-02 4.0392e-01
4.2753e-02 4.0998e-01
4.3576e-02 4.1622e-01
4.4425e-02 4.2266e-01
4.5301e-02 4.2929e-01
4.6205e-02 4.3613e-01
4.7139e-02 4.4319e-01
4.8104e-02 4.5047e-01
4.9101e-02 4.5799e-01
5.0132e-02 4.6576e-01
5.1198e-02 4.7378e-01
5.2302e-02 4.8208e-01
5.3444e-02 4.9066e-01
5.4628e-02 4.9955e-01
5.5855e-02 5.0874e-01
5.7126e-02 5.1826e-01
5.8445e-02 5.2813e-01
5.9814e-02 5.3836e-01
6.1235e-02 5.4896e-01
6.2711e-02 5.5997e-01
6.4246e-02 5.7139e-01
6.5841e-02 5.8326e-01
6.7502e-02 5.9560e-01
6.9230e-02 6.0843e-01
7.1031e-02 6.2178e-01
7.2907e-02 6.3567e-01
7.4865e-02 6.5015e-01
7.6908e-02 6.6524e-01
7.9042e-02 6.8098e-01
8.1271e-02 6.9741e-01
8.3603e-02 7.1457e-01
8.6043e-02 7.3250e-01
8.8599e-02 7.5126e-01
9.1277e-02 7.7089e-01
9.4086e-02 7.9146e-01
9.7034e-02 8.1302e-01
1.0013e-01 8.3564e-01
1.0339e-01 8.5938e-01
1.0682e-01 8.8435e-01
1.1043e-01 9.1060e-01
1.1423e-01 9.3823e-01
1.1825e-01 9.6734e-01
1.2249e-01 9.9805e-01
1.2697e-01 1.0305e+00
1.3171e-01 1.0647e+00
1.3674e-01 1.1009e+00
1.4207e-01 1.1393e+00
1.4773e-01 1.1800e+00
1.5374e-01 1.2231e+00
1.6014e-01 1.2690e+00
1.6696e-01 1.3177e+00
1.7423e-01 1.3697e+00
1.8199e-01 1.4251e+00
1.9030e-01 1.4842e+00
1.9919e-01 1.5474e+00
2.0872e-01 1.6150e+00
2.1896e-01 1.6875e+00
2.2996e-01 1.7653e+00
2.4181e-01 1.8490e+00
2.5459e-01 1.9390e+00
2.6838e-01 2.0360e+00
2.8329e-01 2.1408e+00
2.9944e-01 2.2539e+00
3.1695e-01 2.3765e+00
3.3596e-01 2.5092e+00
3.5662e-01 2.6532e+00
3.7911e-01 2.8097e+00
4.0360e-01 2.9797e+00
4.3031e-01 3.1648e+00
4.5945e-01 3.3664e+00
4.9127e-01 3.5860e+00
5.2600e-01 3.8253e+00
5.6390e-01 4.0859e+00
6.0523e-01 4.3694e+00
6.5025e-01 4.6776e+00
6.9917e-01 5.0118e+00
7.5218e-01 5.3731e+00
8.0941e-01 5.7623e+00
8.7091e-01 6.1796e+00
9.3663e-01 6.6244e+00
1.0064e+00 7.0953e+00
1.0798e+00 7.5898e+00
1.1564e+00 8.1045e+00
1.2356e+00 8.6349e+00
1.3166e+00 9.1755e+00
1.3984e+00 9.7202e+00
1.4802e+00 1.0263e+01
1.5610e+00 1.0797e+01
1.6400e+00 1.1317e+01
1.7163e+00 1.1817e+01
1.7893e+00 1.2293e+01
1.8585e+00 1.2742e+01
1.9235e+00 1.3162e+01
1.9842e+00 1.3550e+01
2.0403e+00 1.3907e+01
2.0920e+00 1.4233e+01
2.1393e+00 1.4528e+01
2.1824e+00 1.4793e+01
2.2215e+00 1.5031e+01
2.2567e+00 1.5243e+01
2.2884e+00 1.5430e+01
2.3169e+00 1.5594e+01
2.3423e+00 1.5738e+01
2.3649e+00 1.5862e+01
2.3850e+00 1.5969e+01
2.4027e+00 1.6060e+01
2.4183e+00 1.6136e+01
2.4319e+00 1.6198e+01
2.4438e+00 1.6249e+01
2.4541e+00 1.6289e+01
2.4630e+00 1.6319e+01
2.4705e+00 1.6339e+01
2.4769e+00 1.6352e+01
2.4822e+00 1.6358e+01
2.4865e+00 1.6357e+01
2.4900e+00 1.6350e+01
2.4927e+00 1.6338e+01
2.4947e+00 1.6320e+01
2.4960e+00 1.6299e+01
2.4968e+00 1.6274e+01
2.4970e+00 1.6245e+01
2.4968e+00 1.6212e+01
2.4961e+00 1.6177e+01
2.4950e+00 1.6139e+01
2.4935e+00 1.6099e+01
2.4917e+00 1.6056e+01
2.4896e+00 1.6011e+01
2.4872e+00 1.5965e+01
2.4846e+00 1.5917e+01
2.4817e+00 1.5868e+01
2.4787e+00 1.5817e+01
2.4755e+00 1.5765e+01
2.4721e+00 1.5712e+01
2.4685e+00 1.5658e+01
2.4648e+00 1.5603e+01
2.4610e+00 1.5547e+01
2.4570e+00 1.5490e+01
2.4529e+00 1.5433e+01
2.4487e+00 1.5375e+01
2.4443e+00 1.5316e+01
2.4399e+00 1.5256e+01
2.4354e+00 1.5196e+01
2.4308e+00 1.5136e+01
2.4261e+00 1.5075e+01
2.4214e+00 1.5014e+01
2.4166e+00 1.4953e+01
2.4117e+00 1.4891e+01
2.4068e+00 1.4829e+01
2.4017e+00 1.4766e+01
2.3967e+00 1.4703e+01
2.3915e+00 1.4639e+01
2.3863e+00 1.4576e+01
2.3810e+00 1.4512e+01
2.3757e+00 1.4448e+01
2.3703e+00 1.4384e+01
2.3649e+00 1.4319e+01
2.3594e+00 1.4254e+01
2.3539e+00 1.4189e+01
2.3484e+00 1.4124e+01
2.3428e+00 1.4059e+01
2.3372e+00 1.3994e+01
2.3315e+00 1.3928e+01
2.3257e+00 1.3862e+01
2.3199e+00 1.3796e+01
2.3140e+00 1.3729e+01
2.3081e+00 1.3663e+01
2.3022e+00 1.3596e+01
2.2963e+00 1.3530e+01
2.2902e+00 1.3463e+01
2.2842e+00 1.3396e+01
2.2781e+00 1.3329e+01
2.2720e+00 1.3262e+01
2.2658e+00 1.3194e+01
2.2595e+00 1.3126e+01
2.2532e+00 1.3059e+01
2.2469e+00 1.2991e+01
2.2405e+00 1.2923e+01
2.2341e+00 1.2854e+01
2.2276e+00 1.2786e+01
2.2210e+00 1.2718e+01
2.2145e+00 1.2649e+01
2.2078e+00 1.2580e+01
2.2012e+00 1.2511e+01
2.1944e+00 1.2442e+01
2.1876e+00 1.2372e+01
2.1808e+00 1.2303e+01
2.1738e+00 1.2233e+01
2.1669e+00 1.2163e+01
2.1599e+00 1.2093e+01
2.1528e+00 1.2023e+01
2.1457e+00 1.1953e+01
2.1386e+00 1.1883e+01
2.1314e+00 1.1812e+01
2.1241e+00 1.1741e+01
2.1168e+00 1.1671e+01
2.1094e+00 1.1600e+01
2.1019e+00 1.1528e+01
2.0944e+00 1.1457e+01
2.0868e+00 1.1385e+01
2.0792e+00 1.1314e+01
2.0715e+00 1.1242e+01
2.0637e+00 1.1170e+01
2.0559e+00 1.1098e+01
2.0481e+00 1.1025e+01
2.0401e+00 1.0953e+01
2.0322e+00 1.0880e+01
2.0242e+00 1.0808e+01
2.0161e+00 1.0735e+01
2.0079e+00 1.0662e+01
1.9997e+00 1.0588e+01
1.9914e+00 1.0515e+01
1.9831e+00 1.0442e+01
1.9747e+00 1.0369e+01
1.9663e+00 1.0295e+01
1.9578e+00 1.0222e+01
1.9492e+00 1.0148e+01
1.9406e+00 1.0074e+01
1.9319e+00 1.0000e+01
1.9231e+00 9.9259e+00
1.9143e+00 9.8516e+00
1.9054e+00 9.7771e+00
1.8964e+00 9.7025e+00
1.8874e+00 9.6278e+00
1.8783e+00 9.5529e+00
1.8691e+00 9.4778e+00
1.8598e+00 9.4026e+00
1.8505e+00 9.3273e+00
1.8411e+00 9.2518e+00
1.8317e+00 9.1762e+00
1.8221e+00 9.1005e+00
1.8125e+00 9.0246e+00
1.8029e+00 8.9487e+00
1.7931e+00 8.8727e+00
1.7833e+00 8.7966e+00
1.7735e+00 8.7203e+00
1.7635e+00 8.6440e+00
1.7535e+00 8.5674e+00
1.7433e+00 8.4907e+00
1.7331e+00 8.4139e+00
1.7228e+00 8.3370e+00
1.7125e+00 8.2600e+00
1.7021e+00 8.1829e+00
1.6916e+00 8.1058e+00
1.6810e+00 8.0286e+00
1.6703e+00 7.9513e+00
1.6596e+00 7.8738e+00
1.6488e+00 7.7963e+00
1.6379e+00 7.7187e+00
1.6269e+00 7.6410e+00
1.6158e+00 7.5633e+00
1.6047e+00 7.4855e+00
1.5935e+00 7.4077e+00
1.5822e+00 7.3298e+00
1.5708e+00 7.2517e+00
1.5593e+00 7.1737e+00
1.5477e+00 7.0956e+00
1.5361e+00 7.0174e+00
1.5244e+00 6.9392e+00
1.5125e+00 6.8609e+00
1.5006e+00 6.7825e+00
1.4886e+00 6.7042e+00
1.4766e+00 6.6258e+00
1.4644e+00 6.5475e+00
1.4522e+00 6.4691e+00
1.4399e+00 6.3906e+00
1.4274e+00 6.3121e+00
1.4149e+00 6.2335e+00
1.4023e+00 6.1549e+00
1.3896e+00 6.0763e+00
1.3768e+00 5.9976e+00
1.3639e+00 5.9190e+00
1.3510e+00 5.8404e+00
1.3379e+00 5.7619e+00
1.3247e+00 5.6833e+00
1.3115e+00 5.6048e+00
1.2982e+00 5.5263e+00
1.2848e+00 5.4479e+00
1.2713e+00 5.3695e+00
1.2577e+00 5.2911e+00
1.2440e+00 5.2128e+00
1.2302e+00 5.1346e+00
1.2164e+00 5.0564e+00
1.2025e+00 4.9784e+00
1.1884e+00 4.9004e+00
1.1743e+00 4.8224e+00
1.1601e+00 4.7445e+00
1.1458e+00 4.6668e+00
1.1314e+00 4.5891e+00
1.1168e+00 4.5114e+00
1.1022e+00 4.4339e+00
1.0876e+00 4.3565e+00
1.0728e+00 4.2793e+00
1.0580e+00 4.2022e+00
1.0430e+00 4.1252e+00
1.0280e+00 4.0485e+00
1.0129e+00 3.9719e+00
9.9773e-01 3.8955e+00
9.8246e-01 3.8193e+00
9.6710e-01 3.7433e+00
9.5167e-01 3.6674e+00
9.3615e-01 3.5918e+00
9.2056e-01 3.5164e+00
9.0488e-01 3.4412e+00
8.8914e-01 3.3663e+00
8.7332e-01 3.2917e+00
8.5744e-01 3.2174e+00
8.4150e-01 3.1433e+00
8.2549e-01 3.0696e+00
8.0942e-01 2.9963e+00
7.9330e-01 2.9232e+00
7.7713e-01 2.8506e+00
7.6091e-01 2.7783e+00
7.4465e-01 2.7065e+00
7.2835e-01 2.6350e+00
7.1200e-01 2.5640e+00
6.9563e-01 2.4934e+00
6.7923e-01 2.4233e+00
6.6281e-01 2.3537e+00
6.4637e-01 2.2847e+00
6.2992e-01 2.2161e+00
6.1348e-01 2.1482e+00
5.9706e-01 2.0809e+00
5.8065e-01 2.0142e+00
5.6427e-01 1.9482e+00
5.4793e-01 1.8829e+00
5.3164e-01 1.8184e+00
5.1541e-01 1.7546e+00
4.9934e-01 1.6918e+00
4.8355e-01 1.6306e+00
4.6801e-01 1.5707e+00
4.5269e-01 1.5121e+00
4.3760e-01 1.4547e+00
4.2272e-01 1.3985e+00
4.0804e-01 1.3435e+00
3.9355e-01 1.2896e+00
3.7926e-01 1.2368e+00
3.6517e-01 1.1852e+00
3.5127e-01 1.1347e+00
3.3758e-01 1.0853e+00
3.2410e-01 1.0371e+00
3.1085e-01 9.8999e-01
2.9782e-01 9.4408e-01
2.8504e-01 8.9936e-01
2.7251e-01 8.5585e-01
2.6025e-01 8.1358e-01
2.4827e-01 7.7257e-01
2.3657e-01 7.3283e-01
2.2518e-01 6.9439e-01
2.1409e-01 6.5725e-01
2.0333e-01 6.2144e-01
1.9289e-01 5.8695e-01
1.8280e-01 5.5379e-01
1.7305e-01 5.2197e-01
1.6364e-01 4.9148e-01
1.5459e-01 4.6231e-01
1.4589e-01 4.3444e-01
1.3755e-01 4.0788e-01
1.2956e-01 3.8259e-01
1.2193e-01 3.5854e-01
1.1464e-01 3.3572e-01
1.0770e-01 3.1410e-01
1.0109e-01 2.9363e-01
9.4817e-02 2.7429e-01
8.8864e-02 2.5604e-01
8.3226e-02 2.3884e-01
7.7892e-02 2.2264e-01
7.2853e-02 2.0741e-01
6.8099e-02 1.9311e-01
6.3618e-02 1.7970e-01
5.9399e-02 1.6713e-01
5.5432e-02 1.5536e-01
5.1706e-02 1.4435e-01
4.8208e-02 1.3407e-01
4.4929e-02 1.2446e-01
4.1857e-02 1.1551e-01
3.8981e-02 1.0715e-01
3.6291e-02 9.9376e-02
3.3776e-02 9.2135e-02
3.1428e-02 8.5398e-02
2.9236e-02 7.9136e-02
2.7191e-02 7.3316e-02
2.5284e-02 6.7912e-02
2.3507e-02 6.2895e-02
2.1852e-02 5.8241e-02
2.0311e-02 5.3924e-02
1.8878e-02 4.9923e-02
1.7544e-02 4.6214e-02
1.6303e-02 4.2779e-02
1.5150e-02 3.9597e-02
1.4078e-02 3.6651e-02
1.3083e-02 3.3924e-02
1.2158e-02 3.1401e-02
1.1299e-02 2.9067e-02
1.0502e-02 2.6907e-02
9.7612e-03 2.4910e-02
9.0740e-03 2.3063e-02
8.4362e-03 2.1355e-02
7.8443e-03 1.9776e-02
7.2951e-03 1.8316e-02
6.7854e-03 1.6967e-02
6.3126e-03 1.5719e-02
5.8739e-03 1.4566e-02
5.4668e-03 1.3500e-02
5.0891e-03 1.2515e-02
4.7387e-03 1.1605e-02
4.4135e-03 1.0763e-02
4.1118e-03 9.9848e-03
3.8317e-03 9.2654e-03
3.5718e-03 8.6003e-03
3.3305e-03 7.9852e-03
3.1066e-03 7.4164e-03
2.8986e-03 6.8903e-03
2.7055e-03 6.4037e-03
2.5261e-03 5.9535e-03
2.3595e-03 5.5369e-03
2.2047e-03 5.1513e-03
2.0608e-03 4.7944e-03
1.9271e-03 4.4639e-03
1.8027e-03 4.1579e-03
1.6871e-03 3.8744e-03
1.5795e-03 3.6118e-03
1.4794e-03 3.3684e-03
1.3863e-03 3.1428e-03
1.2995e-03 2.9336e-03
1.2188e-03 2.7396e-03
1.1435e-03 2.5595e-03
1.0734e-03 2.3925e-03
1.0081e-03 2.2373e-03
9.4711e-04 2.0933e-03
8.9026e-04 1.9595e-03
8.3720e-04 1.8351e-03
7.8767e-04 1.7195e-03
7.4142e-04 1.6119e-03
6.9821e-04 1.5119e-03
6.5783e-04 1.4188e-03
6.2007e-04 1.3321e-03
5.8475e-04 1.2513e-03
5.5171e-04 1.1761e-03
5.2077e-04 1.1059e-03
4.9179e-04 1.0404e-03
4.6464e-04 9.7937e-04
4.3919e-04 9.2236e-04
4.1532e-04 8.6911e-04
3.9293e-04 8.1935e-04
3.7191e-04 7.7284e-04
3.5216e-04 7.2933e-04
3.3361e-04 6.8861e-04
3.1617e-04 6.5049e-04
2.9977e-04 6.1477e-04
2.8434e-04 5.8130e-04
2.6980e-04 5.4991e-04
2.5612e-04 5.2046e-04
2.4322e-04 4.9282e-04
2.3105e-04 4.6685e-04
2.1958e-04 4.4244e-04
2.0874e-04 4.1949e-04
1.9851e-04 3.9789e-04
1.8884e-04 3.7756e-04
1.7970e-04 3.5841e-04
1.7106e-04 3.4036e-04
1.6287e-04 3.2334e-04
1.5512e-04 3.0727e-04
1.4777e-04 2.9210e-04
1.4081e-04 2.7776e-04
1.3420e-04 2.6421e-04
1.2793e-04 2.5139e-04
1.2197e-04 2.3925e-04
1.1631e-04 2.2775e-04
1.1092e-04 2.1684e-04
1.0580e-04 2.0650e-04
1.0092e-04 1.9668e-04
9.6274e-05 1.8736e-04
9.1853e-05 1.7851e-04
8.7645e-05 1.7012e-04
8.3637e-05 1.6214e-04
7.9817e-05 1.5456e-04
7.6173e-05 1.4734e-04
7.2694e-05 1.4047e-04
6.9371e-05 1.3393e-04
6.6193e-05 1.2768e-04
6.3153e-05 1.2172e-04
6.0242e-05 1.1602e-04
5.7452e-05 1.1057e-04
5.4776e-05 1.0535e-04
5.2207e-05 1.0035e-04
4.9739e-05 9.5563e-05
4.7367e-05 9.0964e-05
4.5085e-05 8.6545e-05
4.2886e-05 8.2297e-05
4.0768e-05 7.8208e-05
3.8728e-05 7.4277e-05
3.6866e-05 7.0691e-05
3.5167e-05 6.7421e-05
3.3615e-05 6.4437e-05
3.2196e-05 6.1712e-05
3.0898e-05 5.9220e-05
2.9708e-05 5.6940e-05
2.8617e-05 5.4852e-05
2.7616e-05 5.2937e-05
2.6695e-05 5.1181e-05
2.5848e-05 4.9567e-05
2.5068e-05 4.8082e-05
2.4348e-05 4.6715e-05
2.3683e-05 4.5455e-05
2.3068e-05 4.4292e-05
2.2498e-05 4.3217e-05
2.1970e-05 4.2222e-05
2.1479e-05 4.1301e-05
2.1023e-05 4.0445e-05
2.0597e-05 3.9651e-05
2.0201e-05 3.8911e-05
1.9830e-05 3.8222e-05
1.9482e-05 3.7580e-05
1.9157e-05 3.6979e-05
1.8851e-05 3.6416e-05
1.8563e-05 3.5889e-05
1.8292e-05 3.5394e-05
1.8037e-05 3.4929e-05
1.7795e-05 3.4491e-05
1.7566e-05 3.4077e-05
1.7367e-05 3.3723e-05
1.7293e-05 3.3614e-05
1.7333e-05 3.3728e-05
1.7476e-05 3.4044e-05
1.7711e-05 3.4543e-05
1.8031e-05 3.5210e-05
1.8428e-05 3.6028e-05
1.8894e-05 3.6986e-05
1.9424e-05 3.8072e-05
2.0013e-05 3.9275e-05
2.0655e-05 4.0588e-05
2.1347e-05 4.2000e-05
2.2085e-05 4.3507e-05
2.2866e-05 4.5101e-05
2.3687e-05 4.6778e-05
2.4546e-05 4.8533e-05
2.5440e-05 5.0361e-05
2.6368e-05 5.2259e-05
2.7328e-05 5.4225e-05
2.8319e-05 5.6256e-05
2.9340e-05 5.8350e-05
3.0390e-05 6.0507e-05
3.1468e-05 6.2724e-05
3.2575e-05 6.5002e-05
3.3710e-05 6.7340e-05
3.4872e-05 6.9737e-05
3.6061e-05 7.2194e-05
3.7278e-05 7.4712e-05
3.8523e-05 7.7290e-05
3.9797e-05 7.9930e-05
4.1098e-05 8.2633e-05
4.2429e-05 8.5399e-05
4.3789e-05 8.8231e-05
4.5180e-05 9.1129e-05
4.6601e-05 9.4096e-05
4.8054e-05 9.7133e-05
4.9540e-05 1.0024e-04
5.1059e-05 1.0343e-04
5.2613e-05 1.0669e-04
5.4203e-05 1.1003e-04
5.5829e-05 1.1345e-04
5.7493e-05 1.1695e-04
5.9196e-05 1.2054e-04
6.0940e-05 1.2423e-04
6.2725e-05 1.2800e-04
6.4554e-05 1.3187e-04
6.6427e-05 1.3585e-04
6.8348e-05 1.3992e-04
7.0316e-05 1.4411e-04
7.2335e-05 1.4840e-04
7.4405e-05 1.5281e-04
7.6529e-05 1.5734e-04
7.8709e-05 1.6199e-04
8.0947e-05 1.6677e-04
8.3245e-05 1.7169e-04
8.5606e-05 1.7674e-04
8.8031e-05 1.8194e-04
9.0523e-05 1.8728e-04
9.3086e-05 1.9278e-04
9.5721e-05 1.9845e-04
9.8431e-05 2.0427e-04
1.0122e-04 2.1027e-04
1.0409e-04 2.1645e-04
1.0704e-04 2.2282e-04
1.1009e-04 2.2938e-04
1.1322e-04 2.3615e-04
1.1645e-04 2.4312e-04
1.1977e-04 2.5031e-04
1.2320e-04 2.5773e-04
1.2673e-04 2.6538e-04
1.3038e-04 2.7327e-04
1.3414e-04 2.8141e-04
1.3802e-04 2.8982e-04
1.4202e-04 2.9849e-04
1.4616e-04 3.0745e-04
1.5042e-04 3.1670e-04
1.5483e-04 3.2626e-04
1.5938e-04 3.3615e-04
1.6409e-04 3.4636e-04
1.6896e-04 3.5692e-04
1.7399e-04 3.6785e-04
1.7919e-04 3.7915e-04
1.8457e-04 3.9085e-04
1.9014e-04 4.0296e-04
1.9591e-04 4.1551e-04
2.0187e-04 4.2850e-04
2.0806e-04 4.4196e-04
2.1446e-04 4.5592e-04
2.2110e-04 4.7038e-04
2.2798e-04 4.8539e-04
2.3511e-04 5.0095e-04
2.4251e-04 5.1710e-04
2.5018e-04 5.3387e-04
2.5815e-04 5.5127e-04
2.6641e-04 5.6935e-04
2.7500e-04 5.8813e-04
2.8391e-04 6.0764e-04
2.9317e-04 6.2792e-04
3.0279e-04 6.4902e-04
3.1280e-04 6.7095e-04
3.2319e-04 6.9378e-04
3.3401e-04 7.1753e-04
3.4526e-04 7.4226e-04
3.5697e-04 7.6802e-04
3.6916e-04 7.9485e-04
3.8185e-04 8.2281e-04
3.9507e-04 8.5195e-04
4.0885e-04 8.8235e-04
4.2320e-04 9.1405e-04
4.3817e-04 9.4714e-04
4.5379e-04 9.8167e-04
4.7007e-04 1.0177e-03
4.8707e-04 1.0554e-03
5.0482e-04 1.0947e-03
5.2336e-04 1.1359e-03
5.4272e-04 1.1789e-03
5.6295e-04 1.2239e-03
5.8411e-04 1.2710e-03
6.0623e-04 1.3203e-03
6.2937e-04 1.3719e-03
6.5359e-04 1.4259e-03
6.7894e-04 1.4826e-03
7.0549e-04 1.5420e-03
7.3331e-04 1.6043e-03
7.6247e-04 1.6696e-03
7.9303e-04 1.7382e-03
8.2509e-04 1.8103e-03
8.5873e-04 1.8860e-03
8.9404e-04 1.9655e-03
9.3112e-04 2.0491e-03
9.7006e-04 2.1370e-03
1.0110e-03 2.2296e-03
1.0540e-03 2.3270e-03
1.0993e-03 2.4296e-03
1.1469e-03 2.5377e-03
1.1970e-03 2.6516e-03
1.2498e-03 2.7718e-03
1.3055e-03 2.8986e-03
1.3641e-03 3.0325e-03
1.4260e-03 3.1738e-03
1.4912e-03 3.3232e-03
1.5601e-03 3.4812e-03
1.6328e-03 3.6482e-03
1.7096e-03 3.8250e-03
1.7908e-03 4.0122e-03
1.8767e-03 4.2105e-03
1.9676e-03 4.4208e-03
2.0638e-03 4.6437e-03
2.1657e-03 4.8803e-03
2.2737e-03 5.1315e-03
2.3883e-03 5.3984e-03
2.5098e-03 5.6821e-03
2.6387e-03 5.9838e-03
2.7757e-03 6.3049e-03
2.9213e-03 6.6469e-03
3.0761e-03 7.0114e-03
3.2408e-03 7.4000e-03
3.4162e-03 7.8147e-03
3.6030e-03 8.2575e-03
3.8021e-03 8.7306e-03
4.0145e-03 9.2365e-03
4.2412e-03 9.7777e-03
4.4833e-03 1.0357e-02
4.7421e-03 1.0978e-02
5.0189e-03 1.1644e-02
5.3151e-03 1.2359e-02
5.6324e-03 1.3127e-02
5.9725e-03 1.3952e-02
6.3373e-03 1.4840e-02
6.7289e-03 1.5796e-02
7.1496e-03 1.6826e-02
7.6019e-03 1.7936e-02
8.0887e-03 1.9136e-02
8.6129e-03 2.0432e-02
9.1779e-03 2.1833e-02
9.7875e-03 2.3350e-02
1.0446e-02 2.4995e-02
1.1157e-02 2.6778e-02
1.1927e-02 2.8715e-02
1.2760e-02 3.0821e-02
1.3664e-02 3.3112e-02
1.4644e-02 3.5608e-02
1.5709e-02 3.8330e-02
1.6866e-02 4.1302e-02
1.8126e-02 4.4551e-02
1.9499e-02 4.8106e-02
2.0996e-02 5.2003e-02
2.2632e-02 5.6278e-02
2.4420e-02 6.0975e-02
2.6378e-02 6.6143e-02
2.8523e-02 7.1836e-02
3.0878e-02 7.8115e-02
3.3466e-02 8.5053e-02
3.6313e-02 9.2728e-02
3.9450e-02 1.0123e-01
4.2912e-02 1.1067e-01
4.6736e-02 1.2116e-01
5.0967e-02 1.3283e-01
5.5655e-02 1.4585e-01
6.0856e-02 1.6038e-01
6.6635e-02 1.7662e-01
7.3067e-02 1.9483e-01
8.0234e-02 2.1525e-01
8.8234e-02 2.3819e-01
9.7176e-02 2.6401e-01
1.0719e-01 2.9312e-01
1.1841e-01 3.2597e-01
1.3100e-01 3.6311e-01
1.4516e-01 4.0514e-01
1.6109e-01 4.5276e-01
1.7903e-01 5.0679e-01
1.9927e-01 5.6814e-01
2.2211e-01 6.3784e-01
2.4791e-01 7.1706e-01
2.7705e-01 8.0711e-01
3.0996e-01 9.0942e-01
3.4713e-01 1.0256e+00
3.8909e-01 1.1573e+00
4.3640e-01 1.3065e+00
4.8968e-01 1.4750e+00
5.4958e-01 1.6649e+00
6.1676e-01 1.8781e+00
6.9190e-01 2.1165e+00
7.7570e-01 2.3820e+00
8.6881e-01 2.6762e+00
9.7184e-01 3.0002e+00
1.0854e+00 3.3553e+00
1.2100e+00 3.7418e+00
1.3459e+00 4.1600e+00
1.4936e+00 4.6096e+00
1.6533e+00 5.0896e+00
1.8250e+00 5.5989e+00
2.0087e+00 6.1356e+00
2.2043e+00 6.6973e+00
2.4112e+00 7.2808e+00
2.6287e+00 7.8822e+00
2.8557e+00 8.4969e+00
3.0907e+00 9.1189e+00
3.3319e+00 9.7423e+00
3.5770e+00 1.0359e+01
3.8231e+00 1.0961e+01
4.0676e+00 1.1541e+01
4.3078e+00 1.2093e+01
4.5424e+00 1.2612e+01
4.7719e+00 1.3100e+01
4.9984e+00 1.3562e+01
5.2269e+00 1.4009e+01
5.4632e+00 1.4452e+01
5.7140e+00 1.4904e+01
5.9847e+00 1.5374e+01
6.2793e+00 1.5868e+01
6.6011e+00 1.6391e+01
6.9513e+00 1.6942e+01
7.3299e+00 1.7520e+01
7.7364e+00 1.8121e+01
8.1709e+00 1.8743e+01
8.6319e+00 1.9383e+01
9.1183e+00 2.0037e+01
9.6304e+00 2.0704e+01
1.0166e+01 2.1380e+01
1.0724e+01 2.2061e+01
1.1304e+01 2.2748e+01
1.1907e+01 2.3441e+01
1.2529e+01 2.4134e+01
1.3171e+01 2.4828e+01
1.3827e+01 2.5520e+01
1.4496e+01 2.6211e+01
1.5176e+01 2.6898e+01
1.5867e+01 2.7580e+01
1.6565e+01 2.8256e+01
1.7270e+01 2.8929e+01
1.7978e+01 2.9593e+01
1.8687e+01 3.0250e+01
1.9399e+01 3.0901e+01
2.0111e+01 3.1543e+01
2.0820e+01 3.2176e+01
2.1527e+01 3.2800e+01
2.2229e+01 3.3413e+01
2.2927e+01 3.4018e+01
2.3614e+01 3.4611e+01
2.4293e+01 3.5196e+01
2.4955e+01 3.5767e+01
2.5601e+01 3.6328e+01
2.6231e+01 3.6879e+01
2.6842e+01 3.7418e+01
2.7434e+01 3.7949e+01
2.8005e+01 3.8466e+01
2.8553e+01 3.8972e+01
2.9077e+01 3.9468e+01
2.9576e+01 3.9951e+01
3.0052e+01 4.0425e+01
3.0504e+01 4.0886e+01
3.0932e+01 4.1336e+01
3.1339e+01 4.1776e+01
3.1723e+01 4.2203e+01
3.2089e+01 4.2622e+01
3.2433e+01 4.3027e+01
3.2756e+01 4.3424e+01
3.3059e+01 4.3808e+01
3.3344e+01 4.4184e+01
3.3611e+01 4.4548e+01
3.3859e+01 4.4901e+01
3.4093e+01 4.5248e+01
3.4308e+01 4.5580e+01
3.4509e+01 4.5904e+01
3.4697e+01 4.6220e+01
3.4871e+01 4.6525e+01
3.5034e+01 4.6821e+01
3.5183e+01 4.7107e+01
3.5322e+01 4.7385e+01
3.5451e+01 4.7654e+01
3.5571e+01 4.7916e+01
3.5681e+01 4.8169e+01
3.5781e+01 4.8411e+01
3.5874e+01 4.8647e+01
3.5959e+01 4.8874e+01
3.6038e+01 4.9094e+01
3.6106e+01 4.9302e+01
3.6171e+01 4.9506e+01
3.6228e+01 4.9700e+01
3.6282e+01 4.9891e+01
3.6329e+01 5.0073e+01
3.6373e+01 5.0249e+01
3.6412e+01 5.0417e+01
3.6447e+01 5.0577e+01
3.6479e+01 5.0733e+01
3.6506e+01 5.0880e+01
3.6534e+01 5.1027e+01
3.6556e+01 5.1163e+01
3.6576e+01 5.1295e+01
3.6592e+01 5.1419e+01
3.6610e+01 5.1541e+01
3.6623e+01 5.1656e+01
3.6637e+01 5.1767e+01
3.6645e+01 5.1869e+01
3.6654e+01 5.1969e+01
3.6662e+01 5.2063e+01
3.6667e+01 5.2151e+01
3.6672e+01 5.2236e+01
3.6676e+01 5.2316e+01
3.6679e+01 5.2392e+01
3.6681e+01 5.2462e+01
3.6683e+01 5.2529e+01
3.6685e+01 5.2594e+01
3.6687e+01 5.2655e+01
3.6688e+01 5.2710e+01
3.6691e+01 5.2766e+01
3.6691e+01 5.2814e+01
3.6693e+01 5.2861e+01
3.6692e+01 5.2900e+01
3.6694e+01 5.2940e+01
3.6695e+01 5.2975e+01
3.6697e+01 5.3009e+01
3.6699e+01 5.3038e+01
3.6701e+01 5.3065e+01
3.6703e+01 5.3089e+01
3.6706e+01 5.3110e+01
3.6708e+01 5.3127e+01
3.6710e+01 5.3142e+01
3.6716e+01 5.3158e+01
3.6719e+01 5.3168e+01
3.6725e+01 5.3177e+01
3.6730e+01 5.3183e+01
3.6735e+01 5.3187e+01
3.6741e+01 5.3189e+01
3.6746e+01 5.3188e+01
3.6753e+01 5.3186e+01
3.6760e+01 5.3182e+01
3.6768e+01 5.3176e+01
3.6777e+01 5.3170e+01
3.6787e+01 5.3163e+01
3.6796e+01 5.3152e+01
3.6806e+01 5.3140e+01
3.6816e+01 5.3125e+01
3.6828e+01 5.3110e+01
3.6837e+01 5.3090e+01
3.6849e+01 5.3072e+01
3.6861e+01 5.3052e+01
3.6874e+01 5.3031e+01
3.6886e+01 5.3007e+01
3.6900e+01 5.2985e+01
3.6914e+01 5.2959e+01
3.6928e+01 5.2933e+01
3.6944e+01 5.2907e+01
3.6959e+01 5.2879e+01
3.6974e+01 5.2849e+01
3.6991e+01 5.2820e+01
3.7008e+01 5.2790e+01
3.7024e+01 5.2756e+01
3.7042e+01 5.2724e+01
3.7059e+01 5.2690e+01
3.7076e+01 5.2654e+01
3.7095e+01 5.2619e+01
3.7114e+01 5.2583e+01
3.7132e+01 5.2545e+01
3.7151e+01 5.2507e+01
3.7171e+01 5.2469e+01
3.7191e+01 5.2429e+01
3.7211e+01 5.2389e+01
3.7232e+01 5.2350e+01
3.7252e+01 5.2307e+01
3.7273e+01 5.2265e+01
3.7294e+01 5.2223e+01
3.7318e+01 5.2184e+01
3.7341e+01 5.2141e+01
3.7362e+01 5.2097e+01
3.7385e+01 5.2053e+01
3.7408e+01 5.2008e+01
3.7432e+01 5.1964e+01
3.7455e+01 5.1917e+01
3.7480e+01 5.1872e+01
3.7504e+01 5.1826e+01
3.7529e+01 5.1780e+01
3.7553e+01 5.1731e+01
3.7579e+01 5.1685e+01
3.7603e+01 5.1635e+01
3.7627e+01 5.1585e+01
3.7652e+01 5.1535e+01
3.7678e+01 5.1486e+01
3.7704e+01 5.1436e+01
3.7729e+01 5.1382e+01
3.7756e+01 5.1333e+01
3.7782e+01 5.1281e+01
3.7810e+01 5.1230e+01
3.7837e+01 5.1178e+01
3.7865e+01 5.1127e+01
3.7892e+01 5.1074e+01
3.7921e+01 5.1023e+01
3.7949e+01 5.0970e+01
3.7978e+01 5.0918e+01
3.8007e+01 5.0864e+01
3.8036e+01 5.0811e+01
3.8066e+01 5.0759e+01
3.8097e+01 5.0706e+01
3.8125e+01 5.0650e+01
3.8155e+01 5.0596e+01
3.8186e+01 5.0542e+01
3.8217e+01 5.0487e+01
3.8248e+01 5.0433e+01
3.8278e+01 5.0376e+01
3.8309e+01 5.0320e+01
3.8341e+01 5.0265e+01
3.8372e+01 5.0208e+01
3.8404e+01 5.0152e+01
3.8436e+01 5.0095e+01
3.8469e+01 5.0040e+01
3.8502e+01 4.9983e+01
3.8535e+01 4.9926e+01
3.8568e+01 4.9869e+01
3.8601e+01 4.9811e+01
3.8636e+01 4.9755e+01
3.8670e+01 4.9697e+01
3.8704e+01 4.9639e+01
3.8738e+01 4.9581e+01
3.8772e+01 4.9522e+01
3.8808e+01 4.9465e+01
3.8843e+01 4.9406e+01
3.8878e+01 4.9347e+01
3.8915e+01 4.9289e+01
3.8952e+01 4.9231e+01
3.8989e+01 4.9173e+01
3.9026e+01 4.9114e+01
3.9064e+01 4.9056e+01
3.9100e+01 4.8995e+01
3.9136e+01 4.8934e+01
3.9174e+01 4.8874e+01
3.9212e+01 4.8813e+01
3.9250e+01 4.8752e+01
3.9288e+01 4.8690e+01
3.9327e+01 4.8629e+01
3.9366e+01 4.8568e+01
3.9404e+01 4.8505e+01
3.9443e+01 4.8442e+01
3.9483e+01 4.8381e+01
3.9524e+01 4.8319e+01
3.9563e+01 4.8256e+01
3.9604e+01 4.8193e+01
3.9646e+01 4.8132e+01
3.9689e+01 4.8072e+01
3.9730e+01 4.8008e+01
3.9772e+01 4.7945e+01
3.9815e+01 4.7882e+01
3.9858e+01 4.7820e+01
3.9901e+01 4.7756e+01
3.9944e+01 4.7692e+01
3.9988e+01 4.7629e+01
4.0032e+01 4.7565e+01
4.0076e+01 4.7500e+01
4.0119e+01 4.7435e+01
4.0164e+01 4.7370e+01
4.0209e+01 4.7306e+01
4.0255e+01 4.7241e+01
4.0300e+01 4.7175e+01
4.0346e+01 4.7110e+01
4.0393e+01 4.7045e+01
4.0439e+01 4.6978e+01
4.0484e+01 4.6911e+01
4.0532e+01 4.6846e+01
4.0581e+01 4.6781e+01
4.0629e+01 4.6715e+01
4.0679e+01 4.6650e+01
4.0727e+01 4.6583e+01
4.0777e+01 4.6517e+01
4.0828e+01 4.6452e+01
4.0877e+01 4.6384e+01
4.0927e+01 4.6316e+01
4.0978e+01 4.6249e+01
4.1028e+01 4.6181e+01
4.1081e+01 4.6114e+01
4.1133e+01 4.6047e+01
4.1186e+01 4.5979e+01
4.1237e+01 4.5909e+01
4.1290e+01 4.5841e+01
4.1344e+01 4.5773e+01
4.1398e+01 4.5706e+01
4.1453e+01 4.5637e+01
4.1509e+01 4.5570e+01
4.1565e+01 4.5502e+01
4.1621e+01 4.5433e+01
4.1677e+01 4.5365e+01
4.1735e+01 4.5297e+01
4.1792e+01 4.5228e+01
4.1851e+01 4.5160e+01
4.1909e+01 4.5090e+01
4.1968e+01 4.5022e+01
4.2027e+01 4.4952e+01
4.2087e+01 4.4882e+01
4.2146e+01 4.4811e+01
4.2207e+01 4.4741e+01
4.2267e+01 4.4670e+01
4.2329e+01 4.4601e+01
4.2391e+01 4.4531e+01
4.2454e+01 4.4460e+01
4.2516e+01 4.4388e+01
4.2579e+01 4.4317e+01
4.2644e+01 4.4246e+01
4.2708e+01 4.4175e+01
4.2775e+01 4.4105e+01
4.2841e+01 4.4034e+01
4.2907e+01 4.3963e+01
4.2974e+01 4.3891e+01
4.3042e+01 4.3819e+01
4.3109e+01 4.3746e+01
4.3177e+01 4.3674e+01
4.3246e+01 4.3602e+01
4.3315e+01 4.3529e+01
4.3385e+01 4.3457e+01
4.3456e+01 4.3385e+01
4.3527e+01 4.3312e+01
4.3598e+01 4.3238e+01
4.3671e+01 4.3164e+01
4.3745e+01 4.3093e+01
4.3820e+01 4.3020e+01
4.3894e+01 4.2947e+01
4.3970e+01 4.2873e+01
4.4046e+01 4.2800e+01
4.4122e+01 4.2726e+01
4.4199e+01 4.2653e+01
4.4278e+01 4.2580e+01
4.4356e+01 4.2506e+01
4.4436e+01 4.2432e+01
4.4517e+01 4.2359e+01
4.4597e+01 4.2285e+01
4.4678e+01 4.2210e+01
4.4760e+01 4.2136e+01
4.4844e+01 4.2062e+01
4.4926e+01 4.1987e+01
4.5011e+01 4.1912e+01
4.5095e+01 4.1837e+01
4.5180e+01 4.1761e+01
4.5268e+01 4.1687e+01
4.5354e+01 4.1612e+01
4.5443e+01 4.1537e+01
4.5532e+01 4.1462e+01
4.5623e+01 4.1388e+01
4.5712e+01 4.1311e+01
4.5802e+01 4.1235e+01
4.5894e+01 4.1158e+01
4.5987e+01 4.1083e+01
4.6080e+01 4.1006e+01
4.6175e+01 4.0930e+01
4.6271e+01 4.0854e+01
4.6367e+01 4.0777e+01
4.6464e+01 4.0701e+01
4.6564e+01 4.0625e+01
4.6665e+01 4.0550e+01
4.6765e+01 4.0474e+01
4.6866e+01 4.0396e+01
4.6968e+01 4.0319e+01
4.7070e+01 4.0242e+01
4.7175e+01 4.0165e+01
4.7280e+01 4.0089e+01
4.7388e+01 4.0013e+01
4.7495e+01 3.9936e+01
4.7604e+01 3.9859e+01
4.7713e+01 3.9782e+01
4.7822e+01 3.9704e+01
4.7934e+01 3.9627e+01
4.8048e+01 3.9550e+01
4.8159e+01 3.9471e+01
4.8273e+01 3.9392e+01
4.8389e+01 3.9315e+01
4.8505e+01 3.9236e+01
4.8622e+01 3.9157e+01
4.8741e+01 3.9080e+01
4.8862e+01 3.9001e+01
4.8985e+01 3.8925e+01
4.9108e+01 3.8848e+01
4.9233e+01 3.8770e+01
4.9358e+01 3.8692e+01
4.9486e+01 3.8615e+01
4.9614e+01 3.8537e+01
4.9744e+01 3.8460e+01
4.9874e+01 3.8382e+01
5.0007e+01 3.8304e+01
5.0139e+01 3.8225e+01
5.0274e+01 3.8147e+01
5.0410e+01 3.8069e+01
5.0549e+01 3.7992e+01
5.0687e+01 3.7913e+01
5.0828e+01 3.7835e+01
5.0971e+01 3.7757e+01
5.1114e+01 3.7679e+01
5.1257e+01 3.7599e+01
5.1402e+01 3.7520e+01
5.1548e+01 3.7440e+01
5.1696e+01 3.7361e+01
5.1846e+01 3.7281e+01
5.1998e+01 3.7203e+01
5.2153e+01 3.7125e+01
5.2308e+01 3.7046e+01
5.2465e+01 3.6967e+01
5.2623e+01 3.6888e+01
5.2782e+01 3.6809e+01
5.2943e+01 3.6729e+01
5.3106e+01 3.6650e+01
5.3271e+01 3.6571e+01
5.3438e+01 3.6492e+01
5.3607e+01 3.6414e+01
5.3775e+01 3.6333e+01
5.3946e+01 3.6253e+01
5.4121e+01 3.6175e+01
5.4299e+01 3.6097e+01
5.4480e+01 3.6019e+01
5.4660e+01 3.5940e+01
5.4844e+01 3.5862e+01
5.5028e+01 3.5783e+01
5.5215e+01 3.5703e+01
5.5403e+01 3.5624e+01
5.5593e+01 3.5545e+01
5.5787e+01 3.5466e+01
5.5982e+01 3.5387e+01
5.6181e+01 3.5308e+01
5.6381e+01 3.5229e+01
5.6583e+01 3.5150e+01
5.6788e+01 3.5072e+01
5.6996e+01 3.4994e+01
5.7207e+01 3.4916e+01
5.7419e+01 3.4837e+01
5.7634e+01 3.4759e+01
5.7851e+01 3.4681e+01
5.8069e+01 3.4602e+01
5.8290e+01 3.4522e+01
5.8515e+01 3.4444e+01
5.8742e+01 3.4365e+01
5.8971e+01 3.4287e+01
5.9202e+01 3.4207e+01
5.9435e+01 3.4128e+01
5.9672e+01 3.4049e+01
5.9913e+01 3.3970e+01
6.0157e+01 3.3892e+01
6.0403e+01 3.3814e+01
6.0654e+01 3.3736e+01
6.0908e+01 3.3659e+01
6.1163e+01 3.3581e+01
6.1421e+01 3.3503e+01
6.1681e+01 3.3424e+01
6.1946e+01 3.3347e+01
6.2214e+01 3.3268e+01
6.2486e+01 3.3191e+01
6.2760e+01 3.3113e+01
6.3039e+01 3.3036e+01
6.3321e+01 3.2959e+01
6.3607e+01 3.2881e+01
6.3897e+01 3.2805e+01
6.4189e+01 3.2727e+01
6.4487e+01 3.2651e+01
6.4788e+01 3.2574e+01
6.5092e+01 3.2497e+01
6.5401e+01 3.2421e+01
6.5715e+01 3.2345e+01
6.6031e+01 3.2268e+01
6.6353e+01 3.2192e+01
6.6677e+01 3.2115e+01
6.7004e+01 3.2038e+01
6.7337e+01 3.1961e+01
6.7676e+01 3.1885e+01
6.8020e+01 3.1810e+01
6.8370e+01 3.1736e+01
6.8722e+01 3.1660e+01
6.9078e+01 3.1585e+01
6.9441e+01 3.1510e+01
6.9807e+01 3.1434e+01
7.0179e+01 3.1359e+01
7.0555e+01 3.1284e+01
7.0937e+01 3.1210e+01
7.1325e+01 3.1136e+01
7.1718e+01 3.1061e+01
7.2116e+01 3.0987e+01
7.2521e+01 3.0914e+01
7.2929e+01 3.0839e+01
7.3345e+01 3.0766e+01
7.3766e+01 3.0693e+01
7.4193e+01 3.0620e+01
7.4626e+01 3.0547e+01
7.5063e+01 3.0474e+01
7.5506e+01 3.0401e+01
7.5954e+01 3.0328e+01
7.6409e+01 3.0255e+01
7.6871e+01 3.0183e+01
7.7340e+01 3.0111e+01
7.7816e+01 3.0040e+01
7.8299e+01 2.9969e+01
7.8785e+01 2.9897e+01
7.9281e+01 2.9826e+01
7.9781e+01 2.9755e+01
8.0289e+01 2.9684e+01
8.0804e+01 2.9613e+01
8.1327e+01 2.9542e+01
8.1857e+01 2.9472e+01
8.2394e+01 2.9402e+01
8.2942e+01 2.9333e+01
8.3496e+01 2.9263e+01
8.4057e+01 2.9193e+01
8.4628e+01 2.9124e+01
8.5208e+01 2.9056e+01
8.5795e+01 2.8988e+01
8.6391e+01 2.8920e+01
8.6991e+01 2.8851e+01
8.7602e+01 2.8783e+01
8.8224e+01 2.8716e+01
8.8854e+01 2.8649e+01
8.9493e+01 2.8582e+01
9.0142e+01 2.8515e+01
9.0796e+01 2.8448e+01
9.1464e+01 2.8382e+01
9.2143e+01 2.8316e+01
9.2832e+01 2.8251e+01
9.3531e+01 2.8185e+01
9.4242e+01 2.8121e+01
9.4964e+01 2.8056e+01
9.5694e+01 2.7991e+01
9.6435e+01 2.7927e+01
9.7191e+01 2.7863e+01
9.7958e+01 2.7800e+01
9.8737e+01 2.7737e+01
9.9527e+01 2.7673e+01
1.0033e+02 2.7611e+01
1.0115e+02 2.7548e+01
1.0198e+02 2.7486e+01
1.0283e+02 2.7425e+01
1.0368e+02 2.7364e+01
1.0456e+02 2.7303e+01
1.0544e+02 2.7243e+01
1.0634e+02 2.7182e+01
1.0725e+02 2.7122e+01
1.0818e+02 2.7062e+01
1.0912e+02 2.7002e+01
1.1008e+02 2.6943e+01
1.1105e+02 2.6884e+01
1.1204e+02 2.6826e+01
1.1304e+02 2.6768e+01
1.1405e+02 2.6710e+01
1.1509e+02 2.6653e+01
1.1613e+02 2.6596e+01
1.1720e+02 2.6539e+01
1.1828e+02 2.6483e+01
1.1937e+02 2.6427e+01
1.2048e+02 2.6372e+01
1.2161e+02 2.6317e+01
1.2276e+02 2.6262e+01
1.2392e+02 2.6209e+01
1.2510e+02 2.6156e+01
1.2630e+02 2.6103e+01
1.2751e+02 2.6050e+01
1.2873e+02 2.5997e+01
1.2997e+02 2.5945e+01
1.3123e+02 2.5893e+01
1.3250e+02 2.5842e+01
1.3379e+02 2.5791e+01
1.3509e+02 2.5740e+01
1.3640e+02 2.5690e+01
1.3773e+02 2.5640e+01
1.3908e+02 2.5591e+01
1.4043e+02 2.5542e+01
1.4180e+02 2.5493e+01
1.4319e+02 2.5446e+01
1.4459e+02 2.5398e+01
1.4600e+02 2.5351e+01
1.4742e+02 2.5303e+01
1.4887e+02 2.5257e+01
1.5033e+02 2.5211e+01
1.5180e+02 2.5166e+01
1.5329e+02 2.5120e+01
1.5480e+02 2.5075e+01
1.5632e+02 2.5031e+01
1.5786e+02 2.4988e+01
1.5941e+02 2.4945e+01
1.6099e+02 2.4902e+01
1.6258e+02 2.4860e+01
1.6418e+02 2.4818e+01
1.6579e+02 2.4777e+01
1.6742e+02 2.4736e+01
1.6906e+02 2.4695e+01
1.7072e+02 2.4655e+01
1.7238e+02 2.4615e+01
1.7404e+02 2.4576e+01
1.7571e+02 2.4537e+01
1.7738e+02 2.4498e+01
1.7906e+02 2.4461e+01
1.8074e+02 2.4423e+01
1.8240e+02 2.4386e+01
1.8406e+02 2.4349e+01
1.8572e+02 2.4313e+01
1.8737e+02 2.4278e+01
1.8900e+02 2.4243e+01
1.9063e+02 2.4207e+01
1.9224e+02 2.4173e+01
1.9385e+02 2.4139e+01
1.9544e+02 2.4106e+01
1.9702e+02 2.4073e+01
1.9858e+02 2.4040e+01
2.0012e+02 2.4008e+01
2.0165e+02 2.3977e+01
2.0316e+02 2.3946e+01
2.0465e+02 2.3916e+01
2.0610e+02 2.3885e+01
2.0752e+02 2.3856e+01
2.0890e+02 2.3826e+01
2.1024e+02 2.3797e+01
2.1155e+02 2.3768e+01
2.1282e+02 2.3740e+01
2.1406e+02 2.3713e+01
2.1525e+02 2.3686e+01
2.1642e+02 2.3659e+01
2.1755e+02 2.3633e+01
2.1864e+02 2.3607e+01
2.1969e+02 2.3582e+01
2.2094e+02 2.3557e+01
2.2239e+02 2.3533e+01
2.2395e+02 2.3509e+01
2.2531e+02 2.3485e+01
2.2643e+02 2.3462e+01
2.2722e+02 2.3440e+01
2.2785e+02 2.3418e+01
2.2848e+02 2.3395e+01
2.2909e+02 2.3374e+01
2.2970e+02 2.3352e+01
2.3029e+02 2.3332e+01
2.3087e+02 2.3311e+01
2.3144e+02 2.3291e+01
2.3197e+02 2.3271e+01
2.3248e+02 2.3252e+01
2.3297e+02 2.3233e+01
2.3343e+02 2.3215e+01
2.3387e+02 2.3197e+01
2.3429e+02 2.3179e+01
2.3469e+02 2.3162e+01
2.3506e+02 2.3145e+01
2.3542e+02 2.3128e+01
2.3577e+02 2.3112e+01
2.3609e+02 2.3096e+01
2.3639e+02 2.3081e+01
2.3668e+02 2.3066e+01
2.3696e+02 2.3051e+01
2.3722e+02 2.3037e+01
2.3746e+02 2.3023e+01
2.3769e+02 2.3009e+01
2.3791e+02 2.2996e+01
2.3812e+02 2.2983e+01
2.3831e+02 2.2970e+01
2.3849e+02 2.2957e+01
2.3867e+02 2.2945e+01
2.3883e+02 2.2933e+01
2.3899e+02 2.2922e+01
2.3913e+02 2.2910e+01
2.3927e+02 2.2899e+01
2.3940e+02 2.2889e+01
2.3952e+02 2.2878e+01
2.3963e+02 2.2868e+01
2.3974e+02 2.2858e+01
2.3984e+02 2.2848e+01
2.3993e+02 2.2839e+01
2.4002e+02 2.2830e+01
2.4010e+02 2.2820e+01
2.4018e+02 2.2812e+01
2.4026e+02 2.2803e+01
2.4034e+02 2.2795e+01
2.4040e+02 2.2787e+01
2.4046e+02 2.2779e+01
2.4052e+02 2.2771e+01
2.4057e+02 2.2764e+01
2.4061e+02 2.2757e+01
2.4066e+02 2.2750e+01
2.4069e+02 2.2744e+01
2.4073e+02 2.2737e+01
2.4076e+02 2.2730e+01
2.4078e+02 2.2724e+01
2.4081e+02 2.2718e+01
2.4082e+02 2.2712e+01
2.4084e+02 2.2706e+01
2.4085e+02 2.2701e+01
2.4085e+02 2.2695e+01
2.4084e+02 2.2690e+01
2.4084e+02 2.2685e+01
2.4083e+02 2.2680e+01
2.4081e+02 2.2675e+01
2.4079e+02 2.2670e+01
2.4077e+02 2.2665e+01
2.4075e+02 2.2661e+01
2.4072e+02 2.2656e+01
2.4069e+02 2.2652e+01
2.4065e+02 2.2648e+01
2.4062e+02 2.2644e+01
2.4058e+02 2.2639e+01
2.4054e+02 2.2635e+01
2.4051e+02 2.2632e+01
2.4047e+02 2.2627e+01
2.4042e+02 2.2624e+01
2.4038e+02 2.2620e+01
2.4034e+02 2.2617e+01
2.4029e+02 2.2613e+01
2.4024e+02 2.2610e+01
2.4020e+02 2.2607e+01
2.4015e+02 2.2603e+01
2.4010e+02 2.2600e+01
2.4004e+02 2.2597e+01
2.3999e+02 2.2594e+01
2.3993e+02 2.2591e+01
2.3988e+02 2.2588e+01
2.3982e+02 2.2585e+01
2.3976e+02 2.2582e+01
2.3969e+02 2.2579e+01
2.3963e+02 2.2576e+01
2.3956e+02 2.2574e+01
2.3950e+02 2.2571e+01
2.3942e+02 2.2567e+01
2.3935e+02 2.2565e+01
2.3927e+02 2.2562e+01
2.3919e+02 2.2559e+01
2.3911e+02 2.2556e+01
2.3902e+02 2.2553e+01
2.3894e+02 2.2550e+01
2.3885e+02 2.2547e+01
2.3875e+02 2.2545e+01
2.3866e+02 2.2541e+01
2.3856e+02 2.2539e+01
2.3845e+02 2.2536e+01
2.3835e+02 2.2533e+01
2.3824e+02 2.2530e+01
2.3812e+02 2.2527e+01
2.3801e+02 2.2524e+01
2.3788e+02 2.2521e+01
2.3776e+02 2.2518e+01
2.3763e+02 2.2515e+01
2.3749e+02 2.2512e+01
2.3735e+02 2.2508e+01
2.3721e+02 2.2505e+01
2.3706e+02 2.2502e+01
2.3690e+02 2.2498e+01
2.3674e+02 2.2495e+01
2.3658e+02 2.2492e+01
2.3641e+02 2.2488e+01
2.3623e+02 2.2485e+01
2.3605e+02 2.2481e+01
2.3586e+02 2.2477e+01
2.3567e+02 2.2474e+01
2.3548e+02 2.2470e+01
2.3528e+02 2.2467e+01
2.3507e+02 2.2463e+01
2.3486e+02 2.2459e+01
2.3464e+02 2.2455e+01
2.3441e+02 2.2451e+01
2.3418e+02 2.2447e+01
2.3395e+02 2.2443e+01
2.3370e+02 2.2439e+01
2.3346e+02 2.2434e+01
2.3321e+02 2.2430e+01
2.3295e+02 2.2426e+01
2.3269e+02 2.2421e+01
2.3242e+02 2.2417e+01
2.3215e+02 2.2413e+01
2.3188e+02 2.2408e+01
2.3160e+02 2.2404e+01
2.3131e+02 2.2399e+01
2.3102e+02 2.2394e+01
2.3072e+02 2.2389e+01
2.3042e+02 2.2385e+01
2.3012e+02 2.2380e+01
2.2981e+02 2.2375e+01
2.2949e+02 2.2370e+01
2.2917e+02 2.2365e+01
2.2885e+02 2.2359e+01
2.2852e+02 2.2354e+01
2.2819e+02 2.2349e+01
2.2785e+02 2.2344e+01
2.2750e+02 2.2338e+01
2.2716e+02 2.2333e+01
2.2680e+02 2.2327e+01
2.2644e+02 2.2322e+01
2.2608e+02 2.2316e+01
2.2571e+02 2.2310e+01
2.2534e+02 2.2304e+01
2.2496e+02 2.2299e+01
2.2458e+02 2.2293e+01
2.2419e+02 2.2287e+01
2.2380e+02 2.2282e+01
2.2340e+02 2.2275e+01
2.2300e+02 2.2269e+01
2.2259e+02 2.2263e+01
2.2217e+02 2.2257e+01
2.2175e+02 2.2251e+01
2.2132e+02 2.2244e+01
2.2088e+02 2.2238e+01
2.2045e+02 2.2232e+01
2.2000e+02 2.2226e+01
2.1955e+02 2.2219e+01
2.1910e+02 2.2212e+01
2.1864e+02 2.2206e+01
2.1818e+02 2.2199e+01
2.1771e+02 2.2192e+01
2.1725e+02 2.2185e+01
2.1677e+02 2.2178e+01
2.1630e+02 2.2172e+01
2.1582e+02 2.2165e+01
2.1533e+02 2.2158e+01
2.1484e+02 2.2151e+01
2.1435e+02 2.2144e+01
2.1386e+02 2.2137e+01
2.1336e+02 2.2130e+01
2.1285e+02 2.2123e+01
2.1234e+02 2.2115e+01
2.1183e+02 2.2108e+01
2.1132e+02 2.2101e+01
2.1080e+02 2.2093e+01
2.1027e+02 2.2086e+01
2.0974e+02 2.2078e+01
2.0921e+02 2.2071e+01
2.0868e+02 2.2064e+01
2.0814e+02 2.2056e+01
2.0760e+02 2.2048e+01
2.0705e+02 2.2041e+01
2.0650e+02 2.2033e+01
2.0595e+02 2.2025e+01
2.0540e+02 2.2017e+01
2.0485e+02 2.2010e+01
2.0430e+02 2.2002e+01
2.0374e+02 2.1994e+01
2.0319e+02 2.1986e+01
2.0263e+02 2.1978e+01
2.0207e+02 2.1970e+01
2.0151e+02 2.1962e+01
2.0095e+02 2.1954e+01
2.0039e+02 2.1946e+01
1.9983e+02 2.1938e+01
1.9927e+02 2.1930e+01
1.9870e+02 2.1922e+01
1.9814e+02 2.1914e+01
1.9758e+02 2.1905e+01
1.9702e+02 2.1897e+01
1.9645e+02 2.1889e+01
1.9589e+02 2.1880e+01
1.9533e+02 2.1871e+01
1.9476e+02 2.1863e+01
1.9420e+02 2.1855e+01
1.9364e+02 2.1846e+01
1.9308e+02 2.1838e+01
1.9252e+02 2.1830e+01
1.9196e+02 2.1821e+01
1.9140e+02 2.1813e+01
1.9083e+02 2.1804e+01
1.9027e+02 2.1795e+01
1.8972e+02 2.1787e+01
1.8916e+02 2.1778e+01
1.8860e+02 2.1770e+01
1.8804e+02 2.1762e+01
1.8748e+02 2.1753e+01
1.8693e+02 2.1744e+01
1.8637e+02 2.1735e+01
1.8582e+02 2.1727e+01
1.8526e+02 2.1718e+01
1.8471e+02 2.1709e+01
1.8415e+02 2.1700e+01
1.8360e+02 2.1691e+01
1.8305e+02 2.1682e+01
1.8250e+02 2.1674e+01
1.8195e+02 2.1665e+01
1.8140e+02 2.1656e+01
1.8085e+02 2.1647e+01
1.8031e+02 2.1638e+01
1.7976e+02 2.1629e+01
1.7921e+02 2.1621e+01
1.7867e+02 2.1612e+01
1.7813e+02 2.1603e+01
1.7758e+02 2.1594e+01
1.7704e+02 2.1585e+01
1.7650e+02 2.1575e+01
1.7596e+02 2.1566e+01
1.7543e+02 2.1557e+01
1.7489e+02 2.1548e+01
1.7436e+02 2.1539e+01
1.7383e+02 2.1530e+01
1.7330e+02 2.1521e+01
1.7277e+02 2.1513e+01
1.7224e+02 2.1504e+01
1.7172e+02 2.1495e+01
1.7120e+02 2.1486e+01
1.7068e+02 2.1477e+01
1.7016e+02 2.1468e+01
1.6964e+02 2.1459e+01
1.6913e+02 2.1450e+01
1.6861e+02 2.1441e+01
1.6810e+02 2.1432e+01
1.6759e+02 2.1423e+01
1.6709e+02 2.1414e+01
1.6658e+02 2.1404e+01
1.6608e+02 2.1395e+01
1.6557e+02 2.1386e+01
1.6507e+02 2.1377e+01
1.6457e+02 2.1368e+01
1.6407e+02 2.1359e+01
1.6357e+02 2.1350e+01
1.6307e+02 2.1341e+01
1.6258e+02 2.1332e+01
1.6208e+02 2.1322e+01
1.6159e+02 2.1313e+01
1.6110e+02 2.1304e+01
1.6061e+02 2.1296e+01
1.6013e+02 2.1287e+01
1.5964e+02 2.1278e+01
1.5916e+02 2.1269e+01
1.5868e+02 2.1260e+01
1.5820e+02 2.1251e+01
1.5772e+02 2.1243e+01
1.5725e+02 2.1234e+01
1.5677e+02 2.1224e+01
1.5630e+02 2.1215e+01
1.5583e+02 2.1206e+01
1.5536e+02 2.1198e+01
1.5490e+02 2.1189e+01
1.5444e+02 2.1180e+01
1.5398e+02 2.1172e+01
1.5352e+02 2.1163e+01
1.5307e+02 2.1154e+01
1.5261e+02 2.1145e+01
1.5216e+02 2.1137e+01
1.5172e+02 2.1128e+01
1.5127e+02 2.1119e+01
1.5083e+02 2.1110e+01
1.5039e+02 2.1102e+01
1.4995e+02 2.1093e+01
1.4951e+02 2.1085e+01
1.4908e+02 2.1076e+01
1.4865e+02 2.1068e+01
1.4822e+02 2.1059e+01
1.4780e+02 2.1050e+01
1.4737e+02 2.1042e+01
1.4695e+02 2.1033e+01
1.4653e+02 2.1025e+01
1.4612e+02 2.1016e+01
1.4571e+02 2.1008e+01
1.4530e+02 2.1000e+01
1.4489e+02 2.0991e+01
1.4449e+02 2.0983e+01
1.4408e+02 2.0975e+01
1.4368e+02 2.0966e+01
1.4328e+02 2.0958e+01
1.4289e+02 2.0950e+01
1.4250e+02 2.0942e+01
1.4211e+02 2.0934e+01
1.4172e+02 2.0926e+01
1.4134e+02 2.0918e+01
1.4096e+02 2.0909e+01
1.4058e+02 2.0901e+01
1.4020e+02 2.0893e+01
1.3983e+02 2.0885e+01
1.3946e+02 2.0877e+01
1.3909e+02 2.0870e+01
1.3872e+02 2.0862e+01
1.3836e+02 2.0854e+01
1.3800e+02 2.0846e+01
1.3764e+02 2.0838e+01
1.3728e+02 2.0831e+01
1.3693e+02 2.0823e+01
1.3658e+02 2.0815e+01
1.3623e+02 2.0808e+01
1.3589e+02 2.0800e+01
1.3554e+02 2.0793e+01
1.3520e+02 2.0785e+01
1.3487e+02 2.0778e+01
1.3453e+02 2.0771e+01
1.3420e+02 2.0763e+01
1.3387e+02 2.0756e+01
1.3354e+02 2.0749e+01
1.3322e+02 2.0741e+01
1.3289e+02 2.0734e+01
1.3258e+02 2.0727e+01
1.3226e+02 2.0720e+01
1.3194e+02 2.0713e+01
1.3163e+02 2.0706e+01
1.3133e+02 2.0700e+01
1.3102e+02 2.0693e+01
1.3071e+02 2.0686e+01
1.3041e+02 2.0679e+01
1.3011e+02 2.0672e+01
1.2982e+02 2.0665e+01
1.2953e+02 2.0659e+01
1.2923e+02 2.0653e+01
1.2895e+02 2.0646e+01
1.2866e+02 2.0640e+01
1.2838e+02 2.0633e+01
1.2810e+02 2.0627e+01
1.2782e+02 2.0621e+01
1.2754e+02 2.0615e+01
1.2727e+02 2.0608e+01
1.2700e+02 2.0602e+01
1.2673e+02 2.0596e+01
1.2647e+02 2.0590e+01
1.2620e+02 2.0584e+01
1.2594e+02 2.0577e+01
1.2568e+02 2.0571e+01
1.2543e+02 2.0566e+01
1.2517e+02 2.0561e+01
1.2492e+02 2.0555e+01
1.2468e+02 2.0549e+01
1.2443e+02 2.0544e+01
1.2419e+02 2.0539e+01
1.2395e+02 2.0534e+01
1.2371e+02 2.0529e+01
1.2348e+02 2.0524e+01
1.2324e+02 2.0518e+01
1.2301e+02 2.0513e+01
1.2278e+02 2.0508e+01
1.2256e+02 2.0503e+01
1.2234e+02 2.0498e+01
1.2212e+02 2.0494e+01
1.2190e+02 2.0489e+01
1.2168e+02 2.0484e+01
1.2147e+02 2.0479e+01
1.2126e+02 2.0474e+01
1.2105e+02 2.0470e+01
1.2084e+02 2.0466e+01
1.2064e+02 2.0462e+01
1.2044e+02 2.0459e+01
1.2024e+02 2.0455e+01
1.2005e+02 2.0450e+01
1.1985e+02 2.0445e+01
1.1966e+02 2.0441e+01
1.1947e+02 2.0436e+01
1.1928e+02 2.0433e+01
1.1910e+02 2.0429e+01
1.1892e+02 2.0425e+01
1.1874e+02 2.0422e+01
1.1856e+02 2.0419e+01
1.1839e+02 2.0416e+01
1.1822e+02 2.0413e+01
1.1805e+02 2.0410e+01
1.1788e+02 2.0408e+01
1.1772e+02 2.0405e+01
1.1755e+02 2.0401e+01
1.1739e+02 2.0398e+01
1.1723e+02 2.0394e+01
1.1707e+02 2.0390e+01
1.1692e+02 2.0387e+01
1.1677e+02 2.0385e+01
1.1662e+02 2.0383e+01
1.1647e+02 2.0381e+01
1.1633e+02 2.0379e+01
1.1619e+02 2.0377e+01
1.1605e+02 2.0375e+01
1.1591e+02 2.0373e+01
1.1577e+02 2.0371e+01
1.1564e+02 2.0369e+01
1.1551e+02 2.0368e+01
1.1538e+02 2.0366e+01
1.1526e+02 2.0364e+01
1.1513e+02 2.0363e+01
1.1501e+02 2.0362e+01
1.1489e+02 2.0359e+01
1.1477e+02 2.0358e+01
1.1466e+02 2.0357e+01
1.1455e+02 2.0356e+01
1.1443e+02 2.0355e+01
1.1433e+02 2.0354e+01
1.1422e+02 2.0352e+01
1.1411e+02 2.0351e+01
1.1401e+02 2.0352e+01
1.1391e+02 2.0351e+01
1.1381e+02 2.0350e+01
1.1372e+02 2.0350e+01
1.1362e+02 2.0348e+01
1.1354e+02 2.0350e+01
1.1344e+02 2.0347e+01
1.1336e+02 2.0349e+01
1.1327e+02 2.0348e+01
1.1319e+02 2.0348e+01
1.1311e+02 2.0348e+01
1.1303e+02 2.0348e+01
1.1295e+02 2.0348e+01
1.1288e+02 2.0348e+01
1.1281e+02 2.0349e+01
1.1274e+02 2.0350e+01
1.1267e+02 2.0350e+01
1.1260e+02 2.0351e+01
1.1254e+02 2.0352e+01
1.1248e+02 2.0353e+01
1.1242e+02 2.0355e+01
1.1236e+02 2.0355e+01
1.1230e+02 2.0356e+01
1.1225e+02 2.0357e+01
1.1219e+02 2.0358e+01
1.1214e+02 2.0358e+01
1.1209e+02 2.0360e+01
1.1205e+02 2.0362e+01
1.1200e+02 2.0364e+01
1.1195e+02 2.0364e+01
1.1191e+02 2.0364e+01
1.1187e+02 2.0365e+01
1.1183e+02 2.0368e+01
1.1180e+02 2.0370e+01
1.1177e+02 2.0372e+01
1.1174e+02 2.0375e+01
1.1171e+02 2.0376e+01
1.1168e+02 2.0377e+01
1.1165e+02 2.0378e+01
1.1162e+02 2.0380e+01
1.1160e+02 2.0383e+01
1.1158e+02 2.0386e+01
1.1156e+02 2.0389e+01
1.1155e+02 2.0393e+01
1.1154e+02 2.0398e+01
1.1153e+02 2.0403e+01
1.1151e+02 2.0403e+01
1.1151e+02 2.0408e+01
1.1151e+02 2.0414e+01
1.1150e+02 2.0416e+01
1.1149e+02 2.0418e+01
1.1149e+02 2.0422e+01
1.1149e+02 2.0423e+01
1.1149e+02 2.0430e+01
1.1149e+02 2.0432e+01
1.1150e+02 2.0436e+01
1.1150e+02 2.0438e+01
1.1152e+02 2.0445e+01
1.1152e+02 2.0447e+01
